Mplus VERSION 8.4 (Mac)
MUTHEN & MUTHEN
01/26/2022   4:10 AM

INPUT INSTRUCTIONS

  TITLE:
  DOG_3_ANTI_POP_VLRT_var_lat=0_covariance=0_residuals=fixed_classes=8;
  DATA:
  FILE = "DOG_3_ANTI_POP_VLRT_var_lat=0_covariance=0_residuals=fixed_classes=8.dat";

  VARIABLE:
  NAMES = rid w_age_bel q76_1 q76_2 q77_1 q77_2 q77_3 q67_1 q67_2 q67_3 q67_4 q67_5;
   MISSING=.;
   USEVARIABLES = rid w_age_bel
  q76_1 q76_2 q77_1 q77_2 q77_3
  q67_1 q67_2 q67_3 q67_4 q67_5
  ;
  WEIGHT=w_age_bel;
  IDVARIABLE IS rid;
                            CLASSES=c1(
  8
  );
  ANALYSIS:
  TYPE = MIXTURE;
  STARTS = 1000 250 0;
  !lrtstarts = 0 0 600 125;
  !LRTBOOTSTRAP = 40;
  STITERATIONS=25;
               ESTIMATOR = MLR;
               PROCESSORS = 8;
  MODEL:

  %OVERALL%
  !!! dogmatism !!!
  DOG BY Q77_1 q77_2 Q77_3;
  !!! antagonism !!!
  ANTI BY q76_1 q76_2;
  !!! populism !!!
  POP BY Q67_1 Q67_2 Q67_3 Q67_4 Q67_5;



  !!!!!!!!
  %c1#1%
  !!!!!!!!

  !!!! Means LV !!!!
  [POP](MPOP1);
  [ANTI](MANTI1);
  [DOG](MDOG1);
  !!!! Variances LV !!!!
  POP@0;
  ANTI@0;
  DOG@0;
  !!!! Covariances LV !!!!
  POP WITH ANTI@0;
  POP WITH DOG@0;
  ANTI WITH DOG@0;
  !!!! Residuals LV !!!!
  Q77_1(VQ77_1);
  Q77_2(VQ77_2);
  Q77_3(VQ77_3);
  Q76_1(VQ76_1);
  Q76_2(VQ76_2);
  Q67_1(VQ67_1);
  Q67_2(VQ67_2);
  Q67_3(VQ67_3);
  Q67_4(VQ67_4);
  Q67_5(VQ67_5);
  !!!! Intercepts manifest !!!!
  [Q77_1@0](intQ77101);
  [Q77_2@0](intQ77201);
  [Q77_3@0](intQ77301);
  [Q76_1@0](intQ76101);
  [Q76_2@0](intQ76201);
  [Q67_1@0](intQ67101);
  [Q67_2@0](intQ67201);
  [Q67_3@0](intQ67301);
  [Q67_4@0](intQ67401);
  [Q67_5@0](intQ67501);

  !!!!!!!!
  %c1#2%
  !!!!!!!!

  !!!! Means LV !!!!
  [POP](MPOP2);
  [ANTI](MANTI2);
  [DOG](MDOG2);
  !!!! Variances LV !!!!
  POP@0;
  ANTI@0;
  DOG@0;
  !!!! Covariances LV !!!!
  POP WITH ANTI@0;
  POP WITH DOG@0;
  ANTI WITH DOG@0;
  !!!! Residuals LV !!!!
  Q77_1(VQ77_1);
  Q77_2(VQ77_2);
  Q77_3(VQ77_3);
  Q76_1(VQ76_1);
  Q76_2(VQ76_2);
  Q67_1(VQ67_1);
  Q67_2(VQ67_2);
  Q67_3(VQ67_3);
  Q67_4(VQ67_4);
  Q67_5(VQ67_5);
  !!!! Intercepts manifest !!!!
  [Q77_1@0](intQ77102);
  [Q77_2@0](intQ77202);
  [Q77_3@0](intQ77302);
  [Q76_1@0](intQ76102);
  [Q76_2@0](intQ76202);
  [Q67_1@0](intQ67102);
  [Q67_2@0](intQ67202);
  [Q67_3@0](intQ67302);
  [Q67_4@0](intQ67402);
  [Q67_5@0](intQ67502);

  !!!!!!!!
  %c1#3%
  !!!!!!!!

  !!!! Means LV !!!!
  [POP](MPOP3);
  [ANTI](MANTI3);
  [DOG](MDOG3);
  !!!! Variances LV !!!!
  POP@0;
  ANTI@0;
  DOG@0;
  !!!! Covariances LV !!!!
  POP WITH ANTI@0;
  POP WITH DOG@0;
  ANTI WITH DOG@0;
  !!!! Residuals LV !!!!
  Q77_1(VQ77_1);
  Q77_2(VQ77_2);
  Q77_3(VQ77_3);
  Q76_1(VQ76_1);
  Q76_2(VQ76_2);
  Q67_1(VQ67_1);
  Q67_2(VQ67_2);
  Q67_3(VQ67_3);
  Q67_4(VQ67_4);
  Q67_5(VQ67_5);
  !!!! Intercepts manifest !!!!
  [Q77_1@0](intQ77103);
  [Q77_2@0](intQ77203);
  [Q77_3@0](intQ77303);
  [Q76_1@0](intQ76103);
  [Q76_2@0](intQ76203);
  [Q67_1@0](intQ67103);
  [Q67_2@0](intQ67203);
  [Q67_3@0](intQ67303);
  [Q67_4@0](intQ67403);
  [Q67_5@0](intQ67503);

  !!!!!!!!
  %c1#4%
  !!!!!!!!

  !!!! Means LV !!!!
  [POP](MPOP4);
  [ANTI](MANTI4);
  [DOG](MDOG4);
  !!!! Variances LV !!!!
  POP@0;
  ANTI@0;
  DOG@0;
  !!!! Covariances LV !!!!
  POP WITH ANTI@0;
  POP WITH DOG@0;
  ANTI WITH DOG@0;
  !!!! Residuals LV !!!!
  Q77_1(VQ77_1);
  Q77_2(VQ77_2);
  Q77_3(VQ77_3);
  Q76_1(VQ76_1);
  Q76_2(VQ76_2);
  Q67_1(VQ67_1);
  Q67_2(VQ67_2);
  Q67_3(VQ67_3);
  Q67_4(VQ67_4);
  Q67_5(VQ67_5);
  !!!! Intercepts manifest !!!!
  [Q77_1@0](intQ77104);
  [Q77_2@0](intQ77204);
  [Q77_3@0](intQ77304);
  [Q76_1@0](intQ76104);
  [Q76_2@0](intQ76204);
  [Q67_1@0](intQ67104);
  [Q67_2@0](intQ67204);
  [Q67_3@0](intQ67304);
  [Q67_4@0](intQ67404);
  [Q67_5@0](intQ67504);

  !!!!!!!!
  %c1#5%
  !!!!!!!!

  !!!! Means LV !!!!
  [POP](MPOP5);
  [ANTI](MANTI5);
  [DOG](MDOG5);
  !!!! Variances LV !!!!
  POP@0;
  ANTI@0;
  DOG@0;
  !!!! Covariances LV !!!!
  POP WITH ANTI@0;
  POP WITH DOG@0;
  ANTI WITH DOG@0;
  !!!! Residuals LV !!!!
  Q77_1(VQ77_1);
  Q77_2(VQ77_2);
  Q77_3(VQ77_3);
  Q76_1(VQ76_1);
  Q76_2(VQ76_2);
  Q67_1(VQ67_1);
  Q67_2(VQ67_2);
  Q67_3(VQ67_3);
  Q67_4(VQ67_4);
  Q67_5(VQ67_5);
  !!!! Intercepts manifest !!!!
  [Q77_1@0](intQ77105);
  [Q77_2@0](intQ77205);
  [Q77_3@0](intQ77305);
  [Q76_1@0](intQ76105);
  [Q76_2@0](intQ76205);
  [Q67_1@0](intQ67105);
  [Q67_2@0](intQ67205);
  [Q67_3@0](intQ67305);
  [Q67_4@0](intQ67405);
  [Q67_5@0](intQ67505);

  !!!!!!!!
  %c1#6%
  !!!!!!!!

  !!!! Means LV !!!!
  [POP](MPOP6);
  [ANTI](MANTI6);
  [DOG](MDOG6);
  !!!! Variances LV !!!!
  POP@0;
  ANTI@0;
  DOG@0;
  !!!! Covariances LV !!!!
  POP WITH ANTI@0;
  POP WITH DOG@0;
  ANTI WITH DOG@0;
  !!!! Residuals LV !!!!
  Q77_1(VQ77_1);
  Q77_2(VQ77_2);
  Q77_3(VQ77_3);
  Q76_1(VQ76_1);
  Q76_2(VQ76_2);
  Q67_1(VQ67_1);
  Q67_2(VQ67_2);
  Q67_3(VQ67_3);
  Q67_4(VQ67_4);
  Q67_5(VQ67_5);
  !!!! Intercepts manifest !!!!
  [Q77_1@0](intQ77106);
  [Q77_2@0](intQ77206);
  [Q77_3@0](intQ77306);
  [Q76_1@0](intQ76106);
  [Q76_2@0](intQ76206);
  [Q67_1@0](intQ67106);
  [Q67_2@0](intQ67206);
  [Q67_3@0](intQ67306);
  [Q67_4@0](intQ67406);
  [Q67_5@0](intQ67506);

  !!!!!!!!
  %c1#7%
  !!!!!!!!

  !!!! Means LV !!!!
  [POP](MPOP7);
  [ANTI](MANTI7);
  [DOG](MDOG7);
  !!!! Variances LV !!!!
  POP@0;
  ANTI@0;
  DOG@0;
  !!!! Covariances LV !!!!
  POP WITH ANTI@0;
  POP WITH DOG@0;
  ANTI WITH DOG@0;
  !!!! Residuals LV !!!!
  Q77_1(VQ77_1);
  Q77_2(VQ77_2);
  Q77_3(VQ77_3);
  Q76_1(VQ76_1);
  Q76_2(VQ76_2);
  Q67_1(VQ67_1);
  Q67_2(VQ67_2);
  Q67_3(VQ67_3);
  Q67_4(VQ67_4);
  Q67_5(VQ67_5);
  !!!! Intercepts manifest !!!!
  [Q77_1@0](intQ77107);
  [Q77_2@0](intQ77207);
  [Q77_3@0](intQ77307);
  [Q76_1@0](intQ76107);
  [Q76_2@0](intQ76207);
  [Q67_1@0](intQ67107);
  [Q67_2@0](intQ67207);
  [Q67_3@0](intQ67307);
  [Q67_4@0](intQ67407);
  [Q67_5@0](intQ67507);

  !!!!!!!!
  %c1#8%
  !!!!!!!!

  !!!! Means LV !!!!
  [POP](MPOP8);
  [ANTI](MANTI8);
  [DOG](MDOG8);
  !!!! Variances LV !!!!
  POP@0;
  ANTI@0;
  DOG@0;
  !!!! Covariances LV !!!!
  POP WITH ANTI@0;
  POP WITH DOG@0;
  ANTI WITH DOG@0;
  !!!! Residuals LV !!!!
  Q77_1(VQ77_1);
  Q77_2(VQ77_2);
  Q77_3(VQ77_3);
  Q76_1(VQ76_1);
  Q76_2(VQ76_2);
  Q67_1(VQ67_1);
  Q67_2(VQ67_2);
  Q67_3(VQ67_3);
  Q67_4(VQ67_4);
  Q67_5(VQ67_5);
  !!!! Intercepts manifest !!!!
  [Q77_1@0](intQ77108);
  [Q77_2@0](intQ77208);
  [Q77_3@0](intQ77308);
  [Q76_1@0](intQ76108);
  [Q76_2@0](intQ76208);
  [Q67_1@0](intQ67108);
  [Q67_2@0](intQ67208);
  [Q67_3@0](intQ67308);
  [Q67_4@0](intQ67408);
  [Q67_5@0](intQ67508);
  OUTPUT:
  TECH11 TECH14;
  SAVEDATA:
  FILE IS data_export_DOG_3_ANTI_POP_VLRT_var_lat=0_covariance=0_residuals=fixed_classes=8.d
  SAVE=fscores CPROB;



*** WARNING
  Input line exceeded 90 characters. Some input may be truncated.
  FILE IS data_export_DOG_3_ANTI_POP_VLRT_var_lat=0_covariance=0_residuals=fixed_classes=8.da
*** WARNING in OUTPUT command
  TECH14 option is not available for TYPE=MIXTURE with weights.
  Request for TECH14 is ignored.
   2 WARNING(S) FOUND IN THE INPUT INSTRUCTIONS




DOG_3_ANTI_POP_VLRT_var_lat=0_covariance=0_residuals=fixed_classes=8;

SUMMARY OF ANALYSIS

Number of groups                                                 1
Number of observations                                        1618

Number of dependent variables                                   10
Number of independent variables                                  0
Number of continuous latent variables                            3
Number of categorical latent variables                           1

Observed dependent variables

  Continuous
   Q76_1       Q76_2       Q77_1       Q77_2       Q77_3       Q67_1
   Q67_2       Q67_3       Q67_4       Q67_5

Continuous latent variables
   DOG         ANTI        POP

Categorical latent variables
   C1

Variables with special functions

  Weight variable       W_AGE_BE
  ID variable           RID

Estimator                                                      MLR
Information matrix                                        OBSERVED
Optimization Specifications for the Quasi-Newton Algorithm for
Continuous Outcomes
  Maximum number of iterations                                 100
  Convergence criterion                                  0.100D-05
Optimization Specifications for the EM Algorithm
  Maximum number of iterations                                 500
  Convergence criteria
    Loglikelihood change                                 0.100D-06
    Relative loglikelihood change                        0.100D-06
    Derivative                                           0.100D-05
Optimization Specifications for the M step of the EM Algorithm for
Categorical Latent variables
  Number of M step iterations                                    1
  M step convergence criterion                           0.100D-05
  Basis for M step termination                           ITERATION
Optimization Specifications for the M step of the EM Algorithm for
Censored, Binary or Ordered Categorical (Ordinal), Unordered
Categorical (Nominal) and Count Outcomes
  Number of M step iterations                                    1
  M step convergence criterion                           0.100D-05
  Basis for M step termination                           ITERATION
  Maximum value for logit thresholds                            15
  Minimum value for logit thresholds                           -15
  Minimum expected cell size for chi-square              0.100D-01
Maximum number of iterations for H1                           2000
Convergence criterion for H1                             0.100D-03
Optimization algorithm                                         EMA
Random Starts Specifications
  Number of initial stage random starts                       1000
  Number of final stage optimizations                          250
  Number of initial stage iterations                            25
  Initial stage convergence criterion                    0.100D+01
  Random starts scale                                    0.500D+01
  Random seed for generating random starts                       0

Input data file(s)
  DOG_3_ANTI_POP_VLRT_var_lat=0_covariance=0_residuals=fixed_classes=8.dat
Input data format  FREE


SUMMARY OF DATA

     Number of missing data patterns            36
     Number of y missing data patterns          36
     Number of u missing data patterns           0


COVARIANCE COVERAGE OF DATA

Minimum covariance coverage value   0.100


     PROPORTION OF DATA PRESENT FOR Y


           Covariance Coverage
              Q76_1         Q76_2         Q77_1         Q77_2         Q77_3
              ________      ________      ________      ________      ________
 Q76_1          0.984
 Q76_2          0.978         0.985
 Q77_1          0.974         0.977         0.986
 Q77_2          0.975         0.977         0.979         0.990
 Q77_3          0.980         0.982         0.985         0.989         0.996
 Q67_1          0.979         0.980         0.980         0.984         0.990
 Q67_2          0.980         0.981         0.981         0.985         0.991
 Q67_3          0.978         0.980         0.980         0.985         0.990
 Q67_4          0.976         0.977         0.978         0.981         0.987
 Q67_5          0.979         0.981         0.980         0.984         0.990


           Covariance Coverage
              Q67_1         Q67_2         Q67_3         Q67_4         Q67_5
              ________      ________      ________      ________      ________
 Q67_1          0.993
 Q67_2          0.990         0.994
 Q67_3          0.989         0.990         0.993
 Q67_4          0.985         0.986         0.985         0.989
 Q67_5          0.988         0.989         0.989         0.985         0.993



UNIVARIATE SAMPLE STATISTICS


     UNIVARIATE HIGHER-ORDER MOMENT DESCRIPTIVE STATISTICS

         Variable/         Mean/     Skewness/   Minimum/ % with                Percentiles
        Sample Size      Variance    Kurtosis    Maximum  Min/Max      20%/60%    40%/80%    Median

     Q76_1                 0.038      -0.183      -2.175    3.27%      -1.181     -0.188     -0.188
            1592.000       0.991      -0.787       1.799    7.47%       0.806      0.806
     Q76_2                 0.040      -0.337      -2.283    3.14%      -1.314     -0.344      0.625
            1594.000       0.978      -0.634       1.595   11.54%       0.625      0.625
     Q77_1                 0.035      -0.124      -2.117    3.57%      -1.084     -0.052     -0.052
            1596.000       0.993      -0.876       2.013    3.88%      -0.052      0.981
     Q77_2                 0.036       0.457      -1.542   11.30%      -0.533     -0.533     -0.533
            1602.000       1.008      -0.563       2.493    2.37%       0.475      1.484
     Q77_3                 0.022       0.770      -1.346   20.29%      -1.346     -0.138     -0.138
            1612.000       1.052       0.559       3.488    0.68%      -0.138      1.071
     Q67_1                 0.049       0.073      -1.922    4.48%      -0.954      0.014      0.014
            1607.000       0.991      -0.947       1.949    5.97%       0.014      0.982
     Q67_2                 0.051       0.002      -2.053    3.73%      -1.043     -0.034     -0.034
            1609.000       1.001      -0.854       1.985    5.53%      -0.034      0.976
     Q67_3                 0.055       0.383      -1.676    8.40%      -0.669     -0.669     -0.669
            1607.000       1.020      -0.534       2.350    3.92%       0.337      1.343
     Q67_4                 0.061       0.074      -1.888    5.69%      -0.897     -0.897      0.094
            1600.000       0.985      -0.835       2.077    4.44%       0.094      1.085
     Q67_5                 0.042       0.366      -1.601   11.58%      -0.563     -0.563     -0.563
            1606.000       1.022      -0.423       2.550    2.43%       0.474      0.474

RANDOM STARTS RESULTS RANKED FROM THE BEST TO THE WORST LOGLIKELIHOOD VALUES

Final stage loglikelihood values at local maxima, seeds, and initial stage start numbers:

          -20481.030  869564           869
          -20481.030  232226           235
          -20481.030  761302           744
          -20481.030  127362           757
          -20481.030  131063           843
          -20481.030  39810            966
          -20481.030  106561           686
          -20481.030  830392           35
          -20481.030  931558           898
          -20482.793  282464           283
          -20482.793  391368           802
          -20482.793  576726           280
          -20482.793  499347           881
          -20493.633  35191            703
          -20493.633  211281           292
          -20493.633  195763           358
          -20493.633  579995           183
          -20493.633  172913           557
          -20496.701  798839           312
          -20497.030  775881           778
          -20497.030  490123           995
          -20497.030  188640           451
          -20497.030  197223           332
          -20497.030  329127           185
          -20497.030  462821           745
          -20498.567  29591            633
          -20498.567  462662           872
          -20498.602  595153           230
          -20499.484  79945            395
          -20513.647  77210            712
          -20530.607  772131           407
          -20536.313  562716           300
          -20536.313  691234           250
          -20605.736  424223           900
          -20605.736  81117            305
          -20605.736  12477            155
          -20605.736  96617            955
          -20605.736  459221           652
          -20605.736  177175           851
          -20605.736  605358           321
          -20605.736  561664           392
          -20605.736  860029           760
          -20605.736  42523            730
          -20605.736  114433           708
          -20605.736  805768           879
          -20605.736  963053           43
          -20608.102  599729           658
          -20608.102  134830           780
          -20628.350  947714           573
          -20666.303  913639           162
          -20666.303  872743           374
          -20666.303  793487           595
          -20666.303  535063           329
          -20704.221  207917           976
          -20739.487  742609           531
          -20739.487  777492           972
          -20739.487  690596           858
          -20739.487  888905           444
          -20739.487  535303           923
          -20739.487  132336           362
          -20739.487  752769           253
          -20739.487  27071            15
          -20739.487  851945           18
          -20739.487  686482           215
          -20739.487  438144           271
          -20739.487  86651            993
          -20739.487  319144           176
          -20739.487  210139           991
          -20739.487  193847           354
          -20739.487  985387           381
          -20739.487  123985           248
          -20739.487  529496           343
          -20739.487  944186           541
          -20739.487  964570           701
          -20739.487  109946           771
          -20739.487  579138           706
          -20739.487  47719            962
          -20739.487  3307             735
          -20739.487  726035           191
          -20739.487  789985           67
          -20739.487  823392           479
          -20739.487  745972           521
          -20739.487  238906           430
          -20739.487  369602           146
          -20739.487  241299           912
          -20739.487  34346            330
          -20739.487  212934           568
          -20739.487  318177           748
          -20739.487  954354           840
          -20739.487  292884           103
          -20739.487  78862            529
          -20750.092  519357           559
          -20750.092  778953           635
          -20750.092  314034           513
          -20750.092  50983            834
          -20750.092  945065           255
          -20750.092  695155           150
          -20750.092  408713           450
          -20750.092  467561           819
          -20750.092  631413           439
          -20750.092  544009           842
          -20750.092  802644           874
          -20750.092  404426           344
          -20750.092  741888           138
          -20764.756  358488           264
          -20764.756  259507           53
          -20764.756  345974           622
          -20764.756  650371           14
          -20764.756  486646           586
          -20764.756  570681           777
          -20764.756  792993           859
          -20764.756  990504           827
          -20764.756  227563           63
          -20779.650  648035           836
          -20799.366  793035           187
          -20871.980  345726           461
          -20872.390  749635           420
          -20872.390  260953           589
          -20872.390  673496           218
          -20872.390  903420           5
          -20872.390  392407           221
          -20872.390  67009            564
          -20872.390  752476           614
          -20872.390  879211           453
          -20872.390  228459           947
          -20872.390  216565           474
          -20872.390  514326           325
          -20872.390  712702           684
          -20872.390  686384           690
          -20872.390  88437            761
          -20872.390  49221            254
          -20872.390  202790           198
          -20872.390  175199           247
          -20872.390  278692           342
          -20872.390  717754           180
          -20872.390  319575           499
          -20872.390  581196           921
          -20872.390  535804           111
          -20872.390  238317           812
          -20872.390  125727           899
          -20872.390  155622           507
          -20872.390  608496           4
          -20872.390  536551           696
          -20872.390  327140           678
          -20872.390  499150           216
          -20872.390  66276            217
          -20872.390  626891           32
          -20872.390  563002           360
          -20872.390  484687           306
          -20872.390  563584           657
          -20872.390  850545           357
          -20872.390  783102           433
          -20872.390  350608           334
          -20872.390  461687           833
          -20872.390  268217           83
          -20872.390  960438           116
          -20872.390  751153           110
          -20872.390  848969           173
          -20872.390  752148           822
          -20872.390  995249           525
          -20880.342  662718           460
          -20880.342  798821           423
          -20880.342  853195           431
          -20900.675  49293            707
          -20901.001  465160           862
          -20929.979  399380           436
          -20929.979  40327            971
          -20931.635  316165           299
          -20945.536  161421           519
          -20945.536  654136           167
          -20945.536  224151           973
          -20945.536  761633           50
          -20945.536  942358           644
          -20945.536  39136            226
          -20945.536  76974            16
          -20945.536  51375            148
          -20945.536  897782           545
          -20945.536  509733           130
          -20945.536  965994           396
          -20945.536  685268           596
          -20945.536  432148           30
          -20945.536  276102           599
          -20945.536  68850            462
          -20945.536  783110           72
          -20945.536  726744           939
          -20945.536  760878           249
          -20945.536  264901           634
          -20945.536  663090           906
          -20945.536  354395           486
          -20945.536  421731           886
          -20945.536  425929           508
          -20945.536  440395           917
          -20945.536  788796           145
          -20945.536  331681           549
          -20945.536  715561           125
          -20945.536  74518            927
          -20945.536  136842           58
          -20945.536  180889           920
          -20945.536  876056           1000
          -20945.536  626208           698
          -20945.536  471040           403
          -20945.536  966603           919
          -20959.973  237332           661
          -20959.973  299977           956
          -20959.973  496710           386
          -20959.973  155749           960
          -20959.973  405079           68
          -20959.973  220492           743
          -20959.973  784664           75

41 perturbed starting value run(s) did not converge.



THE BEST LOGLIKELIHOOD VALUE HAS BEEN REPLICATED.  RERUN WITH AT LEAST TWICE THE
RANDOM STARTS TO CHECK THAT THE BEST LOGLIKELIHOOD IS STILL OBTAINED AND REPLICATED.


THE MODEL ESTIMATION TERMINATED NORMALLY



MODEL FIT INFORMATION

Number of Free Parameters                       48

Loglikelihood

          H0 Value                      -20481.030
          H0 Scaling Correction Factor      1.8520
            for MLR

Information Criteria

          Akaike (AIC)                   41058.060
          Bayesian (BIC)                 41316.730
          Sample-Size Adjusted BIC       41164.242
            (n* = (n + 2) / 24)



FINAL CLASS COUNTS AND PROPORTIONS FOR THE LATENT CLASSES
BASED ON THE ESTIMATED MODEL

    Latent
   Classes

       1         30.42413          0.01880
       2        237.19195          0.14660
       3        212.82834          0.13154
       4         33.95266          0.02098
       5        272.29128          0.16829
       6        260.68743          0.16112
       7        250.99821          0.15513
       8        319.62600          0.19754


FINAL CLASS COUNTS AND PROPORTIONS FOR THE LATENT CLASSES
BASED ON ESTIMATED POSTERIOR PROBABILITIES

    Latent
   Classes

       1         30.42413          0.01880
       2        237.19195          0.14660
       3        212.82834          0.13154
       4         33.95266          0.02098
       5        272.29128          0.16829
       6        260.68743          0.16112
       7        250.99821          0.15513
       8        319.62600          0.19754


FINAL CLASS COUNTS AND PROPORTIONS FOR THE LATENT CLASSES
BASED ON THEIR MOST LIKELY LATENT CLASS MEMBERSHIP

Class Counts and Proportions

    Latent
   Classes

       1               26          0.01620
       2              225          0.13937
       3              215          0.13313
       4               32          0.01982
       5              263          0.16248
       6              263          0.16248
       7              268          0.16543
       8              325          0.20108


CLASSIFICATION QUALITY

     Entropy                         0.783


Classification Probabilities for the Most Likely Latent Class Membership (Column)
by Latent Class (Row)

           1        2        3        4        5        6        7        8

    1   0.759    0.000    0.000    0.000    0.161    0.000    0.036    0.043
    2   0.000    0.729    0.089    0.000    0.066    0.013    0.050    0.053
    3   0.000    0.077    0.773    0.009    0.037    0.080    0.025    0.000
    4   0.000    0.000    0.099    0.868    0.004    0.029    0.000    0.000
    5   0.004    0.050    0.038    0.000    0.756    0.000    0.064    0.088
    6   0.000    0.008    0.051    0.003    0.000    0.891    0.047    0.000
    7   0.001    0.036    0.011    0.000    0.042    0.038    0.853    0.018
    8   0.005    0.036    0.000    0.000    0.057    0.000    0.018    0.885


Logits for the Classification Probabilities for the Most Likely Latent Class Membership (Column)
by Latent Class (Row)

              1        2        3        4        5        6        7        8

    1      2.867  -10.522  -10.674  -10.674    1.315  -10.674   -0.169    0.000
    2    -10.882    2.618    0.514  -10.882    0.217   -1.440   -0.071    0.000
    3     -5.783    5.462    7.775    3.295    4.727    5.503    4.337    0.000
    4     -5.065   -1.480    6.437    8.608    3.311    5.204    0.282    0.000
    5     -2.995   -0.557   -0.852  -11.385    2.151   -6.192   -0.322    0.000
    6     -1.191    7.772    9.650    6.777    3.632   12.509    9.569    0.000
    7     -3.081    0.675   -0.483   -9.820    0.815    0.737    3.837    0.000
    8     -5.115   -3.214  -10.241  -13.693   -2.748  -13.693   -3.910    0.000


MODEL RESULTS

                                                    Two-Tailed
                    Estimate       S.E.  Est./S.E.    P-Value

Latent Class 1

 DOG      BY
    Q77_1              1.000      0.000    999.000    999.000
    Q77_2              2.205      0.162     13.647      0.000
    Q77_3              1.131      0.135      8.378      0.000

 ANTI     BY
    Q76_1              1.000      0.000    999.000    999.000
    Q76_2              0.953      0.170      5.603      0.000

 POP      BY
    Q67_1              1.000      0.000    999.000    999.000
    Q67_2              1.034      0.050     20.880      0.000
    Q67_3              1.191      0.050     23.669      0.000
    Q67_4              0.997      0.052     19.348      0.000
    Q67_5              0.988      0.063     15.606      0.000

 ANTI     WITH
    DOG                0.000      0.000    999.000    999.000

 POP      WITH
    DOG                0.000      0.000    999.000    999.000
    ANTI               0.000      0.000    999.000    999.000

 Means
    DOG               -0.218      0.163     -1.338      0.181
    ANTI               0.697      0.255      2.735      0.006
    POP               -1.440      0.110    -13.048      0.000

 Intercepts
    Q76_1              0.000      0.000    999.000    999.000
    Q76_2              0.000      0.000    999.000    999.000
    Q77_1              0.000      0.000    999.000    999.000
    Q77_2              0.000      0.000    999.000    999.000
    Q77_3              0.000      0.000    999.000    999.000
    Q67_1              0.000      0.000    999.000    999.000
    Q67_2              0.000      0.000    999.000    999.000
    Q67_3              0.000      0.000    999.000    999.000
    Q67_4              0.000      0.000    999.000    999.000
    Q67_5              0.000      0.000    999.000    999.000

 Variances
    DOG                0.000      0.000    999.000    999.000
    ANTI               0.000      0.000    999.000    999.000
    POP                0.000      0.000    999.000    999.000

 Residual Variances
    Q76_1              0.518      0.084      6.159      0.000
    Q76_2              0.550      0.082      6.711      0.000
    Q77_1              0.862      0.028     30.626      0.000
    Q77_2              0.368      0.032     11.472      0.000
    Q77_3              0.883      0.041     21.343      0.000
    Q67_1              0.556      0.034     16.460      0.000
    Q67_2              0.536      0.030     17.598      0.000
    Q67_3              0.403      0.029     13.941      0.000
    Q67_4              0.554      0.028     19.831      0.000
    Q67_5              0.600      0.033     18.189      0.000

Latent Class 2

 DOG      BY
    Q77_1              1.000      0.000    999.000    999.000
    Q77_2              2.205      0.162     13.647      0.000
    Q77_3              1.131      0.135      8.378      0.000

 ANTI     BY
    Q76_1              1.000      0.000    999.000    999.000
    Q76_2              0.953      0.170      5.603      0.000

 POP      BY
    Q67_1              1.000      0.000    999.000    999.000
    Q67_2              1.034      0.050     20.880      0.000
    Q67_3              1.191      0.050     23.669      0.000
    Q67_4              0.997      0.052     19.348      0.000
    Q67_5              0.988      0.063     15.606      0.000

 ANTI     WITH
    DOG                0.000      0.000    999.000    999.000

 POP      WITH
    DOG                0.000      0.000    999.000    999.000
    ANTI               0.000      0.000    999.000    999.000

 Means
    DOG               -0.171      0.060     -2.845      0.004
    ANTI              -0.604      0.181     -3.329      0.001
    POP                0.273      0.070      3.907      0.000

 Intercepts
    Q76_1              0.000      0.000    999.000    999.000
    Q76_2              0.000      0.000    999.000    999.000
    Q77_1              0.000      0.000    999.000    999.000
    Q77_2              0.000      0.000    999.000    999.000
    Q77_3              0.000      0.000    999.000    999.000
    Q67_1              0.000      0.000    999.000    999.000
    Q67_2              0.000      0.000    999.000    999.000
    Q67_3              0.000      0.000    999.000    999.000
    Q67_4              0.000      0.000    999.000    999.000
    Q67_5              0.000      0.000    999.000    999.000

 Variances
    DOG                0.000      0.000    999.000    999.000
    ANTI               0.000      0.000    999.000    999.000
    POP                0.000      0.000    999.000    999.000

 Residual Variances
    Q76_1              0.518      0.084      6.159      0.000
    Q76_2              0.550      0.082      6.711      0.000
    Q77_1              0.862      0.028     30.626      0.000
    Q77_2              0.368      0.032     11.472      0.000
    Q77_3              0.883      0.041     21.343      0.000
    Q67_1              0.556      0.034     16.460      0.000
    Q67_2              0.536      0.030     17.598      0.000
    Q67_3              0.403      0.029     13.941      0.000
    Q67_4              0.554      0.028     19.831      0.000
    Q67_5              0.600      0.033     18.189      0.000

Latent Class 3

 DOG      BY
    Q77_1              1.000      0.000    999.000    999.000
    Q77_2              2.205      0.162     13.647      0.000
    Q77_3              1.131      0.135      8.378      0.000

 ANTI     BY
    Q76_1              1.000      0.000    999.000    999.000
    Q76_2              0.953      0.170      5.603      0.000

 POP      BY
    Q67_1              1.000      0.000    999.000    999.000
    Q67_2              1.034      0.050     20.880      0.000
    Q67_3              1.191      0.050     23.669      0.000
    Q67_4              0.997      0.052     19.348      0.000
    Q67_5              0.988      0.063     15.606      0.000

 ANTI     WITH
    DOG                0.000      0.000    999.000    999.000

 POP      WITH
    DOG                0.000      0.000    999.000    999.000
    ANTI               0.000      0.000    999.000    999.000

 Means
    DOG               -0.171      0.055     -3.119      0.002
    ANTI               0.591      0.190      3.114      0.002
    POP                0.715      0.124      5.770      0.000

 Intercepts
    Q76_1              0.000      0.000    999.000    999.000
    Q76_2              0.000      0.000    999.000    999.000
    Q77_1              0.000      0.000    999.000    999.000
    Q77_2              0.000      0.000    999.000    999.000
    Q77_3              0.000      0.000    999.000    999.000
    Q67_1              0.000      0.000    999.000    999.000
    Q67_2              0.000      0.000    999.000    999.000
    Q67_3              0.000      0.000    999.000    999.000
    Q67_4              0.000      0.000    999.000    999.000
    Q67_5              0.000      0.000    999.000    999.000

 Variances
    DOG                0.000      0.000    999.000    999.000
    ANTI               0.000      0.000    999.000    999.000
    POP                0.000      0.000    999.000    999.000

 Residual Variances
    Q76_1              0.518      0.084      6.159      0.000
    Q76_2              0.550      0.082      6.711      0.000
    Q77_1              0.862      0.028     30.626      0.000
    Q77_2              0.368      0.032     11.472      0.000
    Q77_3              0.883      0.041     21.343      0.000
    Q67_1              0.556      0.034     16.460      0.000
    Q67_2              0.536      0.030     17.598      0.000
    Q67_3              0.403      0.029     13.941      0.000
    Q67_4              0.554      0.028     19.831      0.000
    Q67_5              0.600      0.033     18.189      0.000

Latent Class 4

 DOG      BY
    Q77_1              1.000      0.000    999.000    999.000
    Q77_2              2.205      0.162     13.647      0.000
    Q77_3              1.131      0.135      8.378      0.000

 ANTI     BY
    Q76_1              1.000      0.000    999.000    999.000
    Q76_2              0.953      0.170      5.603      0.000

 POP      BY
    Q67_1              1.000      0.000    999.000    999.000
    Q67_2              1.034      0.050     20.880      0.000
    Q67_3              1.191      0.050     23.669      0.000
    Q67_4              0.997      0.052     19.348      0.000
    Q67_5              0.988      0.063     15.606      0.000

 ANTI     WITH
    DOG                0.000      0.000    999.000    999.000

 POP      WITH
    DOG                0.000      0.000    999.000    999.000
    ANTI               0.000      0.000    999.000    999.000

 Means
    DOG               -0.331      0.109     -3.031      0.002
    ANTI               1.194      0.170      7.026      0.000
    POP                1.797      0.118     15.205      0.000

 Intercepts
    Q76_1              0.000      0.000    999.000    999.000
    Q76_2              0.000      0.000    999.000    999.000
    Q77_1              0.000      0.000    999.000    999.000
    Q77_2              0.000      0.000    999.000    999.000
    Q77_3              0.000      0.000    999.000    999.000
    Q67_1              0.000      0.000    999.000    999.000
    Q67_2              0.000      0.000    999.000    999.000
    Q67_3              0.000      0.000    999.000    999.000
    Q67_4              0.000      0.000    999.000    999.000
    Q67_5              0.000      0.000    999.000    999.000

 Variances
    DOG                0.000      0.000    999.000    999.000
    ANTI               0.000      0.000    999.000    999.000
    POP                0.000      0.000    999.000    999.000

 Residual Variances
    Q76_1              0.518      0.084      6.159      0.000
    Q76_2              0.550      0.082      6.711      0.000
    Q77_1              0.862      0.028     30.626      0.000
    Q77_2              0.368      0.032     11.472      0.000
    Q77_3              0.883      0.041     21.343      0.000
    Q67_1              0.556      0.034     16.460      0.000
    Q67_2              0.536      0.030     17.598      0.000
    Q67_3              0.403      0.029     13.941      0.000
    Q67_4              0.554      0.028     19.831      0.000
    Q67_5              0.600      0.033     18.189      0.000

Latent Class 5

 DOG      BY
    Q77_1              1.000      0.000    999.000    999.000
    Q77_2              2.205      0.162     13.647      0.000
    Q77_3              1.131      0.135      8.378      0.000

 ANTI     BY
    Q76_1              1.000      0.000    999.000    999.000
    Q76_2              0.953      0.170      5.603      0.000

 POP      BY
    Q67_1              1.000      0.000    999.000    999.000
    Q67_2              1.034      0.050     20.880      0.000
    Q67_3              1.191      0.050     23.669      0.000
    Q67_4              0.997      0.052     19.348      0.000
    Q67_5              0.988      0.063     15.606      0.000

 ANTI     WITH
    DOG                0.000      0.000    999.000    999.000

 POP      WITH
    DOG                0.000      0.000    999.000    999.000
    ANTI               0.000      0.000    999.000    999.000

 Means
    DOG               -0.267      0.034     -7.923      0.000
    ANTI               0.429      0.155      2.756      0.006
    POP               -0.400      0.073     -5.512      0.000

 Intercepts
    Q76_1              0.000      0.000    999.000    999.000
    Q76_2              0.000      0.000    999.000    999.000
    Q77_1              0.000      0.000    999.000    999.000
    Q77_2              0.000      0.000    999.000    999.000
    Q77_3              0.000      0.000    999.000    999.000
    Q67_1              0.000      0.000    999.000    999.000
    Q67_2              0.000      0.000    999.000    999.000
    Q67_3              0.000      0.000    999.000    999.000
    Q67_4              0.000      0.000    999.000    999.000
    Q67_5              0.000      0.000    999.000    999.000

 Variances
    DOG                0.000      0.000    999.000    999.000
    ANTI               0.000      0.000    999.000    999.000
    POP                0.000      0.000    999.000    999.000

 Residual Variances
    Q76_1              0.518      0.084      6.159      0.000
    Q76_2              0.550      0.082      6.711      0.000
    Q77_1              0.862      0.028     30.626      0.000
    Q77_2              0.368      0.032     11.472      0.000
    Q77_3              0.883      0.041     21.343      0.000
    Q67_1              0.556      0.034     16.460      0.000
    Q67_2              0.536      0.030     17.598      0.000
    Q67_3              0.403      0.029     13.941      0.000
    Q67_4              0.554      0.028     19.831      0.000
    Q67_5              0.600      0.033     18.189      0.000

Latent Class 6

 DOG      BY
    Q77_1              1.000      0.000    999.000    999.000
    Q77_2              2.205      0.162     13.647      0.000
    Q77_3              1.131      0.135      8.378      0.000

 ANTI     BY
    Q76_1              1.000      0.000    999.000    999.000
    Q76_2              0.953      0.170      5.603      0.000

 POP      BY
    Q67_1              1.000      0.000    999.000    999.000
    Q67_2              1.034      0.050     20.880      0.000
    Q67_3              1.191      0.050     23.669      0.000
    Q67_4              0.997      0.052     19.348      0.000
    Q67_5              0.988      0.063     15.606      0.000

 ANTI     WITH
    DOG                0.000      0.000    999.000    999.000

 POP      WITH
    DOG                0.000      0.000    999.000    999.000
    ANTI               0.000      0.000    999.000    999.000

 Means
    DOG                0.605      0.055     10.911      0.000
    ANTI               0.624      0.071      8.758      0.000
    POP                0.887      0.064     13.889      0.000

 Intercepts
    Q76_1              0.000      0.000    999.000    999.000
    Q76_2              0.000      0.000    999.000    999.000
    Q77_1              0.000      0.000    999.000    999.000
    Q77_2              0.000      0.000    999.000    999.000
    Q77_3              0.000      0.000    999.000    999.000
    Q67_1              0.000      0.000    999.000    999.000
    Q67_2              0.000      0.000    999.000    999.000
    Q67_3              0.000      0.000    999.000    999.000
    Q67_4              0.000      0.000    999.000    999.000
    Q67_5              0.000      0.000    999.000    999.000

 Variances
    DOG                0.000      0.000    999.000    999.000
    ANTI               0.000      0.000    999.000    999.000
    POP                0.000      0.000    999.000    999.000

 Residual Variances
    Q76_1              0.518      0.084      6.159      0.000
    Q76_2              0.550      0.082      6.711      0.000
    Q77_1              0.862      0.028     30.626      0.000
    Q77_2              0.368      0.032     11.472      0.000
    Q77_3              0.883      0.041     21.343      0.000
    Q67_1              0.556      0.034     16.460      0.000
    Q67_2              0.536      0.030     17.598      0.000
    Q67_3              0.403      0.029     13.941      0.000
    Q67_4              0.554      0.028     19.831      0.000
    Q67_5              0.600      0.033     18.189      0.000

Latent Class 7

 DOG      BY
    Q77_1              1.000      0.000    999.000    999.000
    Q77_2              2.205      0.162     13.647      0.000
    Q77_3              1.131      0.135      8.378      0.000

 ANTI     BY
    Q76_1              1.000      0.000    999.000    999.000
    Q76_2              0.953      0.170      5.603      0.000

 POP      BY
    Q67_1              1.000      0.000    999.000    999.000
    Q67_2              1.034      0.050     20.880      0.000
    Q67_3              1.191      0.050     23.669      0.000
    Q67_4              0.997      0.052     19.348      0.000
    Q67_5              0.988      0.063     15.606      0.000

 ANTI     WITH
    DOG                0.000      0.000    999.000    999.000

 POP      WITH
    DOG                0.000      0.000    999.000    999.000
    ANTI               0.000      0.000    999.000    999.000

 Means
    DOG                0.484      0.046     10.601      0.000
    ANTI               0.327      0.143      2.295      0.022
    POP               -0.240      0.082     -2.934      0.003

 Intercepts
    Q76_1              0.000      0.000    999.000    999.000
    Q76_2              0.000      0.000    999.000    999.000
    Q77_1              0.000      0.000    999.000    999.000
    Q77_2              0.000      0.000    999.000    999.000
    Q77_3              0.000      0.000    999.000    999.000
    Q67_1              0.000      0.000    999.000    999.000
    Q67_2              0.000      0.000    999.000    999.000
    Q67_3              0.000      0.000    999.000    999.000
    Q67_4              0.000      0.000    999.000    999.000
    Q67_5              0.000      0.000    999.000    999.000

 Variances
    DOG                0.000      0.000    999.000    999.000
    ANTI               0.000      0.000    999.000    999.000
    POP                0.000      0.000    999.000    999.000

 Residual Variances
    Q76_1              0.518      0.084      6.159      0.000
    Q76_2              0.550      0.082      6.711      0.000
    Q77_1              0.862      0.028     30.626      0.000
    Q77_2              0.368      0.032     11.472      0.000
    Q77_3              0.883      0.041     21.343      0.000
    Q67_1              0.556      0.034     16.460      0.000
    Q67_2              0.536      0.030     17.598      0.000
    Q67_3              0.403      0.029     13.941      0.000
    Q67_4              0.554      0.028     19.831      0.000
    Q67_5              0.600      0.033     18.189      0.000

Latent Class 8

 DOG      BY
    Q77_1              1.000      0.000    999.000    999.000
    Q77_2              2.205      0.162     13.647      0.000
    Q77_3              1.131      0.135      8.378      0.000

 ANTI     BY
    Q76_1              1.000      0.000    999.000    999.000
    Q76_2              0.953      0.170      5.603      0.000

 POP      BY
    Q67_1              1.000      0.000    999.000    999.000
    Q67_2              1.034      0.050     20.880      0.000
    Q67_3              1.191      0.050     23.669      0.000
    Q67_4              0.997      0.052     19.348      0.000
    Q67_5              0.988      0.063     15.606      0.000

 ANTI     WITH
    DOG                0.000      0.000    999.000    999.000

 POP      WITH
    DOG                0.000      0.000    999.000    999.000
    ANTI               0.000      0.000    999.000    999.000

 Means
    DOG               -0.260      0.030     -8.575      0.000
    ANTI              -1.065      0.053    -20.122      0.000
    POP               -0.675      0.047    -14.433      0.000

 Intercepts
    Q76_1              0.000      0.000    999.000    999.000
    Q76_2              0.000      0.000    999.000    999.000
    Q77_1              0.000      0.000    999.000    999.000
    Q77_2              0.000      0.000    999.000    999.000
    Q77_3              0.000      0.000    999.000    999.000
    Q67_1              0.000      0.000    999.000    999.000
    Q67_2              0.000      0.000    999.000    999.000
    Q67_3              0.000      0.000    999.000    999.000
    Q67_4              0.000      0.000    999.000    999.000
    Q67_5              0.000      0.000    999.000    999.000

 Variances
    DOG                0.000      0.000    999.000    999.000
    ANTI               0.000      0.000    999.000    999.000
    POP                0.000      0.000    999.000    999.000

 Residual Variances
    Q76_1              0.518      0.084      6.159      0.000
    Q76_2              0.550      0.082      6.711      0.000
    Q77_1              0.862      0.028     30.626      0.000
    Q77_2              0.368      0.032     11.472      0.000
    Q77_3              0.883      0.041     21.343      0.000
    Q67_1              0.556      0.034     16.460      0.000
    Q67_2              0.536      0.030     17.598      0.000
    Q67_3              0.403      0.029     13.941      0.000
    Q67_4              0.554      0.028     19.831      0.000
    Q67_5              0.600      0.033     18.189      0.000

Categorical Latent Variables

 Means
    C1#1              -2.352      0.320     -7.338      0.000
    C1#2              -0.298      0.248     -1.202      0.230
    C1#3              -0.407      0.431     -0.944      0.345
    C1#4              -2.242      0.361     -6.214      0.000
    C1#5              -0.160      0.284     -0.565      0.572
    C1#6              -0.204      0.181     -1.128      0.259
    C1#7              -0.242      0.233     -1.037      0.300


QUALITY OF NUMERICAL RESULTS

     Condition Number for the Information Matrix              0.188E-02
       (ratio of smallest to largest eigenvalue)


TECHNICAL 11 OUTPUT

     Random Starts Specifications for the k-1 Class Analysis Model
        Number of initial stage random starts                1000
        Number of final stage optimizations                   250



     VUONG-LO-MENDELL-RUBIN LIKELIHOOD RATIO TEST FOR 7 (H0) VERSUS 8 CLASSES

          H0 Loglikelihood Value                       -20536.313
          2 Times the Loglikelihood Difference            110.566
          Difference in the Number of Parameters                4
          Mean                                            162.533
          Standard Deviation                              247.453
          P-Value                                          0.5832

     LO-MENDELL-RUBIN ADJUSTED LRT TEST

          Value                                           106.947
          P-Value                                          0.5889


SAVEDATA INFORMATION


  Save file
    data_export_DOG_3_ANTI_POP_VLRT_var_lat=0_covariance=0_residuals=fixed_class

  Order and format of variables

    Q76_1          F10.3
    Q76_2          F10.3
    Q77_1          F10.3
    Q77_2          F10.3
    Q77_3          F10.3
    Q67_1          F10.3
    Q67_2          F10.3
    Q67_3          F10.3
    Q67_4          F10.3
    Q67_5          F10.3
    W_AGE_BE       F10.3
    RID            I7

  Save file format
    11F10.3 I7

  Save file record length    10000


     Beginning Time:  04:10:04
        Ending Time:  05:03:18
       Elapsed Time:  00:53:14



MUTHEN & MUTHEN
3463 Stoner Ave.
Los Angeles, CA  90066

Tel: (310) 391-9971
Fax: (310) 391-8971
Web: www.StatModel.com
Support: Support@StatModel.com

Copyright (c) 1998-2019 Muthen & Muthen
