Mplus VERSION 8.4 (Mac)
MUTHEN & MUTHEN
01/25/2022  11:08 PM

INPUT INSTRUCTIONS

  TITLE:
  DOG_3_ANTI_POP_VLRT_var_lat=0_covariance=0_residuals=fixed_classes=5;
  DATA:
  FILE = "DOG_3_ANTI_POP_VLRT_var_lat=0_covariance=0_residuals=fixed_classes=5.dat";

  VARIABLE:
  NAMES = rid w_age_bel q76_1 q76_2 q77_1 q77_2 q77_3 q67_1 q67_2 q67_3 q67_4 q67_5;
   MISSING=.;
   USEVARIABLES = rid w_age_bel
  q76_1 q76_2 q77_1 q77_2 q77_3
  q67_1 q67_2 q67_3 q67_4 q67_5
  ;
  WEIGHT=w_age_bel;
  IDVARIABLE IS rid;
                            CLASSES=c1(
  5
  );
  ANALYSIS:
  TYPE = MIXTURE;
  STARTS = 1000 250 0;
  !lrtstarts = 0 0 600 125;
  !LRTBOOTSTRAP = 40;
  STITERATIONS=25;
               ESTIMATOR = MLR;
               PROCESSORS = 8;
  MODEL:

  %OVERALL%
  !!! dogmatism !!!
  DOG BY Q77_1 q77_2 Q77_3;
  !!! antagonism !!!
  ANTI BY q76_1 q76_2;
  !!! populism !!!
  POP BY Q67_1 Q67_2 Q67_3 Q67_4 Q67_5;



  !!!!!!!!
  %c1#1%
  !!!!!!!!

  !!!! Means LV !!!!
  [POP](MPOP1);
  [ANTI](MANTI1);
  [DOG](MDOG1);
  !!!! Variances LV !!!!
  POP@0;
  ANTI@0;
  DOG@0;
  !!!! Covariances LV !!!!
  POP WITH ANTI@0;
  POP WITH DOG@0;
  ANTI WITH DOG@0;
  !!!! Residuals LV !!!!
  Q77_1(VQ77_1);
  Q77_2(VQ77_2);
  Q77_3(VQ77_3);
  Q76_1(VQ76_1);
  Q76_2(VQ76_2);
  Q67_1(VQ67_1);
  Q67_2(VQ67_2);
  Q67_3(VQ67_3);
  Q67_4(VQ67_4);
  Q67_5(VQ67_5);
  !!!! Intercepts manifest !!!!
  [Q77_1@0](intQ77101);
  [Q77_2@0](intQ77201);
  [Q77_3@0](intQ77301);
  [Q76_1@0](intQ76101);
  [Q76_2@0](intQ76201);
  [Q67_1@0](intQ67101);
  [Q67_2@0](intQ67201);
  [Q67_3@0](intQ67301);
  [Q67_4@0](intQ67401);
  [Q67_5@0](intQ67501);

  !!!!!!!!
  %c1#2%
  !!!!!!!!

  !!!! Means LV !!!!
  [POP](MPOP2);
  [ANTI](MANTI2);
  [DOG](MDOG2);
  !!!! Variances LV !!!!
  POP@0;
  ANTI@0;
  DOG@0;
  !!!! Covariances LV !!!!
  POP WITH ANTI@0;
  POP WITH DOG@0;
  ANTI WITH DOG@0;
  !!!! Residuals LV !!!!
  Q77_1(VQ77_1);
  Q77_2(VQ77_2);
  Q77_3(VQ77_3);
  Q76_1(VQ76_1);
  Q76_2(VQ76_2);
  Q67_1(VQ67_1);
  Q67_2(VQ67_2);
  Q67_3(VQ67_3);
  Q67_4(VQ67_4);
  Q67_5(VQ67_5);
  !!!! Intercepts manifest !!!!
  [Q77_1@0](intQ77102);
  [Q77_2@0](intQ77202);
  [Q77_3@0](intQ77302);
  [Q76_1@0](intQ76102);
  [Q76_2@0](intQ76202);
  [Q67_1@0](intQ67102);
  [Q67_2@0](intQ67202);
  [Q67_3@0](intQ67302);
  [Q67_4@0](intQ67402);
  [Q67_5@0](intQ67502);

  !!!!!!!!
  %c1#3%
  !!!!!!!!

  !!!! Means LV !!!!
  [POP](MPOP3);
  [ANTI](MANTI3);
  [DOG](MDOG3);
  !!!! Variances LV !!!!
  POP@0;
  ANTI@0;
  DOG@0;
  !!!! Covariances LV !!!!
  POP WITH ANTI@0;
  POP WITH DOG@0;
  ANTI WITH DOG@0;
  !!!! Residuals LV !!!!
  Q77_1(VQ77_1);
  Q77_2(VQ77_2);
  Q77_3(VQ77_3);
  Q76_1(VQ76_1);
  Q76_2(VQ76_2);
  Q67_1(VQ67_1);
  Q67_2(VQ67_2);
  Q67_3(VQ67_3);
  Q67_4(VQ67_4);
  Q67_5(VQ67_5);
  !!!! Intercepts manifest !!!!
  [Q77_1@0](intQ77103);
  [Q77_2@0](intQ77203);
  [Q77_3@0](intQ77303);
  [Q76_1@0](intQ76103);
  [Q76_2@0](intQ76203);
  [Q67_1@0](intQ67103);
  [Q67_2@0](intQ67203);
  [Q67_3@0](intQ67303);
  [Q67_4@0](intQ67403);
  [Q67_5@0](intQ67503);

  !!!!!!!!
  %c1#4%
  !!!!!!!!

  !!!! Means LV !!!!
  [POP](MPOP4);
  [ANTI](MANTI4);
  [DOG](MDOG4);
  !!!! Variances LV !!!!
  POP@0;
  ANTI@0;
  DOG@0;
  !!!! Covariances LV !!!!
  POP WITH ANTI@0;
  POP WITH DOG@0;
  ANTI WITH DOG@0;
  !!!! Residuals LV !!!!
  Q77_1(VQ77_1);
  Q77_2(VQ77_2);
  Q77_3(VQ77_3);
  Q76_1(VQ76_1);
  Q76_2(VQ76_2);
  Q67_1(VQ67_1);
  Q67_2(VQ67_2);
  Q67_3(VQ67_3);
  Q67_4(VQ67_4);
  Q67_5(VQ67_5);
  !!!! Intercepts manifest !!!!
  [Q77_1@0](intQ77104);
  [Q77_2@0](intQ77204);
  [Q77_3@0](intQ77304);
  [Q76_1@0](intQ76104);
  [Q76_2@0](intQ76204);
  [Q67_1@0](intQ67104);
  [Q67_2@0](intQ67204);
  [Q67_3@0](intQ67304);
  [Q67_4@0](intQ67404);
  [Q67_5@0](intQ67504);

  !!!!!!!!
  %c1#5%
  !!!!!!!!

  !!!! Means LV !!!!
  [POP](MPOP5);
  [ANTI](MANTI5);
  [DOG](MDOG5);
  !!!! Variances LV !!!!
  POP@0;
  ANTI@0;
  DOG@0;
  !!!! Covariances LV !!!!
  POP WITH ANTI@0;
  POP WITH DOG@0;
  ANTI WITH DOG@0;
  !!!! Residuals LV !!!!
  Q77_1(VQ77_1);
  Q77_2(VQ77_2);
  Q77_3(VQ77_3);
  Q76_1(VQ76_1);
  Q76_2(VQ76_2);
  Q67_1(VQ67_1);
  Q67_2(VQ67_2);
  Q67_3(VQ67_3);
  Q67_4(VQ67_4);
  Q67_5(VQ67_5);
  !!!! Intercepts manifest !!!!
  [Q77_1@0](intQ77105);
  [Q77_2@0](intQ77205);
  [Q77_3@0](intQ77305);
  [Q76_1@0](intQ76105);
  [Q76_2@0](intQ76205);
  [Q67_1@0](intQ67105);
  [Q67_2@0](intQ67205);
  [Q67_3@0](intQ67305);
  [Q67_4@0](intQ67405);
  [Q67_5@0](intQ67505);
  OUTPUT:
  TECH11 TECH14;
  SAVEDATA:
  FILE IS data_export_DOG_3_ANTI_POP_VLRT_var_lat=0_covariance=0_residuals=fixed_classes=5.d
  SAVE=fscores CPROB;



*** WARNING
  Input line exceeded 90 characters. Some input may be truncated.
  FILE IS data_export_DOG_3_ANTI_POP_VLRT_var_lat=0_covariance=0_residuals=fixed_classes=5.da
*** WARNING in OUTPUT command
  TECH14 option is not available for TYPE=MIXTURE with weights.
  Request for TECH14 is ignored.
   2 WARNING(S) FOUND IN THE INPUT INSTRUCTIONS




DOG_3_ANTI_POP_VLRT_var_lat=0_covariance=0_residuals=fixed_classes=5;

SUMMARY OF ANALYSIS

Number of groups                                                 1
Number of observations                                        1618

Number of dependent variables                                   10
Number of independent variables                                  0
Number of continuous latent variables                            3
Number of categorical latent variables                           1

Observed dependent variables

  Continuous
   Q76_1       Q76_2       Q77_1       Q77_2       Q77_3       Q67_1
   Q67_2       Q67_3       Q67_4       Q67_5

Continuous latent variables
   DOG         ANTI        POP

Categorical latent variables
   C1

Variables with special functions

  Weight variable       W_AGE_BE
  ID variable           RID

Estimator                                                      MLR
Information matrix                                        OBSERVED
Optimization Specifications for the Quasi-Newton Algorithm for
Continuous Outcomes
  Maximum number of iterations                                 100
  Convergence criterion                                  0.100D-05
Optimization Specifications for the EM Algorithm
  Maximum number of iterations                                 500
  Convergence criteria
    Loglikelihood change                                 0.100D-06
    Relative loglikelihood change                        0.100D-06
    Derivative                                           0.100D-05
Optimization Specifications for the M step of the EM Algorithm for
Categorical Latent variables
  Number of M step iterations                                    1
  M step convergence criterion                           0.100D-05
  Basis for M step termination                           ITERATION
Optimization Specifications for the M step of the EM Algorithm for
Censored, Binary or Ordered Categorical (Ordinal), Unordered
Categorical (Nominal) and Count Outcomes
  Number of M step iterations                                    1
  M step convergence criterion                           0.100D-05
  Basis for M step termination                           ITERATION
  Maximum value for logit thresholds                            15
  Minimum value for logit thresholds                           -15
  Minimum expected cell size for chi-square              0.100D-01
Maximum number of iterations for H1                           2000
Convergence criterion for H1                             0.100D-03
Optimization algorithm                                         EMA
Random Starts Specifications
  Number of initial stage random starts                       1000
  Number of final stage optimizations                          250
  Number of initial stage iterations                            25
  Initial stage convergence criterion                    0.100D+01
  Random starts scale                                    0.500D+01
  Random seed for generating random starts                       0

Input data file(s)
  DOG_3_ANTI_POP_VLRT_var_lat=0_covariance=0_residuals=fixed_classes=5.dat
Input data format  FREE


SUMMARY OF DATA

     Number of missing data patterns            36
     Number of y missing data patterns          36
     Number of u missing data patterns           0


COVARIANCE COVERAGE OF DATA

Minimum covariance coverage value   0.100


     PROPORTION OF DATA PRESENT FOR Y


           Covariance Coverage
              Q76_1         Q76_2         Q77_1         Q77_2         Q77_3
              ________      ________      ________      ________      ________
 Q76_1          0.984
 Q76_2          0.978         0.985
 Q77_1          0.974         0.977         0.986
 Q77_2          0.975         0.977         0.979         0.990
 Q77_3          0.980         0.982         0.985         0.989         0.996
 Q67_1          0.979         0.980         0.980         0.984         0.990
 Q67_2          0.980         0.981         0.981         0.985         0.991
 Q67_3          0.978         0.980         0.980         0.985         0.990
 Q67_4          0.976         0.977         0.978         0.981         0.987
 Q67_5          0.979         0.981         0.980         0.984         0.990


           Covariance Coverage
              Q67_1         Q67_2         Q67_3         Q67_4         Q67_5
              ________      ________      ________      ________      ________
 Q67_1          0.993
 Q67_2          0.990         0.994
 Q67_3          0.989         0.990         0.993
 Q67_4          0.985         0.986         0.985         0.989
 Q67_5          0.988         0.989         0.989         0.985         0.993



UNIVARIATE SAMPLE STATISTICS


     UNIVARIATE HIGHER-ORDER MOMENT DESCRIPTIVE STATISTICS

         Variable/         Mean/     Skewness/   Minimum/ % with                Percentiles
        Sample Size      Variance    Kurtosis    Maximum  Min/Max      20%/60%    40%/80%    Median

     Q76_1                 0.038      -0.183      -2.175    3.27%      -1.181     -0.188     -0.188
            1592.000       0.991      -0.787       1.799    7.47%       0.806      0.806
     Q76_2                 0.040      -0.337      -2.283    3.14%      -1.314     -0.344      0.625
            1594.000       0.978      -0.634       1.595   11.54%       0.625      0.625
     Q77_1                 0.035      -0.124      -2.117    3.57%      -1.084     -0.052     -0.052
            1596.000       0.993      -0.876       2.013    3.88%      -0.052      0.981
     Q77_2                 0.036       0.457      -1.542   11.30%      -0.533     -0.533     -0.533
            1602.000       1.008      -0.563       2.493    2.37%       0.475      1.484
     Q77_3                 0.022       0.770      -1.346   20.29%      -1.346     -0.138     -0.138
            1612.000       1.052       0.559       3.488    0.68%      -0.138      1.071
     Q67_1                 0.049       0.073      -1.922    4.48%      -0.954      0.014      0.014
            1607.000       0.991      -0.947       1.949    5.97%       0.014      0.982
     Q67_2                 0.051       0.002      -2.053    3.73%      -1.043     -0.034     -0.034
            1609.000       1.001      -0.854       1.985    5.53%      -0.034      0.976
     Q67_3                 0.055       0.383      -1.676    8.40%      -0.669     -0.669     -0.669
            1607.000       1.020      -0.534       2.350    3.92%       0.337      1.343
     Q67_4                 0.061       0.074      -1.888    5.69%      -0.897     -0.897      0.094
            1600.000       0.985      -0.835       2.077    4.44%       0.094      1.085
     Q67_5                 0.042       0.366      -1.601   11.58%      -0.563     -0.563     -0.563
            1606.000       1.022      -0.423       2.550    2.43%       0.474      0.474

RANDOM STARTS RESULTS RANKED FROM THE BEST TO THE WORST LOGLIKELIHOOD VALUES

Final stage loglikelihood values at local maxima, seeds, and initial stage start numbers:

          -20739.487  51375            148
          -20739.487  59674            240
          -20739.487  872743           374
          -20739.487  848163           47
          -20739.487  692169           308
          -20739.487  321390           133
          -20739.487  195763           358
          -20739.487  798839           312
          -20739.487  544009           842
          -20739.487  86698            893
          -20739.487  645052           910
          -20739.487  243346           930
          -20739.487  228459           947
          -20739.487  12477            155
          -20739.487  715561           125
          -20739.487  22874            588
          -20739.487  939021           8
          -20739.487  77210            712
          -20739.487  746978           410
          -20739.487  830570           369
          -20739.487  173191           422
          -20739.487  508445           946
          -20739.487  306768           978
          -20739.487  195353           225
          -20739.487  614009           317
          -20739.487  898745           466
          -20739.487  78862            529
          -20739.487  125727           899
          -20739.487  298201           903
          -20739.487  39756            857
          -20739.487  66276            217
          -20739.487  179022           687
          -20739.487  177175           851
          -20739.487  315029           471
          -20739.487  486646           586
          -20739.487  276696           676
          -20739.487  264081           186
          -20739.487  563584           657
          -20739.487  211281           292
          -20739.487  35191            703
          -20739.487  178475           231
          -20739.487  847088           750
          -20739.487  474357           789
          -20739.487  296162           856
          -20739.487  820977           776
          -20739.487  96617            955
          -20739.487  529496           343
          -20739.487  939709           112
          -20739.487  318177           748
          -20739.487  134830           780
          -20739.487  137377           397
          -20739.487  238317           812
          -20739.487  835767           210
          -20739.487  778953           635
          -20739.487  802928           892
          -20739.487  350608           334
          -20739.487  509733           130
          -20739.487  435287           623
          -20739.487  579138           706
          -20739.487  566687           597
          -20739.487  502532           445
          -20739.487  535063           329
          -20739.487  327140           678
          -20739.487  172913           557
          -20739.487  232226           235
          -20739.487  945065           255
          -20739.487  349263           263
          -20739.487  712702           684
          -20739.487  599729           658
          -20739.487  635245           121
          -20739.487  415931           10
          -20739.487  576726           280
          -20750.092  673496           218
          -20750.092  662718           460
          -20750.092  364676           27
          -20750.092  638977           643
          -20750.092  968846           970
          -20750.092  726744           939
          -20750.092  373505           88
          -20750.092  207917           976
          -20750.092  308582           752
          -20750.092  79945            395
          -20750.092  626891           32
          -20750.092  580181           691
          -20750.092  849670           347
          -20750.092  328661           813
          -20750.092  175199           247
          -20750.092  738393           619
          -20750.092  396795           323
          -20750.092  132336           362
          -20750.092  109946           771
          -20750.092  444228           860
          -20750.092  642386           662
          -20750.092  418686           338
          -20750.092  995249           525
          -20750.092  197223           332
          -20750.092  621542           375
          -20750.092  963967           941
          -20750.092  224151           973
          -20750.092  378393           509
          -20750.092  714455           476
          -20750.092  202790           198
          -20750.092  392418           28
          -20750.092  637345           19
          -20750.092  358074           560
          -20750.092  595153           230
          -20750.092  762461           425
          -20750.092  268217           83
          -20750.092  691041           590
          -20750.092  185071           370
          -20750.092  72662            729
          -20750.092  74518            927
          -20750.092  15270            610
          -20750.092  203508           806
          -20750.092  39810            966
          -20750.092  424223           900
          -20750.092  137888           901
          -20750.092  167409           772
          -20750.092  282464           283
          -20764.756  879211           453
          -20764.756  147440           514
          -20764.756  462662           872
          -20764.756  127362           757
          -20764.756  775881           778
          -20764.756  317868           740
          -20764.756  329127           185
          -20764.756  499347           881
          -20764.756  188640           451
          -20764.756  468036           131
          -20764.756  853781           716
          -20764.756  793035           187
          -20764.756  937885           426
          -20764.756  246261           38
          -20764.756  208797           931
          -20764.756  91231            727
          -20764.756  876056           1000
          -20764.756  830392           35
          -20764.756  947714           573
          -20764.756  863691           481
          -20764.756  29591            633
          -20764.756  851945           18
          -20764.756  792993           859
          -20764.756  496344           808
          -20764.756  772131           407
          -20764.756  551340           766
          -20828.635  569338           755
          -20828.635  726035           191
          -20851.135  227563           63
          -20851.135  371737           532
          -20872.390  259507           53
          -20872.390  888905           444
          -20872.390  686482           215
          -20872.390  701525           239
          -20872.390  741888           138
          -20872.390  163110           584
          -20872.390  618760           489
          -20872.390  521575           313
          -20872.390  514326           325
          -20872.390  860029           760
          -20872.390  237332           661
          -20872.390  777492           972
          -20872.390  570681           777
          -20872.390  857799           315
          -20872.390  561664           392
          -20872.390  589483           950
          -20872.390  266038           672
          -20872.390  568405           233
          -20872.390  384199           882
          -20880.342  155622           507
          -20880.342  484687           306
          -20880.342  691234           250
          -20880.342  106561           686
          -20880.342  319144           176
          -20901.002  609185           181
          -20901.004  212934           568
          -20929.979  581196           921
          -20929.979  535303           923
          -20931.635  913639           162
          -20945.536  370466           41
          -20945.536  985387           381
          -20945.536  562716           300
          -20945.536  467561           819
          -20945.536  123985           248
          -20945.536  760878           249
          -20945.536  355254           796
          -20945.536  642909           251
          -20945.536  241299           912
          -20945.536  479273           156
          -20945.536  27071            15
          -20945.536  971853           402
          -20945.536  292884           103
          -20945.536  745972           521
          -20945.536  520865           763
          -20945.536  88437            761
          -20945.536  399380           436
          -20945.536  685268           596
          -20959.973  3307             735
          -20959.973  944186           541
          -20959.973  155749           960
          -20959.973  370481           742
          -20959.973  358488           264
          -20983.125  427006           839
          -20987.437  648035           836
          -21063.207  113138           585
          -21063.207  153942           31
          -21063.207  319575           499
          -21063.207  379729           512
          -21063.207  749635           420
          -21063.207  165853           105
          -21063.207  957392           79
          -21063.207  963053           43
          -21063.207  210870           383
          -21063.207  313306           612
          -21063.207  464179           106
          -21063.207  345726           461
          -21063.207  650354           577
          -21063.207  496710           386
          -21063.207  823392           479
          -21063.207  544048           87
          -21063.207  568859           49
          -21063.207  392751           480

29 perturbed starting value run(s) did not converge.



THE BEST LOGLIKELIHOOD VALUE HAS BEEN REPLICATED.  RERUN WITH AT LEAST TWICE THE
RANDOM STARTS TO CHECK THAT THE BEST LOGLIKELIHOOD IS STILL OBTAINED AND REPLICATED.


THE MODEL ESTIMATION TERMINATED NORMALLY



MODEL FIT INFORMATION

Number of Free Parameters                       36

Loglikelihood

          H0 Value                      -20739.487
          H0 Scaling Correction Factor      2.2767
            for MLR

Information Criteria

          Akaike (AIC)                   41550.974
          Bayesian (BIC)                 41744.976
          Sample-Size Adjusted BIC       41630.610
            (n* = (n + 2) / 24)



FINAL CLASS COUNTS AND PROPORTIONS FOR THE LATENT CLASSES
BASED ON THE ESTIMATED MODEL

    Latent
   Classes

       1        301.46442          0.18632
       2        136.48598          0.08435
       3        420.71130          0.26002
       4        372.44225          0.23019
       5        386.89606          0.23912


FINAL CLASS COUNTS AND PROPORTIONS FOR THE LATENT CLASSES
BASED ON ESTIMATED POSTERIOR PROBABILITIES

    Latent
   Classes

       1        301.46442          0.18632
       2        136.48598          0.08435
       3        420.71130          0.26002
       4        372.44225          0.23019
       5        386.89606          0.23912


FINAL CLASS COUNTS AND PROPORTIONS FOR THE LATENT CLASSES
BASED ON THEIR MOST LIKELY LATENT CLASS MEMBERSHIP

Class Counts and Proportions

    Latent
   Classes

       1              302          0.18683
       2              126          0.07808
       3              437          0.27001
       4              367          0.22681
       5              386          0.23827


CLASSIFICATION QUALITY

     Entropy                         0.754


Classification Probabilities for the Most Likely Latent Class Membership (Column)
by Latent Class (Row)

           1        2        3        4        5

    1   0.844    0.048    0.084    0.000    0.025
    2   0.132    0.772    0.088    0.000    0.008
    3   0.053    0.014    0.827    0.038    0.068
    4   0.000    0.000    0.054    0.881    0.065
    5   0.019    0.001    0.082    0.059    0.837


Logits for the Classification Probabilities for the Most Likely Latent Class Membership (Column)
by Latent Class (Row)

              1        2        3        4        5

    1      3.525    0.654    1.212   -6.315    0.000
    2      2.784    4.548    2.372   -7.840    0.000
    3     -0.244   -1.562    2.501   -0.581    0.000
    4     -8.230   -7.582   -0.194    2.601    0.000
    5     -3.766   -6.342   -2.321   -2.646    0.000


MODEL RESULTS

                                                    Two-Tailed
                    Estimate       S.E.  Est./S.E.    P-Value

Latent Class 1

 DOG      BY
    Q77_1              1.000      0.000    999.000    999.000
    Q77_2              1.966      0.195     10.061      0.000
    Q77_3              1.446      0.277      5.219      0.000

 ANTI     BY
    Q76_1              1.000      0.000    999.000    999.000
    Q76_2              0.872      0.112      7.782      0.000

 POP      BY
    Q67_1              1.000      0.000    999.000    999.000
    Q67_2              1.016      0.059     17.339      0.000
    Q67_3              1.160      0.069     16.912      0.000
    Q67_4              0.966      0.052     18.450      0.000
    Q67_5              0.952      0.069     13.847      0.000

 ANTI     WITH
    DOG                0.000      0.000    999.000    999.000

 POP      WITH
    DOG                0.000      0.000    999.000    999.000
    ANTI               0.000      0.000    999.000    999.000

 Means
    DOG                0.596      0.095      6.264      0.000
    ANTI               0.699      0.067     10.410      0.000
    POP                0.756      0.123      6.172      0.000

 Intercepts
    Q76_1              0.000      0.000    999.000    999.000
    Q76_2              0.000      0.000    999.000    999.000
    Q77_1              0.000      0.000    999.000    999.000
    Q77_2              0.000      0.000    999.000    999.000
    Q77_3              0.000      0.000    999.000    999.000
    Q67_1              0.000      0.000    999.000    999.000
    Q67_2              0.000      0.000    999.000    999.000
    Q67_3              0.000      0.000    999.000    999.000
    Q67_4              0.000      0.000    999.000    999.000
    Q67_5              0.000      0.000    999.000    999.000

 Variances
    DOG                0.000      0.000    999.000    999.000
    ANTI               0.000      0.000    999.000    999.000
    POP                0.000      0.000    999.000    999.000

 Residual Variances
    Q76_1              0.480      0.095      5.054      0.000
    Q76_2              0.590      0.044     13.564      0.000
    Q77_1              0.909      0.032     28.511      0.000
    Q77_2              0.683      0.061     11.266      0.000
    Q77_3              0.875      0.053     16.406      0.000
    Q67_1              0.563      0.034     16.432      0.000
    Q67_2              0.559      0.040     14.155      0.000
    Q67_3              0.445      0.043     10.415      0.000
    Q67_4              0.588      0.030     19.449      0.000
    Q67_5              0.635      0.037     17.307      0.000

Latent Class 2

 DOG      BY
    Q77_1              1.000      0.000    999.000    999.000
    Q77_2              1.966      0.195     10.061      0.000
    Q77_3              1.446      0.277      5.219      0.000

 ANTI     BY
    Q76_1              1.000      0.000    999.000    999.000
    Q76_2              0.872      0.112      7.782      0.000

 POP      BY
    Q67_1              1.000      0.000    999.000    999.000
    Q67_2              1.016      0.059     17.339      0.000
    Q67_3              1.160      0.069     16.912      0.000
    Q67_4              0.966      0.052     18.450      0.000
    Q67_5              0.952      0.069     13.847      0.000

 ANTI     WITH
    DOG                0.000      0.000    999.000    999.000

 POP      WITH
    DOG                0.000      0.000    999.000    999.000
    ANTI               0.000      0.000    999.000    999.000

 Means
    DOG               -0.178      0.158     -1.125      0.261
    ANTI               0.939      0.125      7.532      0.000
    POP                1.262      0.235      5.375      0.000

 Intercepts
    Q76_1              0.000      0.000    999.000    999.000
    Q76_2              0.000      0.000    999.000    999.000
    Q77_1              0.000      0.000    999.000    999.000
    Q77_2              0.000      0.000    999.000    999.000
    Q77_3              0.000      0.000    999.000    999.000
    Q67_1              0.000      0.000    999.000    999.000
    Q67_2              0.000      0.000    999.000    999.000
    Q67_3              0.000      0.000    999.000    999.000
    Q67_4              0.000      0.000    999.000    999.000
    Q67_5              0.000      0.000    999.000    999.000

 Variances
    DOG                0.000      0.000    999.000    999.000
    ANTI               0.000      0.000    999.000    999.000
    POP                0.000      0.000    999.000    999.000

 Residual Variances
    Q76_1              0.480      0.095      5.054      0.000
    Q76_2              0.590      0.044     13.564      0.000
    Q77_1              0.909      0.032     28.511      0.000
    Q77_2              0.683      0.061     11.266      0.000
    Q77_3              0.875      0.053     16.406      0.000
    Q67_1              0.563      0.034     16.432      0.000
    Q67_2              0.559      0.040     14.155      0.000
    Q67_3              0.445      0.043     10.415      0.000
    Q67_4              0.588      0.030     19.449      0.000
    Q67_5              0.635      0.037     17.307      0.000

Latent Class 3

 DOG      BY
    Q77_1              1.000      0.000    999.000    999.000
    Q77_2              1.966      0.195     10.061      0.000
    Q77_3              1.446      0.277      5.219      0.000

 ANTI     BY
    Q76_1              1.000      0.000    999.000    999.000
    Q76_2              0.872      0.112      7.782      0.000

 POP      BY
    Q67_1              1.000      0.000    999.000    999.000
    Q67_2              1.016      0.059     17.339      0.000
    Q67_3              1.160      0.069     16.912      0.000
    Q67_4              0.966      0.052     18.450      0.000
    Q67_5              0.952      0.069     13.847      0.000

 ANTI     WITH
    DOG                0.000      0.000    999.000    999.000

 POP      WITH
    DOG                0.000      0.000    999.000    999.000
    ANTI               0.000      0.000    999.000    999.000

 Means
    DOG               -0.092      0.048     -1.918      0.055
    ANTI              -0.247      0.244     -1.011      0.312
    POP                0.307      0.058      5.262      0.000

 Intercepts
    Q76_1              0.000      0.000    999.000    999.000
    Q76_2              0.000      0.000    999.000    999.000
    Q77_1              0.000      0.000    999.000    999.000
    Q77_2              0.000      0.000    999.000    999.000
    Q77_3              0.000      0.000    999.000    999.000
    Q67_1              0.000      0.000    999.000    999.000
    Q67_2              0.000      0.000    999.000    999.000
    Q67_3              0.000      0.000    999.000    999.000
    Q67_4              0.000      0.000    999.000    999.000
    Q67_5              0.000      0.000    999.000    999.000

 Variances
    DOG                0.000      0.000    999.000    999.000
    ANTI               0.000      0.000    999.000    999.000
    POP                0.000      0.000    999.000    999.000

 Residual Variances
    Q76_1              0.480      0.095      5.054      0.000
    Q76_2              0.590      0.044     13.564      0.000
    Q77_1              0.909      0.032     28.511      0.000
    Q77_2              0.683      0.061     11.266      0.000
    Q77_3              0.875      0.053     16.406      0.000
    Q67_1              0.563      0.034     16.432      0.000
    Q67_2              0.559      0.040     14.155      0.000
    Q67_3              0.445      0.043     10.415      0.000
    Q67_4              0.588      0.030     19.449      0.000
    Q67_5              0.635      0.037     17.307      0.000

Latent Class 4

 DOG      BY
    Q77_1              1.000      0.000    999.000    999.000
    Q77_2              1.966      0.195     10.061      0.000
    Q77_3              1.446      0.277      5.219      0.000

 ANTI     BY
    Q76_1              1.000      0.000    999.000    999.000
    Q76_2              0.872      0.112      7.782      0.000

 POP      BY
    Q67_1              1.000      0.000    999.000    999.000
    Q67_2              1.016      0.059     17.339      0.000
    Q67_3              1.160      0.069     16.912      0.000
    Q67_4              0.966      0.052     18.450      0.000
    Q67_5              0.952      0.069     13.847      0.000

 ANTI     WITH
    DOG                0.000      0.000    999.000    999.000

 POP      WITH
    DOG                0.000      0.000    999.000    999.000
    ANTI               0.000      0.000    999.000    999.000

 Means
    DOG               -0.242      0.036     -6.656      0.000
    ANTI              -1.045      0.056    -18.508      0.000
    POP               -0.672      0.055    -12.286      0.000

 Intercepts
    Q76_1              0.000      0.000    999.000    999.000
    Q76_2              0.000      0.000    999.000    999.000
    Q77_1              0.000      0.000    999.000    999.000
    Q77_2              0.000      0.000    999.000    999.000
    Q77_3              0.000      0.000    999.000    999.000
    Q67_1              0.000      0.000    999.000    999.000
    Q67_2              0.000      0.000    999.000    999.000
    Q67_3              0.000      0.000    999.000    999.000
    Q67_4              0.000      0.000    999.000    999.000
    Q67_5              0.000      0.000    999.000    999.000

 Variances
    DOG                0.000      0.000    999.000    999.000
    ANTI               0.000      0.000    999.000    999.000
    POP                0.000      0.000    999.000    999.000

 Residual Variances
    Q76_1              0.480      0.095      5.054      0.000
    Q76_2              0.590      0.044     13.564      0.000
    Q77_1              0.909      0.032     28.511      0.000
    Q77_2              0.683      0.061     11.266      0.000
    Q77_3              0.875      0.053     16.406      0.000
    Q67_1              0.563      0.034     16.432      0.000
    Q67_2              0.559      0.040     14.155      0.000
    Q67_3              0.445      0.043     10.415      0.000
    Q67_4              0.588      0.030     19.449      0.000
    Q67_5              0.635      0.037     17.307      0.000

Latent Class 5

 DOG      BY
    Q77_1              1.000      0.000    999.000    999.000
    Q77_2              1.966      0.195     10.061      0.000
    Q77_3              1.446      0.277      5.219      0.000

 ANTI     BY
    Q76_1              1.000      0.000    999.000    999.000
    Q76_2              0.872      0.112      7.782      0.000

 POP      BY
    Q67_1              1.000      0.000    999.000    999.000
    Q67_2              1.016      0.059     17.339      0.000
    Q67_3              1.160      0.069     16.912      0.000
    Q67_4              0.966      0.052     18.450      0.000
    Q67_5              0.952      0.069     13.847      0.000

 ANTI     WITH
    DOG                0.000      0.000    999.000    999.000

 POP      WITH
    DOG                0.000      0.000    999.000    999.000
    ANTI               0.000      0.000    999.000    999.000

 Means
    DOG                0.012      0.052      0.230      0.818
    ANTI               0.574      0.090      6.358      0.000
    POP               -0.506      0.102     -4.980      0.000

 Intercepts
    Q76_1              0.000      0.000    999.000    999.000
    Q76_2              0.000      0.000    999.000    999.000
    Q77_1              0.000      0.000    999.000    999.000
    Q77_2              0.000      0.000    999.000    999.000
    Q77_3              0.000      0.000    999.000    999.000
    Q67_1              0.000      0.000    999.000    999.000
    Q67_2              0.000      0.000    999.000    999.000
    Q67_3              0.000      0.000    999.000    999.000
    Q67_4              0.000      0.000    999.000    999.000
    Q67_5              0.000      0.000    999.000    999.000

 Variances
    DOG                0.000      0.000    999.000    999.000
    ANTI               0.000      0.000    999.000    999.000
    POP                0.000      0.000    999.000    999.000

 Residual Variances
    Q76_1              0.480      0.095      5.054      0.000
    Q76_2              0.590      0.044     13.564      0.000
    Q77_1              0.909      0.032     28.511      0.000
    Q77_2              0.683      0.061     11.266      0.000
    Q77_3              0.875      0.053     16.406      0.000
    Q67_1              0.563      0.034     16.432      0.000
    Q67_2              0.559      0.040     14.155      0.000
    Q67_3              0.445      0.043     10.415      0.000
    Q67_4              0.588      0.030     19.449      0.000
    Q67_5              0.635      0.037     17.307      0.000

Categorical Latent Variables

 Means
    C1#1              -0.250      0.205     -1.217      0.224
    C1#2              -1.042      0.398     -2.617      0.009
    C1#3               0.084      0.349      0.240      0.810
    C1#4              -0.038      0.191     -0.199      0.842


QUALITY OF NUMERICAL RESULTS

     Condition Number for the Information Matrix              0.161E-02
       (ratio of smallest to largest eigenvalue)


TECHNICAL 11 OUTPUT

     Random Starts Specifications for the k-1 Class Analysis Model
        Number of initial stage random starts                1000
        Number of final stage optimizations                   250



     VUONG-LO-MENDELL-RUBIN LIKELIHOOD RATIO TEST FOR 4 (H0) VERSUS 5 CLASSES

          H0 Loglikelihood Value                       -20872.390
          2 Times the Loglikelihood Difference            265.807
          Difference in the Number of Parameters                4
          Mean                                             35.671
          Standard Deviation                              474.611
          P-Value                                          0.3139

     LO-MENDELL-RUBIN ADJUSTED LRT TEST

          Value                                           257.107
          P-Value                                          0.3204


SAVEDATA INFORMATION


  Save file
    data_export_DOG_3_ANTI_POP_VLRT_var_lat=0_covariance=0_residuals=fixed_class

  Order and format of variables

    Q76_1          F10.3
    Q76_2          F10.3
    Q77_1          F10.3
    Q77_2          F10.3
    Q77_3          F10.3
    Q67_1          F10.3
    Q67_2          F10.3
    Q67_3          F10.3
    Q67_4          F10.3
    Q67_5          F10.3
    W_AGE_BE       F10.3
    RID            I7

  Save file format
    11F10.3 I7

  Save file record length    10000


     Beginning Time:  23:08:12
        Ending Time:  23:33:36
       Elapsed Time:  00:25:24



MUTHEN & MUTHEN
3463 Stoner Ave.
Los Angeles, CA  90066

Tel: (310) 391-9971
Fax: (310) 391-8971
Web: www.StatModel.com
Support: Support@StatModel.com

Copyright (c) 1998-2019 Muthen & Muthen
