Mplus VERSION 8.4 (Mac)
MUTHEN & MUTHEN
01/26/2022  12:59 AM

INPUT INSTRUCTIONS

  TITLE:
  DOG_3_ANTI_POP_VLRT_var_lat=0_covariance=0_residuals=fixed_classes=7;
  DATA:
  FILE = "DOG_3_ANTI_POP_VLRT_var_lat=0_covariance=0_residuals=fixed_classes=7.dat";

  VARIABLE:
  NAMES = rid w_age_bel q76_1 q76_2 q77_1 q77_2 q77_3 q67_1 q67_2 q67_3 q67_4 q67_5;
   MISSING=.;
   USEVARIABLES = rid w_age_bel
  q76_1 q76_2 q77_1 q77_2 q77_3
  q67_1 q67_2 q67_3 q67_4 q67_5
  ;
  WEIGHT=w_age_bel;
  IDVARIABLE IS rid;
                            CLASSES=c1(
  7
  );
  ANALYSIS:
  TYPE = MIXTURE;
  STARTS = 1000 250 0;
  !lrtstarts = 0 0 600 125;
  !LRTBOOTSTRAP = 40;
  STITERATIONS=25;
               ESTIMATOR = MLR;
               PROCESSORS = 8;
  MODEL:

  %OVERALL%
  !!! dogmatism !!!
  DOG BY Q77_1 q77_2 Q77_3;
  !!! antagonism !!!
  ANTI BY q76_1 q76_2;
  !!! populism !!!
  POP BY Q67_1 Q67_2 Q67_3 Q67_4 Q67_5;



  !!!!!!!!
  %c1#1%
  !!!!!!!!

  !!!! Means LV !!!!
  [POP](MPOP1);
  [ANTI](MANTI1);
  [DOG](MDOG1);
  !!!! Variances LV !!!!
  POP@0;
  ANTI@0;
  DOG@0;
  !!!! Covariances LV !!!!
  POP WITH ANTI@0;
  POP WITH DOG@0;
  ANTI WITH DOG@0;
  !!!! Residuals LV !!!!
  Q77_1(VQ77_1);
  Q77_2(VQ77_2);
  Q77_3(VQ77_3);
  Q76_1(VQ76_1);
  Q76_2(VQ76_2);
  Q67_1(VQ67_1);
  Q67_2(VQ67_2);
  Q67_3(VQ67_3);
  Q67_4(VQ67_4);
  Q67_5(VQ67_5);
  !!!! Intercepts manifest !!!!
  [Q77_1@0](intQ77101);
  [Q77_2@0](intQ77201);
  [Q77_3@0](intQ77301);
  [Q76_1@0](intQ76101);
  [Q76_2@0](intQ76201);
  [Q67_1@0](intQ67101);
  [Q67_2@0](intQ67201);
  [Q67_3@0](intQ67301);
  [Q67_4@0](intQ67401);
  [Q67_5@0](intQ67501);

  !!!!!!!!
  %c1#2%
  !!!!!!!!

  !!!! Means LV !!!!
  [POP](MPOP2);
  [ANTI](MANTI2);
  [DOG](MDOG2);
  !!!! Variances LV !!!!
  POP@0;
  ANTI@0;
  DOG@0;
  !!!! Covariances LV !!!!
  POP WITH ANTI@0;
  POP WITH DOG@0;
  ANTI WITH DOG@0;
  !!!! Residuals LV !!!!
  Q77_1(VQ77_1);
  Q77_2(VQ77_2);
  Q77_3(VQ77_3);
  Q76_1(VQ76_1);
  Q76_2(VQ76_2);
  Q67_1(VQ67_1);
  Q67_2(VQ67_2);
  Q67_3(VQ67_3);
  Q67_4(VQ67_4);
  Q67_5(VQ67_5);
  !!!! Intercepts manifest !!!!
  [Q77_1@0](intQ77102);
  [Q77_2@0](intQ77202);
  [Q77_3@0](intQ77302);
  [Q76_1@0](intQ76102);
  [Q76_2@0](intQ76202);
  [Q67_1@0](intQ67102);
  [Q67_2@0](intQ67202);
  [Q67_3@0](intQ67302);
  [Q67_4@0](intQ67402);
  [Q67_5@0](intQ67502);

  !!!!!!!!
  %c1#3%
  !!!!!!!!

  !!!! Means LV !!!!
  [POP](MPOP3);
  [ANTI](MANTI3);
  [DOG](MDOG3);
  !!!! Variances LV !!!!
  POP@0;
  ANTI@0;
  DOG@0;
  !!!! Covariances LV !!!!
  POP WITH ANTI@0;
  POP WITH DOG@0;
  ANTI WITH DOG@0;
  !!!! Residuals LV !!!!
  Q77_1(VQ77_1);
  Q77_2(VQ77_2);
  Q77_3(VQ77_3);
  Q76_1(VQ76_1);
  Q76_2(VQ76_2);
  Q67_1(VQ67_1);
  Q67_2(VQ67_2);
  Q67_3(VQ67_3);
  Q67_4(VQ67_4);
  Q67_5(VQ67_5);
  !!!! Intercepts manifest !!!!
  [Q77_1@0](intQ77103);
  [Q77_2@0](intQ77203);
  [Q77_3@0](intQ77303);
  [Q76_1@0](intQ76103);
  [Q76_2@0](intQ76203);
  [Q67_1@0](intQ67103);
  [Q67_2@0](intQ67203);
  [Q67_3@0](intQ67303);
  [Q67_4@0](intQ67403);
  [Q67_5@0](intQ67503);

  !!!!!!!!
  %c1#4%
  !!!!!!!!

  !!!! Means LV !!!!
  [POP](MPOP4);
  [ANTI](MANTI4);
  [DOG](MDOG4);
  !!!! Variances LV !!!!
  POP@0;
  ANTI@0;
  DOG@0;
  !!!! Covariances LV !!!!
  POP WITH ANTI@0;
  POP WITH DOG@0;
  ANTI WITH DOG@0;
  !!!! Residuals LV !!!!
  Q77_1(VQ77_1);
  Q77_2(VQ77_2);
  Q77_3(VQ77_3);
  Q76_1(VQ76_1);
  Q76_2(VQ76_2);
  Q67_1(VQ67_1);
  Q67_2(VQ67_2);
  Q67_3(VQ67_3);
  Q67_4(VQ67_4);
  Q67_5(VQ67_5);
  !!!! Intercepts manifest !!!!
  [Q77_1@0](intQ77104);
  [Q77_2@0](intQ77204);
  [Q77_3@0](intQ77304);
  [Q76_1@0](intQ76104);
  [Q76_2@0](intQ76204);
  [Q67_1@0](intQ67104);
  [Q67_2@0](intQ67204);
  [Q67_3@0](intQ67304);
  [Q67_4@0](intQ67404);
  [Q67_5@0](intQ67504);

  !!!!!!!!
  %c1#5%
  !!!!!!!!

  !!!! Means LV !!!!
  [POP](MPOP5);
  [ANTI](MANTI5);
  [DOG](MDOG5);
  !!!! Variances LV !!!!
  POP@0;
  ANTI@0;
  DOG@0;
  !!!! Covariances LV !!!!
  POP WITH ANTI@0;
  POP WITH DOG@0;
  ANTI WITH DOG@0;
  !!!! Residuals LV !!!!
  Q77_1(VQ77_1);
  Q77_2(VQ77_2);
  Q77_3(VQ77_3);
  Q76_1(VQ76_1);
  Q76_2(VQ76_2);
  Q67_1(VQ67_1);
  Q67_2(VQ67_2);
  Q67_3(VQ67_3);
  Q67_4(VQ67_4);
  Q67_5(VQ67_5);
  !!!! Intercepts manifest !!!!
  [Q77_1@0](intQ77105);
  [Q77_2@0](intQ77205);
  [Q77_3@0](intQ77305);
  [Q76_1@0](intQ76105);
  [Q76_2@0](intQ76205);
  [Q67_1@0](intQ67105);
  [Q67_2@0](intQ67205);
  [Q67_3@0](intQ67305);
  [Q67_4@0](intQ67405);
  [Q67_5@0](intQ67505);

  !!!!!!!!
  %c1#6%
  !!!!!!!!

  !!!! Means LV !!!!
  [POP](MPOP6);
  [ANTI](MANTI6);
  [DOG](MDOG6);
  !!!! Variances LV !!!!
  POP@0;
  ANTI@0;
  DOG@0;
  !!!! Covariances LV !!!!
  POP WITH ANTI@0;
  POP WITH DOG@0;
  ANTI WITH DOG@0;
  !!!! Residuals LV !!!!
  Q77_1(VQ77_1);
  Q77_2(VQ77_2);
  Q77_3(VQ77_3);
  Q76_1(VQ76_1);
  Q76_2(VQ76_2);
  Q67_1(VQ67_1);
  Q67_2(VQ67_2);
  Q67_3(VQ67_3);
  Q67_4(VQ67_4);
  Q67_5(VQ67_5);
  !!!! Intercepts manifest !!!!
  [Q77_1@0](intQ77106);
  [Q77_2@0](intQ77206);
  [Q77_3@0](intQ77306);
  [Q76_1@0](intQ76106);
  [Q76_2@0](intQ76206);
  [Q67_1@0](intQ67106);
  [Q67_2@0](intQ67206);
  [Q67_3@0](intQ67306);
  [Q67_4@0](intQ67406);
  [Q67_5@0](intQ67506);

  !!!!!!!!
  %c1#7%
  !!!!!!!!

  !!!! Means LV !!!!
  [POP](MPOP7);
  [ANTI](MANTI7);
  [DOG](MDOG7);
  !!!! Variances LV !!!!
  POP@0;
  ANTI@0;
  DOG@0;
  !!!! Covariances LV !!!!
  POP WITH ANTI@0;
  POP WITH DOG@0;
  ANTI WITH DOG@0;
  !!!! Residuals LV !!!!
  Q77_1(VQ77_1);
  Q77_2(VQ77_2);
  Q77_3(VQ77_3);
  Q76_1(VQ76_1);
  Q76_2(VQ76_2);
  Q67_1(VQ67_1);
  Q67_2(VQ67_2);
  Q67_3(VQ67_3);
  Q67_4(VQ67_4);
  Q67_5(VQ67_5);
  !!!! Intercepts manifest !!!!
  [Q77_1@0](intQ77107);
  [Q77_2@0](intQ77207);
  [Q77_3@0](intQ77307);
  [Q76_1@0](intQ76107);
  [Q76_2@0](intQ76207);
  [Q67_1@0](intQ67107);
  [Q67_2@0](intQ67207);
  [Q67_3@0](intQ67307);
  [Q67_4@0](intQ67407);
  [Q67_5@0](intQ67507);
  OUTPUT:
  TECH11 TECH14;
  SAVEDATA:
  FILE IS data_export_DOG_3_ANTI_POP_VLRT_var_lat=0_covariance=0_residuals=fixed_classes=7.d
  SAVE=fscores CPROB;



*** WARNING
  Input line exceeded 90 characters. Some input may be truncated.
  FILE IS data_export_DOG_3_ANTI_POP_VLRT_var_lat=0_covariance=0_residuals=fixed_classes=7.da
*** WARNING in OUTPUT command
  TECH14 option is not available for TYPE=MIXTURE with weights.
  Request for TECH14 is ignored.
   2 WARNING(S) FOUND IN THE INPUT INSTRUCTIONS




DOG_3_ANTI_POP_VLRT_var_lat=0_covariance=0_residuals=fixed_classes=7;

SUMMARY OF ANALYSIS

Number of groups                                                 1
Number of observations                                        1618

Number of dependent variables                                   10
Number of independent variables                                  0
Number of continuous latent variables                            3
Number of categorical latent variables                           1

Observed dependent variables

  Continuous
   Q76_1       Q76_2       Q77_1       Q77_2       Q77_3       Q67_1
   Q67_2       Q67_3       Q67_4       Q67_5

Continuous latent variables
   DOG         ANTI        POP

Categorical latent variables
   C1

Variables with special functions

  Weight variable       W_AGE_BE
  ID variable           RID

Estimator                                                      MLR
Information matrix                                        OBSERVED
Optimization Specifications for the Quasi-Newton Algorithm for
Continuous Outcomes
  Maximum number of iterations                                 100
  Convergence criterion                                  0.100D-05
Optimization Specifications for the EM Algorithm
  Maximum number of iterations                                 500
  Convergence criteria
    Loglikelihood change                                 0.100D-06
    Relative loglikelihood change                        0.100D-06
    Derivative                                           0.100D-05
Optimization Specifications for the M step of the EM Algorithm for
Categorical Latent variables
  Number of M step iterations                                    1
  M step convergence criterion                           0.100D-05
  Basis for M step termination                           ITERATION
Optimization Specifications for the M step of the EM Algorithm for
Censored, Binary or Ordered Categorical (Ordinal), Unordered
Categorical (Nominal) and Count Outcomes
  Number of M step iterations                                    1
  M step convergence criterion                           0.100D-05
  Basis for M step termination                           ITERATION
  Maximum value for logit thresholds                            15
  Minimum value for logit thresholds                           -15
  Minimum expected cell size for chi-square              0.100D-01
Maximum number of iterations for H1                           2000
Convergence criterion for H1                             0.100D-03
Optimization algorithm                                         EMA
Random Starts Specifications
  Number of initial stage random starts                       1000
  Number of final stage optimizations                          250
  Number of initial stage iterations                            25
  Initial stage convergence criterion                    0.100D+01
  Random starts scale                                    0.500D+01
  Random seed for generating random starts                       0

Input data file(s)
  DOG_3_ANTI_POP_VLRT_var_lat=0_covariance=0_residuals=fixed_classes=7.dat
Input data format  FREE


SUMMARY OF DATA

     Number of missing data patterns            36
     Number of y missing data patterns          36
     Number of u missing data patterns           0


COVARIANCE COVERAGE OF DATA

Minimum covariance coverage value   0.100


     PROPORTION OF DATA PRESENT FOR Y


           Covariance Coverage
              Q76_1         Q76_2         Q77_1         Q77_2         Q77_3
              ________      ________      ________      ________      ________
 Q76_1          0.984
 Q76_2          0.978         0.985
 Q77_1          0.974         0.977         0.986
 Q77_2          0.975         0.977         0.979         0.990
 Q77_3          0.980         0.982         0.985         0.989         0.996
 Q67_1          0.979         0.980         0.980         0.984         0.990
 Q67_2          0.980         0.981         0.981         0.985         0.991
 Q67_3          0.978         0.980         0.980         0.985         0.990
 Q67_4          0.976         0.977         0.978         0.981         0.987
 Q67_5          0.979         0.981         0.980         0.984         0.990


           Covariance Coverage
              Q67_1         Q67_2         Q67_3         Q67_4         Q67_5
              ________      ________      ________      ________      ________
 Q67_1          0.993
 Q67_2          0.990         0.994
 Q67_3          0.989         0.990         0.993
 Q67_4          0.985         0.986         0.985         0.989
 Q67_5          0.988         0.989         0.989         0.985         0.993



UNIVARIATE SAMPLE STATISTICS


     UNIVARIATE HIGHER-ORDER MOMENT DESCRIPTIVE STATISTICS

         Variable/         Mean/     Skewness/   Minimum/ % with                Percentiles
        Sample Size      Variance    Kurtosis    Maximum  Min/Max      20%/60%    40%/80%    Median

     Q76_1                 0.038      -0.183      -2.175    3.27%      -1.181     -0.188     -0.188
            1592.000       0.991      -0.787       1.799    7.47%       0.806      0.806
     Q76_2                 0.040      -0.337      -2.283    3.14%      -1.314     -0.344      0.625
            1594.000       0.978      -0.634       1.595   11.54%       0.625      0.625
     Q77_1                 0.035      -0.124      -2.117    3.57%      -1.084     -0.052     -0.052
            1596.000       0.993      -0.876       2.013    3.88%      -0.052      0.981
     Q77_2                 0.036       0.457      -1.542   11.30%      -0.533     -0.533     -0.533
            1602.000       1.008      -0.563       2.493    2.37%       0.475      1.484
     Q77_3                 0.022       0.770      -1.346   20.29%      -1.346     -0.138     -0.138
            1612.000       1.052       0.559       3.488    0.68%      -0.138      1.071
     Q67_1                 0.049       0.073      -1.922    4.48%      -0.954      0.014      0.014
            1607.000       0.991      -0.947       1.949    5.97%       0.014      0.982
     Q67_2                 0.051       0.002      -2.053    3.73%      -1.043     -0.034     -0.034
            1609.000       1.001      -0.854       1.985    5.53%      -0.034      0.976
     Q67_3                 0.055       0.383      -1.676    8.40%      -0.669     -0.669     -0.669
            1607.000       1.020      -0.534       2.350    3.92%       0.337      1.343
     Q67_4                 0.061       0.074      -1.888    5.69%      -0.897     -0.897      0.094
            1600.000       0.985      -0.835       2.077    4.44%       0.094      1.085
     Q67_5                 0.042       0.366      -1.601   11.58%      -0.563     -0.563     -0.563
            1606.000       1.022      -0.423       2.550    2.43%       0.474      0.474

RANDOM STARTS RESULTS RANKED FROM THE BEST TO THE WORST LOGLIKELIHOOD VALUES

Final stage loglikelihood values at local maxima, seeds, and initial stage start numbers:

          -20536.313  726744           939
          -20536.313  391368           802
          -20536.313  793035           187
          -20536.313  576726           280
          -20536.313  106561           686
          -20536.313  850840           232
          -20536.313  468036           131
          -20536.313  459221           652
          -20536.313  177175           851
          -20536.313  869564           869
          -20536.313  947714           573
          -20536.313  752769           253
          -20536.313  276696           676
          -20536.313  29591            633
          -20536.313  939021           8
          -20536.313  127362           757
          -20536.313  378393           509
          -20536.313  109946           771
          -20536.313  638977           643
          -20536.313  327140           678
          -20536.313  39810            966
          -20536.313  761302           744
          -20536.313  39756            857
          -20536.313  185071           370
          -20536.313  350608           334
          -20536.313  232226           235
          -20536.313  311214           64
          -20536.313  486646           586
          -20552.176  462662           872
          -20552.176  435287           623
          -20552.176  228459           947
          -20552.176  462821           745
          -20552.176  830392           35
          -20552.176  875667           367
          -20552.176  131063           843
          -20557.233  762461           425
          -20557.233  282464           283
          -20557.233  595153           230
          -20557.233  118958           994
          -20558.016  552272           654
          -20558.016  211281           292
          -20558.016  134830           780
          -20558.016  35191            703
          -20558.016  802928           892
          -20558.016  772131           407
          -20558.016  195763           358
          -20558.016  579995           183
          -20559.696  329127           185
          -20559.696  775881           778
          -20559.696  77210            712
          -20559.696  197223           332
          -20559.696  188640           451
          -20605.736  12477            155
          -20605.736  490123           995
          -20605.736  137377           397
          -20605.736  562716           300
          -20628.685  602797           336
          -20635.660  968846           970
          -20635.660  673496           218
          -20635.660  467561           819
          -20635.660  408713           450
          -20666.303  691234           250
          -20666.303  509733           130
          -20666.303  599729           658
          -20669.186  79945            395
          -20669.186  945065           255
          -20682.513  74518            927
          -20739.487  745972           521
          -20739.487  686482           215
          -20739.487  898745           466
          -20739.487  872743           374
          -20739.487  27071            15
          -20739.487  751153           110
          -20739.487  81117            305
          -20739.487  114433           708
          -20739.487  212934           568
          -20739.487  529496           343
          -20739.487  96617            955
          -20739.487  742609           531
          -20739.487  318177           748
          -20739.487  937068           982
          -20739.487  123985           248
          -20739.487  3307             735
          -20739.487  758647           951
          -20739.487  78862            529
          -20739.487  479273           156
          -20739.487  712702           684
          -20739.487  364676           27
          -20739.487  535063           329
          -20739.487  589483           950
          -20739.487  913639           162
          -20739.487  260953           589
          -20739.487  605358           321
          -20739.487  178475           231
          -20739.487  805768           879
          -20739.487  241299           912
          -20750.092  227563           63
          -20750.092  860029           760
          -20750.092  519357           559
          -20750.092  39136            226
          -20750.092  207917           976
          -20750.092  741888           138
          -20764.756  570681           777
          -20764.756  888905           444
          -20764.756  561664           392
          -20764.756  42523            730
          -20764.756  792993           859
          -20764.756  499150           216
          -20764.756  579138           706
          -20764.756  484501           163
          -20764.756  358488           264
          -20779.657  569338           755
          -20871.980  345726           461
          -20871.980  349263           263
          -20871.980  642386           662
          -20872.390  851945           18
          -20872.390  278692           342
          -20872.390  783102           433
          -20872.390  155749           960
          -20872.390  213532           503
          -20872.390  172913           557
          -20872.390  903420           5
          -20872.390  563002           360
          -20872.390  823392           479
          -20872.390  626891           32
          -20872.390  202790           198
          -20872.390  86651            993
          -20872.390  752476           614
          -20872.390  161421           519
          -20872.390  995249           525
          -20872.390  686384           690
          -20872.390  238906           430
          -20872.390  292884           103
          -20872.390  319575           499
          -20872.390  175199           247
          -20872.390  155622           507
          -20872.390  631413           439
          -20872.390  438144           271
          -20872.390  484687           306
          -20872.390  563584           657
          -20872.390  798821           423
          -20872.390  345974           622
          -20872.390  778953           635
          -20872.390  268217           83
          -20872.390  960438           116
          -20872.390  424223           900
          -20872.390  957392           79
          -20872.390  857122           889
          -20872.390  581196           921
          -20880.342  461687           833
          -20901.003  465160           862
          -20929.913  695155           150
          -20929.979  294811           637
          -20929.979  193847           354
          -20929.979  396795           323
          -20929.979  40327            971
          -20945.536  954354           840
          -20945.536  971853           402
          -20945.536  224151           973
          -20945.536  783110           72
          -20945.536  369602           146
          -20945.536  760599           832
          -20945.536  167409           772
          -20945.536  50983            834
          -20945.536  421731           886
          -20945.536  264901           634
          -20945.536  514326           325
          -20945.536  535303           923
          -20945.536  331681           549
          -20945.536  685268           596
          -20945.536  96941            890
          -20945.536  354395           486
          -20945.536  432148           30
          -20945.536  793487           595
          -20945.536  259507           53
          -20945.536  246261           38
          -20945.536  520177           262
          -20945.536  760878           249
          -20945.536  715561           125
          -20945.536  36714            201
          -20945.536  136842           58
          -20945.536  72662            729
          -20945.536  692169           308
          -20945.536  266038           672
          -20945.536  931558           898
          -20945.536  319144           176
          -20945.536  985387           381
          -20945.536  761633           50
          -20945.536  276102           599
          -20945.536  301428           885
          -20945.536  100874           108
          -20945.536  471040           403
          -20945.536  392407           221
          -20945.536  453915           975
          -20945.536  845580           805
          -20945.536  897782           545
          -20945.536  802644           874
          -20945.536  61587            400
          -20959.973  944186           541
          -20959.973  237332           661
          -20959.973  425929           508
          -20959.973  68850            462
          -20959.973  576220           115
          -20959.973  392751           480
          -20959.973  789985           67

45 perturbed starting value run(s) did not converge.



THE BEST LOGLIKELIHOOD VALUE HAS BEEN REPLICATED.  RERUN WITH AT LEAST TWICE THE
RANDOM STARTS TO CHECK THAT THE BEST LOGLIKELIHOOD IS STILL OBTAINED AND REPLICATED.


THE MODEL ESTIMATION TERMINATED NORMALLY



MODEL FIT INFORMATION

Number of Free Parameters                       44

Loglikelihood

          H0 Value                      -20536.313
          H0 Scaling Correction Factor      1.8252
            for MLR

Information Criteria

          Akaike (AIC)                   41160.626
          Bayesian (BIC)                 41397.739
          Sample-Size Adjusted BIC       41257.959
            (n* = (n + 2) / 24)



FINAL CLASS COUNTS AND PROPORTIONS FOR THE LATENT CLASSES
BASED ON THE ESTIMATED MODEL

    Latent
   Classes

       1        264.54982          0.16350
       2        225.93451          0.13964
       3        324.36100          0.20047
       4        238.28669          0.14727
       5        276.10775          0.17065
       6        251.64465          0.15553
       7         37.11558          0.02294


FINAL CLASS COUNTS AND PROPORTIONS FOR THE LATENT CLASSES
BASED ON ESTIMATED POSTERIOR PROBABILITIES

    Latent
   Classes

       1        264.54982          0.16350
       2        225.93451          0.13964
       3        324.36100          0.20047
       4        238.28669          0.14727
       5        276.10775          0.17065
       6        251.64465          0.15553
       7         37.11558          0.02294


FINAL CLASS COUNTS AND PROPORTIONS FOR THE LATENT CLASSES
BASED ON THEIR MOST LIKELY LATENT CLASS MEMBERSHIP

Class Counts and Proportions

    Latent
   Classes

       1              269          0.16650
       2              225          0.13898
       3              341          0.21084
       4              209          0.12889
       5              280          0.17335
       6              260          0.16091
       7               33          0.02054


CLASSIFICATION QUALITY

     Entropy                         0.775


Classification Probabilities for the Most Likely Latent Class Membership (Column)
by Latent Class (Row)

           1        2        3        4        5        6        7

    1   0.899    0.048    0.000    0.000    0.010    0.041    0.003
    2   0.071    0.766    0.000    0.018    0.105    0.031    0.008
    3   0.000    0.000    0.897    0.032    0.053    0.018    0.000
    4   0.000    0.031    0.112    0.755    0.048    0.054    0.000
    5   0.011    0.085    0.065    0.024    0.770    0.045    0.000
    6   0.044    0.012    0.022    0.029    0.051    0.841    0.000
    7   0.036    0.133    0.000    0.004    0.000    0.000    0.826


Logits for the Classification Probabilities for the Most Likely Latent Class Membership (Column)
by Latent Class (Row)

              1        2        3        4        5        6        7

    1      5.686    2.756   -6.651   -4.906    1.157    2.587    0.000
    2      2.205    4.584   -2.881    0.854    2.599    1.362    0.000
    3      0.000    3.929   13.707   10.376   10.870    9.813    0.000
    4      3.556   10.357   11.623   13.534   10.789   10.890    0.000
    5      8.111   10.150    9.888    8.871   12.353    9.509    0.000
    6     10.701    9.412    9.977   10.290   10.848   13.642    0.000
    7     -3.126   -1.827   -8.541   -5.250   -9.128   -8.221    0.000


MODEL RESULTS

                                                    Two-Tailed
                    Estimate       S.E.  Est./S.E.    P-Value

Latent Class 1

 DOG      BY
    Q77_1              1.000      0.000    999.000    999.000
    Q77_2              2.198      0.161     13.692      0.000
    Q77_3              1.120      0.131      8.544      0.000

 ANTI     BY
    Q76_1              1.000      0.000    999.000    999.000
    Q76_2              0.923      0.106      8.726      0.000

 POP      BY
    Q67_1              1.000      0.000    999.000    999.000
    Q67_2              1.022      0.048     21.320      0.000
    Q67_3              1.193      0.051     23.276      0.000
    Q67_4              0.987      0.052     19.101      0.000
    Q67_5              0.983      0.063     15.641      0.000

 ANTI     WITH
    DOG                0.000      0.000    999.000    999.000

 POP      WITH
    DOG                0.000      0.000    999.000    999.000
    ANTI               0.000      0.000    999.000    999.000

 Means
    DOG                0.600      0.055     10.888      0.000
    ANTI               0.629      0.059     10.587      0.000
    POP                0.895      0.059     15.296      0.000

 Intercepts
    Q76_1              0.000      0.000    999.000    999.000
    Q76_2              0.000      0.000    999.000    999.000
    Q77_1              0.000      0.000    999.000    999.000
    Q77_2              0.000      0.000    999.000    999.000
    Q77_3              0.000      0.000    999.000    999.000
    Q67_1              0.000      0.000    999.000    999.000
    Q67_2              0.000      0.000    999.000    999.000
    Q67_3              0.000      0.000    999.000    999.000
    Q67_4              0.000      0.000    999.000    999.000
    Q67_5              0.000      0.000    999.000    999.000

 Variances
    DOG                0.000      0.000    999.000    999.000
    ANTI               0.000      0.000    999.000    999.000
    POP                0.000      0.000    999.000    999.000

 Residual Variances
    Q76_1              0.504      0.059      8.505      0.000
    Q76_2              0.564      0.055     10.286      0.000
    Q77_1              0.862      0.028     30.723      0.000
    Q77_2              0.372      0.033     11.385      0.000
    Q77_3              0.886      0.041     21.501      0.000
    Q67_1              0.566      0.033     17.301      0.000
    Q67_2              0.557      0.029     19.159      0.000
    Q67_3              0.416      0.028     15.081      0.000
    Q67_4              0.573      0.029     20.011      0.000
    Q67_5              0.613      0.032     18.988      0.000

Latent Class 2

 DOG      BY
    Q77_1              1.000      0.000    999.000    999.000
    Q77_2              2.198      0.161     13.692      0.000
    Q77_3              1.120      0.131      8.544      0.000

 ANTI     BY
    Q76_1              1.000      0.000    999.000    999.000
    Q76_2              0.923      0.106      8.726      0.000

 POP      BY
    Q67_1              1.000      0.000    999.000    999.000
    Q67_2              1.022      0.048     21.320      0.000
    Q67_3              1.193      0.051     23.276      0.000
    Q67_4              0.987      0.052     19.101      0.000
    Q67_5              0.983      0.063     15.641      0.000

 ANTI     WITH
    DOG                0.000      0.000    999.000    999.000

 POP      WITH
    DOG                0.000      0.000    999.000    999.000
    ANTI               0.000      0.000    999.000    999.000

 Means
    DOG               -0.185      0.049     -3.761      0.000
    ANTI               0.622      0.148      4.189      0.000
    POP                0.641      0.149      4.304      0.000

 Intercepts
    Q76_1              0.000      0.000    999.000    999.000
    Q76_2              0.000      0.000    999.000    999.000
    Q77_1              0.000      0.000    999.000    999.000
    Q77_2              0.000      0.000    999.000    999.000
    Q77_3              0.000      0.000    999.000    999.000
    Q67_1              0.000      0.000    999.000    999.000
    Q67_2              0.000      0.000    999.000    999.000
    Q67_3              0.000      0.000    999.000    999.000
    Q67_4              0.000      0.000    999.000    999.000
    Q67_5              0.000      0.000    999.000    999.000

 Variances
    DOG                0.000      0.000    999.000    999.000
    ANTI               0.000      0.000    999.000    999.000
    POP                0.000      0.000    999.000    999.000

 Residual Variances
    Q76_1              0.504      0.059      8.505      0.000
    Q76_2              0.564      0.055     10.286      0.000
    Q77_1              0.862      0.028     30.723      0.000
    Q77_2              0.372      0.033     11.385      0.000
    Q77_3              0.886      0.041     21.501      0.000
    Q67_1              0.566      0.033     17.301      0.000
    Q67_2              0.557      0.029     19.159      0.000
    Q67_3              0.416      0.028     15.081      0.000
    Q67_4              0.573      0.029     20.011      0.000
    Q67_5              0.613      0.032     18.988      0.000

Latent Class 3

 DOG      BY
    Q77_1              1.000      0.000    999.000    999.000
    Q77_2              2.198      0.161     13.692      0.000
    Q77_3              1.120      0.131      8.544      0.000

 ANTI     BY
    Q76_1              1.000      0.000    999.000    999.000
    Q76_2              0.923      0.106      8.726      0.000

 POP      BY
    Q67_1              1.000      0.000    999.000    999.000
    Q67_2              1.022      0.048     21.320      0.000
    Q67_3              1.193      0.051     23.276      0.000
    Q67_4              0.987      0.052     19.101      0.000
    Q67_5              0.983      0.063     15.641      0.000

 ANTI     WITH
    DOG                0.000      0.000    999.000    999.000

 POP      WITH
    DOG                0.000      0.000    999.000    999.000
    ANTI               0.000      0.000    999.000    999.000

 Means
    DOG               -0.260      0.030     -8.766      0.000
    ANTI              -1.062      0.049    -21.878      0.000
    POP               -0.693      0.048    -14.344      0.000

 Intercepts
    Q76_1              0.000      0.000    999.000    999.000
    Q76_2              0.000      0.000    999.000    999.000
    Q77_1              0.000      0.000    999.000    999.000
    Q77_2              0.000      0.000    999.000    999.000
    Q77_3              0.000      0.000    999.000    999.000
    Q67_1              0.000      0.000    999.000    999.000
    Q67_2              0.000      0.000    999.000    999.000
    Q67_3              0.000      0.000    999.000    999.000
    Q67_4              0.000      0.000    999.000    999.000
    Q67_5              0.000      0.000    999.000    999.000

 Variances
    DOG                0.000      0.000    999.000    999.000
    ANTI               0.000      0.000    999.000    999.000
    POP                0.000      0.000    999.000    999.000

 Residual Variances
    Q76_1              0.504      0.059      8.505      0.000
    Q76_2              0.564      0.055     10.286      0.000
    Q77_1              0.862      0.028     30.723      0.000
    Q77_2              0.372      0.033     11.385      0.000
    Q77_3              0.886      0.041     21.501      0.000
    Q67_1              0.566      0.033     17.301      0.000
    Q67_2              0.557      0.029     19.159      0.000
    Q67_3              0.416      0.028     15.081      0.000
    Q67_4              0.573      0.029     20.011      0.000
    Q67_5              0.613      0.032     18.988      0.000

Latent Class 4

 DOG      BY
    Q77_1              1.000      0.000    999.000    999.000
    Q77_2              2.198      0.161     13.692      0.000
    Q77_3              1.120      0.131      8.544      0.000

 ANTI     BY
    Q76_1              1.000      0.000    999.000    999.000
    Q76_2              0.923      0.106      8.726      0.000

 POP      BY
    Q67_1              1.000      0.000    999.000    999.000
    Q67_2              1.022      0.048     21.320      0.000
    Q67_3              1.193      0.051     23.276      0.000
    Q67_4              0.987      0.052     19.101      0.000
    Q67_5              0.983      0.063     15.641      0.000

 ANTI     WITH
    DOG                0.000      0.000    999.000    999.000

 POP      WITH
    DOG                0.000      0.000    999.000    999.000
    ANTI               0.000      0.000    999.000    999.000

 Means
    DOG               -0.274      0.035     -7.807      0.000
    ANTI               0.521      0.116      4.514      0.000
    POP               -0.603      0.073     -8.232      0.000

 Intercepts
    Q76_1              0.000      0.000    999.000    999.000
    Q76_2              0.000      0.000    999.000    999.000
    Q77_1              0.000      0.000    999.000    999.000
    Q77_2              0.000      0.000    999.000    999.000
    Q77_3              0.000      0.000    999.000    999.000
    Q67_1              0.000      0.000    999.000    999.000
    Q67_2              0.000      0.000    999.000    999.000
    Q67_3              0.000      0.000    999.000    999.000
    Q67_4              0.000      0.000    999.000    999.000
    Q67_5              0.000      0.000    999.000    999.000

 Variances
    DOG                0.000      0.000    999.000    999.000
    ANTI               0.000      0.000    999.000    999.000
    POP                0.000      0.000    999.000    999.000

 Residual Variances
    Q76_1              0.504      0.059      8.505      0.000
    Q76_2              0.564      0.055     10.286      0.000
    Q77_1              0.862      0.028     30.723      0.000
    Q77_2              0.372      0.033     11.385      0.000
    Q77_3              0.886      0.041     21.501      0.000
    Q67_1              0.566      0.033     17.301      0.000
    Q67_2              0.557      0.029     19.159      0.000
    Q67_3              0.416      0.028     15.081      0.000
    Q67_4              0.573      0.029     20.011      0.000
    Q67_5              0.613      0.032     18.988      0.000

Latent Class 5

 DOG      BY
    Q77_1              1.000      0.000    999.000    999.000
    Q77_2              2.198      0.161     13.692      0.000
    Q77_3              1.120      0.131      8.544      0.000

 ANTI     BY
    Q76_1              1.000      0.000    999.000    999.000
    Q76_2              0.923      0.106      8.726      0.000

 POP      BY
    Q67_1              1.000      0.000    999.000    999.000
    Q67_2              1.022      0.048     21.320      0.000
    Q67_3              1.193      0.051     23.276      0.000
    Q67_4              0.987      0.052     19.101      0.000
    Q67_5              0.983      0.063     15.641      0.000

 ANTI     WITH
    DOG                0.000      0.000    999.000    999.000

 POP      WITH
    DOG                0.000      0.000    999.000    999.000
    ANTI               0.000      0.000    999.000    999.000

 Means
    DOG               -0.175      0.049     -3.600      0.000
    ANTI              -0.552      0.150     -3.687      0.000
    POP                0.230      0.080      2.867      0.004

 Intercepts
    Q76_1              0.000      0.000    999.000    999.000
    Q76_2              0.000      0.000    999.000    999.000
    Q77_1              0.000      0.000    999.000    999.000
    Q77_2              0.000      0.000    999.000    999.000
    Q77_3              0.000      0.000    999.000    999.000
    Q67_1              0.000      0.000    999.000    999.000
    Q67_2              0.000      0.000    999.000    999.000
    Q67_3              0.000      0.000    999.000    999.000
    Q67_4              0.000      0.000    999.000    999.000
    Q67_5              0.000      0.000    999.000    999.000

 Variances
    DOG                0.000      0.000    999.000    999.000
    ANTI               0.000      0.000    999.000    999.000
    POP                0.000      0.000    999.000    999.000

 Residual Variances
    Q76_1              0.504      0.059      8.505      0.000
    Q76_2              0.564      0.055     10.286      0.000
    Q77_1              0.862      0.028     30.723      0.000
    Q77_2              0.372      0.033     11.385      0.000
    Q77_3              0.886      0.041     21.501      0.000
    Q67_1              0.566      0.033     17.301      0.000
    Q67_2              0.557      0.029     19.159      0.000
    Q67_3              0.416      0.028     15.081      0.000
    Q67_4              0.573      0.029     20.011      0.000
    Q67_5              0.613      0.032     18.988      0.000

Latent Class 6

 DOG      BY
    Q77_1              1.000      0.000    999.000    999.000
    Q77_2              2.198      0.161     13.692      0.000
    Q77_3              1.120      0.131      8.544      0.000

 ANTI     BY
    Q76_1              1.000      0.000    999.000    999.000
    Q76_2              0.923      0.106      8.726      0.000

 POP      BY
    Q67_1              1.000      0.000    999.000    999.000
    Q67_2              1.022      0.048     21.320      0.000
    Q67_3              1.193      0.051     23.276      0.000
    Q67_4              0.987      0.052     19.101      0.000
    Q67_5              0.983      0.063     15.641      0.000

 ANTI     WITH
    DOG                0.000      0.000    999.000    999.000

 POP      WITH
    DOG                0.000      0.000    999.000    999.000
    ANTI               0.000      0.000    999.000    999.000

 Means
    DOG                0.483      0.044     10.856      0.000
    ANTI               0.349      0.127      2.749      0.006
    POP               -0.244      0.072     -3.395      0.001

 Intercepts
    Q76_1              0.000      0.000    999.000    999.000
    Q76_2              0.000      0.000    999.000    999.000
    Q77_1              0.000      0.000    999.000    999.000
    Q77_2              0.000      0.000    999.000    999.000
    Q77_3              0.000      0.000    999.000    999.000
    Q67_1              0.000      0.000    999.000    999.000
    Q67_2              0.000      0.000    999.000    999.000
    Q67_3              0.000      0.000    999.000    999.000
    Q67_4              0.000      0.000    999.000    999.000
    Q67_5              0.000      0.000    999.000    999.000

 Variances
    DOG                0.000      0.000    999.000    999.000
    ANTI               0.000      0.000    999.000    999.000
    POP                0.000      0.000    999.000    999.000

 Residual Variances
    Q76_1              0.504      0.059      8.505      0.000
    Q76_2              0.564      0.055     10.286      0.000
    Q77_1              0.862      0.028     30.723      0.000
    Q77_2              0.372      0.033     11.385      0.000
    Q77_3              0.886      0.041     21.501      0.000
    Q67_1              0.566      0.033     17.301      0.000
    Q67_2              0.557      0.029     19.159      0.000
    Q67_3              0.416      0.028     15.081      0.000
    Q67_4              0.573      0.029     20.011      0.000
    Q67_5              0.613      0.032     18.988      0.000

Latent Class 7

 DOG      BY
    Q77_1              1.000      0.000    999.000    999.000
    Q77_2              2.198      0.161     13.692      0.000
    Q77_3              1.120      0.131      8.544      0.000

 ANTI     BY
    Q76_1              1.000      0.000    999.000    999.000
    Q76_2              0.923      0.106      8.726      0.000

 POP      BY
    Q67_1              1.000      0.000    999.000    999.000
    Q67_2              1.022      0.048     21.320      0.000
    Q67_3              1.193      0.051     23.276      0.000
    Q67_4              0.987      0.052     19.101      0.000
    Q67_5              0.983      0.063     15.641      0.000

 ANTI     WITH
    DOG                0.000      0.000    999.000    999.000

 POP      WITH
    DOG                0.000      0.000    999.000    999.000
    ANTI               0.000      0.000    999.000    999.000

 Means
    DOG               -0.326      0.102     -3.186      0.001
    ANTI               1.174      0.188      6.246      0.000
    POP                1.760      0.166     10.584      0.000

 Intercepts
    Q76_1              0.000      0.000    999.000    999.000
    Q76_2              0.000      0.000    999.000    999.000
    Q77_1              0.000      0.000    999.000    999.000
    Q77_2              0.000      0.000    999.000    999.000
    Q77_3              0.000      0.000    999.000    999.000
    Q67_1              0.000      0.000    999.000    999.000
    Q67_2              0.000      0.000    999.000    999.000
    Q67_3              0.000      0.000    999.000    999.000
    Q67_4              0.000      0.000    999.000    999.000
    Q67_5              0.000      0.000    999.000    999.000

 Variances
    DOG                0.000      0.000    999.000    999.000
    ANTI               0.000      0.000    999.000    999.000
    POP                0.000      0.000    999.000    999.000

 Residual Variances
    Q76_1              0.504      0.059      8.505      0.000
    Q76_2              0.564      0.055     10.286      0.000
    Q77_1              0.862      0.028     30.723      0.000
    Q77_2              0.372      0.033     11.385      0.000
    Q77_3              0.886      0.041     21.501      0.000
    Q67_1              0.566      0.033     17.301      0.000
    Q67_2              0.557      0.029     19.159      0.000
    Q67_3              0.416      0.028     15.081      0.000
    Q67_4              0.573      0.029     20.011      0.000
    Q67_5              0.613      0.032     18.988      0.000

Categorical Latent Variables

 Means
    C1#1               1.964      0.360      5.456      0.000
    C1#2               1.806      0.364      4.964      0.000
    C1#3               2.168      0.391      5.550      0.000
    C1#4               1.859      0.384      4.845      0.000
    C1#5               2.007      0.502      4.000      0.000
    C1#6               1.914      0.379      5.045      0.000


QUALITY OF NUMERICAL RESULTS

     Condition Number for the Information Matrix              0.610E-03
       (ratio of smallest to largest eigenvalue)


TECHNICAL 11 OUTPUT

     Random Starts Specifications for the k-1 Class Analysis Model
        Number of initial stage random starts                1000
        Number of final stage optimizations                   250



     VUONG-LO-MENDELL-RUBIN LIKELIHOOD RATIO TEST FOR 6 (H0) VERSUS 7 CLASSES

          H0 Loglikelihood Value                       -20605.736
          2 Times the Loglikelihood Difference            138.846
          Difference in the Number of Parameters                4
          Mean                                            -28.386
          Standard Deviation                              275.845
          P-Value                                          0.2722

     LO-MENDELL-RUBIN ADJUSTED LRT TEST

          Value                                           134.302
          P-Value                                          0.2777


SAVEDATA INFORMATION


  Save file
    data_export_DOG_3_ANTI_POP_VLRT_var_lat=0_covariance=0_residuals=fixed_class

  Order and format of variables

    Q76_1          F10.3
    Q76_2          F10.3
    Q77_1          F10.3
    Q77_2          F10.3
    Q77_3          F10.3
    Q67_1          F10.3
    Q67_2          F10.3
    Q67_3          F10.3
    Q67_4          F10.3
    Q67_5          F10.3
    W_AGE_BE       F10.3
    RID            I7

  Save file format
    11F10.3 I7

  Save file record length    10000


     Beginning Time:  00:59:34
        Ending Time:  04:10:02
       Elapsed Time:  03:10:28



MUTHEN & MUTHEN
3463 Stoner Ave.
Los Angeles, CA  90066

Tel: (310) 391-9971
Fax: (310) 391-8971
Web: www.StatModel.com
Support: Support@StatModel.com

Copyright (c) 1998-2019 Muthen & Muthen
