Mplus VERSION 8.4 (Mac)
MUTHEN & MUTHEN
01/25/2022  10:53 PM

INPUT INSTRUCTIONS

  TITLE:
  DOG_3_ANTI_POP_VLRT_var_lat=0_covariance=0_residuals=fixed_classes=4;
  DATA:
  FILE = "DOG_3_ANTI_POP_VLRT_var_lat=0_covariance=0_residuals=fixed_classes=4.dat";

  VARIABLE:
  NAMES = rid w_age_bel q76_1 q76_2 q77_1 q77_2 q77_3 q67_1 q67_2 q67_3 q67_4 q67_5;
   MISSING=.;
   USEVARIABLES = rid w_age_bel
  q76_1 q76_2 q77_1 q77_2 q77_3
  q67_1 q67_2 q67_3 q67_4 q67_5
  ;
  WEIGHT=w_age_bel;
  IDVARIABLE IS rid;
                            CLASSES=c1(
  4
  );
  ANALYSIS:
  TYPE = MIXTURE;
  STARTS = 1000 250 0;
  !lrtstarts = 0 0 600 125;
  !LRTBOOTSTRAP = 40;
  STITERATIONS=25;
               ESTIMATOR = MLR;
               PROCESSORS = 8;
  MODEL:

  %OVERALL%
  !!! dogmatism !!!
  DOG BY Q77_1 q77_2 Q77_3;
  !!! antagonism !!!
  ANTI BY q76_1 q76_2;
  !!! populism !!!
  POP BY Q67_1 Q67_2 Q67_3 Q67_4 Q67_5;



  !!!!!!!!
  %c1#1%
  !!!!!!!!

  !!!! Means LV !!!!
  [POP](MPOP1);
  [ANTI](MANTI1);
  [DOG](MDOG1);
  !!!! Variances LV !!!!
  POP@0;
  ANTI@0;
  DOG@0;
  !!!! Covariances LV !!!!
  POP WITH ANTI@0;
  POP WITH DOG@0;
  ANTI WITH DOG@0;
  !!!! Residuals LV !!!!
  Q77_1(VQ77_1);
  Q77_2(VQ77_2);
  Q77_3(VQ77_3);
  Q76_1(VQ76_1);
  Q76_2(VQ76_2);
  Q67_1(VQ67_1);
  Q67_2(VQ67_2);
  Q67_3(VQ67_3);
  Q67_4(VQ67_4);
  Q67_5(VQ67_5);
  !!!! Intercepts manifest !!!!
  [Q77_1@0](intQ77101);
  [Q77_2@0](intQ77201);
  [Q77_3@0](intQ77301);
  [Q76_1@0](intQ76101);
  [Q76_2@0](intQ76201);
  [Q67_1@0](intQ67101);
  [Q67_2@0](intQ67201);
  [Q67_3@0](intQ67301);
  [Q67_4@0](intQ67401);
  [Q67_5@0](intQ67501);

  !!!!!!!!
  %c1#2%
  !!!!!!!!

  !!!! Means LV !!!!
  [POP](MPOP2);
  [ANTI](MANTI2);
  [DOG](MDOG2);
  !!!! Variances LV !!!!
  POP@0;
  ANTI@0;
  DOG@0;
  !!!! Covariances LV !!!!
  POP WITH ANTI@0;
  POP WITH DOG@0;
  ANTI WITH DOG@0;
  !!!! Residuals LV !!!!
  Q77_1(VQ77_1);
  Q77_2(VQ77_2);
  Q77_3(VQ77_3);
  Q76_1(VQ76_1);
  Q76_2(VQ76_2);
  Q67_1(VQ67_1);
  Q67_2(VQ67_2);
  Q67_3(VQ67_3);
  Q67_4(VQ67_4);
  Q67_5(VQ67_5);
  !!!! Intercepts manifest !!!!
  [Q77_1@0](intQ77102);
  [Q77_2@0](intQ77202);
  [Q77_3@0](intQ77302);
  [Q76_1@0](intQ76102);
  [Q76_2@0](intQ76202);
  [Q67_1@0](intQ67102);
  [Q67_2@0](intQ67202);
  [Q67_3@0](intQ67302);
  [Q67_4@0](intQ67402);
  [Q67_5@0](intQ67502);

  !!!!!!!!
  %c1#3%
  !!!!!!!!

  !!!! Means LV !!!!
  [POP](MPOP3);
  [ANTI](MANTI3);
  [DOG](MDOG3);
  !!!! Variances LV !!!!
  POP@0;
  ANTI@0;
  DOG@0;
  !!!! Covariances LV !!!!
  POP WITH ANTI@0;
  POP WITH DOG@0;
  ANTI WITH DOG@0;
  !!!! Residuals LV !!!!
  Q77_1(VQ77_1);
  Q77_2(VQ77_2);
  Q77_3(VQ77_3);
  Q76_1(VQ76_1);
  Q76_2(VQ76_2);
  Q67_1(VQ67_1);
  Q67_2(VQ67_2);
  Q67_3(VQ67_3);
  Q67_4(VQ67_4);
  Q67_5(VQ67_5);
  !!!! Intercepts manifest !!!!
  [Q77_1@0](intQ77103);
  [Q77_2@0](intQ77203);
  [Q77_3@0](intQ77303);
  [Q76_1@0](intQ76103);
  [Q76_2@0](intQ76203);
  [Q67_1@0](intQ67103);
  [Q67_2@0](intQ67203);
  [Q67_3@0](intQ67303);
  [Q67_4@0](intQ67403);
  [Q67_5@0](intQ67503);

  !!!!!!!!
  %c1#4%
  !!!!!!!!

  !!!! Means LV !!!!
  [POP](MPOP4);
  [ANTI](MANTI4);
  [DOG](MDOG4);
  !!!! Variances LV !!!!
  POP@0;
  ANTI@0;
  DOG@0;
  !!!! Covariances LV !!!!
  POP WITH ANTI@0;
  POP WITH DOG@0;
  ANTI WITH DOG@0;
  !!!! Residuals LV !!!!
  Q77_1(VQ77_1);
  Q77_2(VQ77_2);
  Q77_3(VQ77_3);
  Q76_1(VQ76_1);
  Q76_2(VQ76_2);
  Q67_1(VQ67_1);
  Q67_2(VQ67_2);
  Q67_3(VQ67_3);
  Q67_4(VQ67_4);
  Q67_5(VQ67_5);
  !!!! Intercepts manifest !!!!
  [Q77_1@0](intQ77104);
  [Q77_2@0](intQ77204);
  [Q77_3@0](intQ77304);
  [Q76_1@0](intQ76104);
  [Q76_2@0](intQ76204);
  [Q67_1@0](intQ67104);
  [Q67_2@0](intQ67204);
  [Q67_3@0](intQ67304);
  [Q67_4@0](intQ67404);
  [Q67_5@0](intQ67504);
  OUTPUT:
  TECH11 TECH14;
  SAVEDATA:
  FILE IS data_export_DOG_3_ANTI_POP_VLRT_var_lat=0_covariance=0_residuals=fixed_classes=4.d
  SAVE=fscores CPROB;



*** WARNING
  Input line exceeded 90 characters. Some input may be truncated.
  FILE IS data_export_DOG_3_ANTI_POP_VLRT_var_lat=0_covariance=0_residuals=fixed_classes=4.da
*** WARNING in OUTPUT command
  TECH14 option is not available for TYPE=MIXTURE with weights.
  Request for TECH14 is ignored.
   2 WARNING(S) FOUND IN THE INPUT INSTRUCTIONS




DOG_3_ANTI_POP_VLRT_var_lat=0_covariance=0_residuals=fixed_classes=4;

SUMMARY OF ANALYSIS

Number of groups                                                 1
Number of observations                                        1618

Number of dependent variables                                   10
Number of independent variables                                  0
Number of continuous latent variables                            3
Number of categorical latent variables                           1

Observed dependent variables

  Continuous
   Q76_1       Q76_2       Q77_1       Q77_2       Q77_3       Q67_1
   Q67_2       Q67_3       Q67_4       Q67_5

Continuous latent variables
   DOG         ANTI        POP

Categorical latent variables
   C1

Variables with special functions

  Weight variable       W_AGE_BE
  ID variable           RID

Estimator                                                      MLR
Information matrix                                        OBSERVED
Optimization Specifications for the Quasi-Newton Algorithm for
Continuous Outcomes
  Maximum number of iterations                                 100
  Convergence criterion                                  0.100D-05
Optimization Specifications for the EM Algorithm
  Maximum number of iterations                                 500
  Convergence criteria
    Loglikelihood change                                 0.100D-06
    Relative loglikelihood change                        0.100D-06
    Derivative                                           0.100D-05
Optimization Specifications for the M step of the EM Algorithm for
Categorical Latent variables
  Number of M step iterations                                    1
  M step convergence criterion                           0.100D-05
  Basis for M step termination                           ITERATION
Optimization Specifications for the M step of the EM Algorithm for
Censored, Binary or Ordered Categorical (Ordinal), Unordered
Categorical (Nominal) and Count Outcomes
  Number of M step iterations                                    1
  M step convergence criterion                           0.100D-05
  Basis for M step termination                           ITERATION
  Maximum value for logit thresholds                            15
  Minimum value for logit thresholds                           -15
  Minimum expected cell size for chi-square              0.100D-01
Maximum number of iterations for H1                           2000
Convergence criterion for H1                             0.100D-03
Optimization algorithm                                         EMA
Random Starts Specifications
  Number of initial stage random starts                       1000
  Number of final stage optimizations                          250
  Number of initial stage iterations                            25
  Initial stage convergence criterion                    0.100D+01
  Random starts scale                                    0.500D+01
  Random seed for generating random starts                       0

Input data file(s)
  DOG_3_ANTI_POP_VLRT_var_lat=0_covariance=0_residuals=fixed_classes=4.dat
Input data format  FREE


SUMMARY OF DATA

     Number of missing data patterns            36
     Number of y missing data patterns          36
     Number of u missing data patterns           0


COVARIANCE COVERAGE OF DATA

Minimum covariance coverage value   0.100


     PROPORTION OF DATA PRESENT FOR Y


           Covariance Coverage
              Q76_1         Q76_2         Q77_1         Q77_2         Q77_3
              ________      ________      ________      ________      ________
 Q76_1          0.984
 Q76_2          0.978         0.985
 Q77_1          0.974         0.977         0.986
 Q77_2          0.975         0.977         0.979         0.990
 Q77_3          0.980         0.982         0.985         0.989         0.996
 Q67_1          0.979         0.980         0.980         0.984         0.990
 Q67_2          0.980         0.981         0.981         0.985         0.991
 Q67_3          0.978         0.980         0.980         0.985         0.990
 Q67_4          0.976         0.977         0.978         0.981         0.987
 Q67_5          0.979         0.981         0.980         0.984         0.990


           Covariance Coverage
              Q67_1         Q67_2         Q67_3         Q67_4         Q67_5
              ________      ________      ________      ________      ________
 Q67_1          0.993
 Q67_2          0.990         0.994
 Q67_3          0.989         0.990         0.993
 Q67_4          0.985         0.986         0.985         0.989
 Q67_5          0.988         0.989         0.989         0.985         0.993



UNIVARIATE SAMPLE STATISTICS


     UNIVARIATE HIGHER-ORDER MOMENT DESCRIPTIVE STATISTICS

         Variable/         Mean/     Skewness/   Minimum/ % with                Percentiles
        Sample Size      Variance    Kurtosis    Maximum  Min/Max      20%/60%    40%/80%    Median

     Q76_1                 0.038      -0.183      -2.175    3.27%      -1.181     -0.188     -0.188
            1592.000       0.991      -0.787       1.799    7.47%       0.806      0.806
     Q76_2                 0.040      -0.337      -2.283    3.14%      -1.314     -0.344      0.625
            1594.000       0.978      -0.634       1.595   11.54%       0.625      0.625
     Q77_1                 0.035      -0.124      -2.117    3.57%      -1.084     -0.052     -0.052
            1596.000       0.993      -0.876       2.013    3.88%      -0.052      0.981
     Q77_2                 0.036       0.457      -1.542   11.30%      -0.533     -0.533     -0.533
            1602.000       1.008      -0.563       2.493    2.37%       0.475      1.484
     Q77_3                 0.022       0.770      -1.346   20.29%      -1.346     -0.138     -0.138
            1612.000       1.052       0.559       3.488    0.68%      -0.138      1.071
     Q67_1                 0.049       0.073      -1.922    4.48%      -0.954      0.014      0.014
            1607.000       0.991      -0.947       1.949    5.97%       0.014      0.982
     Q67_2                 0.051       0.002      -2.053    3.73%      -1.043     -0.034     -0.034
            1609.000       1.001      -0.854       1.985    5.53%      -0.034      0.976
     Q67_3                 0.055       0.383      -1.676    8.40%      -0.669     -0.669     -0.669
            1607.000       1.020      -0.534       2.350    3.92%       0.337      1.343
     Q67_4                 0.061       0.074      -1.888    5.69%      -0.897     -0.897      0.094
            1600.000       0.985      -0.835       2.077    4.44%       0.094      1.085
     Q67_5                 0.042       0.366      -1.601   11.58%      -0.563     -0.563     -0.563
            1606.000       1.022      -0.423       2.550    2.43%       0.474      0.474

RANDOM STARTS RESULTS RANKED FROM THE BEST TO THE WORST LOGLIKELIHOOD VALUES

Final stage loglikelihood values at local maxima, seeds, and initial stage start numbers:

          -20872.390  345974           622
          -20872.390  86698            893
          -20872.390  317868           740
          -20872.390  462662           872
          -20872.390  576596           99
          -20872.390  442072           625
          -20872.390  551340           766
          -20872.390  871851           257
          -20872.390  153394           429
          -20872.390  947714           573
          -20872.390  3307             735
          -20872.390  775881           778
          -20872.390  737601           891
          -20872.390  614535           449
          -20872.390  328661           813
          -20872.390  751054           117
          -20872.390  853781           716
          -20872.390  281558           184
          -20872.390  860029           760
          -20872.390  570681           777
          -20872.390  474357           789
          -20872.390  177175           851
          -20872.390  499347           881
          -20872.390  618760           489
          -20872.390  213532           503
          -20872.390  7959             256
          -20872.390  238317           812
          -20872.390  195353           225
          -20872.390  928624           981
          -20872.390  268217           83
          -20872.390  468036           131
          -20872.390  327140           678
          -20872.390  726035           191
          -20872.390  313407           132
          -20872.390  291149           536
          -20872.390  318177           748
          -20872.390  127362           757
          -20872.390  588923           606
          -20872.390  937885           426
          -20872.390  188640           451
          -20872.390  298201           903
          -20872.390  863691           481
          -20872.390  207917           976
          -20872.390  945065           255
          -20872.390  408713           450
          -20872.390  78862            529
          -20872.390  944186           541
          -20872.390  529496           343
          -20872.390  329127           185
          -20872.390  879211           453
          -20872.390  777492           972
          -20872.390  887580           493
          -20872.390  830392           35
          -20872.390  344422           296
          -20872.390  781190           219
          -20872.390  714455           476
          -20872.390  479273           156
          -20872.390  761633           50
          -20872.390  306768           978
          -20872.390  497522           502
          -20872.390  67009            564
          -20872.390  960438           116
          -20872.390  203508           806
          -20872.390  179022           687
          -20872.390  208797           931
          -20872.390  642386           662
          -20872.390  568405           233
          -20872.390  563584           657
          -20872.390  881886           608
          -20872.390  792993           859
          -20872.390  51375            148
          -20872.390  391949           295
          -20872.390  299977           956
          -20872.390  968846           970
          -20872.390  857122           889
          -20872.390  715561           125
          -20929.979  804616           868
          -20929.979  602797           336
          -20929.979  626208           698
          -20929.979  132336           362
          -20929.979  579995           183
          -20929.979  210870           383
          -20929.979  358488           264
          -20929.979  508445           946
          -20929.979  876056           1000
          -20929.979  39810            966
          -20929.979  373505           88
          -20929.979  227563           63
          -20929.979  327475           518
          -20929.979  371737           532
          -20929.979  635245           121
          -20929.979  626891           32
          -20929.979  347222           533
          -20931.635  662718           460
          -20931.635  72662            729
          -20931.635  197223           332
          -20931.635  496344           808
          -20931.635  152496           123
          -20931.635  137377           397
          -20945.536  440395           917
          -20945.536  188498           258
          -20945.536  12477            155
          -20945.536  798839           312
          -20945.536  278692           342
          -20945.536  195763           358
          -20945.536  817298           967
          -20945.536  512836           289
          -20945.536  801717           364
          -20945.536  134830           780
          -20945.536  138695           783
          -20945.536  995249           525
          -20945.536  252346           528
          -20945.536  562716           300
          -20945.536  502157           799
          -20945.536  802928           892
          -20945.536  576726           280
          -20945.536  369602           146
          -20945.536  79945            395
          -20945.536  569833           85
          -20945.536  393232           152
          -20945.536  721392           768
          -20945.536  180889           920
          -20945.536  595153           230
          -20945.536  357866           968
          -20945.536  94573            983
          -20945.536  349263           263
          -20945.536  535063           329
          -20945.536  937068           982
          -20945.536  535804           111
          -20945.536  566687           597
          -20945.536  350608           334
          -20945.536  691234           250
          -20945.536  742609           531
          -20945.536  202790           198
          -20945.536  97158            205
          -20945.536  39756            857
          -20945.536  726744           939
          -20945.536  730868           977
          -20945.536  358074           560
          -20945.536  15270            610
          -20945.536  124999           96
          -20945.536  153942           31
          -20945.536  435287           623
          -20945.536  614009           317
          -20945.536  579138           706
          -20945.536  59674            240
          -20945.536  319144           176
          -20945.536  782821           272
          -20945.536  125727           899
          -20945.536  914505           838
          -20945.536  326091           759
          -20945.536  109946           771
          -20945.536  155622           507
          -20945.536  46437            153
          -20945.536  638977           643
          -20945.536  762461           425
          -20945.536  898745           466
          -20945.536  589483           950
          -20945.536  370466           41
          -20945.536  379729           512
          -20945.536  692169           308
          -20945.536  178181           753
          -20945.536  820977           776
          -20945.536  645664           39
          -20945.536  948615           140
          -20945.536  224151           973
          -20945.536  637345           19
          -20945.536  276696           676
          -20945.536  36714            201
          -20945.536  710154           831
          -20945.536  211281           292
          -20945.536  260953           589
          -20945.536  123985           248
          -20945.536  486646           586
          -20945.536  501995           791
          -20945.536  847088           750
          -20945.536  173191           422
          -20945.536  232226           235
          -20945.536  415931           10
          -20945.536  939709           112
          -20945.536  91231            727
          -20945.536  931558           898
          -20945.536  922596           456
          -20945.536  68850            462
          -20945.536  66276            217
          -20945.536  964570           701
          -20945.536  355254           796
          -20945.536  666720           671
          -20945.536  851945           18
          -20945.536  282464           283
          -20945.536  246261           38
          -20945.536  738393           619
          -20959.973  608496           4
          -20959.973  77210            712
          -20959.973  161421           519
          -20959.973  321390           133
          -20959.973  931874           141
          -20959.973  599729           658
          -20959.973  178475           231
          -20959.973  35191            703
          -20959.973  848163           47
          -20959.973  279850           555
          -20959.973  370481           742
          -20959.973  364676           27
          -20959.973  872743           374
          -20959.973  296162           856
          -20959.973  172913           557
          -20959.973  801065           393
          -20959.973  495366           964
          -20959.973  712702           684
          -20959.973  622290           880
          -20959.973  690596           858
          -20959.973  840031           276
          -20959.973  263268           165
          -21063.207  237332           661
          -21063.207  292884           103
          -21063.207  749635           420
          -21063.207  319575           499
          -21063.207  59963            670
          -21063.207  93468            3
          -21063.207  784664           75
          -21063.207  971853           402
          -21063.207  561664           392

27 perturbed starting value run(s) did not converge.



THE BEST LOGLIKELIHOOD VALUE HAS BEEN REPLICATED.  RERUN WITH AT LEAST TWICE THE
RANDOM STARTS TO CHECK THAT THE BEST LOGLIKELIHOOD IS STILL OBTAINED AND REPLICATED.


THE MODEL ESTIMATION TERMINATED NORMALLY



MODEL FIT INFORMATION

Number of Free Parameters                       32

Loglikelihood

          H0 Value                      -20872.390
          H0 Scaling Correction Factor      2.0387
            for MLR

Information Criteria

          Akaike (AIC)                   41808.780
          Bayesian (BIC)                 41981.226
          Sample-Size Adjusted BIC       41879.568
            (n* = (n + 2) / 24)



FINAL CLASS COUNTS AND PROPORTIONS FOR THE LATENT CLASSES
BASED ON THE ESTIMATED MODEL

    Latent
   Classes

       1        406.94203          0.25151
       2        381.92726          0.23605
       3        408.01583          0.25217
       4        421.11488          0.26027


FINAL CLASS COUNTS AND PROPORTIONS FOR THE LATENT CLASSES
BASED ON ESTIMATED POSTERIOR PROBABILITIES

    Latent
   Classes

       1        406.94203          0.25151
       2        381.92726          0.23605
       3        408.01583          0.25217
       4        421.11488          0.26027


FINAL CLASS COUNTS AND PROPORTIONS FOR THE LATENT CLASSES
BASED ON THEIR MOST LIKELY LATENT CLASS MEMBERSHIP

Class Counts and Proportions

    Latent
   Classes

       1              414          0.25568
       2              371          0.22955
       3              409          0.25301
       4              424          0.26175


CLASSIFICATION QUALITY

     Entropy                         0.759


Classification Probabilities for the Most Likely Latent Class Membership (Column)
by Latent Class (Row)

           1        2        3        4

    1   0.922    0.000    0.015    0.063
    2   0.000    0.879    0.067    0.053
    3   0.013    0.047    0.851    0.089
    4   0.079    0.039    0.072    0.810


Logits for the Classification Probabilities for the Most Likely Latent Class Membership (Column)
by Latent Class (Row)

              1        2        3        4

    1      2.679   -8.470   -1.445    0.000
    2     -4.805    2.803    0.236    0.000
    3     -1.940   -0.636    2.261    0.000
    4     -2.330   -3.025   -2.427    0.000


MODEL RESULTS

                                                    Two-Tailed
                    Estimate       S.E.  Est./S.E.    P-Value

Latent Class 1

 DOG      BY
    Q77_1              1.000      0.000    999.000    999.000
    Q77_2              1.981      0.263      7.532      0.000
    Q77_3              1.225      0.226      5.419      0.000

 ANTI     BY
    Q76_1              1.000      0.000    999.000    999.000
    Q76_2              0.848      0.166      5.104      0.000

 POP      BY
    Q67_1              1.000      0.000    999.000    999.000
    Q67_2              1.028      0.054     19.065      0.000
    Q67_3              1.209      0.055     21.877      0.000
    Q67_4              0.981      0.051     19.338      0.000
    Q67_5              0.998      0.062     16.078      0.000

 ANTI     WITH
    DOG                0.000      0.000    999.000    999.000

 POP      WITH
    DOG                0.000      0.000    999.000    999.000
    ANTI               0.000      0.000    999.000    999.000

 Means
    DOG                0.325      0.064      5.095      0.000
    ANTI               0.794      0.051     15.641      0.000
    POP                0.960      0.089     10.828      0.000

 Intercepts
    Q76_1              0.000      0.000    999.000    999.000
    Q76_2              0.000      0.000    999.000    999.000
    Q77_1              0.000      0.000    999.000    999.000
    Q77_2              0.000      0.000    999.000    999.000
    Q77_3              0.000      0.000    999.000    999.000
    Q67_1              0.000      0.000    999.000    999.000
    Q67_2              0.000      0.000    999.000    999.000
    Q67_3              0.000      0.000    999.000    999.000
    Q67_4              0.000      0.000    999.000    999.000
    Q67_5              0.000      0.000    999.000    999.000

 Variances
    DOG                0.000      0.000    999.000    999.000
    ANTI               0.000      0.000    999.000    999.000
    POP                0.000      0.000    999.000    999.000

 Residual Variances
    Q76_1              0.457      0.142      3.221      0.001
    Q76_2              0.595      0.057     10.442      0.000
    Q77_1              0.952      0.028     33.561      0.000
    Q77_2              0.848      0.035     24.528      0.000
    Q77_3              0.990      0.043     23.089      0.000
    Q67_1              0.588      0.032     18.576      0.000
    Q67_2              0.575      0.037     15.329      0.000
    Q67_3              0.431      0.034     12.668      0.000
    Q67_4              0.599      0.030     20.032      0.000
    Q67_5              0.620      0.035     17.791      0.000

Latent Class 2

 DOG      BY
    Q77_1              1.000      0.000    999.000    999.000
    Q77_2              1.981      0.263      7.532      0.000
    Q77_3              1.225      0.226      5.419      0.000

 ANTI     BY
    Q76_1              1.000      0.000    999.000    999.000
    Q76_2              0.848      0.166      5.104      0.000

 POP      BY
    Q67_1              1.000      0.000    999.000    999.000
    Q67_2              1.028      0.054     19.065      0.000
    Q67_3              1.209      0.055     21.877      0.000
    Q67_4              0.981      0.051     19.338      0.000
    Q67_5              0.998      0.062     16.078      0.000

 ANTI     WITH
    DOG                0.000      0.000    999.000    999.000

 POP      WITH
    DOG                0.000      0.000    999.000    999.000
    ANTI               0.000      0.000    999.000    999.000

 Means
    DOG               -0.244      0.037     -6.613      0.000
    ANTI              -1.037      0.078    -13.356      0.000
    POP               -0.656      0.058    -11.359      0.000

 Intercepts
    Q76_1              0.000      0.000    999.000    999.000
    Q76_2              0.000      0.000    999.000    999.000
    Q77_1              0.000      0.000    999.000    999.000
    Q77_2              0.000      0.000    999.000    999.000
    Q77_3              0.000      0.000    999.000    999.000
    Q67_1              0.000      0.000    999.000    999.000
    Q67_2              0.000      0.000    999.000    999.000
    Q67_3              0.000      0.000    999.000    999.000
    Q67_4              0.000      0.000    999.000    999.000
    Q67_5              0.000      0.000    999.000    999.000

 Variances
    DOG                0.000      0.000    999.000    999.000
    ANTI               0.000      0.000    999.000    999.000
    POP                0.000      0.000    999.000    999.000

 Residual Variances
    Q76_1              0.457      0.142      3.221      0.001
    Q76_2              0.595      0.057     10.442      0.000
    Q77_1              0.952      0.028     33.561      0.000
    Q77_2              0.848      0.035     24.528      0.000
    Q77_3              0.990      0.043     23.089      0.000
    Q67_1              0.588      0.032     18.576      0.000
    Q67_2              0.575      0.037     15.329      0.000
    Q67_3              0.431      0.034     12.668      0.000
    Q67_4              0.599      0.030     20.032      0.000
    Q67_5              0.620      0.035     17.791      0.000

Latent Class 3

 DOG      BY
    Q77_1              1.000      0.000    999.000    999.000
    Q77_2              1.981      0.263      7.532      0.000
    Q77_3              1.225      0.226      5.419      0.000

 ANTI     BY
    Q76_1              1.000      0.000    999.000    999.000
    Q76_2              0.848      0.166      5.104      0.000

 POP      BY
    Q67_1              1.000      0.000    999.000    999.000
    Q67_2              1.028      0.054     19.065      0.000
    Q67_3              1.209      0.055     21.877      0.000
    Q67_4              0.981      0.051     19.338      0.000
    Q67_5              0.998      0.062     16.078      0.000

 ANTI     WITH
    DOG                0.000      0.000    999.000    999.000

 POP      WITH
    DOG                0.000      0.000    999.000    999.000
    ANTI               0.000      0.000    999.000    999.000

 Means
    DOG                0.035      0.040      0.872      0.383
    ANTI               0.634      0.067      9.403      0.000
    POP               -0.447      0.132     -3.380      0.001

 Intercepts
    Q76_1              0.000      0.000    999.000    999.000
    Q76_2              0.000      0.000    999.000    999.000
    Q77_1              0.000      0.000    999.000    999.000
    Q77_2              0.000      0.000    999.000    999.000
    Q77_3              0.000      0.000    999.000    999.000
    Q67_1              0.000      0.000    999.000    999.000
    Q67_2              0.000      0.000    999.000    999.000
    Q67_3              0.000      0.000    999.000    999.000
    Q67_4              0.000      0.000    999.000    999.000
    Q67_5              0.000      0.000    999.000    999.000

 Variances
    DOG                0.000      0.000    999.000    999.000
    ANTI               0.000      0.000    999.000    999.000
    POP                0.000      0.000    999.000    999.000

 Residual Variances
    Q76_1              0.457      0.142      3.221      0.001
    Q76_2              0.595      0.057     10.442      0.000
    Q77_1              0.952      0.028     33.561      0.000
    Q77_2              0.848      0.035     24.528      0.000
    Q77_3              0.990      0.043     23.089      0.000
    Q67_1              0.588      0.032     18.576      0.000
    Q67_2              0.575      0.037     15.329      0.000
    Q67_3              0.431      0.034     12.668      0.000
    Q67_4              0.599      0.030     20.032      0.000
    Q67_5              0.620      0.035     17.791      0.000

Latent Class 4

 DOG      BY
    Q77_1              1.000      0.000    999.000    999.000
    Q77_2              1.981      0.263      7.532      0.000
    Q77_3              1.225      0.226      5.419      0.000

 ANTI     BY
    Q76_1              1.000      0.000    999.000    999.000
    Q76_2              0.848      0.166      5.104      0.000

 POP      BY
    Q67_1              1.000      0.000    999.000    999.000
    Q67_2              1.028      0.054     19.065      0.000
    Q67_3              1.209      0.055     21.877      0.000
    Q67_4              0.981      0.051     19.338      0.000
    Q67_5              0.998      0.062     16.078      0.000

 ANTI     WITH
    DOG                0.000      0.000    999.000    999.000

 POP      WITH
    DOG                0.000      0.000    999.000    999.000
    ANTI               0.000      0.000    999.000    999.000

 Means
    DOG               -0.046      0.082     -0.565      0.572
    ANTI              -0.279      0.416     -0.670      0.503
    POP                0.292      0.048      6.073      0.000

 Intercepts
    Q76_1              0.000      0.000    999.000    999.000
    Q76_2              0.000      0.000    999.000    999.000
    Q77_1              0.000      0.000    999.000    999.000
    Q77_2              0.000      0.000    999.000    999.000
    Q77_3              0.000      0.000    999.000    999.000
    Q67_1              0.000      0.000    999.000    999.000
    Q67_2              0.000      0.000    999.000    999.000
    Q67_3              0.000      0.000    999.000    999.000
    Q67_4              0.000      0.000    999.000    999.000
    Q67_5              0.000      0.000    999.000    999.000

 Variances
    DOG                0.000      0.000    999.000    999.000
    ANTI               0.000      0.000    999.000    999.000
    POP                0.000      0.000    999.000    999.000

 Residual Variances
    Q76_1              0.457      0.142      3.221      0.001
    Q76_2              0.595      0.057     10.442      0.000
    Q77_1              0.952      0.028     33.561      0.000
    Q77_2              0.848      0.035     24.528      0.000
    Q77_3              0.990      0.043     23.089      0.000
    Q67_1              0.588      0.032     18.576      0.000
    Q67_2              0.575      0.037     15.329      0.000
    Q67_3              0.431      0.034     12.668      0.000
    Q67_4              0.599      0.030     20.032      0.000
    Q67_5              0.620      0.035     17.791      0.000

Categorical Latent Variables

 Means
    C1#1              -0.034      0.549     -0.062      0.950
    C1#2              -0.098      0.346     -0.283      0.777
    C1#3              -0.032      0.628     -0.050      0.960


QUALITY OF NUMERICAL RESULTS

     Condition Number for the Information Matrix              0.629E-03
       (ratio of smallest to largest eigenvalue)


TECHNICAL 11 OUTPUT

     Random Starts Specifications for the k-1 Class Analysis Model
        Number of initial stage random starts                1000
        Number of final stage optimizations                   250



     VUONG-LO-MENDELL-RUBIN LIKELIHOOD RATIO TEST FOR 3 (H0) VERSUS 4 CLASSES

          H0 Loglikelihood Value                       -21063.207
          2 Times the Loglikelihood Difference            381.634
          Difference in the Number of Parameters                4
          Mean                                            315.316
          Standard Deviation                              459.274
          P-Value                                          0.2751

     LO-MENDELL-RUBIN ADJUSTED LRT TEST

          Value                                           369.144
          P-Value                                          0.2831


SAVEDATA INFORMATION


  Save file
    data_export_DOG_3_ANTI_POP_VLRT_var_lat=0_covariance=0_residuals=fixed_class

  Order and format of variables

    Q76_1          F10.3
    Q76_2          F10.3
    Q77_1          F10.3
    Q77_2          F10.3
    Q77_3          F10.3
    Q67_1          F10.3
    Q67_2          F10.3
    Q67_3          F10.3
    Q67_4          F10.3
    Q67_5          F10.3
    W_AGE_BE       F10.3
    RID            I7

  Save file format
    11F10.3 I7

  Save file record length    10000


     Beginning Time:  22:53:59
        Ending Time:  23:08:10
       Elapsed Time:  00:14:11



MUTHEN & MUTHEN
3463 Stoner Ave.
Los Angeles, CA  90066

Tel: (310) 391-9971
Fax: (310) 391-8971
Web: www.StatModel.com
Support: Support@StatModel.com

Copyright (c) 1998-2019 Muthen & Muthen
