Mplus VERSION 8.4 (Mac)
MUTHEN & MUTHEN
01/26/2022   5:03 AM

INPUT INSTRUCTIONS

  TITLE:
  DOG_3_ANTI_POP_VLRT_var_lat=0_covariance=0_residuals=fixed_classes=9;
  DATA:
  FILE = "DOG_3_ANTI_POP_VLRT_var_lat=0_covariance=0_residuals=fixed_classes=9.dat";

  VARIABLE:
  NAMES = rid w_age_bel q76_1 q76_2 q77_1 q77_2 q77_3 q67_1 q67_2 q67_3 q67_4 q67_5;
   MISSING=.;
   USEVARIABLES = rid w_age_bel
  q76_1 q76_2 q77_1 q77_2 q77_3
  q67_1 q67_2 q67_3 q67_4 q67_5
  ;
  WEIGHT=w_age_bel;
  IDVARIABLE IS rid;
                            CLASSES=c1(
  9
  );
  ANALYSIS:
  TYPE = MIXTURE;
  STARTS = 1000 250 0;
  !lrtstarts = 0 0 600 125;
  !LRTBOOTSTRAP = 40;
  STITERATIONS=25;
               ESTIMATOR = MLR;
               PROCESSORS = 8;
  MODEL:

  %OVERALL%
  !!! dogmatism !!!
  DOG BY Q77_1 q77_2 Q77_3;
  !!! antagonism !!!
  ANTI BY q76_1 q76_2;
  !!! populism !!!
  POP BY Q67_1 Q67_2 Q67_3 Q67_4 Q67_5;



  !!!!!!!!
  %c1#1%
  !!!!!!!!

  !!!! Means LV !!!!
  [POP](MPOP1);
  [ANTI](MANTI1);
  [DOG](MDOG1);
  !!!! Variances LV !!!!
  POP@0;
  ANTI@0;
  DOG@0;
  !!!! Covariances LV !!!!
  POP WITH ANTI@0;
  POP WITH DOG@0;
  ANTI WITH DOG@0;
  !!!! Residuals LV !!!!
  Q77_1(VQ77_1);
  Q77_2(VQ77_2);
  Q77_3(VQ77_3);
  Q76_1(VQ76_1);
  Q76_2(VQ76_2);
  Q67_1(VQ67_1);
  Q67_2(VQ67_2);
  Q67_3(VQ67_3);
  Q67_4(VQ67_4);
  Q67_5(VQ67_5);
  !!!! Intercepts manifest !!!!
  [Q77_1@0](intQ77101);
  [Q77_2@0](intQ77201);
  [Q77_3@0](intQ77301);
  [Q76_1@0](intQ76101);
  [Q76_2@0](intQ76201);
  [Q67_1@0](intQ67101);
  [Q67_2@0](intQ67201);
  [Q67_3@0](intQ67301);
  [Q67_4@0](intQ67401);
  [Q67_5@0](intQ67501);

  !!!!!!!!
  %c1#2%
  !!!!!!!!

  !!!! Means LV !!!!
  [POP](MPOP2);
  [ANTI](MANTI2);
  [DOG](MDOG2);
  !!!! Variances LV !!!!
  POP@0;
  ANTI@0;
  DOG@0;
  !!!! Covariances LV !!!!
  POP WITH ANTI@0;
  POP WITH DOG@0;
  ANTI WITH DOG@0;
  !!!! Residuals LV !!!!
  Q77_1(VQ77_1);
  Q77_2(VQ77_2);
  Q77_3(VQ77_3);
  Q76_1(VQ76_1);
  Q76_2(VQ76_2);
  Q67_1(VQ67_1);
  Q67_2(VQ67_2);
  Q67_3(VQ67_3);
  Q67_4(VQ67_4);
  Q67_5(VQ67_5);
  !!!! Intercepts manifest !!!!
  [Q77_1@0](intQ77102);
  [Q77_2@0](intQ77202);
  [Q77_3@0](intQ77302);
  [Q76_1@0](intQ76102);
  [Q76_2@0](intQ76202);
  [Q67_1@0](intQ67102);
  [Q67_2@0](intQ67202);
  [Q67_3@0](intQ67302);
  [Q67_4@0](intQ67402);
  [Q67_5@0](intQ67502);

  !!!!!!!!
  %c1#3%
  !!!!!!!!

  !!!! Means LV !!!!
  [POP](MPOP3);
  [ANTI](MANTI3);
  [DOG](MDOG3);
  !!!! Variances LV !!!!
  POP@0;
  ANTI@0;
  DOG@0;
  !!!! Covariances LV !!!!
  POP WITH ANTI@0;
  POP WITH DOG@0;
  ANTI WITH DOG@0;
  !!!! Residuals LV !!!!
  Q77_1(VQ77_1);
  Q77_2(VQ77_2);
  Q77_3(VQ77_3);
  Q76_1(VQ76_1);
  Q76_2(VQ76_2);
  Q67_1(VQ67_1);
  Q67_2(VQ67_2);
  Q67_3(VQ67_3);
  Q67_4(VQ67_4);
  Q67_5(VQ67_5);
  !!!! Intercepts manifest !!!!
  [Q77_1@0](intQ77103);
  [Q77_2@0](intQ77203);
  [Q77_3@0](intQ77303);
  [Q76_1@0](intQ76103);
  [Q76_2@0](intQ76203);
  [Q67_1@0](intQ67103);
  [Q67_2@0](intQ67203);
  [Q67_3@0](intQ67303);
  [Q67_4@0](intQ67403);
  [Q67_5@0](intQ67503);

  !!!!!!!!
  %c1#4%
  !!!!!!!!

  !!!! Means LV !!!!
  [POP](MPOP4);
  [ANTI](MANTI4);
  [DOG](MDOG4);
  !!!! Variances LV !!!!
  POP@0;
  ANTI@0;
  DOG@0;
  !!!! Covariances LV !!!!
  POP WITH ANTI@0;
  POP WITH DOG@0;
  ANTI WITH DOG@0;
  !!!! Residuals LV !!!!
  Q77_1(VQ77_1);
  Q77_2(VQ77_2);
  Q77_3(VQ77_3);
  Q76_1(VQ76_1);
  Q76_2(VQ76_2);
  Q67_1(VQ67_1);
  Q67_2(VQ67_2);
  Q67_3(VQ67_3);
  Q67_4(VQ67_4);
  Q67_5(VQ67_5);
  !!!! Intercepts manifest !!!!
  [Q77_1@0](intQ77104);
  [Q77_2@0](intQ77204);
  [Q77_3@0](intQ77304);
  [Q76_1@0](intQ76104);
  [Q76_2@0](intQ76204);
  [Q67_1@0](intQ67104);
  [Q67_2@0](intQ67204);
  [Q67_3@0](intQ67304);
  [Q67_4@0](intQ67404);
  [Q67_5@0](intQ67504);

  !!!!!!!!
  %c1#5%
  !!!!!!!!

  !!!! Means LV !!!!
  [POP](MPOP5);
  [ANTI](MANTI5);
  [DOG](MDOG5);
  !!!! Variances LV !!!!
  POP@0;
  ANTI@0;
  DOG@0;
  !!!! Covariances LV !!!!
  POP WITH ANTI@0;
  POP WITH DOG@0;
  ANTI WITH DOG@0;
  !!!! Residuals LV !!!!
  Q77_1(VQ77_1);
  Q77_2(VQ77_2);
  Q77_3(VQ77_3);
  Q76_1(VQ76_1);
  Q76_2(VQ76_2);
  Q67_1(VQ67_1);
  Q67_2(VQ67_2);
  Q67_3(VQ67_3);
  Q67_4(VQ67_4);
  Q67_5(VQ67_5);
  !!!! Intercepts manifest !!!!
  [Q77_1@0](intQ77105);
  [Q77_2@0](intQ77205);
  [Q77_3@0](intQ77305);
  [Q76_1@0](intQ76105);
  [Q76_2@0](intQ76205);
  [Q67_1@0](intQ67105);
  [Q67_2@0](intQ67205);
  [Q67_3@0](intQ67305);
  [Q67_4@0](intQ67405);
  [Q67_5@0](intQ67505);

  !!!!!!!!
  %c1#6%
  !!!!!!!!

  !!!! Means LV !!!!
  [POP](MPOP6);
  [ANTI](MANTI6);
  [DOG](MDOG6);
  !!!! Variances LV !!!!
  POP@0;
  ANTI@0;
  DOG@0;
  !!!! Covariances LV !!!!
  POP WITH ANTI@0;
  POP WITH DOG@0;
  ANTI WITH DOG@0;
  !!!! Residuals LV !!!!
  Q77_1(VQ77_1);
  Q77_2(VQ77_2);
  Q77_3(VQ77_3);
  Q76_1(VQ76_1);
  Q76_2(VQ76_2);
  Q67_1(VQ67_1);
  Q67_2(VQ67_2);
  Q67_3(VQ67_3);
  Q67_4(VQ67_4);
  Q67_5(VQ67_5);
  !!!! Intercepts manifest !!!!
  [Q77_1@0](intQ77106);
  [Q77_2@0](intQ77206);
  [Q77_3@0](intQ77306);
  [Q76_1@0](intQ76106);
  [Q76_2@0](intQ76206);
  [Q67_1@0](intQ67106);
  [Q67_2@0](intQ67206);
  [Q67_3@0](intQ67306);
  [Q67_4@0](intQ67406);
  [Q67_5@0](intQ67506);

  !!!!!!!!
  %c1#7%
  !!!!!!!!

  !!!! Means LV !!!!
  [POP](MPOP7);
  [ANTI](MANTI7);
  [DOG](MDOG7);
  !!!! Variances LV !!!!
  POP@0;
  ANTI@0;
  DOG@0;
  !!!! Covariances LV !!!!
  POP WITH ANTI@0;
  POP WITH DOG@0;
  ANTI WITH DOG@0;
  !!!! Residuals LV !!!!
  Q77_1(VQ77_1);
  Q77_2(VQ77_2);
  Q77_3(VQ77_3);
  Q76_1(VQ76_1);
  Q76_2(VQ76_2);
  Q67_1(VQ67_1);
  Q67_2(VQ67_2);
  Q67_3(VQ67_3);
  Q67_4(VQ67_4);
  Q67_5(VQ67_5);
  !!!! Intercepts manifest !!!!
  [Q77_1@0](intQ77107);
  [Q77_2@0](intQ77207);
  [Q77_3@0](intQ77307);
  [Q76_1@0](intQ76107);
  [Q76_2@0](intQ76207);
  [Q67_1@0](intQ67107);
  [Q67_2@0](intQ67207);
  [Q67_3@0](intQ67307);
  [Q67_4@0](intQ67407);
  [Q67_5@0](intQ67507);

  !!!!!!!!
  %c1#8%
  !!!!!!!!

  !!!! Means LV !!!!
  [POP](MPOP8);
  [ANTI](MANTI8);
  [DOG](MDOG8);
  !!!! Variances LV !!!!
  POP@0;
  ANTI@0;
  DOG@0;
  !!!! Covariances LV !!!!
  POP WITH ANTI@0;
  POP WITH DOG@0;
  ANTI WITH DOG@0;
  !!!! Residuals LV !!!!
  Q77_1(VQ77_1);
  Q77_2(VQ77_2);
  Q77_3(VQ77_3);
  Q76_1(VQ76_1);
  Q76_2(VQ76_2);
  Q67_1(VQ67_1);
  Q67_2(VQ67_2);
  Q67_3(VQ67_3);
  Q67_4(VQ67_4);
  Q67_5(VQ67_5);
  !!!! Intercepts manifest !!!!
  [Q77_1@0](intQ77108);
  [Q77_2@0](intQ77208);
  [Q77_3@0](intQ77308);
  [Q76_1@0](intQ76108);
  [Q76_2@0](intQ76208);
  [Q67_1@0](intQ67108);
  [Q67_2@0](intQ67208);
  [Q67_3@0](intQ67308);
  [Q67_4@0](intQ67408);
  [Q67_5@0](intQ67508);

  !!!!!!!!
  %c1#9%
  !!!!!!!!

  !!!! Means LV !!!!
  [POP](MPOP9);
  [ANTI](MANTI9);
  [DOG](MDOG9);
  !!!! Variances LV !!!!
  POP@0;
  ANTI@0;
  DOG@0;
  !!!! Covariances LV !!!!
  POP WITH ANTI@0;
  POP WITH DOG@0;
  ANTI WITH DOG@0;
  !!!! Residuals LV !!!!
  Q77_1(VQ77_1);
  Q77_2(VQ77_2);
  Q77_3(VQ77_3);
  Q76_1(VQ76_1);
  Q76_2(VQ76_2);
  Q67_1(VQ67_1);
  Q67_2(VQ67_2);
  Q67_3(VQ67_3);
  Q67_4(VQ67_4);
  Q67_5(VQ67_5);
  !!!! Intercepts manifest !!!!
  [Q77_1@0](intQ77109);
  [Q77_2@0](intQ77209);
  [Q77_3@0](intQ77309);
  [Q76_1@0](intQ76109);
  [Q76_2@0](intQ76209);
  [Q67_1@0](intQ67109);
  [Q67_2@0](intQ67209);
  [Q67_3@0](intQ67309);
  [Q67_4@0](intQ67409);
  [Q67_5@0](intQ67509);
  OUTPUT:
  TECH11 TECH14;
  SAVEDATA:
  FILE IS data_export_DOG_3_ANTI_POP_VLRT_var_lat=0_covariance=0_residuals=fixed_classes=9.d
  SAVE=fscores CPROB;



*** WARNING
  Input line exceeded 90 characters. Some input may be truncated.
  FILE IS data_export_DOG_3_ANTI_POP_VLRT_var_lat=0_covariance=0_residuals=fixed_classes=9.da
*** WARNING in OUTPUT command
  TECH14 option is not available for TYPE=MIXTURE with weights.
  Request for TECH14 is ignored.
   2 WARNING(S) FOUND IN THE INPUT INSTRUCTIONS




DOG_3_ANTI_POP_VLRT_var_lat=0_covariance=0_residuals=fixed_classes=9;

SUMMARY OF ANALYSIS

Number of groups                                                 1
Number of observations                                        1618

Number of dependent variables                                   10
Number of independent variables                                  0
Number of continuous latent variables                            3
Number of categorical latent variables                           1

Observed dependent variables

  Continuous
   Q76_1       Q76_2       Q77_1       Q77_2       Q77_3       Q67_1
   Q67_2       Q67_3       Q67_4       Q67_5

Continuous latent variables
   DOG         ANTI        POP

Categorical latent variables
   C1

Variables with special functions

  Weight variable       W_AGE_BE
  ID variable           RID

Estimator                                                      MLR
Information matrix                                        OBSERVED
Optimization Specifications for the Quasi-Newton Algorithm for
Continuous Outcomes
  Maximum number of iterations                                 100
  Convergence criterion                                  0.100D-05
Optimization Specifications for the EM Algorithm
  Maximum number of iterations                                 500
  Convergence criteria
    Loglikelihood change                                 0.100D-06
    Relative loglikelihood change                        0.100D-06
    Derivative                                           0.100D-05
Optimization Specifications for the M step of the EM Algorithm for
Categorical Latent variables
  Number of M step iterations                                    1
  M step convergence criterion                           0.100D-05
  Basis for M step termination                           ITERATION
Optimization Specifications for the M step of the EM Algorithm for
Censored, Binary or Ordered Categorical (Ordinal), Unordered
Categorical (Nominal) and Count Outcomes
  Number of M step iterations                                    1
  M step convergence criterion                           0.100D-05
  Basis for M step termination                           ITERATION
  Maximum value for logit thresholds                            15
  Minimum value for logit thresholds                           -15
  Minimum expected cell size for chi-square              0.100D-01
Maximum number of iterations for H1                           2000
Convergence criterion for H1                             0.100D-03
Optimization algorithm                                         EMA
Random Starts Specifications
  Number of initial stage random starts                       1000
  Number of final stage optimizations                          250
  Number of initial stage iterations                            25
  Initial stage convergence criterion                    0.100D+01
  Random starts scale                                    0.500D+01
  Random seed for generating random starts                       0

Input data file(s)
  DOG_3_ANTI_POP_VLRT_var_lat=0_covariance=0_residuals=fixed_classes=9.dat
Input data format  FREE


SUMMARY OF DATA

     Number of missing data patterns            36
     Number of y missing data patterns          36
     Number of u missing data patterns           0


COVARIANCE COVERAGE OF DATA

Minimum covariance coverage value   0.100


     PROPORTION OF DATA PRESENT FOR Y


           Covariance Coverage
              Q76_1         Q76_2         Q77_1         Q77_2         Q77_3
              ________      ________      ________      ________      ________
 Q76_1          0.984
 Q76_2          0.978         0.985
 Q77_1          0.974         0.977         0.986
 Q77_2          0.975         0.977         0.979         0.990
 Q77_3          0.980         0.982         0.985         0.989         0.996
 Q67_1          0.979         0.980         0.980         0.984         0.990
 Q67_2          0.980         0.981         0.981         0.985         0.991
 Q67_3          0.978         0.980         0.980         0.985         0.990
 Q67_4          0.976         0.977         0.978         0.981         0.987
 Q67_5          0.979         0.981         0.980         0.984         0.990


           Covariance Coverage
              Q67_1         Q67_2         Q67_3         Q67_4         Q67_5
              ________      ________      ________      ________      ________
 Q67_1          0.993
 Q67_2          0.990         0.994
 Q67_3          0.989         0.990         0.993
 Q67_4          0.985         0.986         0.985         0.989
 Q67_5          0.988         0.989         0.989         0.985         0.993



UNIVARIATE SAMPLE STATISTICS


     UNIVARIATE HIGHER-ORDER MOMENT DESCRIPTIVE STATISTICS

         Variable/         Mean/     Skewness/   Minimum/ % with                Percentiles
        Sample Size      Variance    Kurtosis    Maximum  Min/Max      20%/60%    40%/80%    Median

     Q76_1                 0.038      -0.183      -2.175    3.27%      -1.181     -0.188     -0.188
            1592.000       0.991      -0.787       1.799    7.47%       0.806      0.806
     Q76_2                 0.040      -0.337      -2.283    3.14%      -1.314     -0.344      0.625
            1594.000       0.978      -0.634       1.595   11.54%       0.625      0.625
     Q77_1                 0.035      -0.124      -2.117    3.57%      -1.084     -0.052     -0.052
            1596.000       0.993      -0.876       2.013    3.88%      -0.052      0.981
     Q77_2                 0.036       0.457      -1.542   11.30%      -0.533     -0.533     -0.533
            1602.000       1.008      -0.563       2.493    2.37%       0.475      1.484
     Q77_3                 0.022       0.770      -1.346   20.29%      -1.346     -0.138     -0.138
            1612.000       1.052       0.559       3.488    0.68%      -0.138      1.071
     Q67_1                 0.049       0.073      -1.922    4.48%      -0.954      0.014      0.014
            1607.000       0.991      -0.947       1.949    5.97%       0.014      0.982
     Q67_2                 0.051       0.002      -2.053    3.73%      -1.043     -0.034     -0.034
            1609.000       1.001      -0.854       1.985    5.53%      -0.034      0.976
     Q67_3                 0.055       0.383      -1.676    8.40%      -0.669     -0.669     -0.669
            1607.000       1.020      -0.534       2.350    3.92%       0.337      1.343
     Q67_4                 0.061       0.074      -1.888    5.69%      -0.897     -0.897      0.094
            1600.000       0.985      -0.835       2.077    4.44%       0.094      1.085
     Q67_5                 0.042       0.366      -1.601   11.58%      -0.563     -0.563     -0.563
            1606.000       1.022      -0.423       2.550    2.43%       0.474      0.474

RANDOM STARTS RESULTS RANKED FROM THE BEST TO THE WORST LOGLIKELIHOOD VALUES

Final stage loglikelihood values at local maxima, seeds, and initial stage start numbers:

          -20424.176  947714           573
          -20424.176  232226           235
          -20424.176  391368           802
          -20424.176  462821           745
          -20424.176  179022           687
          -20424.176  761302           744
          -20424.176  576726           280
          -20441.021  188640           451
          -20443.120  197223           332
          -20443.120  775881           778
          -20448.656  608496           4
          -20448.656  284716           713
          -20451.175  77210            712
          -20452.444  39810            966
          -20452.444  195763           358
          -20454.689  35191            703
          -20454.689  499347           881
          -20459.762  29591            633
          -20462.507  329127           185
          -20481.030  691234           250
          -20481.030  327140           678
          -20487.775  638977           643
          -20493.633  177175           851
          -20536.313  459221           652
          -20536.313  535063           329
          -20536.313  114433           708
          -20536.313  562716           300
          -20536.313  561664           392
          -20559.696  96617            955
          -20587.438  772131           407
          -20587.438  134830           780
          -20605.736  50983            834
          -20605.736  570681           777
          -20605.736  752769           253
          -20605.736  605358           321
          -20605.736  438144           271
          -20605.736  424223           900
          -20605.736  963053           43
          -20605.736  851945           18
          -20605.736  3307             735
          -20605.736  805768           879
          -20605.736  872743           374
          -20605.736  292884           103
          -20605.736  848969           173
          -20605.736  869564           869
          -20605.736  875667           367
          -20666.303  172913           557
          -20666.303  86651            993
          -20666.303  318177           748
          -20694.997  695155           150
          -20703.948  945065           255
          -20720.561  486646           586
          -20739.487  81117            305
          -20739.487  752476           614
          -20739.487  798839           312
          -20739.487  581196           921
          -20739.487  798821           423
          -20739.487  462953           7
          -20739.487  12477            155
          -20739.487  626208           698
          -20739.487  461687           833
          -20739.487  278661           674
          -20739.487  405079           68
          -20739.487  241299           912
          -20739.487  520177           262
          -20739.487  364676           27
          -20739.487  845580           805
          -20739.487  752148           822
          -20739.487  758647           951
          -20739.487  535303           923
          -20739.487  551340           766
          -20739.487  913639           162
          -20739.487  238906           430
          -20739.487  823392           479
          -20739.487  27071            15
          -20739.487  383979           603
          -20739.487  123985           248
          -20739.487  59963            670
          -20739.487  529496           343
          -20739.487  793487           595
          -20739.487  193847           354
          -20739.487  931558           898
          -20739.487  789985           67
          -20739.487  971853           402
          -20739.487  462662           872
          -20739.487  276102           599
          -20739.487  534483           290
          -20739.487  778953           635
          -20739.487  212934           568
          -20739.487  777492           972
          -20739.487  471040           403
          -20739.487  966603           919
          -20739.487  685268           596
          -20739.487  663090           906
          -20739.487  343926           624
          -20739.487  319144           176
          -20739.487  686482           215
          -20739.487  425929           508
          -20739.487  944186           541
          -20739.487  579138           706
          -20739.487  751153           110
          -20739.487  671390           814
          -20739.487  502495           724
          -20750.092  745972           521
          -20750.092  68850            462
          -20750.092  42523            730
          -20750.092  354395           486
          -20750.092  227563           63
          -20750.092  741888           138
          -20750.092  414828           322
          -20750.092  714455           476
          -20750.092  897782           545
          -20750.092  161421           519
          -20750.092  404426           344
          -20750.092  440395           917
          -20750.092  408713           450
          -20750.092  742609           531
          -20764.756  67009            564
          -20764.756  358488           264
          -20764.756  421731           886
          -20764.756  345974           622
          -20764.756  373815           618
          -20764.756  228459           947
          -20764.756  78862            529
          -20764.756  990504           827
          -20764.756  268217           83
          -20764.756  995249           525
          -20764.756  792993           859
          -20764.756  888905           444
          -20764.756  793035           187
          -20764.756  536551           696
          -20863.735  316165           299
          -20871.980  345726           461
          -20872.390  626891           32
          -20872.390  260953           589
          -20872.390  848331           137
          -20872.390  66276            217
          -20872.390  673496           218
          -20872.390  563584           657
          -20872.390  686384           690
          -20872.390  313306           612
          -20872.390  717754           180
          -20872.390  475419           987
          -20872.390  499150           216
          -20872.390  860029           760
          -20872.390  484687           306
          -20872.390  202790           198
          -20872.390  879211           453
          -20872.390  319575           499
          -20872.390  392407           221
          -20872.390  879338           309
          -20872.390  518828           432
          -20872.390  120506           45
          -20872.390  726035           191
          -20872.390  312587           775
          -20872.390  467561           819
          -20872.390  125727           899
          -20872.390  93468            3
          -20872.390  216565           474
          -20872.390  155749           960
          -20872.390  175199           247
          -20872.390  155622           507
          -20872.390  903420           5
          -20872.390  47719            962
          -20872.390  321390           133
          -20872.390  790452           303
          -20872.390  259507           53
          -20872.390  130541           896
          -20872.390  824956           607
          -20872.390  712702           684
          -20872.390  563002           360
          -20872.390  488581           688
          -20872.390  282464           283
          -20872.390  476295           969
          -20872.390  535804           111
          -20880.342  960438           116
          -20880.342  84013            598
          -20880.342  662718           460
          -20880.342  311214           64
          -20901.002  194143           510
          -20929.979  399380           436
          -20929.979  527050           948
          -20931.635  631413           439
          -20945.536  788796           145
          -20945.536  79945            395
          -20945.536  783110           72
          -20945.536  726744           939
          -20945.536  760878           249
          -20945.536  369602           146
          -20945.536  246261           38
          -20945.536  86698            893
          -20945.536  853195           431
          -20945.536  937225           394
          -20945.536  131063           843
          -20945.536  985387           381
          -20945.536  298201           903
          -20945.536  30098            209
          -20945.536  167409           772
          -20945.536  432513           803
          -20945.536  654136           167
          -20945.536  476498           179
          -20945.536  51375            148
          -20945.536  74518            927
          -20945.536  509733           130
          -20945.536  988761           475
          -20945.536  876056           1000

44 perturbed starting value run(s) did not converge.



THE BEST LOGLIKELIHOOD VALUE HAS BEEN REPLICATED.  RERUN WITH AT LEAST TWICE THE
RANDOM STARTS TO CHECK THAT THE BEST LOGLIKELIHOOD IS STILL OBTAINED AND REPLICATED.


THE MODEL ESTIMATION TERMINATED NORMALLY



MODEL FIT INFORMATION

Number of Free Parameters                       52

Loglikelihood

          H0 Value                      -20424.176
          H0 Scaling Correction Factor      1.7331
            for MLR

Information Criteria

          Akaike (AIC)                   40952.353
          Bayesian (BIC)                 41232.578
          Sample-Size Adjusted BIC       41067.383
            (n* = (n + 2) / 24)



FINAL CLASS COUNTS AND PROPORTIONS FOR THE LATENT CLASSES
BASED ON THE ESTIMATED MODEL

    Latent
   Classes

       1        173.28243          0.10710
       2        297.06783          0.18360
       3        201.07594          0.12427
       4         31.55375          0.01950
       5        132.04960          0.08161
       6        298.48381          0.18448
       7         29.65335          0.01833
       8        244.87619          0.15134
       9        209.95711          0.12976


FINAL CLASS COUNTS AND PROPORTIONS FOR THE LATENT CLASSES
BASED ON ESTIMATED POSTERIOR PROBABILITIES

    Latent
   Classes

       1        173.28243          0.10710
       2        297.06783          0.18360
       3        201.07594          0.12427
       4         31.55375          0.01950
       5        132.04960          0.08161
       6        298.48381          0.18448
       7         29.65335          0.01833
       8        244.87619          0.15134
       9        209.95711          0.12976


FINAL CLASS COUNTS AND PROPORTIONS FOR THE LATENT CLASSES
BASED ON THEIR MOST LIKELY LATENT CLASS MEMBERSHIP

Class Counts and Proportions

    Latent
   Classes

       1              175          0.10822
       2              312          0.19275
       3              180          0.11133
       4               32          0.01947
       5              129          0.07998
       6              299          0.18500
       7               25          0.01542
       8              259          0.16001
       9              207          0.12782


CLASSIFICATION QUALITY

     Entropy                         0.778


Classification Probabilities for the Most Likely Latent Class Membership (Column)
by Latent Class (Row)

           1        2        3        4        5        6        7        8        9

    1   0.858    0.000    0.000    0.005    0.000    0.000    0.000    0.083    0.054
    2   0.000    0.811    0.039    0.000    0.029    0.067    0.004    0.033    0.016
    3   0.001    0.090    0.710    0.000    0.003    0.067    0.000    0.056    0.072
    4   0.020    0.005    0.000    0.906    0.000    0.000    0.000    0.000    0.069
    5   0.000    0.054    0.003    0.000    0.787    0.027    0.002    0.127    0.000
    6   0.000    0.077    0.030    0.000    0.016    0.872    0.003    0.001    0.000
    7   0.000    0.146    0.000    0.000    0.026    0.063    0.764    0.000    0.000
    8   0.075    0.027    0.022    0.000    0.043    0.000    0.000    0.798    0.035
    9   0.035    0.056    0.052    0.010    0.000    0.000    0.000    0.051    0.797



Logits for the Classification Probabilities for the Most Likely Latent Class Membership (Column)
by Latent Class (Row)

              1        2        3        4        5        6        7        8        9

    1      2.766   -8.078   -5.031   -2.420   -8.912  -10.896  -10.896    0.433    0.000
    2     -6.929    3.896    0.853   -9.710    0.577    1.401   -1.479    0.708    0.000
    3     -4.344    0.220    2.286  -11.188   -3.219   -0.072  -11.188   -0.249    0.000
    4     -1.223   -2.652   -8.860    2.582  -11.135  -11.135  -11.135   -6.083    0.000
    5     -0.033    7.283    4.451   -3.605    9.971    6.615    4.041    8.147    0.000
    6     -2.551    8.698    7.766   -2.551    7.149   11.128    5.441    4.726    0.000
    7      0.000   11.894    0.000    0.000   10.172   11.046   13.547    5.802    0.000
    8      0.761   -0.274   -0.449   -8.981    0.210   -4.433  -10.463    3.127    0.000
    9     -3.131   -2.655   -2.738   -4.388  -10.893  -10.949  -13.588   -2.752    0.000



MODEL RESULTS

                                                    Two-Tailed
                    Estimate       S.E.  Est./S.E.    P-Value

Latent Class 1

 DOG      BY
    Q77_1              1.000      0.000    999.000    999.000
    Q77_2              2.207      0.155     14.202      0.000
    Q77_3              1.118      0.123      9.072      0.000

 ANTI     BY
    Q76_1              1.000      0.000    999.000    999.000
    Q76_2              1.000      0.148      6.747      0.000

 POP      BY
    Q67_1              1.000      0.000    999.000    999.000
    Q67_2              1.056      0.048     22.165      0.000
    Q67_3              1.172      0.051     23.141      0.000
    Q67_4              0.983      0.047     20.985      0.000
    Q67_5              0.964      0.059     16.257      0.000

 ANTI     WITH
    DOG                0.000      0.000    999.000    999.000

 POP      WITH
    DOG                0.000      0.000    999.000    999.000
    ANTI               0.000      0.000    999.000    999.000

 Means
    DOG                0.650      0.066      9.901      0.000
    ANTI               0.689      0.090      7.684      0.000
    POP                1.054      0.074     14.249      0.000

 Intercepts
    Q76_1              0.000      0.000    999.000    999.000
    Q76_2              0.000      0.000    999.000    999.000
    Q77_1              0.000      0.000    999.000    999.000
    Q77_2              0.000      0.000    999.000    999.000
    Q77_3              0.000      0.000    999.000    999.000
    Q67_1              0.000      0.000    999.000    999.000
    Q67_2              0.000      0.000    999.000    999.000
    Q67_3              0.000      0.000    999.000    999.000
    Q67_4              0.000      0.000    999.000    999.000
    Q67_5              0.000      0.000    999.000    999.000

 Variances
    DOG                0.000      0.000    999.000    999.000
    ANTI               0.000      0.000    999.000    999.000
    POP                0.000      0.000    999.000    999.000

 Residual Variances
    Q76_1              0.548      0.064      8.554      0.000
    Q76_2              0.536      0.073      7.306      0.000
    Q77_1              0.856      0.028     30.684      0.000
    Q77_2              0.340      0.021     16.025      0.000
    Q77_3              0.880      0.041     21.714      0.000
    Q67_1              0.533      0.033     16.049      0.000
    Q67_2              0.491      0.032     15.157      0.000
    Q67_3              0.392      0.031     12.761      0.000
    Q67_4              0.544      0.027     20.253      0.000
    Q67_5              0.598      0.034     17.684      0.000

Latent Class 2

 DOG      BY
    Q77_1              1.000      0.000    999.000    999.000
    Q77_2              2.207      0.155     14.202      0.000
    Q77_3              1.118      0.123      9.072      0.000

 ANTI     BY
    Q76_1              1.000      0.000    999.000    999.000
    Q76_2              1.000      0.148      6.747      0.000

 POP      BY
    Q67_1              1.000      0.000    999.000    999.000
    Q67_2              1.056      0.048     22.165      0.000
    Q67_3              1.172      0.051     23.141      0.000
    Q67_4              0.983      0.047     20.985      0.000
    Q67_5              0.964      0.059     16.257      0.000

 ANTI     WITH
    DOG                0.000      0.000    999.000    999.000

 POP      WITH
    DOG                0.000      0.000    999.000    999.000
    ANTI               0.000      0.000    999.000    999.000

 Means
    DOG               -0.260      0.032     -8.170      0.000
    ANTI               0.395      0.116      3.410      0.001
    POP               -0.376      0.066     -5.693      0.000

 Intercepts
    Q76_1              0.000      0.000    999.000    999.000
    Q76_2              0.000      0.000    999.000    999.000
    Q77_1              0.000      0.000    999.000    999.000
    Q77_2              0.000      0.000    999.000    999.000
    Q77_3              0.000      0.000    999.000    999.000
    Q67_1              0.000      0.000    999.000    999.000
    Q67_2              0.000      0.000    999.000    999.000
    Q67_3              0.000      0.000    999.000    999.000
    Q67_4              0.000      0.000    999.000    999.000
    Q67_5              0.000      0.000    999.000    999.000

 Variances
    DOG                0.000      0.000    999.000    999.000
    ANTI               0.000      0.000    999.000    999.000
    POP                0.000      0.000    999.000    999.000

 Residual Variances
    Q76_1              0.548      0.064      8.554      0.000
    Q76_2              0.536      0.073      7.306      0.000
    Q77_1              0.856      0.028     30.684      0.000
    Q77_2              0.340      0.021     16.025      0.000
    Q77_3              0.880      0.041     21.714      0.000
    Q67_1              0.533      0.033     16.049      0.000
    Q67_2              0.491      0.032     15.157      0.000
    Q67_3              0.392      0.031     12.761      0.000
    Q67_4              0.544      0.027     20.253      0.000
    Q67_5              0.598      0.034     17.684      0.000

Latent Class 3

 DOG      BY
    Q77_1              1.000      0.000    999.000    999.000
    Q77_2              2.207      0.155     14.202      0.000
    Q77_3              1.118      0.123      9.072      0.000

 ANTI     BY
    Q76_1              1.000      0.000    999.000    999.000
    Q76_2              1.000      0.148      6.747      0.000

 POP      BY
    Q67_1              1.000      0.000    999.000    999.000
    Q67_2              1.056      0.048     22.165      0.000
    Q67_3              1.172      0.051     23.141      0.000
    Q67_4              0.983      0.047     20.985      0.000
    Q67_5              0.964      0.059     16.257      0.000

 ANTI     WITH
    DOG                0.000      0.000    999.000    999.000

 POP      WITH
    DOG                0.000      0.000    999.000    999.000
    ANTI               0.000      0.000    999.000    999.000

 Means
    DOG               -0.217      0.044     -4.909      0.000
    ANTI              -0.697      0.138     -5.045      0.000
    POP                0.257      0.081      3.166      0.002

 Intercepts
    Q76_1              0.000      0.000    999.000    999.000
    Q76_2              0.000      0.000    999.000    999.000
    Q77_1              0.000      0.000    999.000    999.000
    Q77_2              0.000      0.000    999.000    999.000
    Q77_3              0.000      0.000    999.000    999.000
    Q67_1              0.000      0.000    999.000    999.000
    Q67_2              0.000      0.000    999.000    999.000
    Q67_3              0.000      0.000    999.000    999.000
    Q67_4              0.000      0.000    999.000    999.000
    Q67_5              0.000      0.000    999.000    999.000

 Variances
    DOG                0.000      0.000    999.000    999.000
    ANTI               0.000      0.000    999.000    999.000
    POP                0.000      0.000    999.000    999.000

 Residual Variances
    Q76_1              0.548      0.064      8.554      0.000
    Q76_2              0.536      0.073      7.306      0.000
    Q77_1              0.856      0.028     30.684      0.000
    Q77_2              0.340      0.021     16.025      0.000
    Q77_3              0.880      0.041     21.714      0.000
    Q67_1              0.533      0.033     16.049      0.000
    Q67_2              0.491      0.032     15.157      0.000
    Q67_3              0.392      0.031     12.761      0.000
    Q67_4              0.544      0.027     20.253      0.000
    Q67_5              0.598      0.034     17.684      0.000

Latent Class 4

 DOG      BY
    Q77_1              1.000      0.000    999.000    999.000
    Q77_2              2.207      0.155     14.202      0.000
    Q77_3              1.118      0.123      9.072      0.000

 ANTI     BY
    Q76_1              1.000      0.000    999.000    999.000
    Q76_2              1.000      0.148      6.747      0.000

 POP      BY
    Q67_1              1.000      0.000    999.000    999.000
    Q67_2              1.056      0.048     22.165      0.000
    Q67_3              1.172      0.051     23.141      0.000
    Q67_4              0.983      0.047     20.985      0.000
    Q67_5              0.964      0.059     16.257      0.000

 ANTI     WITH
    DOG                0.000      0.000    999.000    999.000

 POP      WITH
    DOG                0.000      0.000    999.000    999.000
    ANTI               0.000      0.000    999.000    999.000

 Means
    DOG               -0.348      0.090     -3.876      0.000
    ANTI               1.194      0.150      7.970      0.000
    POP                1.832      0.088     20.763      0.000

 Intercepts
    Q76_1              0.000      0.000    999.000    999.000
    Q76_2              0.000      0.000    999.000    999.000
    Q77_1              0.000      0.000    999.000    999.000
    Q77_2              0.000      0.000    999.000    999.000
    Q77_3              0.000      0.000    999.000    999.000
    Q67_1              0.000      0.000    999.000    999.000
    Q67_2              0.000      0.000    999.000    999.000
    Q67_3              0.000      0.000    999.000    999.000
    Q67_4              0.000      0.000    999.000    999.000
    Q67_5              0.000      0.000    999.000    999.000

 Variances
    DOG                0.000      0.000    999.000    999.000
    ANTI               0.000      0.000    999.000    999.000
    POP                0.000      0.000    999.000    999.000

 Residual Variances
    Q76_1              0.548      0.064      8.554      0.000
    Q76_2              0.536      0.073      7.306      0.000
    Q77_1              0.856      0.028     30.684      0.000
    Q77_2              0.340      0.021     16.025      0.000
    Q77_3              0.880      0.041     21.714      0.000
    Q67_1              0.533      0.033     16.049      0.000
    Q67_2              0.491      0.032     15.157      0.000
    Q67_3              0.392      0.031     12.761      0.000
    Q67_4              0.544      0.027     20.253      0.000
    Q67_5              0.598      0.034     17.684      0.000

Latent Class 5

 DOG      BY
    Q77_1              1.000      0.000    999.000    999.000
    Q77_2              2.207      0.155     14.202      0.000
    Q77_3              1.118      0.123      9.072      0.000

 ANTI     BY
    Q76_1              1.000      0.000    999.000    999.000
    Q76_2              1.000      0.148      6.747      0.000

 POP      BY
    Q67_1              1.000      0.000    999.000    999.000
    Q67_2              1.056      0.048     22.165      0.000
    Q67_3              1.172      0.051     23.141      0.000
    Q67_4              0.983      0.047     20.985      0.000
    Q67_5              0.964      0.059     16.257      0.000

 ANTI     WITH
    DOG                0.000      0.000    999.000    999.000

 POP      WITH
    DOG                0.000      0.000    999.000    999.000
    ANTI               0.000      0.000    999.000    999.000

 Means
    DOG                0.503      0.053      9.446      0.000
    ANTI               0.166      0.175      0.948      0.343
    POP               -0.569      0.076     -7.446      0.000

 Intercepts
    Q76_1              0.000      0.000    999.000    999.000
    Q76_2              0.000      0.000    999.000    999.000
    Q77_1              0.000      0.000    999.000    999.000
    Q77_2              0.000      0.000    999.000    999.000
    Q77_3              0.000      0.000    999.000    999.000
    Q67_1              0.000      0.000    999.000    999.000
    Q67_2              0.000      0.000    999.000    999.000
    Q67_3              0.000      0.000    999.000    999.000
    Q67_4              0.000      0.000    999.000    999.000
    Q67_5              0.000      0.000    999.000    999.000

 Variances
    DOG                0.000      0.000    999.000    999.000
    ANTI               0.000      0.000    999.000    999.000
    POP                0.000      0.000    999.000    999.000

 Residual Variances
    Q76_1              0.548      0.064      8.554      0.000
    Q76_2              0.536      0.073      7.306      0.000
    Q77_1              0.856      0.028     30.684      0.000
    Q77_2              0.340      0.021     16.025      0.000
    Q77_3              0.880      0.041     21.714      0.000
    Q67_1              0.533      0.033     16.049      0.000
    Q67_2              0.491      0.032     15.157      0.000
    Q67_3              0.392      0.031     12.761      0.000
    Q67_4              0.544      0.027     20.253      0.000
    Q67_5              0.598      0.034     17.684      0.000

Latent Class 6

 DOG      BY
    Q77_1              1.000      0.000    999.000    999.000
    Q77_2              2.207      0.155     14.202      0.000
    Q77_3              1.118      0.123      9.072      0.000

 ANTI     BY
    Q76_1              1.000      0.000    999.000    999.000
    Q76_2              1.000      0.148      6.747      0.000

 POP      BY
    Q67_1              1.000      0.000    999.000    999.000
    Q67_2              1.056      0.048     22.165      0.000
    Q67_3              1.172      0.051     23.141      0.000
    Q67_4              0.983      0.047     20.985      0.000
    Q67_5              0.964      0.059     16.257      0.000

 ANTI     WITH
    DOG                0.000      0.000    999.000    999.000

 POP      WITH
    DOG                0.000      0.000    999.000    999.000
    ANTI               0.000      0.000    999.000    999.000

 Means
    DOG               -0.278      0.029     -9.430      0.000
    ANTI              -1.059      0.055    -19.141      0.000
    POP               -0.690      0.049    -14.152      0.000

 Intercepts
    Q76_1              0.000      0.000    999.000    999.000
    Q76_2              0.000      0.000    999.000    999.000
    Q77_1              0.000      0.000    999.000    999.000
    Q77_2              0.000      0.000    999.000    999.000
    Q77_3              0.000      0.000    999.000    999.000
    Q67_1              0.000      0.000    999.000    999.000
    Q67_2              0.000      0.000    999.000    999.000
    Q67_3              0.000      0.000    999.000    999.000
    Q67_4              0.000      0.000    999.000    999.000
    Q67_5              0.000      0.000    999.000    999.000

 Variances
    DOG                0.000      0.000    999.000    999.000
    ANTI               0.000      0.000    999.000    999.000
    POP                0.000      0.000    999.000    999.000

 Residual Variances
    Q76_1              0.548      0.064      8.554      0.000
    Q76_2              0.536      0.073      7.306      0.000
    Q77_1              0.856      0.028     30.684      0.000
    Q77_2              0.340      0.021     16.025      0.000
    Q77_3              0.880      0.041     21.714      0.000
    Q67_1              0.533      0.033     16.049      0.000
    Q67_2              0.491      0.032     15.157      0.000
    Q67_3              0.392      0.031     12.761      0.000
    Q67_4              0.544      0.027     20.253      0.000
    Q67_5              0.598      0.034     17.684      0.000

Latent Class 7

 DOG      BY
    Q77_1              1.000      0.000    999.000    999.000
    Q77_2              2.207      0.155     14.202      0.000
    Q77_3              1.118      0.123      9.072      0.000

 ANTI     BY
    Q76_1              1.000      0.000    999.000    999.000
    Q76_2              1.000      0.148      6.747      0.000

 POP      BY
    Q67_1              1.000      0.000    999.000    999.000
    Q67_2              1.056      0.048     22.165      0.000
    Q67_3              1.172      0.051     23.141      0.000
    Q67_4              0.983      0.047     20.985      0.000
    Q67_5              0.964      0.059     16.257      0.000

 ANTI     WITH
    DOG                0.000      0.000    999.000    999.000

 POP      WITH
    DOG                0.000      0.000    999.000    999.000
    ANTI               0.000      0.000    999.000    999.000

 Means
    DOG               -0.270      0.118     -2.290      0.022
    ANTI               0.645      0.224      2.875      0.004
    POP               -1.473      0.115    -12.827      0.000

 Intercepts
    Q76_1              0.000      0.000    999.000    999.000
    Q76_2              0.000      0.000    999.000    999.000
    Q77_1              0.000      0.000    999.000    999.000
    Q77_2              0.000      0.000    999.000    999.000
    Q77_3              0.000      0.000    999.000    999.000
    Q67_1              0.000      0.000    999.000    999.000
    Q67_2              0.000      0.000    999.000    999.000
    Q67_3              0.000      0.000    999.000    999.000
    Q67_4              0.000      0.000    999.000    999.000
    Q67_5              0.000      0.000    999.000    999.000

 Variances
    DOG                0.000      0.000    999.000    999.000
    ANTI               0.000      0.000    999.000    999.000
    POP                0.000      0.000    999.000    999.000

 Residual Variances
    Q76_1              0.548      0.064      8.554      0.000
    Q76_2              0.536      0.073      7.306      0.000
    Q77_1              0.856      0.028     30.684      0.000
    Q77_2              0.340      0.021     16.025      0.000
    Q77_3              0.880      0.041     21.714      0.000
    Q67_1              0.533      0.033     16.049      0.000
    Q67_2              0.491      0.032     15.157      0.000
    Q67_3              0.392      0.031     12.761      0.000
    Q67_4              0.544      0.027     20.253      0.000
    Q67_5              0.598      0.034     17.684      0.000

Latent Class 8

 DOG      BY
    Q77_1              1.000      0.000    999.000    999.000
    Q77_2              2.207      0.155     14.202      0.000
    Q77_3              1.118      0.123      9.072      0.000

 ANTI     BY
    Q76_1              1.000      0.000    999.000    999.000
    Q76_2              1.000      0.148      6.747      0.000

 POP      BY
    Q67_1              1.000      0.000    999.000    999.000
    Q67_2              1.056      0.048     22.165      0.000
    Q67_3              1.172      0.051     23.141      0.000
    Q67_4              0.983      0.047     20.985      0.000
    Q67_5              0.964      0.059     16.257      0.000

 ANTI     WITH
    DOG                0.000      0.000    999.000    999.000

 POP      WITH
    DOG                0.000      0.000    999.000    999.000
    ANTI               0.000      0.000    999.000    999.000

 Means
    DOG                0.454      0.053      8.596      0.000
    ANTI               0.369      0.113      3.265      0.001
    POP                0.259      0.098      2.629      0.009

 Intercepts
    Q76_1              0.000      0.000    999.000    999.000
    Q76_2              0.000      0.000    999.000    999.000
    Q77_1              0.000      0.000    999.000    999.000
    Q77_2              0.000      0.000    999.000    999.000
    Q77_3              0.000      0.000    999.000    999.000
    Q67_1              0.000      0.000    999.000    999.000
    Q67_2              0.000      0.000    999.000    999.000
    Q67_3              0.000      0.000    999.000    999.000
    Q67_4              0.000      0.000    999.000    999.000
    Q67_5              0.000      0.000    999.000    999.000

 Variances
    DOG                0.000      0.000    999.000    999.000
    ANTI               0.000      0.000    999.000    999.000
    POP                0.000      0.000    999.000    999.000

 Residual Variances
    Q76_1              0.548      0.064      8.554      0.000
    Q76_2              0.536      0.073      7.306      0.000
    Q77_1              0.856      0.028     30.684      0.000
    Q77_2              0.340      0.021     16.025      0.000
    Q77_3              0.880      0.041     21.714      0.000
    Q67_1              0.533      0.033     16.049      0.000
    Q67_2              0.491      0.032     15.157      0.000
    Q67_3              0.392      0.031     12.761      0.000
    Q67_4              0.544      0.027     20.253      0.000
    Q67_5              0.598      0.034     17.684      0.000

Latent Class 9

 DOG      BY
    Q77_1              1.000      0.000    999.000    999.000
    Q77_2              2.207      0.155     14.202      0.000
    Q77_3              1.118      0.123      9.072      0.000

 ANTI     BY
    Q76_1              1.000      0.000    999.000    999.000
    Q76_2              1.000      0.148      6.747      0.000

 POP      BY
    Q67_1              1.000      0.000    999.000    999.000
    Q67_2              1.056      0.048     22.165      0.000
    Q67_3              1.172      0.051     23.141      0.000
    Q67_4              0.983      0.047     20.985      0.000
    Q67_5              0.964      0.059     16.257      0.000

 ANTI     WITH
    DOG                0.000      0.000    999.000    999.000

 POP      WITH
    DOG                0.000      0.000    999.000    999.000
    ANTI               0.000      0.000    999.000    999.000

 Means
    DOG               -0.186      0.042     -4.447      0.000
    ANTI               0.542      0.132      4.113      0.000
    POP                0.773      0.080      9.610      0.000

 Intercepts
    Q76_1              0.000      0.000    999.000    999.000
    Q76_2              0.000      0.000    999.000    999.000
    Q77_1              0.000      0.000    999.000    999.000
    Q77_2              0.000      0.000    999.000    999.000
    Q77_3              0.000      0.000    999.000    999.000
    Q67_1              0.000      0.000    999.000    999.000
    Q67_2              0.000      0.000    999.000    999.000
    Q67_3              0.000      0.000    999.000    999.000
    Q67_4              0.000      0.000    999.000    999.000
    Q67_5              0.000      0.000    999.000    999.000

 Variances
    DOG                0.000      0.000    999.000    999.000
    ANTI               0.000      0.000    999.000    999.000
    POP                0.000      0.000    999.000    999.000

 Residual Variances
    Q76_1              0.548      0.064      8.554      0.000
    Q76_2              0.536      0.073      7.306      0.000
    Q77_1              0.856      0.028     30.684      0.000
    Q77_2              0.340      0.021     16.025      0.000
    Q77_3              0.880      0.041     21.714      0.000
    Q67_1              0.533      0.033     16.049      0.000
    Q67_2              0.491      0.032     15.157      0.000
    Q67_3              0.392      0.031     12.761      0.000
    Q67_4              0.544      0.027     20.253      0.000
    Q67_5              0.598      0.034     17.684      0.000

Categorical Latent Variables

 Means
    C1#1              -0.192      0.278     -0.690      0.490
    C1#2               0.347      0.177      1.958      0.050
    C1#3              -0.043      0.360     -0.120      0.904
    C1#4              -1.895      0.274     -6.922      0.000
    C1#5              -0.464      0.263     -1.763      0.078
    C1#6               0.352      0.278      1.265      0.206
    C1#7              -1.957      0.318     -6.164      0.000
    C1#8               0.154      0.206      0.746      0.456


QUALITY OF NUMERICAL RESULTS

     Condition Number for the Information Matrix              0.108E-02
       (ratio of smallest to largest eigenvalue)


TECHNICAL 11 OUTPUT

     Random Starts Specifications for the k-1 Class Analysis Model
        Number of initial stage random starts                1000
        Number of final stage optimizations                   250



     VUONG-LO-MENDELL-RUBIN LIKELIHOOD RATIO TEST FOR 8 (H0) VERSUS 9 CLASSES

          H0 Loglikelihood Value                       -20481.030
          2 Times the Loglikelihood Difference            113.708
          Difference in the Number of Parameters                4
          Mean                                            -36.303
          Standard Deviation                              126.306
          P-Value                                          0.1175

     LO-MENDELL-RUBIN ADJUSTED LRT TEST

          Value                                           109.986
          P-Value                                          0.1234


SAVEDATA INFORMATION


  Save file
    data_export_DOG_3_ANTI_POP_VLRT_var_lat=0_covariance=0_residuals=fixed_class

  Order and format of variables

    Q76_1          F10.3
    Q76_2          F10.3
    Q77_1          F10.3
    Q77_2          F10.3
    Q77_3          F10.3
    Q67_1          F10.3
    Q67_2          F10.3
    Q67_3          F10.3
    Q67_4          F10.3
    Q67_5          F10.3
    W_AGE_BE       F10.3
    RID            I7

  Save file format
    11F10.3 I7

  Save file record length    10000


     Beginning Time:  05:03:20
        Ending Time:  06:26:05
       Elapsed Time:  01:22:45



MUTHEN & MUTHEN
3463 Stoner Ave.
Los Angeles, CA  90066

Tel: (310) 391-9971
Fax: (310) 391-8971
Web: www.StatModel.com
Support: Support@StatModel.com

Copyright (c) 1998-2019 Muthen & Muthen
