Mplus VERSION 8.4 (Mac)
MUTHEN & MUTHEN
01/25/2022  10:43 PM

INPUT INSTRUCTIONS

  TITLE:
  DOG_3_ANTI_POP_VLRT_var_lat=0_covariance=0_residuals=fixed_classes=2;
  DATA:
  FILE = "DOG_3_ANTI_POP_VLRT_var_lat=0_covariance=0_residuals=fixed_classes=2.dat";

  VARIABLE:
  NAMES = rid w_age_bel q76_1 q76_2 q77_1 q77_2 q77_3 q67_1 q67_2 q67_3 q67_4 q67_5;
   MISSING=.;
   USEVARIABLES = rid w_age_bel
  q76_1 q76_2 q77_1 q77_2 q77_3
  q67_1 q67_2 q67_3 q67_4 q67_5
  ;
  WEIGHT=w_age_bel;
  IDVARIABLE IS rid;
                            CLASSES=c1(
  2
  );
  ANALYSIS:
  TYPE = MIXTURE;
  STARTS = 1000 250 0;
  !lrtstarts = 0 0 600 125;
  !LRTBOOTSTRAP = 40;
  STITERATIONS=25;
               ESTIMATOR = MLR;
               PROCESSORS = 8;
  MODEL:

  %OVERALL%
  !!! dogmatism !!!
  DOG BY Q77_1 q77_2 Q77_3;
  !!! antagonism !!!
  ANTI BY q76_1 q76_2;
  !!! populism !!!
  POP BY Q67_1 Q67_2 Q67_3 Q67_4 Q67_5;



  !!!!!!!!
  %c1#1%
  !!!!!!!!

  !!!! Means LV !!!!
  [POP](MPOP1);
  [ANTI](MANTI1);
  [DOG](MDOG1);
  !!!! Variances LV !!!!
  POP@0;
  ANTI@0;
  DOG@0;
  !!!! Covariances LV !!!!
  POP WITH ANTI@0;
  POP WITH DOG@0;
  ANTI WITH DOG@0;
  !!!! Residuals LV !!!!
  Q77_1(VQ77_1);
  Q77_2(VQ77_2);
  Q77_3(VQ77_3);
  Q76_1(VQ76_1);
  Q76_2(VQ76_2);
  Q67_1(VQ67_1);
  Q67_2(VQ67_2);
  Q67_3(VQ67_3);
  Q67_4(VQ67_4);
  Q67_5(VQ67_5);
  !!!! Intercepts manifest !!!!
  [Q77_1@0](intQ77101);
  [Q77_2@0](intQ77201);
  [Q77_3@0](intQ77301);
  [Q76_1@0](intQ76101);
  [Q76_2@0](intQ76201);
  [Q67_1@0](intQ67101);
  [Q67_2@0](intQ67201);
  [Q67_3@0](intQ67301);
  [Q67_4@0](intQ67401);
  [Q67_5@0](intQ67501);

  !!!!!!!!
  %c1#2%
  !!!!!!!!

  !!!! Means LV !!!!
  [POP](MPOP2);
  [ANTI](MANTI2);
  [DOG](MDOG2);
  !!!! Variances LV !!!!
  POP@0;
  ANTI@0;
  DOG@0;
  !!!! Covariances LV !!!!
  POP WITH ANTI@0;
  POP WITH DOG@0;
  ANTI WITH DOG@0;
  !!!! Residuals LV !!!!
  Q77_1(VQ77_1);
  Q77_2(VQ77_2);
  Q77_3(VQ77_3);
  Q76_1(VQ76_1);
  Q76_2(VQ76_2);
  Q67_1(VQ67_1);
  Q67_2(VQ67_2);
  Q67_3(VQ67_3);
  Q67_4(VQ67_4);
  Q67_5(VQ67_5);
  !!!! Intercepts manifest !!!!
  [Q77_1@0](intQ77102);
  [Q77_2@0](intQ77202);
  [Q77_3@0](intQ77302);
  [Q76_1@0](intQ76102);
  [Q76_2@0](intQ76202);
  [Q67_1@0](intQ67102);
  [Q67_2@0](intQ67202);
  [Q67_3@0](intQ67302);
  [Q67_4@0](intQ67402);
  [Q67_5@0](intQ67502);
  OUTPUT:
  TECH11 TECH14;
  SAVEDATA:
  FILE IS data_export_DOG_3_ANTI_POP_VLRT_var_lat=0_covariance=0_residuals=fixed_classes=2.d
  SAVE=fscores CPROB;



*** WARNING
  Input line exceeded 90 characters. Some input may be truncated.
  FILE IS data_export_DOG_3_ANTI_POP_VLRT_var_lat=0_covariance=0_residuals=fixed_classes=2.da
*** WARNING in OUTPUT command
  TECH14 option is not available for TYPE=MIXTURE with weights.
  Request for TECH14 is ignored.
   2 WARNING(S) FOUND IN THE INPUT INSTRUCTIONS




DOG_3_ANTI_POP_VLRT_var_lat=0_covariance=0_residuals=fixed_classes=2;

SUMMARY OF ANALYSIS

Number of groups                                                 1
Number of observations                                        1618

Number of dependent variables                                   10
Number of independent variables                                  0
Number of continuous latent variables                            3
Number of categorical latent variables                           1

Observed dependent variables

  Continuous
   Q76_1       Q76_2       Q77_1       Q77_2       Q77_3       Q67_1
   Q67_2       Q67_3       Q67_4       Q67_5

Continuous latent variables
   DOG         ANTI        POP

Categorical latent variables
   C1

Variables with special functions

  Weight variable       W_AGE_BE
  ID variable           RID

Estimator                                                      MLR
Information matrix                                        OBSERVED
Optimization Specifications for the Quasi-Newton Algorithm for
Continuous Outcomes
  Maximum number of iterations                                 100
  Convergence criterion                                  0.100D-05
Optimization Specifications for the EM Algorithm
  Maximum number of iterations                                 500
  Convergence criteria
    Loglikelihood change                                 0.100D-06
    Relative loglikelihood change                        0.100D-06
    Derivative                                           0.100D-05
Optimization Specifications for the M step of the EM Algorithm for
Categorical Latent variables
  Number of M step iterations                                    1
  M step convergence criterion                           0.100D-05
  Basis for M step termination                           ITERATION
Optimization Specifications for the M step of the EM Algorithm for
Censored, Binary or Ordered Categorical (Ordinal), Unordered
Categorical (Nominal) and Count Outcomes
  Number of M step iterations                                    1
  M step convergence criterion                           0.100D-05
  Basis for M step termination                           ITERATION
  Maximum value for logit thresholds                            15
  Minimum value for logit thresholds                           -15
  Minimum expected cell size for chi-square              0.100D-01
Maximum number of iterations for H1                           2000
Convergence criterion for H1                             0.100D-03
Optimization algorithm                                         EMA
Random Starts Specifications
  Number of initial stage random starts                       1000
  Number of final stage optimizations                          250
  Number of initial stage iterations                            25
  Initial stage convergence criterion                    0.100D+01
  Random starts scale                                    0.500D+01
  Random seed for generating random starts                       0

Input data file(s)
  DOG_3_ANTI_POP_VLRT_var_lat=0_covariance=0_residuals=fixed_classes=2.dat
Input data format  FREE


SUMMARY OF DATA

     Number of missing data patterns            36
     Number of y missing data patterns          36
     Number of u missing data patterns           0


COVARIANCE COVERAGE OF DATA

Minimum covariance coverage value   0.100


     PROPORTION OF DATA PRESENT FOR Y


           Covariance Coverage
              Q76_1         Q76_2         Q77_1         Q77_2         Q77_3
              ________      ________      ________      ________      ________
 Q76_1          0.984
 Q76_2          0.978         0.985
 Q77_1          0.974         0.977         0.986
 Q77_2          0.975         0.977         0.979         0.990
 Q77_3          0.980         0.982         0.985         0.989         0.996
 Q67_1          0.979         0.980         0.980         0.984         0.990
 Q67_2          0.980         0.981         0.981         0.985         0.991
 Q67_3          0.978         0.980         0.980         0.985         0.990
 Q67_4          0.976         0.977         0.978         0.981         0.987
 Q67_5          0.979         0.981         0.980         0.984         0.990


           Covariance Coverage
              Q67_1         Q67_2         Q67_3         Q67_4         Q67_5
              ________      ________      ________      ________      ________
 Q67_1          0.993
 Q67_2          0.990         0.994
 Q67_3          0.989         0.990         0.993
 Q67_4          0.985         0.986         0.985         0.989
 Q67_5          0.988         0.989         0.989         0.985         0.993



UNIVARIATE SAMPLE STATISTICS


     UNIVARIATE HIGHER-ORDER MOMENT DESCRIPTIVE STATISTICS

         Variable/         Mean/     Skewness/   Minimum/ % with                Percentiles
        Sample Size      Variance    Kurtosis    Maximum  Min/Max      20%/60%    40%/80%    Median

     Q76_1                 0.038      -0.183      -2.175    3.27%      -1.181     -0.188     -0.188
            1592.000       0.991      -0.787       1.799    7.47%       0.806      0.806
     Q76_2                 0.040      -0.337      -2.283    3.14%      -1.314     -0.344      0.625
            1594.000       0.978      -0.634       1.595   11.54%       0.625      0.625
     Q77_1                 0.035      -0.124      -2.117    3.57%      -1.084     -0.052     -0.052
            1596.000       0.993      -0.876       2.013    3.88%      -0.052      0.981
     Q77_2                 0.036       0.457      -1.542   11.30%      -0.533     -0.533     -0.533
            1602.000       1.008      -0.563       2.493    2.37%       0.475      1.484
     Q77_3                 0.022       0.770      -1.346   20.29%      -1.346     -0.138     -0.138
            1612.000       1.052       0.559       3.488    0.68%      -0.138      1.071
     Q67_1                 0.049       0.073      -1.922    4.48%      -0.954      0.014      0.014
            1607.000       0.991      -0.947       1.949    5.97%       0.014      0.982
     Q67_2                 0.051       0.002      -2.053    3.73%      -1.043     -0.034     -0.034
            1609.000       1.001      -0.854       1.985    5.53%      -0.034      0.976
     Q67_3                 0.055       0.383      -1.676    8.40%      -0.669     -0.669     -0.669
            1607.000       1.020      -0.534       2.350    3.92%       0.337      1.343
     Q67_4                 0.061       0.074      -1.888    5.69%      -0.897     -0.897      0.094
            1600.000       0.985      -0.835       2.077    4.44%       0.094      1.085
     Q67_5                 0.042       0.366      -1.601   11.58%      -0.563     -0.563     -0.563
            1606.000       1.022      -0.423       2.550    2.43%       0.474      0.474

RANDOM STARTS RESULTS RANKED FROM THE BEST TO THE WORST LOGLIKELIHOOD VALUES

Final stage loglikelihood values at local maxima, seeds, and initial stage start numbers:

          -21323.336  926283           269
          -21323.336  920593           611
          -21323.336  942358           644
          -21323.336  561664           392
          -21323.336  637095           207
          -21323.336  628143           854
          -21323.336  843555           952
          -21323.336  742609           531
          -21323.336  930323           267
          -21323.336  331681           549
          -21323.336  824126           287
          -21323.336  163110           584
          -21323.336  881886           608
          -21323.336  507218           613
          -21323.336  12477            155
          -21323.336  552272           654
          -21323.336  237332           661
          -21323.336  545108           667
          -21323.336  950604           172
          -21323.336  370481           742
          -21323.336  109946           771
          -21323.336  570681           777
          -21323.336  501995           791
          -21323.336  421731           886
          -21323.336  227563           63
          -21323.336  648555           113
          -21323.336  327475           518
          -21323.336  520177           262
          -21323.336  704798           530
          -21323.336  371737           532
          -21323.336  231281           542
          -21323.336  4091             548
          -21323.336  741888           138
          -21323.336  260953           589
          -21323.336  566687           597
          -21323.336  84013            598
          -21323.336  264901           634
          -21323.336  383986           159
          -21323.336  263268           165
          -21323.336  276696           676
          -21323.336  278692           342
          -21323.336  686384           690
          -21323.336  856612           700
          -21323.336  579138           706
          -21323.336  114433           708
          -21323.336  699834           723
          -21323.336  132336           362
          -21323.336  478341           731
          -21323.336  303834           798
          -21323.336  36714            201
          -21323.336  605565           404
          -21323.336  323588           826
          -21323.336  57226            208
          -21323.336  804616           868
          -21323.336  66276            217
          -21323.336  392407           221
          -21323.336  802928           892
          -21323.336  263221           447
          -21323.336  416463           467
          -21323.336  448829           938
          -21323.336  228459           947
          -21323.336  758647           951
          -21323.336  406935           958
          -21323.336  156536           245
          -21323.336  118958           994
          -21323.336  354559           73
          -21323.336  314084           81
          -21323.336  960438           116
          -21323.336  608496           4
          -21323.336  341041           34
          -21323.336  440841           118
          -21323.336  126371           526
          -21323.336  858804           534
          -21323.336  117731           570
          -21323.336  695155           150
          -21323.336  692169           308
          -21323.336  435287           623
          -21323.336  193042           316
          -21323.336  535063           329
          -21323.336  197223           332
          -21323.336  654136           167
          -21323.336  266340           683
          -21323.336  341960           685
          -21323.336  170954           86
          -21323.336  374219           353
          -21323.336  195763           358
          -21323.336  329127           185
          -21323.336  777045           377
          -21323.336  153053           378
          -21323.336  210870           383
          -21323.336  496710           386
          -21323.336  474357           789
          -21323.336  907810           795
          -21323.336  700349           401
          -21323.336  471040           403
          -21323.336  544009           842
          -21323.336  835767           210
          -21323.336  546943           865
          -21323.336  802644           874
          -21323.336  354624           448
          -21323.336  614535           449
          -21323.336  663090           906
          -21323.336  816435           914
          -21323.336  267983           228
          -21323.336  68850            462
          -21323.336  714455           476
          -21323.336  435506           988
          -21323.336  876056           1000
          -21323.336  691234           250
          -21323.336  694303           282
          -21323.336  211281           292
          -21323.336  316165           299
          -21323.336  562716           300
          -21323.336  605358           321
          -21323.336  964570           701
          -21323.336  988761           475
          -21323.336  138695           783
          -21323.336  923437           398
          -21323.336  168888           817
          -21323.336  300697           820
          -21323.336  400319           887
          -21323.336  589483           950
          -21323.336  617243           237
          -21323.336  464179           106
          -21323.336  685657           69
          -21323.336  415931           10
          -21323.336  165853           105
          -21323.336  802779           122
          -21323.336  963053           43
          -21323.336  903420           5
          -21323.336  535804           111
          -21323.336  405079           68
          -21323.336  715561           125
          -21323.336  344422           296
          -21323.336  702492           718
          -21323.336  761302           744
          -21323.336  203508           806
          -21323.336  238317           812
          -21323.336  748692           204
          -21323.336  39810            966
          -21323.336  804660           260
          -21323.336  855760           593
          -21323.336  996231           310
          -21323.336  529496           343
          -21323.336  860029           760
          -21323.336  584397           428
          -21323.336  853195           431
          -21323.336  931558           898
          -21323.336  264521           929
          -21323.336  65952            933
          -21323.336  232226           235
          -21323.336  521770           945
          -21323.336  86651            993
          -21323.336  945065           255
          -21323.336  689529           516
          -21323.336  313407           132
          -21323.336  117587           572
          -21323.336  29591            633
          -21323.336  778953           635
          -21323.336  134830           780
          -21323.336  965994           396
          -21323.336  137377           397
          -21323.336  971853           402
          -21323.336  544077           809
          -21323.336  749635           420
          -21323.336  462662           872
          -21323.336  506113           895
          -21323.336  188640           451
          -21323.336  306768           978
          -21323.336  928624           981
          -21323.336  533738           11
          -21323.336  152496           123
          -21323.336  387701           275
          -21323.336  456213           160
          -21323.336  396795           323
          -21323.336  92091            649
          -21323.336  876943           650
          -21323.336  488581           688
          -21323.336  848969           173
          -21323.336  3307             735
          -21323.336  443442           380
          -21323.336  1548             384
          -21323.336  301717           823
          -21323.336  673496           218
          -21323.336  315029           471
          -21323.336  490123           995
          -21323.336  399671           13
          -21323.336  373505           88
          -21323.336  871851           257
          -21323.336  252346           528
          -21323.336  78862            529
          -21323.336  438144           271
          -21323.336  539389           544
          -21323.336  67009            564
          -21323.336  566739           575
          -21323.336  22874            588
          -21323.336  742688           594
          -21323.336  402699           604
          -21323.336  617658           660
          -21323.336  34346            330
          -21323.336  35191            703
          -21323.336  476393           705
          -21323.336  609185           181
          -21323.336  264081           186
          -21323.336  990504           827
          -21323.336  914505           838
          -21323.336  39756            857
          -21323.336  869564           869
          -21323.336  922596           456
          -21323.336  850112           922
          -21323.336  535303           923
          -21323.336  726744           939
          -21323.336  963967           941
          -21323.336  978781           497
          -21323.336  466971           109
          -21323.336  992389           77
          -21323.336  352277           42
          -21323.336  851945           18
          -21323.336  68985            17
          -21323.336  422103           62
          -21323.336  638611           524
          -21323.336  321390           133
          -21323.336  312754           562
          -21323.336  948615           140
          -21323.336  417035           149
          -21323.336  393232           152
          -21323.336  857799           315
          -21323.336  563584           657
          -21323.336  642386           662
          -21323.336  838615           677
          -21323.336  360419           356
          -21323.336  206099           363
          -21323.336  792389           746
          -21323.336  872743           374
          -21323.336  124999           96
          -21323.336  507154           387
          -21323.336  202790           198
          -21323.336  81233            825
          -21323.336  271809           846
          -21323.336  807534           850
          -21323.336  177175           851
          -21323.336  302046           863
          -21323.336  966603           919
          -21323.336  527050           948
          -21323.336  568534           961
          -21323.336  80438            246
          -21323.336  371246           101
          -21323.336  311214           64
          -21323.336  153394           429
          -21323.336  320494           465



THE BEST LOGLIKELIHOOD VALUE HAS BEEN REPLICATED.  RERUN WITH AT LEAST TWICE THE
RANDOM STARTS TO CHECK THAT THE BEST LOGLIKELIHOOD IS STILL OBTAINED AND REPLICATED.


THE MODEL ESTIMATION TERMINATED NORMALLY



MODEL FIT INFORMATION

Number of Free Parameters                       24

Loglikelihood

          H0 Value                      -21323.336
          H0 Scaling Correction Factor      1.4284
            for MLR

Information Criteria

          Akaike (AIC)                   42694.671
          Bayesian (BIC)                 42824.006
          Sample-Size Adjusted BIC       42747.762
            (n* = (n + 2) / 24)



FINAL CLASS COUNTS AND PROPORTIONS FOR THE LATENT CLASSES
BASED ON THE ESTIMATED MODEL

    Latent
   Classes

       1        695.73865          0.43000
       2        922.26135          0.57000


FINAL CLASS COUNTS AND PROPORTIONS FOR THE LATENT CLASSES
BASED ON ESTIMATED POSTERIOR PROBABILITIES

    Latent
   Classes

       1        695.73865          0.43000
       2        922.26135          0.57000


FINAL CLASS COUNTS AND PROPORTIONS FOR THE LATENT CLASSES
BASED ON THEIR MOST LIKELY LATENT CLASS MEMBERSHIP

Class Counts and Proportions

    Latent
   Classes

       1              700          0.43273
       2              918          0.56727


CLASSIFICATION QUALITY

     Entropy                         0.818


Classification Probabilities for the Most Likely Latent Class Membership (Column)
by Latent Class (Row)

           1        2

    1   0.941    0.059
    2   0.049    0.951


Logits for the Classification Probabilities for the Most Likely Latent Class Membership (Column)
by Latent Class (Row)

              1        2

    1      2.767    0.000
    2     -2.957    0.000


MODEL RESULTS

                                                    Two-Tailed
                    Estimate       S.E.  Est./S.E.    P-Value

Latent Class 1

 DOG      BY
    Q77_1              1.000      0.000    999.000    999.000
    Q77_2              1.786      0.244      7.320      0.000
    Q77_3              1.204      0.223      5.398      0.000

 ANTI     BY
    Q76_1              1.000      0.000    999.000    999.000
    Q76_2              1.022      0.068     14.949      0.000

 POP      BY
    Q67_1              1.000      0.000    999.000    999.000
    Q67_2              1.020      0.055     18.569      0.000
    Q67_3              1.146      0.057     19.967      0.000
    Q67_4              1.001      0.059     16.899      0.000
    Q67_5              1.010      0.067     14.979      0.000

 ANTI     WITH
    DOG                0.000      0.000    999.000    999.000

 POP      WITH
    DOG                0.000      0.000    999.000    999.000
    ANTI               0.000      0.000    999.000    999.000

 Means
    DOG                0.243      0.043      5.640      0.000
    ANTI               0.464      0.044     10.591      0.000
    POP                0.735      0.046     16.038      0.000

 Intercepts
    Q76_1              0.000      0.000    999.000    999.000
    Q76_2              0.000      0.000    999.000    999.000
    Q77_1              0.000      0.000    999.000    999.000
    Q77_2              0.000      0.000    999.000    999.000
    Q77_3              0.000      0.000    999.000    999.000
    Q67_1              0.000      0.000    999.000    999.000
    Q67_2              0.000      0.000    999.000    999.000
    Q67_3              0.000      0.000    999.000    999.000
    Q67_4              0.000      0.000    999.000    999.000
    Q67_5              0.000      0.000    999.000    999.000

 Variances
    DOG                0.000      0.000    999.000    999.000
    ANTI               0.000      0.000    999.000    999.000
    POP                0.000      0.000    999.000    999.000

 Residual Variances
    Q76_1              0.854      0.030     28.497      0.000
    Q76_2              0.835      0.031     27.286      0.000
    Q77_1              0.957      0.028     33.646      0.000
    Q77_2              0.892      0.034     26.556      0.000
    Q77_3              0.998      0.042     23.498      0.000
    Q67_1              0.636      0.032     19.757      0.000
    Q67_2              0.631      0.032     19.932      0.000
    Q67_3              0.554      0.030     18.664      0.000
    Q67_4              0.630      0.027     23.116      0.000
    Q67_5              0.660      0.031     21.428      0.000

Latent Class 2

 DOG      BY
    Q77_1              1.000      0.000    999.000    999.000
    Q77_2              1.786      0.244      7.320      0.000
    Q77_3              1.204      0.223      5.398      0.000

 ANTI     BY
    Q76_1              1.000      0.000    999.000    999.000
    Q76_2              1.022      0.068     14.949      0.000

 POP      BY
    Q67_1              1.000      0.000    999.000    999.000
    Q67_2              1.020      0.055     18.569      0.000
    Q67_3              1.146      0.057     19.967      0.000
    Q67_4              1.001      0.059     16.899      0.000
    Q67_5              1.010      0.067     14.979      0.000

 ANTI     WITH
    DOG                0.000      0.000    999.000    999.000

 POP      WITH
    DOG                0.000      0.000    999.000    999.000
    ANTI               0.000      0.000    999.000    999.000

 Means
    DOG               -0.143      0.026     -5.412      0.000
    ANTI              -0.283      0.038     -7.357      0.000
    POP               -0.468      0.036    -13.072      0.000

 Intercepts
    Q76_1              0.000      0.000    999.000    999.000
    Q76_2              0.000      0.000    999.000    999.000
    Q77_1              0.000      0.000    999.000    999.000
    Q77_2              0.000      0.000    999.000    999.000
    Q77_3              0.000      0.000    999.000    999.000
    Q67_1              0.000      0.000    999.000    999.000
    Q67_2              0.000      0.000    999.000    999.000
    Q67_3              0.000      0.000    999.000    999.000
    Q67_4              0.000      0.000    999.000    999.000
    Q67_5              0.000      0.000    999.000    999.000

 Variances
    DOG                0.000      0.000    999.000    999.000
    ANTI               0.000      0.000    999.000    999.000
    POP                0.000      0.000    999.000    999.000

 Residual Variances
    Q76_1              0.854      0.030     28.497      0.000
    Q76_2              0.835      0.031     27.286      0.000
    Q77_1              0.957      0.028     33.646      0.000
    Q77_2              0.892      0.034     26.556      0.000
    Q77_3              0.998      0.042     23.498      0.000
    Q67_1              0.636      0.032     19.757      0.000
    Q67_2              0.631      0.032     19.932      0.000
    Q67_3              0.554      0.030     18.664      0.000
    Q67_4              0.630      0.027     23.116      0.000
    Q67_5              0.660      0.031     21.428      0.000

Categorical Latent Variables

 Means
    C1#1              -0.282      0.096     -2.942      0.003


QUALITY OF NUMERICAL RESULTS

     Condition Number for the Information Matrix              0.431E-03
       (ratio of smallest to largest eigenvalue)


TECHNICAL 11 OUTPUT

     Random Starts Specifications for the k-1 Class Analysis Model
        Number of initial stage random starts                1000
        Number of final stage optimizations                   250



     VUONG-LO-MENDELL-RUBIN LIKELIHOOD RATIO TEST FOR 1 (H0) VERSUS 2 CLASSES

          H0 Loglikelihood Value                       -22758.884
          2 Times the Loglikelihood Difference           2871.097
          Difference in the Number of Parameters                4
          Mean                                             38.390
          Standard Deviation                               46.992
          P-Value                                          0.0000

     LO-MENDELL-RUBIN ADJUSTED LRT TEST

          Value                                          2777.134
          P-Value                                          0.0000


SAVEDATA INFORMATION


  Save file
    data_export_DOG_3_ANTI_POP_VLRT_var_lat=0_covariance=0_residuals=fixed_class

  Order and format of variables

    Q76_1          F10.3
    Q76_2          F10.3
    Q77_1          F10.3
    Q77_2          F10.3
    Q77_3          F10.3
    Q67_1          F10.3
    Q67_2          F10.3
    Q67_3          F10.3
    Q67_4          F10.3
    Q67_5          F10.3
    W_AGE_BE       F10.3
    RID            I7

  Save file format
    11F10.3 I7

  Save file record length    10000


     Beginning Time:  22:43:22
        Ending Time:  22:45:51
       Elapsed Time:  00:02:29



MUTHEN & MUTHEN
3463 Stoner Ave.
Los Angeles, CA  90066

Tel: (310) 391-9971
Fax: (310) 391-8971
Web: www.StatModel.com
Support: Support@StatModel.com

Copyright (c) 1998-2019 Muthen & Muthen
