Mplus VERSION 8.4 (Mac)
MUTHEN & MUTHEN
01/25/2022  10:43 PM

INPUT INSTRUCTIONS

  TITLE:
  DOG_3_ANTI_POP_VLRT_var_lat=0_covariance=0_residuals=fixed_classes=1;
  DATA:
  FILE = "DOG_3_ANTI_POP_VLRT_var_lat=0_covariance=0_residuals=fixed_classes=1.dat";

  VARIABLE:
  NAMES = rid w_age_bel q76_1 q76_2 q77_1 q77_2 q77_3 q67_1 q67_2 q67_3 q67_4 q67_5;
   MISSING=.;
   USEVARIABLES = rid w_age_bel
  q76_1 q76_2 q77_1 q77_2 q77_3
  q67_1 q67_2 q67_3 q67_4 q67_5
  ;
  WEIGHT=w_age_bel;
  IDVARIABLE IS rid;
                            CLASSES=c1(
  1
  );
  ANALYSIS:
  TYPE = MIXTURE;
  STARTS = 1000 250 0;
  !lrtstarts = 0 0 600 125;
  !LRTBOOTSTRAP = 40;
  STITERATIONS=25;
               ESTIMATOR = MLR;
               PROCESSORS = 8;
  MODEL:

  %OVERALL%
  !!! dogmatism !!!
  DOG BY Q77_1 q77_2 Q77_3;
  !!! antagonism !!!
  ANTI BY q76_1 q76_2;
  !!! populism !!!
  POP BY Q67_1 Q67_2 Q67_3 Q67_4 Q67_5;



  !!!!!!!!
  %c1#1%
  !!!!!!!!

  !!!! Means LV !!!!
  [POP](MPOP1);
  [ANTI](MANTI1);
  [DOG](MDOG1);
  !!!! Variances LV !!!!
  POP@0;
  ANTI@0;
  DOG@0;
  !!!! Covariances LV !!!!
  POP WITH ANTI@0;
  POP WITH DOG@0;
  ANTI WITH DOG@0;
  !!!! Residuals LV !!!!
  Q77_1(VQ77_1);
  Q77_2(VQ77_2);
  Q77_3(VQ77_3);
  Q76_1(VQ76_1);
  Q76_2(VQ76_2);
  Q67_1(VQ67_1);
  Q67_2(VQ67_2);
  Q67_3(VQ67_3);
  Q67_4(VQ67_4);
  Q67_5(VQ67_5);
  !!!! Intercepts manifest !!!!
  [Q77_1@0](intQ77101);
  [Q77_2@0](intQ77201);
  [Q77_3@0](intQ77301);
  [Q76_1@0](intQ76101);
  [Q76_2@0](intQ76201);
  [Q67_1@0](intQ67101);
  [Q67_2@0](intQ67201);
  [Q67_3@0](intQ67301);
  [Q67_4@0](intQ67401);
  [Q67_5@0](intQ67501);
  OUTPUT:
  TECH11 TECH14;
  SAVEDATA:
  FILE IS data_export_DOG_3_ANTI_POP_VLRT_var_lat=0_covariance=0_residuals=fixed_classes=1.d
  SAVE=fscores CPROB;



*** WARNING
  Input line exceeded 90 characters. Some input may be truncated.
  FILE IS data_export_DOG_3_ANTI_POP_VLRT_var_lat=0_covariance=0_residuals=fixed_classes=1.da
*** WARNING in OUTPUT command
  TECH11 option is not available for TYPE=MIXTURE with only one class.
  Request for TECH11 is ignored.
*** WARNING in OUTPUT command
  TECH14 option is not available for TYPE=MIXTURE with weights.
  Request for TECH14 is ignored.
   3 WARNING(S) FOUND IN THE INPUT INSTRUCTIONS




DOG_3_ANTI_POP_VLRT_var_lat=0_covariance=0_residuals=fixed_classes=1;

SUMMARY OF ANALYSIS

Number of groups                                                 1
Number of observations                                        1618

Number of dependent variables                                   10
Number of independent variables                                  0
Number of continuous latent variables                            3
Number of categorical latent variables                           1

Observed dependent variables

  Continuous
   Q76_1       Q76_2       Q77_1       Q77_2       Q77_3       Q67_1
   Q67_2       Q67_3       Q67_4       Q67_5

Continuous latent variables
   DOG         ANTI        POP

Categorical latent variables
   C1

Variables with special functions

  Weight variable       W_AGE_BE
  ID variable           RID

Estimator                                                      MLR
Information matrix                                        OBSERVED
Optimization Specifications for the Quasi-Newton Algorithm for
Continuous Outcomes
  Maximum number of iterations                                 100
  Convergence criterion                                  0.100D-05
Optimization Specifications for the EM Algorithm
  Maximum number of iterations                                 500
  Convergence criteria
    Loglikelihood change                                 0.100D-06
    Relative loglikelihood change                        0.100D-06
    Derivative                                           0.100D-05
Optimization Specifications for the M step of the EM Algorithm for
Categorical Latent variables
  Number of M step iterations                                    1
  M step convergence criterion                           0.100D-05
  Basis for M step termination                           ITERATION
Optimization Specifications for the M step of the EM Algorithm for
Censored, Binary or Ordered Categorical (Ordinal), Unordered
Categorical (Nominal) and Count Outcomes
  Number of M step iterations                                    1
  M step convergence criterion                           0.100D-05
  Basis for M step termination                           ITERATION
  Maximum value for logit thresholds                            15
  Minimum value for logit thresholds                           -15
  Minimum expected cell size for chi-square              0.100D-01
Maximum number of iterations for H1                           2000
Convergence criterion for H1                             0.100D-03
Optimization algorithm                                         EMA
Random Starts Specifications
  Number of initial stage random starts                       1000
  Number of final stage optimizations                          250
  Number of initial stage iterations                            25
  Initial stage convergence criterion                    0.100D+01
  Random starts scale                                    0.500D+01
  Random seed for generating random starts                       0

Input data file(s)
  DOG_3_ANTI_POP_VLRT_var_lat=0_covariance=0_residuals=fixed_classes=1.dat
Input data format  FREE


SUMMARY OF DATA

     Number of missing data patterns            36
     Number of y missing data patterns          36
     Number of u missing data patterns           0


COVARIANCE COVERAGE OF DATA

Minimum covariance coverage value   0.100


     PROPORTION OF DATA PRESENT FOR Y


           Covariance Coverage
              Q76_1         Q76_2         Q77_1         Q77_2         Q77_3
              ________      ________      ________      ________      ________
 Q76_1          0.984
 Q76_2          0.978         0.985
 Q77_1          0.974         0.977         0.986
 Q77_2          0.975         0.977         0.979         0.990
 Q77_3          0.980         0.982         0.985         0.989         0.996
 Q67_1          0.979         0.980         0.980         0.984         0.990
 Q67_2          0.980         0.981         0.981         0.985         0.991
 Q67_3          0.978         0.980         0.980         0.985         0.990
 Q67_4          0.976         0.977         0.978         0.981         0.987
 Q67_5          0.979         0.981         0.980         0.984         0.990


           Covariance Coverage
              Q67_1         Q67_2         Q67_3         Q67_4         Q67_5
              ________      ________      ________      ________      ________
 Q67_1          0.993
 Q67_2          0.990         0.994
 Q67_3          0.989         0.990         0.993
 Q67_4          0.985         0.986         0.985         0.989
 Q67_5          0.988         0.989         0.989         0.985         0.993



UNIVARIATE SAMPLE STATISTICS


     UNIVARIATE HIGHER-ORDER MOMENT DESCRIPTIVE STATISTICS

         Variable/         Mean/     Skewness/   Minimum/ % with                Percentiles
        Sample Size      Variance    Kurtosis    Maximum  Min/Max      20%/60%    40%/80%    Median

     Q76_1                 0.038      -0.183      -2.175    3.27%      -1.181     -0.188     -0.188
            1592.000       0.991      -0.787       1.799    7.47%       0.806      0.806
     Q76_2                 0.040      -0.337      -2.283    3.14%      -1.314     -0.344      0.625
            1594.000       0.978      -0.634       1.595   11.54%       0.625      0.625
     Q77_1                 0.035      -0.124      -2.117    3.57%      -1.084     -0.052     -0.052
            1596.000       0.993      -0.876       2.013    3.88%      -0.052      0.981
     Q77_2                 0.036       0.457      -1.542   11.30%      -0.533     -0.533     -0.533
            1602.000       1.008      -0.563       2.493    2.37%       0.475      1.484
     Q77_3                 0.022       0.770      -1.346   20.29%      -1.346     -0.138     -0.138
            1612.000       1.052       0.559       3.488    0.68%      -0.138      1.071
     Q67_1                 0.049       0.073      -1.922    4.48%      -0.954      0.014      0.014
            1607.000       0.991      -0.947       1.949    5.97%       0.014      0.982
     Q67_2                 0.051       0.002      -2.053    3.73%      -1.043     -0.034     -0.034
            1609.000       1.001      -0.854       1.985    5.53%      -0.034      0.976
     Q67_3                 0.055       0.383      -1.676    8.40%      -0.669     -0.669     -0.669
            1607.000       1.020      -0.534       2.350    3.92%       0.337      1.343
     Q67_4                 0.061       0.074      -1.888    5.69%      -0.897     -0.897      0.094
            1600.000       0.985      -0.835       2.077    4.44%       0.094      1.085
     Q67_5                 0.042       0.366      -1.601   11.58%      -0.563     -0.563     -0.563
            1606.000       1.022      -0.423       2.550    2.43%       0.474      0.474

RANDOM STARTS RESULTS RANKED FROM THE BEST TO THE WORST LOGLIKELIHOOD VALUES

Final stage loglikelihood values at local maxima, seeds, and initial stage start numbers:

          -22758.884  276102           599
          -22758.884  418686           338
          -22758.884  179022           687
          -22758.884  88437            761
          -22758.884  741484           441
          -22758.884  232226           235
          -22758.884  475419           987
          -22758.884  749453           33
          -22758.884  246261           38
          -22758.884  804561           59
          -22758.884  939021           8
          -22758.884  569833           85
          -22758.884  68985            17
          -22758.884  966014           37
          -22758.884  379729           512
          -22758.884  140849           515
          -22758.884  689529           516
          -22758.884  509733           130
          -22758.884  520177           262
          -22758.884  126371           526
          -22758.884  349263           263
          -22758.884  358488           264
          -22758.884  742609           531
          -22758.884  321390           133
          -22758.884  930323           267
          -22758.884  438144           271
          -22758.884  897782           545
          -22758.884  160326           546
          -22758.884  4091             548
          -22758.884  903633           553
          -22758.884  741888           138
          -22758.884  279850           555
          -22758.884  519357           559
          -22758.884  576726           280
          -22758.884  67009            564
          -22758.884  694303           282
          -22758.884  282464           283
          -22758.884  405371           569
          -22758.884  699810           571
          -22758.884  824126           287
          -22758.884  157351           579
          -22758.884  691041           590
          -22758.884  17896            592
          -22758.884  344422           296
          -22758.884  43523            297
          -22758.884  793487           595
          -22758.884  685268           596
          -22758.884  462228           298
          -22758.884  417035           149
          -22758.884  562716           300
          -22758.884  118438           601
          -22758.884  695155           150
          -22758.884  402699           604
          -22758.884  790452           303
          -22758.884  393232           152
          -22758.884  81117            305
          -22758.884  313306           612
          -22758.884  752476           614
          -22758.884  879338           309
          -22758.884  345974           622
          -22758.884  478421           311
          -22758.884  343926           624
          -22758.884  626087           314
          -22758.884  209031           632
          -22758.884  264901           634
          -22758.884  322790           636
          -22758.884  294811           637
          -22758.884  62835            642
          -22758.884  456213           160
          -22758.884  414828           322
          -22758.884  821011           161
          -22758.884  900268           327
          -22758.884  535063           329
          -22758.884  34346            330
          -22758.884  642386           662
          -22758.884  724519           333
          -22758.884  59963            670
          -22758.884  602797           336
          -22758.884  636396           168
          -22758.884  838615           677
          -22758.884  327140           678
          -22758.884  148918           682
          -22758.884  534193           689
          -22758.884  686384           690
          -22758.884  722748           346
          -22758.884  626208           698
          -22758.884  860772           174
          -22758.884  579138           706
          -22758.884  117391           710
          -22758.884  728038           177
          -22758.884  77210            712
          -22758.884  360419           356
          -22758.884  850545           357
          -22758.884  833196           715
          -22758.884  853781           716
          -22758.884  476498           179
          -22758.884  717754           180
          -22758.884  699834           723
          -22758.884  609185           181
          -22758.884  878749           728
          -22758.884  488125           368
          -22758.884  231400           738
          -22758.884  760850           739
          -22758.884  872743           374
          -22758.884  178181           753
          -22758.884  659832           754
          -22758.884  153053           378
          -22758.884  860029           760
          -22758.884  458181           189
          -22758.884  985387           381
          -22758.884  551340           766
          -22758.884  210870           383
          -22758.884  109946           771
          -22758.884  167409           772
          -22758.884  415502           194
          -22758.884  134830           780
          -22758.884  561664           392
          -22758.884  928287           197
          -22758.884  79945            395
          -22758.884  501995           791
          -22758.884  58507            793
          -22758.884  137377           397
          -22758.884  502157           799
          -22758.884  391368           802
          -22758.884  700349           401
          -22758.884  432513           803
          -22758.884  203508           806
          -22758.884  36714            201
          -22758.884  599136           811
          -22758.884  238317           812
          -22758.884  926797           406
          -22758.884  496762           870
          -22758.884  55115            408
          -22758.884  168888           817
          -22758.884  748692           204
          -22758.884  300697           820
          -22758.884  746978           410
          -22758.884  85734            411
          -22758.884  760599           832
          -22758.884  791285           416
          -22758.884  50983            834
          -22758.884  782179           835
          -22758.884  914505           838
          -22758.884  131063           843
          -22758.884  173191           422
          -22758.884  807534           850
          -22758.884  762461           425
          -22758.884  686482           215
          -22758.884  287107           864
          -22758.884  518828           432
          -22758.884  546943           865
          -22758.884  499150           216
          -22758.884  869564           869
          -22758.884  66276            217
          -22758.884  802644           874
          -22758.884  781190           219
          -22758.884  631413           439
          -22758.884  805768           879
          -22758.884  499347           881
          -22758.884  301428           885
          -22758.884  421731           886
          -22758.884  400319           887
          -22758.884  737601           891
          -22758.884  802928           892
          -22758.884  86698            893
          -22758.884  89970            223
          -22758.884  125727           899
          -22758.884  408713           450
          -22758.884  663090           906
          -22758.884  39136            226
          -22758.884  263049           454
          -22758.884  396614           918
          -22758.884  581196           921
          -22758.884  595153           230
          -22758.884  345726           461
          -22758.884  264521           929
          -22758.884  850840           232
          -22758.884  208797           931
          -22758.884  995648           936
          -22758.884  448829           938
          -22758.884  726744           939
          -22758.884  288738           940
          -22758.884  69413            472
          -22758.884  521770           945
          -22758.884  228459           947
          -22758.884  527050           948
          -22758.884  988761           475
          -22758.884  758647           951
          -22758.884  889774           954
          -22758.884  96617            955
          -22758.884  226322           478
          -22758.884  701525           239
          -22758.884  495366           964
          -22758.884  39810            966
          -22758.884  609089           241
          -22758.884  224151           973
          -22758.884  207917           976
          -22758.884  634782           979
          -22758.884  156536           245
          -22758.884  922042           492
          -22758.884  887580           493
          -22758.884  210139           991
          -22758.884  715561           125
          -22758.884  752769           253
          -22758.884  425929           508
          -22758.884  378393           509
          -22758.884  194143           510
          -22758.884  227563           63
          -22758.884  471398           74
          -22758.884  637345           19
          -22758.884  124999           96
          -22758.884  27071            15
          -22758.884  645664           39
          -22758.884  352277           42
          -22758.884  440841           118
          -22758.884  565819           65
          -22758.884  685657           69
          -22758.884  761633           50
          -22758.884  136842           58
          -22758.884  635245           121
          -22758.884  371246           101
          -22758.884  846194           93
          -22758.884  551639           55
          -22758.884  626891           32
          -22758.884  987090           70
          -22758.884  314084           81
          -22758.884  399671           13
          -22758.884  960438           116
          -22758.884  592219           119
          -22758.884  354559           73
          -22758.884  unperturbed      0
          -22758.884  814975           129
          -22758.884  436892           565
          -22758.884  638977           643
          -22758.884  563584           657
          -22758.884  599729           658
          -22758.884  545108           667
          -22758.884  607072           717
          -22758.884  177936           726
          -22758.884  3307             735
          -22758.884  971853           402
          -22758.884  990504           827
          -22758.884  271809           846
          -22758.884  888905           444
          -22758.884  216565           474
          -22758.884  787985           482
          -22758.884  319575           499
          -22758.884  777045           377
          -22758.884  377584           630
          -22758.884  294669           501



THE MODEL ESTIMATION TERMINATED NORMALLY



MODEL FIT INFORMATION

Number of Free Parameters                       20

Loglikelihood

          H0 Value                      -22758.884
          H0 Scaling Correction Factor      0.9911
            for MLR

Information Criteria

          Akaike (AIC)                   45557.768
          Bayesian (BIC)                 45665.547
          Sample-Size Adjusted BIC       45602.011
            (n* = (n + 2) / 24)



FINAL CLASS COUNTS AND PROPORTIONS FOR THE LATENT CLASSES
BASED ON THE ESTIMATED MODEL

    Latent
   Classes

       1       1618.00000          1.00000


FINAL CLASS COUNTS AND PROPORTIONS FOR THE LATENT CLASSES
BASED ON ESTIMATED POSTERIOR PROBABILITIES

    Latent
   Classes

       1       1618.00000          1.00000


FINAL CLASS COUNTS AND PROPORTIONS FOR THE LATENT CLASSES
BASED ON THEIR MOST LIKELY LATENT CLASS MEMBERSHIP

Class Counts and Proportions

    Latent
   Classes

       1             1618          1.00000


Classification Probabilities for the Most Likely Latent Class Membership (Column)
by Latent Class (Row)

           1

    1   1.000


Logits for the Classification Probabilities for the Most Likely Latent Class Membership (Column)
by Latent Class (Row)

              1

    1      0.000


MODEL RESULTS

                                                    Two-Tailed
                    Estimate       S.E.  Est./S.E.    P-Value

Latent Class 1

 DOG      BY
    Q77_1              1.000      0.000    999.000    999.000
    Q77_2              1.031      0.859      1.200      0.230
    Q77_3              0.639      0.857      0.746      0.455

 ANTI     BY
    Q76_1              1.000      0.000    999.000    999.000
    Q76_2              1.058      0.665      1.591      0.112

 POP      BY
    Q67_1              1.000      0.000    999.000    999.000
    Q67_2              1.044      0.543      1.924      0.054
    Q67_3              1.140      0.550      2.071      0.038
    Q67_4              1.258      0.646      1.947      0.052
    Q67_5              0.870      0.579      1.503      0.133

 ANTI     WITH
    DOG                0.000      0.000    999.000    999.000

 POP      WITH
    DOG                0.000      0.000    999.000    999.000
    ANTI               0.000      0.000    999.000    999.000

 Means
    DOG                0.035      0.027      1.311      0.190
    ANTI               0.038      0.027      1.419      0.156
    POP                0.049      0.027      1.830      0.067

 Intercepts
    Q76_1              0.000      0.000    999.000    999.000
    Q76_2              0.000      0.000    999.000    999.000
    Q77_1              0.000      0.000    999.000    999.000
    Q77_2              0.000      0.000    999.000    999.000
    Q77_3              0.000      0.000    999.000    999.000
    Q67_1              0.000      0.000    999.000    999.000
    Q67_2              0.000      0.000    999.000    999.000
    Q67_3              0.000      0.000    999.000    999.000
    Q67_4              0.000      0.000    999.000    999.000
    Q67_5              0.000      0.000    999.000    999.000

 Variances
    DOG                0.000      0.000    999.000    999.000
    ANTI               0.000      0.000    999.000    999.000
    POP                0.000      0.000    999.000    999.000

 Residual Variances
    Q76_1              0.991      0.029     33.959      0.000
    Q76_2              0.978      0.030     32.333      0.000
    Q77_1              0.993      0.028     35.411      0.000
    Q77_2              1.008      0.033     30.643      0.000
    Q77_3              1.052      0.046     22.623      0.000
    Q67_1              0.991      0.027     36.210      0.000
    Q67_2              1.001      0.028     35.291      0.000
    Q67_3              1.020      0.034     30.023      0.000
    Q67_4              0.985      0.028     34.792      0.000
    Q67_5              1.022      0.035     29.177      0.000


QUALITY OF NUMERICAL RESULTS

     Condition Number for the Information Matrix              0.107E-04
       (ratio of smallest to largest eigenvalue)


SAVEDATA INFORMATION


  Save file
    data_export_DOG_3_ANTI_POP_VLRT_var_lat=0_covariance=0_residuals=fixed_class

  Order and format of variables

    Q76_1          F10.3
    Q76_2          F10.3
    Q77_1          F10.3
    Q77_2          F10.3
    Q77_3          F10.3
    Q67_1          F10.3
    Q67_2          F10.3
    Q67_3          F10.3
    Q67_4          F10.3
    Q67_5          F10.3
    W_AGE_BE       F10.3
    RID            I7

  Save file format
    11F10.3 I7

  Save file record length    10000


     Beginning Time:  22:43:07
        Ending Time:  22:43:21
       Elapsed Time:  00:00:14



MUTHEN & MUTHEN
3463 Stoner Ave.
Los Angeles, CA  90066

Tel: (310) 391-9971
Fax: (310) 391-8971
Web: www.StatModel.com
Support: Support@StatModel.com

Copyright (c) 1998-2019 Muthen & Muthen
