Mplus VERSION 8.4 (Mac)
MUTHEN & MUTHEN
06/25/2023   1:55 PM

INPUT INSTRUCTIONS

  TITLE:
  DOG_3_ANTI_POP_var_lat=0_covariance=0_residuals=fixed_classes=6;
  DATA:
  FILE = "DOG_3_ANTI_POP_var_lat=0_covariance=0_residuals=fixed_classes=6.dat";

  VARIABLE:
  NAMES = rid w_age_bel q76_1 q76_2 q77_1 q77_2 q77_3 q67_1 q67_2 q67_3 q67_4 q67_5;
   MISSING=.;
   USEVARIABLES = rid w_age_bel
  q76_1 q76_2 q77_1 q77_2 q77_3
  q67_1 q67_2 q67_3 q67_4 q67_5
  ;
  WEIGHT=w_age_bel;
  IDVARIABLE IS rid;
                            CLASSES=c1(
  6
  );
  ANALYSIS:
  TYPE = MIXTURE;
  STARTS = 500 125 0;
  !lrtstarts = 0 0 600 125;
  LRTBOOTSTRAP = 10;
  STITERATIONS=15;
               !K-1STARTS = 1000 300;
               !STSEED = 134830;
               !H1STARTS = 1000 300;
               ESTIMATOR = MLR;
               PROCESSORS = 8;
  MODEL:

  %OVERALL%
  !!! dogmatism !!!
  DOG BY Q77_1 q77_2 Q77_3;
  !!! antagonism !!!
  ANTI BY q76_1 q76_2;
  !!! populism !!!
  POP BY Q67_1 Q67_2 Q67_3 Q67_4 Q67_5;



  !!!!!!!!
  %c1#1%
  !!!!!!!!

  !!!! Means LV !!!!
  [POP](MPOP1);
  [ANTI](MANTI1);
  [DOG](MDOG1);
  !!!! Variances LV !!!!
  POP@0;
  ANTI@0;
  DOG@0;
  !!!! Covariances LV !!!!
  POP WITH ANTI@0;
  POP WITH DOG@0;
  ANTI WITH DOG@0;
  !!!! Residuals LV !!!!
  Q77_1(VQ77_1);
  Q77_2(VQ77_2);
  Q77_3(VQ77_3);
  Q76_1(VQ76_1);
  Q76_2(VQ76_2);
  Q67_1(VQ67_1);
  Q67_2(VQ67_2);
  Q67_3(VQ67_3);
  Q67_4(VQ67_4);
  Q67_5(VQ67_5);
  !!!! Intercepts manifest !!!!
  [Q77_1@0](intQ77101);
  [Q77_2@0](intQ77201);
  [Q77_3@0](intQ77301);
  [Q76_1@0](intQ76101);
  [Q76_2@0](intQ76201);
  [Q67_1@0](intQ67101);
  [Q67_2@0](intQ67201);
  [Q67_3@0](intQ67301);
  [Q67_4@0](intQ67401);
  [Q67_5@0](intQ67501);

  !!!!!!!!
  %c1#2%
  !!!!!!!!

  !!!! Means LV !!!!
  [POP](MPOP2);
  [ANTI](MANTI2);
  [DOG](MDOG2);
  !!!! Variances LV !!!!
  POP@0;
  ANTI@0;
  DOG@0;
  !!!! Covariances LV !!!!
  POP WITH ANTI@0;
  POP WITH DOG@0;
  ANTI WITH DOG@0;
  !!!! Residuals LV !!!!
  Q77_1(VQ77_1);
  Q77_2(VQ77_2);
  Q77_3(VQ77_3);
  Q76_1(VQ76_1);
  Q76_2(VQ76_2);
  Q67_1(VQ67_1);
  Q67_2(VQ67_2);
  Q67_3(VQ67_3);
  Q67_4(VQ67_4);
  Q67_5(VQ67_5);
  !!!! Intercepts manifest !!!!
  [Q77_1@0](intQ77102);
  [Q77_2@0](intQ77202);
  [Q77_3@0](intQ77302);
  [Q76_1@0](intQ76102);
  [Q76_2@0](intQ76202);
  [Q67_1@0](intQ67102);
  [Q67_2@0](intQ67202);
  [Q67_3@0](intQ67302);
  [Q67_4@0](intQ67402);
  [Q67_5@0](intQ67502);

  !!!!!!!!
  %c1#3%
  !!!!!!!!

  !!!! Means LV !!!!
  [POP](MPOP3);
  [ANTI](MANTI3);
  [DOG](MDOG3);
  !!!! Variances LV !!!!
  POP@0;
  ANTI@0;
  DOG@0;
  !!!! Covariances LV !!!!
  POP WITH ANTI@0;
  POP WITH DOG@0;
  ANTI WITH DOG@0;
  !!!! Residuals LV !!!!
  Q77_1(VQ77_1);
  Q77_2(VQ77_2);
  Q77_3(VQ77_3);
  Q76_1(VQ76_1);
  Q76_2(VQ76_2);
  Q67_1(VQ67_1);
  Q67_2(VQ67_2);
  Q67_3(VQ67_3);
  Q67_4(VQ67_4);
  Q67_5(VQ67_5);
  !!!! Intercepts manifest !!!!
  [Q77_1@0](intQ77103);
  [Q77_2@0](intQ77203);
  [Q77_3@0](intQ77303);
  [Q76_1@0](intQ76103);
  [Q76_2@0](intQ76203);
  [Q67_1@0](intQ67103);
  [Q67_2@0](intQ67203);
  [Q67_3@0](intQ67303);
  [Q67_4@0](intQ67403);
  [Q67_5@0](intQ67503);

  !!!!!!!!
  %c1#4%
  !!!!!!!!

  !!!! Means LV !!!!
  [POP](MPOP4);
  [ANTI](MANTI4);
  [DOG](MDOG4);
  !!!! Variances LV !!!!
  POP@0;
  ANTI@0;
  DOG@0;
  !!!! Covariances LV !!!!
  POP WITH ANTI@0;
  POP WITH DOG@0;
  ANTI WITH DOG@0;
  !!!! Residuals LV !!!!
  Q77_1(VQ77_1);
  Q77_2(VQ77_2);
  Q77_3(VQ77_3);
  Q76_1(VQ76_1);
  Q76_2(VQ76_2);
  Q67_1(VQ67_1);
  Q67_2(VQ67_2);
  Q67_3(VQ67_3);
  Q67_4(VQ67_4);
  Q67_5(VQ67_5);
  !!!! Intercepts manifest !!!!
  [Q77_1@0](intQ77104);
  [Q77_2@0](intQ77204);
  [Q77_3@0](intQ77304);
  [Q76_1@0](intQ76104);
  [Q76_2@0](intQ76204);
  [Q67_1@0](intQ67104);
  [Q67_2@0](intQ67204);
  [Q67_3@0](intQ67304);
  [Q67_4@0](intQ67404);
  [Q67_5@0](intQ67504);

  !!!!!!!!
  %c1#5%
  !!!!!!!!

  !!!! Means LV !!!!
  [POP](MPOP5);
  [ANTI](MANTI5);
  [DOG](MDOG5);
  !!!! Variances LV !!!!
  POP@0;
  ANTI@0;
  DOG@0;
  !!!! Covariances LV !!!!
  POP WITH ANTI@0;
  POP WITH DOG@0;
  ANTI WITH DOG@0;
  !!!! Residuals LV !!!!
  Q77_1(VQ77_1);
  Q77_2(VQ77_2);
  Q77_3(VQ77_3);
  Q76_1(VQ76_1);
  Q76_2(VQ76_2);
  Q67_1(VQ67_1);
  Q67_2(VQ67_2);
  Q67_3(VQ67_3);
  Q67_4(VQ67_4);
  Q67_5(VQ67_5);
  !!!! Intercepts manifest !!!!
  [Q77_1@0](intQ77105);
  [Q77_2@0](intQ77205);
  [Q77_3@0](intQ77305);
  [Q76_1@0](intQ76105);
  [Q76_2@0](intQ76205);
  [Q67_1@0](intQ67105);
  [Q67_2@0](intQ67205);
  [Q67_3@0](intQ67305);
  [Q67_4@0](intQ67405);
  [Q67_5@0](intQ67505);

  !!!!!!!!
  %c1#6%
  !!!!!!!!

  !!!! Means LV !!!!
  [POP](MPOP6);
  [ANTI](MANTI6);
  [DOG](MDOG6);
  !!!! Variances LV !!!!
  POP@0;
  ANTI@0;
  DOG@0;
  !!!! Covariances LV !!!!
  POP WITH ANTI@0;
  POP WITH DOG@0;
  ANTI WITH DOG@0;
  !!!! Residuals LV !!!!
  Q77_1(VQ77_1);
  Q77_2(VQ77_2);
  Q77_3(VQ77_3);
  Q76_1(VQ76_1);
  Q76_2(VQ76_2);
  Q67_1(VQ67_1);
  Q67_2(VQ67_2);
  Q67_3(VQ67_3);
  Q67_4(VQ67_4);
  Q67_5(VQ67_5);
  !!!! Intercepts manifest !!!!
  [Q77_1@0](intQ77106);
  [Q77_2@0](intQ77206);
  [Q77_3@0](intQ77306);
  [Q76_1@0](intQ76106);
  [Q76_2@0](intQ76206);
  [Q67_1@0](intQ67106);
  [Q67_2@0](intQ67206);
  [Q67_3@0](intQ67306);
  [Q67_4@0](intQ67406);
  [Q67_5@0](intQ67506);
  OUTPUT:
  TECH11;
  SAVEDATA:
  SAVE=fscores CPROB;
   FILE IS data_export_6.dat;



INPUT READING TERMINATED NORMALLY




DOG_3_ANTI_POP_var_lat=0_covariance=0_residuals=fixed_classes=6;

SUMMARY OF ANALYSIS

Number of groups                                                 1
Number of observations                                        1618

Number of dependent variables                                   10
Number of independent variables                                  0
Number of continuous latent variables                            3
Number of categorical latent variables                           1

Observed dependent variables

  Continuous
   Q76_1       Q76_2       Q77_1       Q77_2       Q77_3       Q67_1
   Q67_2       Q67_3       Q67_4       Q67_5

Continuous latent variables
   DOG         ANTI        POP

Categorical latent variables
   C1

Variables with special functions

  Weight variable       W_AGE_BE
  ID variable           RID

Estimator                                                      MLR
Information matrix                                        OBSERVED
Optimization Specifications for the Quasi-Newton Algorithm for
Continuous Outcomes
  Maximum number of iterations                                 100
  Convergence criterion                                  0.100D-05
Optimization Specifications for the EM Algorithm
  Maximum number of iterations                                 500
  Convergence criteria
    Loglikelihood change                                 0.100D-06
    Relative loglikelihood change                        0.100D-06
    Derivative                                           0.100D-05
Optimization Specifications for the M step of the EM Algorithm for
Categorical Latent variables
  Number of M step iterations                                    1
  M step convergence criterion                           0.100D-05
  Basis for M step termination                           ITERATION
Optimization Specifications for the M step of the EM Algorithm for
Censored, Binary or Ordered Categorical (Ordinal), Unordered
Categorical (Nominal) and Count Outcomes
  Number of M step iterations                                    1
  M step convergence criterion                           0.100D-05
  Basis for M step termination                           ITERATION
  Maximum value for logit thresholds                            15
  Minimum value for logit thresholds                           -15
  Minimum expected cell size for chi-square              0.100D-01
Maximum number of iterations for H1                           2000
Convergence criterion for H1                             0.100D-03
Optimization algorithm                                         EMA
Random Starts Specifications
  Number of initial stage random starts                        500
  Number of final stage optimizations                          125
  Number of initial stage iterations                            15
  Initial stage convergence criterion                    0.100D+01
  Random starts scale                                    0.500D+01
  Random seed for generating random starts                       0

Input data file(s)
  DOG_3_ANTI_POP_var_lat=0_covariance=0_residuals=fixed_classes=6.dat
Input data format  FREE


SUMMARY OF DATA

     Number of missing data patterns            36
     Number of y missing data patterns          36
     Number of u missing data patterns           0


COVARIANCE COVERAGE OF DATA

Minimum covariance coverage value   0.100


     PROPORTION OF DATA PRESENT FOR Y


           Covariance Coverage
              Q76_1         Q76_2         Q77_1         Q77_2         Q77_3
              ________      ________      ________      ________      ________
 Q76_1          0.984
 Q76_2          0.978         0.985
 Q77_1          0.974         0.977         0.986
 Q77_2          0.975         0.977         0.979         0.990
 Q77_3          0.980         0.982         0.985         0.989         0.996
 Q67_1          0.979         0.980         0.980         0.984         0.990
 Q67_2          0.980         0.981         0.981         0.985         0.991
 Q67_3          0.978         0.980         0.980         0.985         0.990
 Q67_4          0.976         0.977         0.978         0.981         0.987
 Q67_5          0.979         0.981         0.980         0.984         0.990


           Covariance Coverage
              Q67_1         Q67_2         Q67_3         Q67_4         Q67_5
              ________      ________      ________      ________      ________
 Q67_1          0.993
 Q67_2          0.990         0.994
 Q67_3          0.989         0.990         0.993
 Q67_4          0.985         0.986         0.985         0.989
 Q67_5          0.988         0.989         0.989         0.985         0.993



UNIVARIATE SAMPLE STATISTICS


     UNIVARIATE HIGHER-ORDER MOMENT DESCRIPTIVE STATISTICS

         Variable/         Mean/     Skewness/   Minimum/ % with                Percentiles
        Sample Size      Variance    Kurtosis    Maximum  Min/Max      20%/60%    40%/80%    Median

     Q76_1                 0.038      -0.183      -2.175    3.27%      -1.181     -0.188     -0.188
            1592.000       0.991      -0.787       1.799    7.47%       0.806      0.806
     Q76_2                 0.040      -0.337      -2.283    3.14%      -1.314     -0.344      0.625
            1594.000       0.978      -0.634       1.595   11.54%       0.625      0.625
     Q77_1                 0.035      -0.124      -2.117    3.57%      -1.084     -0.052     -0.052
            1596.000       0.993      -0.876       2.013    3.88%      -0.052      0.981
     Q77_2                 0.036       0.457      -1.542   11.30%      -0.533     -0.533     -0.533
            1602.000       1.008      -0.563       2.493    2.37%       0.475      1.484
     Q77_3                 0.022       0.770      -1.346   20.29%      -1.346     -0.138     -0.138
            1612.000       1.052       0.559       3.488    0.68%      -0.138      1.071
     Q67_1                 0.049       0.073      -1.922    4.48%      -0.954      0.014      0.014
            1607.000       0.991      -0.947       1.949    5.97%       0.014      0.982
     Q67_2                 0.051       0.002      -2.053    3.73%      -1.043     -0.034     -0.034
            1609.000       1.001      -0.854       1.985    5.53%      -0.034      0.976
     Q67_3                 0.055       0.383      -1.676    8.40%      -0.669     -0.669     -0.669
            1607.000       1.020      -0.534       2.350    3.92%       0.337      1.343
     Q67_4                 0.061       0.074      -1.888    5.69%      -0.897     -0.897      0.094
            1600.000       0.985      -0.835       2.077    4.44%       0.094      1.085
     Q67_5                 0.042       0.366      -1.601   11.58%      -0.563     -0.563     -0.563
            1606.000       1.022      -0.423       2.550    2.43%       0.474      0.474

RANDOM STARTS RESULTS RANKED FROM THE BEST TO THE WORST LOGLIKELIHOOD VALUES

Final stage loglikelihood values at local maxima, seeds, and initial stage start numbers:

          -20605.736  529496           343
          -20605.736  637345           19
          -20605.736  602797           336
          -20605.736  211281           292
          -20605.736  691234           250
          -20605.736  350608           334
          -20605.736  875667           367
          -20605.736  772131           407
          -20605.736  850840           232
          -20605.736  793035           187
          -20605.736  373505           88
          -20605.736  329127           185
          -20605.736  36714            201
          -20605.736  579995           183
          -20605.736  366533           484
          -20605.736  137377           397
          -20605.736  321390           133
          -20605.736  898745           466
          -20605.736  830392           35
          -20605.736  282464           283
          -20666.303  12477            155
          -20666.303  232226           235
          -20666.303  268217           83
          -20666.303  349562           359
          -20666.303  509733           130
          -20666.303  468036           131
          -20666.303  195763           358
          -20666.303  66276            217
          -20694.997  79945            395
          -20694.997  415931           10
          -20694.997  692169           308
          -20694.997  408713           450
          -20694.997  576726           280
          -20703.948  584397           428
          -20704.221  197223           332
          -20704.221  185071           370
          -20704.221  715561           125
          -20704.221  762461           425
          -20704.221  783165           170
          -20704.221  945065           255
          -20704.221  396795           323
          -20704.221  673496           218
          -20720.561  188640           451
          -20739.487  259507           53
          -20739.487  535063           329
          -20739.487  752769           253
          -20739.487  123985           248
          -20750.092  562716           300
          -20750.092  741888           138
          -20764.756  561664           392
          -20764.756  888905           444
          -20872.390  960438           116
          -20872.390  440841           118
          -20872.390  631413           439
          -20872.390  686482           215
          -20872.390  202790           198
          -20872.390  39136            226
          -20872.390  514326           325
          -20872.390  851945           18
          -20872.390  392407           221
          -20872.390  49221            254
          -20872.390  364676           27
          -20872.390  804561           59
          -20872.390  823392           479
          -20872.390  345726           461
          -20880.342  484501           163
          -20901.001  252949           487
          -20929.979  227563           63
          -20929.979  399380           436
          -20931.635  278692           342
          -20945.536  136842           58
          -20945.536  417035           149
          -20945.536  913639           162
          -20945.536  215353           164
          -20945.536  23012            352
          -20945.536  985387           381
          -20945.536  311214           64
          -20945.536  783110           72
          -20945.536  937588           293
          -20945.536  358488           264
          -20945.536  61587            400
          -20945.536  760878           249
          -20945.536  642909           251
          -20945.536  479273           156
          -20945.536  726035           191
          -20945.536  971853           402
          -20945.536  484687           306
          -20959.973  81117            305
          -20959.973  751153           110
          -20959.973  872743           374
          -20959.973  178475           231
          -20959.973  315029           471
          -20959.973  246261           38
          -20987.439  195873           6
          -20987.447  105435           265
          -20994.384  319575           499
          -20994.384  635245           121
          -21063.207  848163           47
          -21063.207  789985           67
          -21063.207  496710           386
          -21063.207  292884           103
          -21063.207  93468            3
          -21063.207  210870           383
          -21063.207  544048           87

21 perturbed starting value run(s) did not converge.



THE BEST LOGLIKELIHOOD VALUE HAS BEEN REPLICATED.  RERUN WITH AT LEAST TWICE THE
RANDOM STARTS TO CHECK THAT THE BEST LOGLIKELIHOOD IS STILL OBTAINED AND REPLICATED.


THE MODEL ESTIMATION TERMINATED NORMALLY



MODEL FIT INFORMATION

Number of Free Parameters                       40

Loglikelihood

          H0 Value                      -20605.736
          H0 Scaling Correction Factor      1.9114
            for MLR

Information Criteria

          Akaike (AIC)                   41291.472
          Bayesian (BIC)                 41507.030
          Sample-Size Adjusted BIC       41379.957
            (n* = (n + 2) / 24)



FINAL CLASS COUNTS AND PROPORTIONS FOR THE LATENT CLASSES
BASED ON THE ESTIMATED MODEL

    Latent
   Classes

       1        274.81509          0.16985
       2        238.07106          0.14714
       3        221.20891          0.13672
       4        360.94275          0.22308
       5        117.86287          0.07284
       6        405.09932          0.25037


FINAL CLASS COUNTS AND PROPORTIONS FOR THE LATENT CLASSES
BASED ON ESTIMATED POSTERIOR PROBABILITIES

    Latent
   Classes

       1        274.81509          0.16985
       2        238.07106          0.14714
       3        221.20891          0.13672
       4        360.94275          0.22308
       5        117.86287          0.07284
       6        405.09932          0.25037


FINAL CLASS COUNTS AND PROPORTIONS FOR THE LATENT CLASSES
BASED ON THEIR MOST LIKELY LATENT CLASS MEMBERSHIP

Class Counts and Proportions

    Latent
   Classes

       1              278          0.17174
       2              236          0.14557
       3              197          0.12206
       4              382          0.23581
       5              110          0.06773
       6              416          0.25709


CLASSIFICATION QUALITY

     Entropy                         0.787


Classification Probabilities for the Most Likely Latent Class Membership (Column)
by Latent Class (Row)

           1        2        3        4        5        6

    1   0.902    0.032    0.000    0.000    0.020    0.046
    2   0.043    0.825    0.029    0.024    0.000    0.079
    3   0.000    0.048    0.757    0.131    0.000    0.064
    4   0.000    0.020    0.027    0.909    0.000    0.044
    5   0.068    0.001    0.007    0.000    0.804    0.120
    6   0.029    0.030    0.031    0.046    0.023    0.840


Logits for the Classification Probabilities for the Most Likely Latent Class Membership (Column)
by Latent Class (Row)

              1        2        3        4        5        6

    1      2.976   -0.357   -6.562  -10.291   -0.833    0.000
    2     -0.621    2.340   -1.018   -1.189   -7.761    0.000
    3     -6.653   -0.282    2.476    0.720   -5.972    0.000
    4    -10.406   -0.775   -0.489    3.034  -10.686    0.000
    5     -0.563   -5.226   -2.821  -10.101    1.900    0.000
    6     -3.363   -3.319   -3.295   -2.905   -3.594    0.000


MODEL RESULTS

                                                    Two-Tailed
                    Estimate       S.E.  Est./S.E.    P-Value

Latent Class 1

 DOG      BY
    Q77_1              1.000      0.000    999.000    999.000
    Q77_2              2.202      0.159     13.821      0.000
    Q77_3              1.108      0.131      8.458      0.000

 ANTI     BY
    Q76_1              1.000      0.000    999.000    999.000
    Q76_2              0.923      0.085     10.899      0.000

 POP      BY
    Q67_1              1.000      0.000    999.000    999.000
    Q67_2              1.025      0.052     19.888      0.000
    Q67_3              1.203      0.057     21.085      0.000
    Q67_4              0.984      0.052     19.034      0.000
    Q67_5              0.981      0.066     14.898      0.000

 ANTI     WITH
    DOG                0.000      0.000    999.000    999.000

 POP      WITH
    DOG                0.000      0.000    999.000    999.000
    ANTI               0.000      0.000    999.000    999.000

 Means
    DOG                0.592      0.051     11.677      0.000
    ANTI               0.634      0.053     12.030      0.000
    POP                0.874      0.055     15.913      0.000

 Intercepts
    Q76_1              0.000      0.000    999.000    999.000
    Q76_2              0.000      0.000    999.000    999.000
    Q77_1              0.000      0.000    999.000    999.000
    Q77_2              0.000      0.000    999.000    999.000
    Q77_3              0.000      0.000    999.000    999.000
    Q67_1              0.000      0.000    999.000    999.000
    Q67_2              0.000      0.000    999.000    999.000
    Q67_3              0.000      0.000    999.000    999.000
    Q67_4              0.000      0.000    999.000    999.000
    Q67_5              0.000      0.000    999.000    999.000

 Variances
    DOG                0.000      0.000    999.000    999.000
    ANTI               0.000      0.000    999.000    999.000
    POP                0.000      0.000    999.000    999.000

 Residual Variances
    Q76_1              0.550      0.066      8.325      0.000
    Q76_2              0.603      0.039     15.434      0.000
    Q77_1              0.861      0.028     30.964      0.000
    Q77_2              0.366      0.029     12.847      0.000
    Q77_3              0.889      0.041     21.604      0.000
    Q67_1              0.577      0.033     17.378      0.000
    Q67_2              0.566      0.029     19.258      0.000
    Q67_3              0.421      0.029     14.676      0.000
    Q67_4              0.586      0.029     19.912      0.000
    Q67_5              0.623      0.032     19.204      0.000

Latent Class 2

 DOG      BY
    Q77_1              1.000      0.000    999.000    999.000
    Q77_2              2.202      0.159     13.821      0.000
    Q77_3              1.108      0.131      8.458      0.000

 ANTI     BY
    Q76_1              1.000      0.000    999.000    999.000
    Q76_2              0.923      0.085     10.899      0.000

 POP      BY
    Q67_1              1.000      0.000    999.000    999.000
    Q67_2              1.025      0.052     19.888      0.000
    Q67_3              1.203      0.057     21.085      0.000
    Q67_4              0.984      0.052     19.034      0.000
    Q67_5              0.981      0.066     14.898      0.000

 ANTI     WITH
    DOG                0.000      0.000    999.000    999.000

 POP      WITH
    DOG                0.000      0.000    999.000    999.000
    ANTI               0.000      0.000    999.000    999.000

 Means
    DOG                0.494      0.044     11.303      0.000
    ANTI               0.348      0.116      2.995      0.003
    POP               -0.278      0.067     -4.176      0.000

 Intercepts
    Q76_1              0.000      0.000    999.000    999.000
    Q76_2              0.000      0.000    999.000    999.000
    Q77_1              0.000      0.000    999.000    999.000
    Q77_2              0.000      0.000    999.000    999.000
    Q77_3              0.000      0.000    999.000    999.000
    Q67_1              0.000      0.000    999.000    999.000
    Q67_2              0.000      0.000    999.000    999.000
    Q67_3              0.000      0.000    999.000    999.000
    Q67_4              0.000      0.000    999.000    999.000
    Q67_5              0.000      0.000    999.000    999.000

 Variances
    DOG                0.000      0.000    999.000    999.000
    ANTI               0.000      0.000    999.000    999.000
    POP                0.000      0.000    999.000    999.000

 Residual Variances
    Q76_1              0.550      0.066      8.325      0.000
    Q76_2              0.603      0.039     15.434      0.000
    Q77_1              0.861      0.028     30.964      0.000
    Q77_2              0.366      0.029     12.847      0.000
    Q77_3              0.889      0.041     21.604      0.000
    Q67_1              0.577      0.033     17.378      0.000
    Q67_2              0.566      0.029     19.258      0.000
    Q67_3              0.421      0.029     14.676      0.000
    Q67_4              0.586      0.029     19.912      0.000
    Q67_5              0.623      0.032     19.204      0.000

Latent Class 3

 DOG      BY
    Q77_1              1.000      0.000    999.000    999.000
    Q77_2              2.202      0.159     13.821      0.000
    Q77_3              1.108      0.131      8.458      0.000

 ANTI     BY
    Q76_1              1.000      0.000    999.000    999.000
    Q76_2              0.923      0.085     10.899      0.000

 POP      BY
    Q67_1              1.000      0.000    999.000    999.000
    Q67_2              1.025      0.052     19.888      0.000
    Q67_3              1.203      0.057     21.085      0.000
    Q67_4              0.984      0.052     19.034      0.000
    Q67_5              0.981      0.066     14.898      0.000

 ANTI     WITH
    DOG                0.000      0.000    999.000    999.000

 POP      WITH
    DOG                0.000      0.000    999.000    999.000
    ANTI               0.000      0.000    999.000    999.000

 Means
    DOG               -0.281      0.036     -7.722      0.000
    ANTI               0.578      0.106      5.448      0.000
    POP               -0.611      0.103     -5.937      0.000

 Intercepts
    Q76_1              0.000      0.000    999.000    999.000
    Q76_2              0.000      0.000    999.000    999.000
    Q77_1              0.000      0.000    999.000    999.000
    Q77_2              0.000      0.000    999.000    999.000
    Q77_3              0.000      0.000    999.000    999.000
    Q67_1              0.000      0.000    999.000    999.000
    Q67_2              0.000      0.000    999.000    999.000
    Q67_3              0.000      0.000    999.000    999.000
    Q67_4              0.000      0.000    999.000    999.000
    Q67_5              0.000      0.000    999.000    999.000

 Variances
    DOG                0.000      0.000    999.000    999.000
    ANTI               0.000      0.000    999.000    999.000
    POP                0.000      0.000    999.000    999.000

 Residual Variances
    Q76_1              0.550      0.066      8.325      0.000
    Q76_2              0.603      0.039     15.434      0.000
    Q77_1              0.861      0.028     30.964      0.000
    Q77_2              0.366      0.029     12.847      0.000
    Q77_3              0.889      0.041     21.604      0.000
    Q67_1              0.577      0.033     17.378      0.000
    Q67_2              0.566      0.029     19.258      0.000
    Q67_3              0.421      0.029     14.676      0.000
    Q67_4              0.586      0.029     19.912      0.000
    Q67_5              0.623      0.032     19.204      0.000

Latent Class 4

 DOG      BY
    Q77_1              1.000      0.000    999.000    999.000
    Q77_2              2.202      0.159     13.821      0.000
    Q77_3              1.108      0.131      8.458      0.000

 ANTI     BY
    Q76_1              1.000      0.000    999.000    999.000
    Q76_2              0.923      0.085     10.899      0.000

 POP      BY
    Q67_1              1.000      0.000    999.000    999.000
    Q67_2              1.025      0.052     19.888      0.000
    Q67_3              1.203      0.057     21.085      0.000
    Q67_4              0.984      0.052     19.034      0.000
    Q67_5              0.981      0.066     14.898      0.000

 ANTI     WITH
    DOG                0.000      0.000    999.000    999.000

 POP      WITH
    DOG                0.000      0.000    999.000    999.000
    ANTI               0.000      0.000    999.000    999.000

 Means
    DOG               -0.262      0.028     -9.529      0.000
    ANTI              -1.037      0.049    -20.955      0.000
    POP               -0.643      0.062    -10.382      0.000

 Intercepts
    Q76_1              0.000      0.000    999.000    999.000
    Q76_2              0.000      0.000    999.000    999.000
    Q77_1              0.000      0.000    999.000    999.000
    Q77_2              0.000      0.000    999.000    999.000
    Q77_3              0.000      0.000    999.000    999.000
    Q67_1              0.000      0.000    999.000    999.000
    Q67_2              0.000      0.000    999.000    999.000
    Q67_3              0.000      0.000    999.000    999.000
    Q67_4              0.000      0.000    999.000    999.000
    Q67_5              0.000      0.000    999.000    999.000

 Variances
    DOG                0.000      0.000    999.000    999.000
    ANTI               0.000      0.000    999.000    999.000
    POP                0.000      0.000    999.000    999.000

 Residual Variances
    Q76_1              0.550      0.066      8.325      0.000
    Q76_2              0.603      0.039     15.434      0.000
    Q77_1              0.861      0.028     30.964      0.000
    Q77_2              0.366      0.029     12.847      0.000
    Q77_3              0.889      0.041     21.604      0.000
    Q67_1              0.577      0.033     17.378      0.000
    Q67_2              0.566      0.029     19.258      0.000
    Q67_3              0.421      0.029     14.676      0.000
    Q67_4              0.586      0.029     19.912      0.000
    Q67_5              0.623      0.032     19.204      0.000

Latent Class 5

 DOG      BY
    Q77_1              1.000      0.000    999.000    999.000
    Q77_2              2.202      0.159     13.821      0.000
    Q77_3              1.108      0.131      8.458      0.000

 ANTI     BY
    Q76_1              1.000      0.000    999.000    999.000
    Q76_2              0.923      0.085     10.899      0.000

 POP      BY
    Q67_1              1.000      0.000    999.000    999.000
    Q67_2              1.025      0.052     19.888      0.000
    Q67_3              1.203      0.057     21.085      0.000
    Q67_4              0.984      0.052     19.034      0.000
    Q67_5              0.981      0.066     14.898      0.000

 ANTI     WITH
    DOG                0.000      0.000    999.000    999.000

 POP      WITH
    DOG                0.000      0.000    999.000    999.000
    ANTI               0.000      0.000    999.000    999.000

 Means
    DOG               -0.251      0.054     -4.658      0.000
    ANTI               0.946      0.123      7.700      0.000
    POP                1.208      0.220      5.491      0.000

 Intercepts
    Q76_1              0.000      0.000    999.000    999.000
    Q76_2              0.000      0.000    999.000    999.000
    Q77_1              0.000      0.000    999.000    999.000
    Q77_2              0.000      0.000    999.000    999.000
    Q77_3              0.000      0.000    999.000    999.000
    Q67_1              0.000      0.000    999.000    999.000
    Q67_2              0.000      0.000    999.000    999.000
    Q67_3              0.000      0.000    999.000    999.000
    Q67_4              0.000      0.000    999.000    999.000
    Q67_5              0.000      0.000    999.000    999.000

 Variances
    DOG                0.000      0.000    999.000    999.000
    ANTI               0.000      0.000    999.000    999.000
    POP                0.000      0.000    999.000    999.000

 Residual Variances
    Q76_1              0.550      0.066      8.325      0.000
    Q76_2              0.603      0.039     15.434      0.000
    Q77_1              0.861      0.028     30.964      0.000
    Q77_2              0.366      0.029     12.847      0.000
    Q77_3              0.889      0.041     21.604      0.000
    Q67_1              0.577      0.033     17.378      0.000
    Q67_2              0.566      0.029     19.258      0.000
    Q67_3              0.421      0.029     14.676      0.000
    Q67_4              0.586      0.029     19.912      0.000
    Q67_5              0.623      0.032     19.204      0.000

Latent Class 6

 DOG      BY
    Q77_1              1.000      0.000    999.000    999.000
    Q77_2              2.202      0.159     13.821      0.000
    Q77_3              1.108      0.131      8.458      0.000

 ANTI     BY
    Q76_1              1.000      0.000    999.000    999.000
    Q76_2              0.923      0.085     10.899      0.000

 POP      BY
    Q67_1              1.000      0.000    999.000    999.000
    Q67_2              1.025      0.052     19.888      0.000
    Q67_3              1.203      0.057     21.085      0.000
    Q67_4              0.984      0.052     19.034      0.000
    Q67_5              0.981      0.066     14.898      0.000

 ANTI     WITH
    DOG                0.000      0.000    999.000    999.000

 POP      WITH
    DOG                0.000      0.000    999.000    999.000
    ANTI               0.000      0.000    999.000    999.000

 Means
    DOG               -0.161      0.031     -5.168      0.000
    ANTI              -0.139      0.222     -0.628      0.530
    POP                0.323      0.069      4.674      0.000

 Intercepts
    Q76_1              0.000      0.000    999.000    999.000
    Q76_2              0.000      0.000    999.000    999.000
    Q77_1              0.000      0.000    999.000    999.000
    Q77_2              0.000      0.000    999.000    999.000
    Q77_3              0.000      0.000    999.000    999.000
    Q67_1              0.000      0.000    999.000    999.000
    Q67_2              0.000      0.000    999.000    999.000
    Q67_3              0.000      0.000    999.000    999.000
    Q67_4              0.000      0.000    999.000    999.000
    Q67_5              0.000      0.000    999.000    999.000

 Variances
    DOG                0.000      0.000    999.000    999.000
    ANTI               0.000      0.000    999.000    999.000
    POP                0.000      0.000    999.000    999.000

 Residual Variances
    Q76_1              0.550      0.066      8.325      0.000
    Q76_2              0.603      0.039     15.434      0.000
    Q77_1              0.861      0.028     30.964      0.000
    Q77_2              0.366      0.029     12.847      0.000
    Q77_3              0.889      0.041     21.604      0.000
    Q67_1              0.577      0.033     17.378      0.000
    Q67_2              0.566      0.029     19.258      0.000
    Q67_3              0.421      0.029     14.676      0.000
    Q67_4              0.586      0.029     19.912      0.000
    Q67_5              0.623      0.032     19.204      0.000

Categorical Latent Variables

 Means
    C1#1              -0.388      0.172     -2.258      0.024
    C1#2              -0.532      0.197     -2.701      0.007
    C1#3              -0.605      0.239     -2.534      0.011
    C1#4              -0.115      0.149     -0.774      0.439
    C1#5              -1.235      0.547     -2.258      0.024


QUALITY OF NUMERICAL RESULTS

     Condition Number for the Information Matrix              0.306E-02
       (ratio of smallest to largest eigenvalue)


TECHNICAL 11 OUTPUT

     Random Starts Specifications for the k-1 Class Analysis Model
        Number of initial stage random starts                 500
        Number of final stage optimizations                   125



     VUONG-LO-MENDELL-RUBIN LIKELIHOOD RATIO TEST FOR 5 (H0) VERSUS 6 CLASSES

          H0 Loglikelihood Value                       -20739.487
          2 Times the Loglikelihood Difference            267.501
          Difference in the Number of Parameters                4
          Mean                                           -123.041
          Standard Deviation                              320.403
          P-Value                                          0.1114

     LO-MENDELL-RUBIN ADJUSTED LRT TEST

          Value                                           258.747
          P-Value                                          0.1167


SAMPLE STATISTICS FOR ESTIMATED FACTOR SCORES


     SAMPLE STATISTICS


           Means
              DOG           ANTI          POP           C_DOG         C_ANTI
              ________      ________      ________      ________      ________
                0.002         0.007         0.010         0.004        -0.020


           Means
              C_POP
              ________
                0.009


           Covariances
              DOG           ANTI          POP           C_DOG         C_ANTI
              ________      ________      ________      ________      ________
 DOG            0.105
 ANTI           0.105         0.355
 POP            0.092         0.228         0.352
 C_DOG          0.112         0.109         0.093         0.129
 C_ANTI         0.115         0.388         0.244         0.125         0.462
 C_POP          0.095         0.234         0.367         0.098         0.260


           Covariances
              C_POP
              ________
 C_POP          0.403


           Correlations
              DOG           ANTI          POP           C_DOG         C_ANTI
              ________      ________      ________      ________      ________
 DOG            1.000
 ANTI           0.543         1.000
 POP            0.477         0.645         1.000
 C_DOG          0.960         0.509         0.439         1.000
 C_ANTI         0.519         0.959         0.605         0.512         1.000
 C_POP          0.462         0.618         0.973         0.431         0.602


           Correlations
              C_POP
              ________
 C_POP          1.000


SAVEDATA INFORMATION


  Save file
    data_export_6.dat

  Order and format of variables

    Q76_1          F10.3
    Q76_2          F10.3
    Q77_1          F10.3
    Q77_2          F10.3
    Q77_3          F10.3
    Q67_1          F10.3
    Q67_2          F10.3
    Q67_3          F10.3
    Q67_4          F10.3
    Q67_5          F10.3
    DOG            F10.3
    ANTI           F10.3
    POP            F10.3
    C_DOG          F10.3
    C_ANTI         F10.3
    C_POP          F10.3
    CPROB1         F10.3
    CPROB2         F10.3
    CPROB3         F10.3
    CPROB4         F10.3
    CPROB5         F10.3
    CPROB6         F10.3
    C1             F10.3
    W_AGE_BE       F10.3
    RID            I7

  Save file format
    24F10.3 I7

  Save file record length    10000


     Beginning Time:  13:55:21
        Ending Time:  14:11:17
       Elapsed Time:  00:15:56



MUTHEN & MUTHEN
3463 Stoner Ave.
Los Angeles, CA  90066

Tel: (310) 391-9971
Fax: (310) 391-8971
Web: www.StatModel.com
Support: Support@StatModel.com

Copyright (c) 1998-2019 Muthen & Muthen
