Mplus VERSION 8.4 (Mac)
MUTHEN & MUTHEN
06/25/2023   2:11 PM

INPUT INSTRUCTIONS

  TITLE:
  DOG_3_ANTI_POP_var_lat=0_covariance=0_residuals=fixed_classes=7;
  DATA:
  FILE = "DOG_3_ANTI_POP_var_lat=0_covariance=0_residuals=fixed_classes=7.dat";

  VARIABLE:
  NAMES = rid w_age_bel q76_1 q76_2 q77_1 q77_2 q77_3 q67_1 q67_2 q67_3 q67_4 q67_5;
   MISSING=.;
   USEVARIABLES = rid w_age_bel
  q76_1 q76_2 q77_1 q77_2 q77_3
  q67_1 q67_2 q67_3 q67_4 q67_5
  ;
  WEIGHT=w_age_bel;
  IDVARIABLE IS rid;
                            CLASSES=c1(
  7
  );
  ANALYSIS:
  TYPE = MIXTURE;
  STARTS = 500 125 0;
  !lrtstarts = 0 0 600 125;
  LRTBOOTSTRAP = 10;
  STITERATIONS=15;
               !K-1STARTS = 1000 300;
               !STSEED = 134830;
               !H1STARTS = 1000 300;
               ESTIMATOR = MLR;
               PROCESSORS = 8;
  MODEL:

  %OVERALL%
  !!! dogmatism !!!
  DOG BY Q77_1 q77_2 Q77_3;
  !!! antagonism !!!
  ANTI BY q76_1 q76_2;
  !!! populism !!!
  POP BY Q67_1 Q67_2 Q67_3 Q67_4 Q67_5;



  !!!!!!!!
  %c1#1%
  !!!!!!!!

  !!!! Means LV !!!!
  [POP](MPOP1);
  [ANTI](MANTI1);
  [DOG](MDOG1);
  !!!! Variances LV !!!!
  POP@0;
  ANTI@0;
  DOG@0;
  !!!! Covariances LV !!!!
  POP WITH ANTI@0;
  POP WITH DOG@0;
  ANTI WITH DOG@0;
  !!!! Residuals LV !!!!
  Q77_1(VQ77_1);
  Q77_2(VQ77_2);
  Q77_3(VQ77_3);
  Q76_1(VQ76_1);
  Q76_2(VQ76_2);
  Q67_1(VQ67_1);
  Q67_2(VQ67_2);
  Q67_3(VQ67_3);
  Q67_4(VQ67_4);
  Q67_5(VQ67_5);
  !!!! Intercepts manifest !!!!
  [Q77_1@0](intQ77101);
  [Q77_2@0](intQ77201);
  [Q77_3@0](intQ77301);
  [Q76_1@0](intQ76101);
  [Q76_2@0](intQ76201);
  [Q67_1@0](intQ67101);
  [Q67_2@0](intQ67201);
  [Q67_3@0](intQ67301);
  [Q67_4@0](intQ67401);
  [Q67_5@0](intQ67501);

  !!!!!!!!
  %c1#2%
  !!!!!!!!

  !!!! Means LV !!!!
  [POP](MPOP2);
  [ANTI](MANTI2);
  [DOG](MDOG2);
  !!!! Variances LV !!!!
  POP@0;
  ANTI@0;
  DOG@0;
  !!!! Covariances LV !!!!
  POP WITH ANTI@0;
  POP WITH DOG@0;
  ANTI WITH DOG@0;
  !!!! Residuals LV !!!!
  Q77_1(VQ77_1);
  Q77_2(VQ77_2);
  Q77_3(VQ77_3);
  Q76_1(VQ76_1);
  Q76_2(VQ76_2);
  Q67_1(VQ67_1);
  Q67_2(VQ67_2);
  Q67_3(VQ67_3);
  Q67_4(VQ67_4);
  Q67_5(VQ67_5);
  !!!! Intercepts manifest !!!!
  [Q77_1@0](intQ77102);
  [Q77_2@0](intQ77202);
  [Q77_3@0](intQ77302);
  [Q76_1@0](intQ76102);
  [Q76_2@0](intQ76202);
  [Q67_1@0](intQ67102);
  [Q67_2@0](intQ67202);
  [Q67_3@0](intQ67302);
  [Q67_4@0](intQ67402);
  [Q67_5@0](intQ67502);

  !!!!!!!!
  %c1#3%
  !!!!!!!!

  !!!! Means LV !!!!
  [POP](MPOP3);
  [ANTI](MANTI3);
  [DOG](MDOG3);
  !!!! Variances LV !!!!
  POP@0;
  ANTI@0;
  DOG@0;
  !!!! Covariances LV !!!!
  POP WITH ANTI@0;
  POP WITH DOG@0;
  ANTI WITH DOG@0;
  !!!! Residuals LV !!!!
  Q77_1(VQ77_1);
  Q77_2(VQ77_2);
  Q77_3(VQ77_3);
  Q76_1(VQ76_1);
  Q76_2(VQ76_2);
  Q67_1(VQ67_1);
  Q67_2(VQ67_2);
  Q67_3(VQ67_3);
  Q67_4(VQ67_4);
  Q67_5(VQ67_5);
  !!!! Intercepts manifest !!!!
  [Q77_1@0](intQ77103);
  [Q77_2@0](intQ77203);
  [Q77_3@0](intQ77303);
  [Q76_1@0](intQ76103);
  [Q76_2@0](intQ76203);
  [Q67_1@0](intQ67103);
  [Q67_2@0](intQ67203);
  [Q67_3@0](intQ67303);
  [Q67_4@0](intQ67403);
  [Q67_5@0](intQ67503);

  !!!!!!!!
  %c1#4%
  !!!!!!!!

  !!!! Means LV !!!!
  [POP](MPOP4);
  [ANTI](MANTI4);
  [DOG](MDOG4);
  !!!! Variances LV !!!!
  POP@0;
  ANTI@0;
  DOG@0;
  !!!! Covariances LV !!!!
  POP WITH ANTI@0;
  POP WITH DOG@0;
  ANTI WITH DOG@0;
  !!!! Residuals LV !!!!
  Q77_1(VQ77_1);
  Q77_2(VQ77_2);
  Q77_3(VQ77_3);
  Q76_1(VQ76_1);
  Q76_2(VQ76_2);
  Q67_1(VQ67_1);
  Q67_2(VQ67_2);
  Q67_3(VQ67_3);
  Q67_4(VQ67_4);
  Q67_5(VQ67_5);
  !!!! Intercepts manifest !!!!
  [Q77_1@0](intQ77104);
  [Q77_2@0](intQ77204);
  [Q77_3@0](intQ77304);
  [Q76_1@0](intQ76104);
  [Q76_2@0](intQ76204);
  [Q67_1@0](intQ67104);
  [Q67_2@0](intQ67204);
  [Q67_3@0](intQ67304);
  [Q67_4@0](intQ67404);
  [Q67_5@0](intQ67504);

  !!!!!!!!
  %c1#5%
  !!!!!!!!

  !!!! Means LV !!!!
  [POP](MPOP5);
  [ANTI](MANTI5);
  [DOG](MDOG5);
  !!!! Variances LV !!!!
  POP@0;
  ANTI@0;
  DOG@0;
  !!!! Covariances LV !!!!
  POP WITH ANTI@0;
  POP WITH DOG@0;
  ANTI WITH DOG@0;
  !!!! Residuals LV !!!!
  Q77_1(VQ77_1);
  Q77_2(VQ77_2);
  Q77_3(VQ77_3);
  Q76_1(VQ76_1);
  Q76_2(VQ76_2);
  Q67_1(VQ67_1);
  Q67_2(VQ67_2);
  Q67_3(VQ67_3);
  Q67_4(VQ67_4);
  Q67_5(VQ67_5);
  !!!! Intercepts manifest !!!!
  [Q77_1@0](intQ77105);
  [Q77_2@0](intQ77205);
  [Q77_3@0](intQ77305);
  [Q76_1@0](intQ76105);
  [Q76_2@0](intQ76205);
  [Q67_1@0](intQ67105);
  [Q67_2@0](intQ67205);
  [Q67_3@0](intQ67305);
  [Q67_4@0](intQ67405);
  [Q67_5@0](intQ67505);

  !!!!!!!!
  %c1#6%
  !!!!!!!!

  !!!! Means LV !!!!
  [POP](MPOP6);
  [ANTI](MANTI6);
  [DOG](MDOG6);
  !!!! Variances LV !!!!
  POP@0;
  ANTI@0;
  DOG@0;
  !!!! Covariances LV !!!!
  POP WITH ANTI@0;
  POP WITH DOG@0;
  ANTI WITH DOG@0;
  !!!! Residuals LV !!!!
  Q77_1(VQ77_1);
  Q77_2(VQ77_2);
  Q77_3(VQ77_3);
  Q76_1(VQ76_1);
  Q76_2(VQ76_2);
  Q67_1(VQ67_1);
  Q67_2(VQ67_2);
  Q67_3(VQ67_3);
  Q67_4(VQ67_4);
  Q67_5(VQ67_5);
  !!!! Intercepts manifest !!!!
  [Q77_1@0](intQ77106);
  [Q77_2@0](intQ77206);
  [Q77_3@0](intQ77306);
  [Q76_1@0](intQ76106);
  [Q76_2@0](intQ76206);
  [Q67_1@0](intQ67106);
  [Q67_2@0](intQ67206);
  [Q67_3@0](intQ67306);
  [Q67_4@0](intQ67406);
  [Q67_5@0](intQ67506);

  !!!!!!!!
  %c1#7%
  !!!!!!!!

  !!!! Means LV !!!!
  [POP](MPOP7);
  [ANTI](MANTI7);
  [DOG](MDOG7);
  !!!! Variances LV !!!!
  POP@0;
  ANTI@0;
  DOG@0;
  !!!! Covariances LV !!!!
  POP WITH ANTI@0;
  POP WITH DOG@0;
  ANTI WITH DOG@0;
  !!!! Residuals LV !!!!
  Q77_1(VQ77_1);
  Q77_2(VQ77_2);
  Q77_3(VQ77_3);
  Q76_1(VQ76_1);
  Q76_2(VQ76_2);
  Q67_1(VQ67_1);
  Q67_2(VQ67_2);
  Q67_3(VQ67_3);
  Q67_4(VQ67_4);
  Q67_5(VQ67_5);
  !!!! Intercepts manifest !!!!
  [Q77_1@0](intQ77107);
  [Q77_2@0](intQ77207);
  [Q77_3@0](intQ77307);
  [Q76_1@0](intQ76107);
  [Q76_2@0](intQ76207);
  [Q67_1@0](intQ67107);
  [Q67_2@0](intQ67207);
  [Q67_3@0](intQ67307);
  [Q67_4@0](intQ67407);
  [Q67_5@0](intQ67507);
  OUTPUT:
  TECH11;
  SAVEDATA:
  SAVE=fscores CPROB;
   FILE IS data_export_7.dat;



INPUT READING TERMINATED NORMALLY




DOG_3_ANTI_POP_var_lat=0_covariance=0_residuals=fixed_classes=7;

SUMMARY OF ANALYSIS

Number of groups                                                 1
Number of observations                                        1618

Number of dependent variables                                   10
Number of independent variables                                  0
Number of continuous latent variables                            3
Number of categorical latent variables                           1

Observed dependent variables

  Continuous
   Q76_1       Q76_2       Q77_1       Q77_2       Q77_3       Q67_1
   Q67_2       Q67_3       Q67_4       Q67_5

Continuous latent variables
   DOG         ANTI        POP

Categorical latent variables
   C1

Variables with special functions

  Weight variable       W_AGE_BE
  ID variable           RID

Estimator                                                      MLR
Information matrix                                        OBSERVED
Optimization Specifications for the Quasi-Newton Algorithm for
Continuous Outcomes
  Maximum number of iterations                                 100
  Convergence criterion                                  0.100D-05
Optimization Specifications for the EM Algorithm
  Maximum number of iterations                                 500
  Convergence criteria
    Loglikelihood change                                 0.100D-06
    Relative loglikelihood change                        0.100D-06
    Derivative                                           0.100D-05
Optimization Specifications for the M step of the EM Algorithm for
Categorical Latent variables
  Number of M step iterations                                    1
  M step convergence criterion                           0.100D-05
  Basis for M step termination                           ITERATION
Optimization Specifications for the M step of the EM Algorithm for
Censored, Binary or Ordered Categorical (Ordinal), Unordered
Categorical (Nominal) and Count Outcomes
  Number of M step iterations                                    1
  M step convergence criterion                           0.100D-05
  Basis for M step termination                           ITERATION
  Maximum value for logit thresholds                            15
  Minimum value for logit thresholds                           -15
  Minimum expected cell size for chi-square              0.100D-01
Maximum number of iterations for H1                           2000
Convergence criterion for H1                             0.100D-03
Optimization algorithm                                         EMA
Random Starts Specifications
  Number of initial stage random starts                        500
  Number of final stage optimizations                          125
  Number of initial stage iterations                            15
  Initial stage convergence criterion                    0.100D+01
  Random starts scale                                    0.500D+01
  Random seed for generating random starts                       0

Input data file(s)
  DOG_3_ANTI_POP_var_lat=0_covariance=0_residuals=fixed_classes=7.dat
Input data format  FREE


SUMMARY OF DATA

     Number of missing data patterns            36
     Number of y missing data patterns          36
     Number of u missing data patterns           0


COVARIANCE COVERAGE OF DATA

Minimum covariance coverage value   0.100


     PROPORTION OF DATA PRESENT FOR Y


           Covariance Coverage
              Q76_1         Q76_2         Q77_1         Q77_2         Q77_3
              ________      ________      ________      ________      ________
 Q76_1          0.984
 Q76_2          0.978         0.985
 Q77_1          0.974         0.977         0.986
 Q77_2          0.975         0.977         0.979         0.990
 Q77_3          0.980         0.982         0.985         0.989         0.996
 Q67_1          0.979         0.980         0.980         0.984         0.990
 Q67_2          0.980         0.981         0.981         0.985         0.991
 Q67_3          0.978         0.980         0.980         0.985         0.990
 Q67_4          0.976         0.977         0.978         0.981         0.987
 Q67_5          0.979         0.981         0.980         0.984         0.990


           Covariance Coverage
              Q67_1         Q67_2         Q67_3         Q67_4         Q67_5
              ________      ________      ________      ________      ________
 Q67_1          0.993
 Q67_2          0.990         0.994
 Q67_3          0.989         0.990         0.993
 Q67_4          0.985         0.986         0.985         0.989
 Q67_5          0.988         0.989         0.989         0.985         0.993



UNIVARIATE SAMPLE STATISTICS


     UNIVARIATE HIGHER-ORDER MOMENT DESCRIPTIVE STATISTICS

         Variable/         Mean/     Skewness/   Minimum/ % with                Percentiles
        Sample Size      Variance    Kurtosis    Maximum  Min/Max      20%/60%    40%/80%    Median

     Q76_1                 0.038      -0.183      -2.175    3.27%      -1.181     -0.188     -0.188
            1592.000       0.991      -0.787       1.799    7.47%       0.806      0.806
     Q76_2                 0.040      -0.337      -2.283    3.14%      -1.314     -0.344      0.625
            1594.000       0.978      -0.634       1.595   11.54%       0.625      0.625
     Q77_1                 0.035      -0.124      -2.117    3.57%      -1.084     -0.052     -0.052
            1596.000       0.993      -0.876       2.013    3.88%      -0.052      0.981
     Q77_2                 0.036       0.457      -1.542   11.30%      -0.533     -0.533     -0.533
            1602.000       1.008      -0.563       2.493    2.37%       0.475      1.484
     Q77_3                 0.022       0.770      -1.346   20.29%      -1.346     -0.138     -0.138
            1612.000       1.052       0.559       3.488    0.68%      -0.138      1.071
     Q67_1                 0.049       0.073      -1.922    4.48%      -0.954      0.014      0.014
            1607.000       0.991      -0.947       1.949    5.97%       0.014      0.982
     Q67_2                 0.051       0.002      -2.053    3.73%      -1.043     -0.034     -0.034
            1609.000       1.001      -0.854       1.985    5.53%      -0.034      0.976
     Q67_3                 0.055       0.383      -1.676    8.40%      -0.669     -0.669     -0.669
            1607.000       1.020      -0.534       2.350    3.92%       0.337      1.343
     Q67_4                 0.061       0.074      -1.888    5.69%      -0.897     -0.897      0.094
            1600.000       0.985      -0.835       2.077    4.44%       0.094      1.085
     Q67_5                 0.042       0.366      -1.601   11.58%      -0.563     -0.563     -0.563
            1606.000       1.022      -0.423       2.550    2.43%       0.474      0.474

RANDOM STARTS RESULTS RANKED FROM THE BEST TO THE WORST LOGLIKELIHOOD VALUES

Final stage loglikelihood values at local maxima, seeds, and initial stage start numbers:

          -20536.313  793035           187
          -20536.313  576726           280
          -20536.313  850840           232
          -20536.313  468036           131
          -20536.313  752769           253
          -20536.313  939021           8
          -20536.313  185071           370
          -20536.313  350608           334
          -20536.313  232226           235
          -20536.313  311214           64
          -20552.176  830392           35
          -20552.176  875667           367
          -20557.233  762461           425
          -20557.233  282464           283
          -20558.016  211281           292
          -20558.016  772131           407
          -20558.016  195763           358
          -20558.016  579995           183
          -20559.696  329127           185
          -20559.696  188640           451
          -20605.736  12477            155
          -20605.736  137377           397
          -20605.736  562716           300
          -20628.685  602797           336
          -20635.660  673496           218
          -20635.660  408713           450
          -20666.303  691234           250
          -20666.303  509733           130
          -20669.186  945065           255
          -20739.487  686482           215
          -20739.487  898745           466
          -20739.487  872743           374
          -20739.487  27071            15
          -20739.487  81117            305
          -20739.487  751153           110
          -20739.487  529496           343
          -20739.487  123985           248
          -20739.487  479273           156
          -20739.487  364676           27
          -20739.487  535063           329
          -20739.487  913639           162
          -20739.487  605358           321
          -20739.487  178475           231
          -20750.092  227563           63
          -20750.092  39136            226
          -20750.092  741888           138
          -20764.756  888905           444
          -20764.756  561664           392
          -20764.756  499150           216
          -20764.756  484501           163
          -20764.756  358488           264
          -20779.665  347515           24
          -20779.667  105435           265
          -20871.980  345726           461
          -20871.980  349263           263
          -20872.390  851945           18
          -20872.390  278692           342
          -20872.390  783102           433
          -20872.390  903420           5
          -20872.390  563002           360
          -20872.390  823392           479
          -20872.390  626891           32
          -20872.390  202790           198
          -20872.390  238906           430
          -20872.390  292884           103
          -20872.390  319575           499
          -20872.390  175199           247
          -20872.390  631413           439
          -20872.390  438144           271
          -20872.390  484687           306
          -20872.390  798821           423
          -20872.390  268217           83
          -20872.390  960438           116
          -20872.390  957392           79
          -20929.913  695155           150
          -20929.979  193847           354
          -20945.536  971853           402
          -20945.536  369602           146
          -20945.536  432148           30
          -20945.536  783110           72
          -20945.536  514326           325
          -20945.536  319144           176
          -20945.536  354395           486
          -20945.536  259507           53
          -20945.536  23012            352
          -20945.536  246261           38
          -20945.536  520177           262
          -20945.536  937588           293
          -20945.536  760878           249
          -20945.536  715561           125
          -20945.536  36714            201
          -20945.536  136842           58
          -20945.536  692169           308
          -20945.536  404426           344
          -20945.536  985387           381
          -20945.536  471040           403
          -20945.536  392407           221
          -20945.536  61587            400
          -20959.973  68850            462
          -20959.973  576220           115
          -20959.973  392751           480
          -20959.973  789985           67
          -20994.384  928287           197
          -21063.207  345070           114
          -21063.207  992389           77

20 perturbed starting value run(s) did not converge.



THE BEST LOGLIKELIHOOD VALUE HAS BEEN REPLICATED.  RERUN WITH AT LEAST TWICE THE
RANDOM STARTS TO CHECK THAT THE BEST LOGLIKELIHOOD IS STILL OBTAINED AND REPLICATED.


THE MODEL ESTIMATION TERMINATED NORMALLY



MODEL FIT INFORMATION

Number of Free Parameters                       44

Loglikelihood

          H0 Value                      -20536.313
          H0 Scaling Correction Factor      1.8252
            for MLR

Information Criteria

          Akaike (AIC)                   41160.626
          Bayesian (BIC)                 41397.739
          Sample-Size Adjusted BIC       41257.959
            (n* = (n + 2) / 24)



FINAL CLASS COUNTS AND PROPORTIONS FOR THE LATENT CLASSES
BASED ON THE ESTIMATED MODEL

    Latent
   Classes

       1        276.10759          0.17065
       2        264.54962          0.16350
       3        225.93459          0.13964
       4         37.11551          0.02294
       5        324.36098          0.20047
       6        238.28673          0.14727
       7        251.64497          0.15553


FINAL CLASS COUNTS AND PROPORTIONS FOR THE LATENT CLASSES
BASED ON ESTIMATED POSTERIOR PROBABILITIES

    Latent
   Classes

       1        276.10759          0.17065
       2        264.54962          0.16350
       3        225.93459          0.13964
       4         37.11551          0.02294
       5        324.36098          0.20047
       6        238.28673          0.14727
       7        251.64497          0.15553


FINAL CLASS COUNTS AND PROPORTIONS FOR THE LATENT CLASSES
BASED ON THEIR MOST LIKELY LATENT CLASS MEMBERSHIP

Class Counts and Proportions

    Latent
   Classes

       1              280          0.17335
       2              269          0.16650
       3              225          0.13898
       4               33          0.02054
       5              341          0.21084
       6              209          0.12889
       7              260          0.16091


CLASSIFICATION QUALITY

     Entropy                         0.775


Classification Probabilities for the Most Likely Latent Class Membership (Column)
by Latent Class (Row)

           1        2        3        4        5        6        7

    1   0.770    0.011    0.085    0.000    0.065    0.024    0.045
    2   0.010    0.899    0.048    0.003    0.000    0.000    0.041
    3   0.105    0.071    0.766    0.008    0.000    0.018    0.031
    4   0.000    0.036    0.133    0.826    0.000    0.004    0.000
    5   0.053    0.000    0.000    0.000    0.897    0.032    0.018
    6   0.048    0.000    0.031    0.000    0.112    0.755    0.054
    7   0.051    0.044    0.012    0.000    0.022    0.029    0.841


Logits for the Classification Probabilities for the Most Likely Latent Class Membership (Column)
by Latent Class (Row)

              1        2        3        4        5        6        7

    1      2.843   -1.398    0.640   -9.509    0.378   -0.638    0.000
    2     -1.429    3.099    0.169   -2.587   -9.237   -7.492    0.000
    3      1.236    0.843    3.221   -1.362   -4.244   -0.508    0.000
    4     -0.907    5.096    6.394    8.221   -0.319    2.971    0.000
    5      1.058   -9.813   -5.884   -9.813    3.894    0.564    0.000
    6     -0.101   -7.333   -0.533  -10.890    0.733    2.644    0.000
    7     -2.795   -2.941   -4.231  -13.642   -3.666   -3.352    0.000


MODEL RESULTS

                                                    Two-Tailed
                    Estimate       S.E.  Est./S.E.    P-Value

Latent Class 1

 DOG      BY
    Q77_1              1.000      0.000    999.000    999.000
    Q77_2              2.198      0.161     13.692      0.000
    Q77_3              1.120      0.131      8.544      0.000

 ANTI     BY
    Q76_1              1.000      0.000    999.000    999.000
    Q76_2              0.923      0.106      8.726      0.000

 POP      BY
    Q67_1              1.000      0.000    999.000    999.000
    Q67_2              1.022      0.048     21.320      0.000
    Q67_3              1.193      0.051     23.276      0.000
    Q67_4              0.987      0.052     19.101      0.000
    Q67_5              0.983      0.063     15.641      0.000

 ANTI     WITH
    DOG                0.000      0.000    999.000    999.000

 POP      WITH
    DOG                0.000      0.000    999.000    999.000
    ANTI               0.000      0.000    999.000    999.000

 Means
    DOG               -0.175      0.049     -3.600      0.000
    ANTI              -0.552      0.150     -3.687      0.000
    POP                0.230      0.080      2.867      0.004

 Intercepts
    Q76_1              0.000      0.000    999.000    999.000
    Q76_2              0.000      0.000    999.000    999.000
    Q77_1              0.000      0.000    999.000    999.000
    Q77_2              0.000      0.000    999.000    999.000
    Q77_3              0.000      0.000    999.000    999.000
    Q67_1              0.000      0.000    999.000    999.000
    Q67_2              0.000      0.000    999.000    999.000
    Q67_3              0.000      0.000    999.000    999.000
    Q67_4              0.000      0.000    999.000    999.000
    Q67_5              0.000      0.000    999.000    999.000

 Variances
    DOG                0.000      0.000    999.000    999.000
    ANTI               0.000      0.000    999.000    999.000
    POP                0.000      0.000    999.000    999.000

 Residual Variances
    Q76_1              0.504      0.059      8.505      0.000
    Q76_2              0.564      0.055     10.286      0.000
    Q77_1              0.862      0.028     30.723      0.000
    Q77_2              0.372      0.033     11.385      0.000
    Q77_3              0.886      0.041     21.501      0.000
    Q67_1              0.566      0.033     17.301      0.000
    Q67_2              0.557      0.029     19.159      0.000
    Q67_3              0.416      0.028     15.081      0.000
    Q67_4              0.573      0.029     20.011      0.000
    Q67_5              0.613      0.032     18.988      0.000

Latent Class 2

 DOG      BY
    Q77_1              1.000      0.000    999.000    999.000
    Q77_2              2.198      0.161     13.692      0.000
    Q77_3              1.120      0.131      8.544      0.000

 ANTI     BY
    Q76_1              1.000      0.000    999.000    999.000
    Q76_2              0.923      0.106      8.726      0.000

 POP      BY
    Q67_1              1.000      0.000    999.000    999.000
    Q67_2              1.022      0.048     21.320      0.000
    Q67_3              1.193      0.051     23.276      0.000
    Q67_4              0.987      0.052     19.101      0.000
    Q67_5              0.983      0.063     15.641      0.000

 ANTI     WITH
    DOG                0.000      0.000    999.000    999.000

 POP      WITH
    DOG                0.000      0.000    999.000    999.000
    ANTI               0.000      0.000    999.000    999.000

 Means
    DOG                0.600      0.055     10.888      0.000
    ANTI               0.629      0.059     10.587      0.000
    POP                0.895      0.059     15.296      0.000

 Intercepts
    Q76_1              0.000      0.000    999.000    999.000
    Q76_2              0.000      0.000    999.000    999.000
    Q77_1              0.000      0.000    999.000    999.000
    Q77_2              0.000      0.000    999.000    999.000
    Q77_3              0.000      0.000    999.000    999.000
    Q67_1              0.000      0.000    999.000    999.000
    Q67_2              0.000      0.000    999.000    999.000
    Q67_3              0.000      0.000    999.000    999.000
    Q67_4              0.000      0.000    999.000    999.000
    Q67_5              0.000      0.000    999.000    999.000

 Variances
    DOG                0.000      0.000    999.000    999.000
    ANTI               0.000      0.000    999.000    999.000
    POP                0.000      0.000    999.000    999.000

 Residual Variances
    Q76_1              0.504      0.059      8.505      0.000
    Q76_2              0.564      0.055     10.286      0.000
    Q77_1              0.862      0.028     30.723      0.000
    Q77_2              0.372      0.033     11.385      0.000
    Q77_3              0.886      0.041     21.501      0.000
    Q67_1              0.566      0.033     17.301      0.000
    Q67_2              0.557      0.029     19.159      0.000
    Q67_3              0.416      0.028     15.081      0.000
    Q67_4              0.573      0.029     20.011      0.000
    Q67_5              0.613      0.032     18.988      0.000

Latent Class 3

 DOG      BY
    Q77_1              1.000      0.000    999.000    999.000
    Q77_2              2.198      0.161     13.692      0.000
    Q77_3              1.120      0.131      8.544      0.000

 ANTI     BY
    Q76_1              1.000      0.000    999.000    999.000
    Q76_2              0.923      0.106      8.726      0.000

 POP      BY
    Q67_1              1.000      0.000    999.000    999.000
    Q67_2              1.022      0.048     21.320      0.000
    Q67_3              1.193      0.051     23.276      0.000
    Q67_4              0.987      0.052     19.101      0.000
    Q67_5              0.983      0.063     15.641      0.000

 ANTI     WITH
    DOG                0.000      0.000    999.000    999.000

 POP      WITH
    DOG                0.000      0.000    999.000    999.000
    ANTI               0.000      0.000    999.000    999.000

 Means
    DOG               -0.185      0.049     -3.761      0.000
    ANTI               0.622      0.148      4.189      0.000
    POP                0.641      0.149      4.304      0.000

 Intercepts
    Q76_1              0.000      0.000    999.000    999.000
    Q76_2              0.000      0.000    999.000    999.000
    Q77_1              0.000      0.000    999.000    999.000
    Q77_2              0.000      0.000    999.000    999.000
    Q77_3              0.000      0.000    999.000    999.000
    Q67_1              0.000      0.000    999.000    999.000
    Q67_2              0.000      0.000    999.000    999.000
    Q67_3              0.000      0.000    999.000    999.000
    Q67_4              0.000      0.000    999.000    999.000
    Q67_5              0.000      0.000    999.000    999.000

 Variances
    DOG                0.000      0.000    999.000    999.000
    ANTI               0.000      0.000    999.000    999.000
    POP                0.000      0.000    999.000    999.000

 Residual Variances
    Q76_1              0.504      0.059      8.505      0.000
    Q76_2              0.564      0.055     10.286      0.000
    Q77_1              0.862      0.028     30.723      0.000
    Q77_2              0.372      0.033     11.385      0.000
    Q77_3              0.886      0.041     21.501      0.000
    Q67_1              0.566      0.033     17.301      0.000
    Q67_2              0.557      0.029     19.159      0.000
    Q67_3              0.416      0.028     15.081      0.000
    Q67_4              0.573      0.029     20.011      0.000
    Q67_5              0.613      0.032     18.988      0.000

Latent Class 4

 DOG      BY
    Q77_1              1.000      0.000    999.000    999.000
    Q77_2              2.198      0.161     13.692      0.000
    Q77_3              1.120      0.131      8.544      0.000

 ANTI     BY
    Q76_1              1.000      0.000    999.000    999.000
    Q76_2              0.923      0.106      8.726      0.000

 POP      BY
    Q67_1              1.000      0.000    999.000    999.000
    Q67_2              1.022      0.048     21.320      0.000
    Q67_3              1.193      0.051     23.276      0.000
    Q67_4              0.987      0.052     19.101      0.000
    Q67_5              0.983      0.063     15.641      0.000

 ANTI     WITH
    DOG                0.000      0.000    999.000    999.000

 POP      WITH
    DOG                0.000      0.000    999.000    999.000
    ANTI               0.000      0.000    999.000    999.000

 Means
    DOG               -0.326      0.102     -3.186      0.001
    ANTI               1.174      0.188      6.246      0.000
    POP                1.760      0.166     10.584      0.000

 Intercepts
    Q76_1              0.000      0.000    999.000    999.000
    Q76_2              0.000      0.000    999.000    999.000
    Q77_1              0.000      0.000    999.000    999.000
    Q77_2              0.000      0.000    999.000    999.000
    Q77_3              0.000      0.000    999.000    999.000
    Q67_1              0.000      0.000    999.000    999.000
    Q67_2              0.000      0.000    999.000    999.000
    Q67_3              0.000      0.000    999.000    999.000
    Q67_4              0.000      0.000    999.000    999.000
    Q67_5              0.000      0.000    999.000    999.000

 Variances
    DOG                0.000      0.000    999.000    999.000
    ANTI               0.000      0.000    999.000    999.000
    POP                0.000      0.000    999.000    999.000

 Residual Variances
    Q76_1              0.504      0.059      8.505      0.000
    Q76_2              0.564      0.055     10.286      0.000
    Q77_1              0.862      0.028     30.723      0.000
    Q77_2              0.372      0.033     11.385      0.000
    Q77_3              0.886      0.041     21.501      0.000
    Q67_1              0.566      0.033     17.301      0.000
    Q67_2              0.557      0.029     19.159      0.000
    Q67_3              0.416      0.028     15.081      0.000
    Q67_4              0.573      0.029     20.011      0.000
    Q67_5              0.613      0.032     18.988      0.000

Latent Class 5

 DOG      BY
    Q77_1              1.000      0.000    999.000    999.000
    Q77_2              2.198      0.161     13.692      0.000
    Q77_3              1.120      0.131      8.544      0.000

 ANTI     BY
    Q76_1              1.000      0.000    999.000    999.000
    Q76_2              0.923      0.106      8.726      0.000

 POP      BY
    Q67_1              1.000      0.000    999.000    999.000
    Q67_2              1.022      0.048     21.320      0.000
    Q67_3              1.193      0.051     23.276      0.000
    Q67_4              0.987      0.052     19.101      0.000
    Q67_5              0.983      0.063     15.641      0.000

 ANTI     WITH
    DOG                0.000      0.000    999.000    999.000

 POP      WITH
    DOG                0.000      0.000    999.000    999.000
    ANTI               0.000      0.000    999.000    999.000

 Means
    DOG               -0.260      0.030     -8.766      0.000
    ANTI              -1.062      0.049    -21.878      0.000
    POP               -0.693      0.048    -14.344      0.000

 Intercepts
    Q76_1              0.000      0.000    999.000    999.000
    Q76_2              0.000      0.000    999.000    999.000
    Q77_1              0.000      0.000    999.000    999.000
    Q77_2              0.000      0.000    999.000    999.000
    Q77_3              0.000      0.000    999.000    999.000
    Q67_1              0.000      0.000    999.000    999.000
    Q67_2              0.000      0.000    999.000    999.000
    Q67_3              0.000      0.000    999.000    999.000
    Q67_4              0.000      0.000    999.000    999.000
    Q67_5              0.000      0.000    999.000    999.000

 Variances
    DOG                0.000      0.000    999.000    999.000
    ANTI               0.000      0.000    999.000    999.000
    POP                0.000      0.000    999.000    999.000

 Residual Variances
    Q76_1              0.504      0.059      8.505      0.000
    Q76_2              0.564      0.055     10.286      0.000
    Q77_1              0.862      0.028     30.723      0.000
    Q77_2              0.372      0.033     11.385      0.000
    Q77_3              0.886      0.041     21.501      0.000
    Q67_1              0.566      0.033     17.301      0.000
    Q67_2              0.557      0.029     19.159      0.000
    Q67_3              0.416      0.028     15.081      0.000
    Q67_4              0.573      0.029     20.011      0.000
    Q67_5              0.613      0.032     18.988      0.000

Latent Class 6

 DOG      BY
    Q77_1              1.000      0.000    999.000    999.000
    Q77_2              2.198      0.161     13.692      0.000
    Q77_3              1.120      0.131      8.544      0.000

 ANTI     BY
    Q76_1              1.000      0.000    999.000    999.000
    Q76_2              0.923      0.106      8.726      0.000

 POP      BY
    Q67_1              1.000      0.000    999.000    999.000
    Q67_2              1.022      0.048     21.320      0.000
    Q67_3              1.193      0.051     23.276      0.000
    Q67_4              0.987      0.052     19.101      0.000
    Q67_5              0.983      0.063     15.641      0.000

 ANTI     WITH
    DOG                0.000      0.000    999.000    999.000

 POP      WITH
    DOG                0.000      0.000    999.000    999.000
    ANTI               0.000      0.000    999.000    999.000

 Means
    DOG               -0.274      0.035     -7.807      0.000
    ANTI               0.521      0.116      4.514      0.000
    POP               -0.603      0.073     -8.232      0.000

 Intercepts
    Q76_1              0.000      0.000    999.000    999.000
    Q76_2              0.000      0.000    999.000    999.000
    Q77_1              0.000      0.000    999.000    999.000
    Q77_2              0.000      0.000    999.000    999.000
    Q77_3              0.000      0.000    999.000    999.000
    Q67_1              0.000      0.000    999.000    999.000
    Q67_2              0.000      0.000    999.000    999.000
    Q67_3              0.000      0.000    999.000    999.000
    Q67_4              0.000      0.000    999.000    999.000
    Q67_5              0.000      0.000    999.000    999.000

 Variances
    DOG                0.000      0.000    999.000    999.000
    ANTI               0.000      0.000    999.000    999.000
    POP                0.000      0.000    999.000    999.000

 Residual Variances
    Q76_1              0.504      0.059      8.505      0.000
    Q76_2              0.564      0.055     10.286      0.000
    Q77_1              0.862      0.028     30.723      0.000
    Q77_2              0.372      0.033     11.385      0.000
    Q77_3              0.886      0.041     21.501      0.000
    Q67_1              0.566      0.033     17.301      0.000
    Q67_2              0.557      0.029     19.159      0.000
    Q67_3              0.416      0.028     15.081      0.000
    Q67_4              0.573      0.029     20.011      0.000
    Q67_5              0.613      0.032     18.988      0.000

Latent Class 7

 DOG      BY
    Q77_1              1.000      0.000    999.000    999.000
    Q77_2              2.198      0.161     13.692      0.000
    Q77_3              1.120      0.131      8.544      0.000

 ANTI     BY
    Q76_1              1.000      0.000    999.000    999.000
    Q76_2              0.923      0.106      8.726      0.000

 POP      BY
    Q67_1              1.000      0.000    999.000    999.000
    Q67_2              1.022      0.048     21.320      0.000
    Q67_3              1.193      0.051     23.276      0.000
    Q67_4              0.987      0.052     19.101      0.000
    Q67_5              0.983      0.063     15.641      0.000

 ANTI     WITH
    DOG                0.000      0.000    999.000    999.000

 POP      WITH
    DOG                0.000      0.000    999.000    999.000
    ANTI               0.000      0.000    999.000    999.000

 Means
    DOG                0.483      0.044     10.856      0.000
    ANTI               0.349      0.127      2.749      0.006
    POP               -0.244      0.072     -3.394      0.001

 Intercepts
    Q76_1              0.000      0.000    999.000    999.000
    Q76_2              0.000      0.000    999.000    999.000
    Q77_1              0.000      0.000    999.000    999.000
    Q77_2              0.000      0.000    999.000    999.000
    Q77_3              0.000      0.000    999.000    999.000
    Q67_1              0.000      0.000    999.000    999.000
    Q67_2              0.000      0.000    999.000    999.000
    Q67_3              0.000      0.000    999.000    999.000
    Q67_4              0.000      0.000    999.000    999.000
    Q67_5              0.000      0.000    999.000    999.000

 Variances
    DOG                0.000      0.000    999.000    999.000
    ANTI               0.000      0.000    999.000    999.000
    POP                0.000      0.000    999.000    999.000

 Residual Variances
    Q76_1              0.504      0.059      8.505      0.000
    Q76_2              0.564      0.055     10.286      0.000
    Q77_1              0.862      0.028     30.723      0.000
    Q77_2              0.372      0.033     11.385      0.000
    Q77_3              0.886      0.041     21.501      0.000
    Q67_1              0.566      0.033     17.301      0.000
    Q67_2              0.557      0.029     19.159      0.000
    Q67_3              0.416      0.028     15.081      0.000
    Q67_4              0.573      0.029     20.011      0.000
    Q67_5              0.613      0.032     18.988      0.000

Categorical Latent Variables

 Means
    C1#1               0.093      0.299      0.310      0.757
    C1#2               0.050      0.192      0.260      0.795
    C1#3              -0.108      0.232     -0.465      0.642
    C1#4              -1.914      0.379     -5.045      0.000
    C1#5               0.254      0.187      1.354      0.176
    C1#6              -0.055      0.174     -0.314      0.754


QUALITY OF NUMERICAL RESULTS

     Condition Number for the Information Matrix              0.246E-02
       (ratio of smallest to largest eigenvalue)


TECHNICAL 11 OUTPUT

     Random Starts Specifications for the k-1 Class Analysis Model
        Number of initial stage random starts                 500
        Number of final stage optimizations                   125



     VUONG-LO-MENDELL-RUBIN LIKELIHOOD RATIO TEST FOR 6 (H0) VERSUS 7 CLASSES

          H0 Loglikelihood Value                       -20605.736
          2 Times the Loglikelihood Difference            138.846
          Difference in the Number of Parameters                4
          Mean                                            -43.449
          Standard Deviation                              268.245
          P-Value                                          0.2484

     LO-MENDELL-RUBIN ADJUSTED LRT TEST

          Value                                           134.302
          P-Value                                          0.2538


SAMPLE STATISTICS FOR ESTIMATED FACTOR SCORES


     SAMPLE STATISTICS


           Means
              DOG           ANTI          POP           C_DOG         C_ANTI
              ________      ________      ________      ________      ________
                0.002         0.005         0.008         0.008        -0.019


           Means
              C_POP
              ________
                0.009


           Covariances
              DOG           ANTI          POP           C_DOG         C_ANTI
              ________      ________      ________      ________      ________
 DOG            0.104
 ANTI           0.105         0.390
 POP            0.091         0.237         0.358
 C_DOG          0.111         0.110         0.095         0.129
 C_ANTI         0.113         0.424         0.254         0.124         0.505
 C_POP          0.093         0.241         0.371         0.097         0.266


           Covariances
              C_POP
              ________
 C_POP          0.408


           Correlations
              DOG           ANTI          POP           C_DOG         C_ANTI
              ________      ________      ________      ________      ________
 DOG            1.000
 ANTI           0.521         1.000
 POP            0.475         0.634         1.000
 C_DOG          0.959         0.492         0.441         1.000
 C_ANTI         0.492         0.956         0.597         0.485         1.000
 C_POP          0.451         0.604         0.972         0.425         0.586


           Correlations
              C_POP
              ________
 C_POP          1.000


SAVEDATA INFORMATION


  Save file
    data_export_7.dat

  Order and format of variables

    Q76_1          F10.3
    Q76_2          F10.3
    Q77_1          F10.3
    Q77_2          F10.3
    Q77_3          F10.3
    Q67_1          F10.3
    Q67_2          F10.3
    Q67_3          F10.3
    Q67_4          F10.3
    Q67_5          F10.3
    DOG            F10.3
    ANTI           F10.3
    POP            F10.3
    C_DOG          F10.3
    C_ANTI         F10.3
    C_POP          F10.3
    CPROB1         F10.3
    CPROB2         F10.3
    CPROB3         F10.3
    CPROB4         F10.3
    CPROB5         F10.3
    CPROB6         F10.3
    CPROB7         F10.3
    C1             F10.3
    W_AGE_BE       F10.3
    RID            I7

  Save file format
    25F10.3 I7

  Save file record length    10000


     Beginning Time:  14:11:18
        Ending Time:  14:28:33
       Elapsed Time:  00:17:15



MUTHEN & MUTHEN
3463 Stoner Ave.
Los Angeles, CA  90066

Tel: (310) 391-9971
Fax: (310) 391-8971
Web: www.StatModel.com
Support: Support@StatModel.com

Copyright (c) 1998-2019 Muthen & Muthen
