Mplus VERSION 8.4 (Mac)
MUTHEN & MUTHEN
06/25/2023   2:28 PM

INPUT INSTRUCTIONS

  TITLE:
  DOG_3_ANTI_POP_var_lat=0_covariance=0_residuals=fixed_classes=8;
  DATA:
  FILE = "DOG_3_ANTI_POP_var_lat=0_covariance=0_residuals=fixed_classes=8.dat";

  VARIABLE:
  NAMES = rid w_age_bel q76_1 q76_2 q77_1 q77_2 q77_3 q67_1 q67_2 q67_3 q67_4 q67_5;
   MISSING=.;
   USEVARIABLES = rid w_age_bel
  q76_1 q76_2 q77_1 q77_2 q77_3
  q67_1 q67_2 q67_3 q67_4 q67_5
  ;
  WEIGHT=w_age_bel;
  IDVARIABLE IS rid;
                            CLASSES=c1(
  8
  );
  ANALYSIS:
  TYPE = MIXTURE;
  STARTS = 500 125 0;
  !lrtstarts = 0 0 600 125;
  LRTBOOTSTRAP = 10;
  STITERATIONS=15;
               !K-1STARTS = 1000 300;
               !STSEED = 134830;
               !H1STARTS = 1000 300;
               ESTIMATOR = MLR;
               PROCESSORS = 8;
  MODEL:

  %OVERALL%
  !!! dogmatism !!!
  DOG BY Q77_1 q77_2 Q77_3;
  !!! antagonism !!!
  ANTI BY q76_1 q76_2;
  !!! populism !!!
  POP BY Q67_1 Q67_2 Q67_3 Q67_4 Q67_5;



  !!!!!!!!
  %c1#1%
  !!!!!!!!

  !!!! Means LV !!!!
  [POP](MPOP1);
  [ANTI](MANTI1);
  [DOG](MDOG1);
  !!!! Variances LV !!!!
  POP@0;
  ANTI@0;
  DOG@0;
  !!!! Covariances LV !!!!
  POP WITH ANTI@0;
  POP WITH DOG@0;
  ANTI WITH DOG@0;
  !!!! Residuals LV !!!!
  Q77_1(VQ77_1);
  Q77_2(VQ77_2);
  Q77_3(VQ77_3);
  Q76_1(VQ76_1);
  Q76_2(VQ76_2);
  Q67_1(VQ67_1);
  Q67_2(VQ67_2);
  Q67_3(VQ67_3);
  Q67_4(VQ67_4);
  Q67_5(VQ67_5);
  !!!! Intercepts manifest !!!!
  [Q77_1@0](intQ77101);
  [Q77_2@0](intQ77201);
  [Q77_3@0](intQ77301);
  [Q76_1@0](intQ76101);
  [Q76_2@0](intQ76201);
  [Q67_1@0](intQ67101);
  [Q67_2@0](intQ67201);
  [Q67_3@0](intQ67301);
  [Q67_4@0](intQ67401);
  [Q67_5@0](intQ67501);

  !!!!!!!!
  %c1#2%
  !!!!!!!!

  !!!! Means LV !!!!
  [POP](MPOP2);
  [ANTI](MANTI2);
  [DOG](MDOG2);
  !!!! Variances LV !!!!
  POP@0;
  ANTI@0;
  DOG@0;
  !!!! Covariances LV !!!!
  POP WITH ANTI@0;
  POP WITH DOG@0;
  ANTI WITH DOG@0;
  !!!! Residuals LV !!!!
  Q77_1(VQ77_1);
  Q77_2(VQ77_2);
  Q77_3(VQ77_3);
  Q76_1(VQ76_1);
  Q76_2(VQ76_2);
  Q67_1(VQ67_1);
  Q67_2(VQ67_2);
  Q67_3(VQ67_3);
  Q67_4(VQ67_4);
  Q67_5(VQ67_5);
  !!!! Intercepts manifest !!!!
  [Q77_1@0](intQ77102);
  [Q77_2@0](intQ77202);
  [Q77_3@0](intQ77302);
  [Q76_1@0](intQ76102);
  [Q76_2@0](intQ76202);
  [Q67_1@0](intQ67102);
  [Q67_2@0](intQ67202);
  [Q67_3@0](intQ67302);
  [Q67_4@0](intQ67402);
  [Q67_5@0](intQ67502);

  !!!!!!!!
  %c1#3%
  !!!!!!!!

  !!!! Means LV !!!!
  [POP](MPOP3);
  [ANTI](MANTI3);
  [DOG](MDOG3);
  !!!! Variances LV !!!!
  POP@0;
  ANTI@0;
  DOG@0;
  !!!! Covariances LV !!!!
  POP WITH ANTI@0;
  POP WITH DOG@0;
  ANTI WITH DOG@0;
  !!!! Residuals LV !!!!
  Q77_1(VQ77_1);
  Q77_2(VQ77_2);
  Q77_3(VQ77_3);
  Q76_1(VQ76_1);
  Q76_2(VQ76_2);
  Q67_1(VQ67_1);
  Q67_2(VQ67_2);
  Q67_3(VQ67_3);
  Q67_4(VQ67_4);
  Q67_5(VQ67_5);
  !!!! Intercepts manifest !!!!
  [Q77_1@0](intQ77103);
  [Q77_2@0](intQ77203);
  [Q77_3@0](intQ77303);
  [Q76_1@0](intQ76103);
  [Q76_2@0](intQ76203);
  [Q67_1@0](intQ67103);
  [Q67_2@0](intQ67203);
  [Q67_3@0](intQ67303);
  [Q67_4@0](intQ67403);
  [Q67_5@0](intQ67503);

  !!!!!!!!
  %c1#4%
  !!!!!!!!

  !!!! Means LV !!!!
  [POP](MPOP4);
  [ANTI](MANTI4);
  [DOG](MDOG4);
  !!!! Variances LV !!!!
  POP@0;
  ANTI@0;
  DOG@0;
  !!!! Covariances LV !!!!
  POP WITH ANTI@0;
  POP WITH DOG@0;
  ANTI WITH DOG@0;
  !!!! Residuals LV !!!!
  Q77_1(VQ77_1);
  Q77_2(VQ77_2);
  Q77_3(VQ77_3);
  Q76_1(VQ76_1);
  Q76_2(VQ76_2);
  Q67_1(VQ67_1);
  Q67_2(VQ67_2);
  Q67_3(VQ67_3);
  Q67_4(VQ67_4);
  Q67_5(VQ67_5);
  !!!! Intercepts manifest !!!!
  [Q77_1@0](intQ77104);
  [Q77_2@0](intQ77204);
  [Q77_3@0](intQ77304);
  [Q76_1@0](intQ76104);
  [Q76_2@0](intQ76204);
  [Q67_1@0](intQ67104);
  [Q67_2@0](intQ67204);
  [Q67_3@0](intQ67304);
  [Q67_4@0](intQ67404);
  [Q67_5@0](intQ67504);

  !!!!!!!!
  %c1#5%
  !!!!!!!!

  !!!! Means LV !!!!
  [POP](MPOP5);
  [ANTI](MANTI5);
  [DOG](MDOG5);
  !!!! Variances LV !!!!
  POP@0;
  ANTI@0;
  DOG@0;
  !!!! Covariances LV !!!!
  POP WITH ANTI@0;
  POP WITH DOG@0;
  ANTI WITH DOG@0;
  !!!! Residuals LV !!!!
  Q77_1(VQ77_1);
  Q77_2(VQ77_2);
  Q77_3(VQ77_3);
  Q76_1(VQ76_1);
  Q76_2(VQ76_2);
  Q67_1(VQ67_1);
  Q67_2(VQ67_2);
  Q67_3(VQ67_3);
  Q67_4(VQ67_4);
  Q67_5(VQ67_5);
  !!!! Intercepts manifest !!!!
  [Q77_1@0](intQ77105);
  [Q77_2@0](intQ77205);
  [Q77_3@0](intQ77305);
  [Q76_1@0](intQ76105);
  [Q76_2@0](intQ76205);
  [Q67_1@0](intQ67105);
  [Q67_2@0](intQ67205);
  [Q67_3@0](intQ67305);
  [Q67_4@0](intQ67405);
  [Q67_5@0](intQ67505);

  !!!!!!!!
  %c1#6%
  !!!!!!!!

  !!!! Means LV !!!!
  [POP](MPOP6);
  [ANTI](MANTI6);
  [DOG](MDOG6);
  !!!! Variances LV !!!!
  POP@0;
  ANTI@0;
  DOG@0;
  !!!! Covariances LV !!!!
  POP WITH ANTI@0;
  POP WITH DOG@0;
  ANTI WITH DOG@0;
  !!!! Residuals LV !!!!
  Q77_1(VQ77_1);
  Q77_2(VQ77_2);
  Q77_3(VQ77_3);
  Q76_1(VQ76_1);
  Q76_2(VQ76_2);
  Q67_1(VQ67_1);
  Q67_2(VQ67_2);
  Q67_3(VQ67_3);
  Q67_4(VQ67_4);
  Q67_5(VQ67_5);
  !!!! Intercepts manifest !!!!
  [Q77_1@0](intQ77106);
  [Q77_2@0](intQ77206);
  [Q77_3@0](intQ77306);
  [Q76_1@0](intQ76106);
  [Q76_2@0](intQ76206);
  [Q67_1@0](intQ67106);
  [Q67_2@0](intQ67206);
  [Q67_3@0](intQ67306);
  [Q67_4@0](intQ67406);
  [Q67_5@0](intQ67506);

  !!!!!!!!
  %c1#7%
  !!!!!!!!

  !!!! Means LV !!!!
  [POP](MPOP7);
  [ANTI](MANTI7);
  [DOG](MDOG7);
  !!!! Variances LV !!!!
  POP@0;
  ANTI@0;
  DOG@0;
  !!!! Covariances LV !!!!
  POP WITH ANTI@0;
  POP WITH DOG@0;
  ANTI WITH DOG@0;
  !!!! Residuals LV !!!!
  Q77_1(VQ77_1);
  Q77_2(VQ77_2);
  Q77_3(VQ77_3);
  Q76_1(VQ76_1);
  Q76_2(VQ76_2);
  Q67_1(VQ67_1);
  Q67_2(VQ67_2);
  Q67_3(VQ67_3);
  Q67_4(VQ67_4);
  Q67_5(VQ67_5);
  !!!! Intercepts manifest !!!!
  [Q77_1@0](intQ77107);
  [Q77_2@0](intQ77207);
  [Q77_3@0](intQ77307);
  [Q76_1@0](intQ76107);
  [Q76_2@0](intQ76207);
  [Q67_1@0](intQ67107);
  [Q67_2@0](intQ67207);
  [Q67_3@0](intQ67307);
  [Q67_4@0](intQ67407);
  [Q67_5@0](intQ67507);

  !!!!!!!!
  %c1#8%
  !!!!!!!!

  !!!! Means LV !!!!
  [POP](MPOP8);
  [ANTI](MANTI8);
  [DOG](MDOG8);
  !!!! Variances LV !!!!
  POP@0;
  ANTI@0;
  DOG@0;
  !!!! Covariances LV !!!!
  POP WITH ANTI@0;
  POP WITH DOG@0;
  ANTI WITH DOG@0;
  !!!! Residuals LV !!!!
  Q77_1(VQ77_1);
  Q77_2(VQ77_2);
  Q77_3(VQ77_3);
  Q76_1(VQ76_1);
  Q76_2(VQ76_2);
  Q67_1(VQ67_1);
  Q67_2(VQ67_2);
  Q67_3(VQ67_3);
  Q67_4(VQ67_4);
  Q67_5(VQ67_5);
  !!!! Intercepts manifest !!!!
  [Q77_1@0](intQ77108);
  [Q77_2@0](intQ77208);
  [Q77_3@0](intQ77308);
  [Q76_1@0](intQ76108);
  [Q76_2@0](intQ76208);
  [Q67_1@0](intQ67108);
  [Q67_2@0](intQ67208);
  [Q67_3@0](intQ67308);
  [Q67_4@0](intQ67408);
  [Q67_5@0](intQ67508);
  OUTPUT:
  TECH11;
  SAVEDATA:
  SAVE=fscores CPROB;
   FILE IS data_export_8.dat;



INPUT READING TERMINATED NORMALLY




DOG_3_ANTI_POP_var_lat=0_covariance=0_residuals=fixed_classes=8;

SUMMARY OF ANALYSIS

Number of groups                                                 1
Number of observations                                        1618

Number of dependent variables                                   10
Number of independent variables                                  0
Number of continuous latent variables                            3
Number of categorical latent variables                           1

Observed dependent variables

  Continuous
   Q76_1       Q76_2       Q77_1       Q77_2       Q77_3       Q67_1
   Q67_2       Q67_3       Q67_4       Q67_5

Continuous latent variables
   DOG         ANTI        POP

Categorical latent variables
   C1

Variables with special functions

  Weight variable       W_AGE_BE
  ID variable           RID

Estimator                                                      MLR
Information matrix                                        OBSERVED
Optimization Specifications for the Quasi-Newton Algorithm for
Continuous Outcomes
  Maximum number of iterations                                 100
  Convergence criterion                                  0.100D-05
Optimization Specifications for the EM Algorithm
  Maximum number of iterations                                 500
  Convergence criteria
    Loglikelihood change                                 0.100D-06
    Relative loglikelihood change                        0.100D-06
    Derivative                                           0.100D-05
Optimization Specifications for the M step of the EM Algorithm for
Categorical Latent variables
  Number of M step iterations                                    1
  M step convergence criterion                           0.100D-05
  Basis for M step termination                           ITERATION
Optimization Specifications for the M step of the EM Algorithm for
Censored, Binary or Ordered Categorical (Ordinal), Unordered
Categorical (Nominal) and Count Outcomes
  Number of M step iterations                                    1
  M step convergence criterion                           0.100D-05
  Basis for M step termination                           ITERATION
  Maximum value for logit thresholds                            15
  Minimum value for logit thresholds                           -15
  Minimum expected cell size for chi-square              0.100D-01
Maximum number of iterations for H1                           2000
Convergence criterion for H1                             0.100D-03
Optimization algorithm                                         EMA
Random Starts Specifications
  Number of initial stage random starts                        500
  Number of final stage optimizations                          125
  Number of initial stage iterations                            15
  Initial stage convergence criterion                    0.100D+01
  Random starts scale                                    0.500D+01
  Random seed for generating random starts                       0

Input data file(s)
  DOG_3_ANTI_POP_var_lat=0_covariance=0_residuals=fixed_classes=8.dat
Input data format  FREE


SUMMARY OF DATA

     Number of missing data patterns            36
     Number of y missing data patterns          36
     Number of u missing data patterns           0


COVARIANCE COVERAGE OF DATA

Minimum covariance coverage value   0.100


     PROPORTION OF DATA PRESENT FOR Y


           Covariance Coverage
              Q76_1         Q76_2         Q77_1         Q77_2         Q77_3
              ________      ________      ________      ________      ________
 Q76_1          0.984
 Q76_2          0.978         0.985
 Q77_1          0.974         0.977         0.986
 Q77_2          0.975         0.977         0.979         0.990
 Q77_3          0.980         0.982         0.985         0.989         0.996
 Q67_1          0.979         0.980         0.980         0.984         0.990
 Q67_2          0.980         0.981         0.981         0.985         0.991
 Q67_3          0.978         0.980         0.980         0.985         0.990
 Q67_4          0.976         0.977         0.978         0.981         0.987
 Q67_5          0.979         0.981         0.980         0.984         0.990


           Covariance Coverage
              Q67_1         Q67_2         Q67_3         Q67_4         Q67_5
              ________      ________      ________      ________      ________
 Q67_1          0.993
 Q67_2          0.990         0.994
 Q67_3          0.989         0.990         0.993
 Q67_4          0.985         0.986         0.985         0.989
 Q67_5          0.988         0.989         0.989         0.985         0.993



UNIVARIATE SAMPLE STATISTICS


     UNIVARIATE HIGHER-ORDER MOMENT DESCRIPTIVE STATISTICS

         Variable/         Mean/     Skewness/   Minimum/ % with                Percentiles
        Sample Size      Variance    Kurtosis    Maximum  Min/Max      20%/60%    40%/80%    Median

     Q76_1                 0.038      -0.183      -2.175    3.27%      -1.181     -0.188     -0.188
            1592.000       0.991      -0.787       1.799    7.47%       0.806      0.806
     Q76_2                 0.040      -0.337      -2.283    3.14%      -1.314     -0.344      0.625
            1594.000       0.978      -0.634       1.595   11.54%       0.625      0.625
     Q77_1                 0.035      -0.124      -2.117    3.57%      -1.084     -0.052     -0.052
            1596.000       0.993      -0.876       2.013    3.88%      -0.052      0.981
     Q77_2                 0.036       0.457      -1.542   11.30%      -0.533     -0.533     -0.533
            1602.000       1.008      -0.563       2.493    2.37%       0.475      1.484
     Q77_3                 0.022       0.770      -1.346   20.29%      -1.346     -0.138     -0.138
            1612.000       1.052       0.559       3.488    0.68%      -0.138      1.071
     Q67_1                 0.049       0.073      -1.922    4.48%      -0.954      0.014      0.014
            1607.000       0.991      -0.947       1.949    5.97%       0.014      0.982
     Q67_2                 0.051       0.002      -2.053    3.73%      -1.043     -0.034     -0.034
            1609.000       1.001      -0.854       1.985    5.53%      -0.034      0.976
     Q67_3                 0.055       0.383      -1.676    8.40%      -0.669     -0.669     -0.669
            1607.000       1.020      -0.534       2.350    3.92%       0.337      1.343
     Q67_4                 0.061       0.074      -1.888    5.69%      -0.897     -0.897      0.094
            1600.000       0.985      -0.835       2.077    4.44%       0.094      1.085
     Q67_5                 0.042       0.366      -1.601   11.58%      -0.563     -0.563     -0.563
            1606.000       1.022      -0.423       2.550    2.43%       0.474      0.474

RANDOM STARTS RESULTS RANKED FROM THE BEST TO THE WORST LOGLIKELIHOOD VALUES

Final stage loglikelihood values at local maxima, seeds, and initial stage start numbers:

          -20481.030  232226           235
          -20481.030  830392           35
          -20482.793  282464           283
          -20482.793  576726           280
          -20493.633  211281           292
          -20493.633  195763           358
          -20493.633  579995           183
          -20496.701  798839           312
          -20497.030  188640           451
          -20497.030  329127           185
          -20498.602  595153           230
          -20530.607  772131           407
          -20536.313  562716           300
          -20536.313  691234           250
          -20605.736  81117            305
          -20605.736  12477            155
          -20605.736  605358           321
          -20605.736  561664           392
          -20605.736  963053           43
          -20666.303  913639           162
          -20666.303  872743           374
          -20666.303  535063           329
          -20739.487  888905           444
          -20739.487  132336           362
          -20739.487  752769           253
          -20739.487  27071            15
          -20739.487  851945           18
          -20739.487  686482           215
          -20739.487  438144           271
          -20739.487  193847           354
          -20739.487  985387           381
          -20739.487  123985           248
          -20739.487  529496           343
          -20739.487  726035           191
          -20739.487  789985           67
          -20739.487  823392           479
          -20739.487  238906           430
          -20739.487  369602           146
          -20739.487  34346            330
          -20739.487  292884           103
          -20750.092  945065           255
          -20750.092  408713           450
          -20750.092  631413           439
          -20750.092  404426           344
          -20750.092  741888           138
          -20764.756  358488           264
          -20764.756  259507           53
          -20764.756  650371           14
          -20764.756  227563           63
          -20871.980  345726           461
          -20872.390  749635           420
          -20872.390  673496           218
          -20872.390  903420           5
          -20872.390  392407           221
          -20872.390  879211           453
          -20872.390  216565           474
          -20872.390  514326           325
          -20872.390  49221            254
          -20872.390  202790           198
          -20872.390  175199           247
          -20872.390  278692           342
          -20872.390  717754           180
          -20872.390  319575           499
          -20872.390  535804           111
          -20872.390  608496           4
          -20872.390  499150           216
          -20872.390  626891           32
          -20872.390  563002           360
          -20872.390  783102           433
          -20872.390  850545           357
          -20872.390  484687           306
          -20872.390  350608           334
          -20872.390  268217           83
          -20872.390  960438           116
          -20872.390  751153           110
          -20880.342  662718           460
          -20880.342  798821           423
          -20880.342  853195           431
          -20929.979  399380           436
          -20931.635  316165           299
          -20945.536  788796           145
          -20945.536  654136           167
          -20945.536  51375            148
          -20945.536  509733           130
          -20945.536  965994           396
          -20945.536  520177           262
          -20945.536  783110           72
          -20945.536  68850            462
          -20945.536  760878           249
          -20945.536  313407           132
          -20945.536  23012            352
          -20945.536  715561           125
          -20945.536  39136            226
          -20945.536  136842           58
          -20945.536  471040           403
          -20959.973  496710           386
          -20959.973  762461           425
          -20959.973  405079           68
          -20959.973  784664           75
          -20959.973  462953           7
          -20959.973  178475           231
          -20994.384  635245           121
          -20994.384  928287           197

22 perturbed starting value run(s) did not converge.



THE BEST LOGLIKELIHOOD VALUE HAS BEEN REPLICATED.  RERUN WITH AT LEAST TWICE THE
RANDOM STARTS TO CHECK THAT THE BEST LOGLIKELIHOOD IS STILL OBTAINED AND REPLICATED.


THE MODEL ESTIMATION TERMINATED NORMALLY



MODEL FIT INFORMATION

Number of Free Parameters                       48

Loglikelihood

          H0 Value                      -20481.030
          H0 Scaling Correction Factor      1.8520
            for MLR

Information Criteria

          Akaike (AIC)                   41058.060
          Bayesian (BIC)                 41316.730
          Sample-Size Adjusted BIC       41164.242
            (n* = (n + 2) / 24)



FINAL CLASS COUNTS AND PROPORTIONS FOR THE LATENT CLASSES
BASED ON THE ESTIMATED MODEL

    Latent
   Classes

       1        212.82842          0.13154
       2        250.99794          0.15513
       3        237.19264          0.14660
       4        319.62612          0.19754
       5        260.68729          0.16112
       6         30.42411          0.01880
       7         33.95266          0.02098
       8        272.29082          0.16829


FINAL CLASS COUNTS AND PROPORTIONS FOR THE LATENT CLASSES
BASED ON ESTIMATED POSTERIOR PROBABILITIES

    Latent
   Classes

       1        212.82842          0.13154
       2        250.99794          0.15513
       3        237.19264          0.14660
       4        319.62612          0.19754
       5        260.68729          0.16112
       6         30.42411          0.01880
       7         33.95266          0.02098
       8        272.29082          0.16829


FINAL CLASS COUNTS AND PROPORTIONS FOR THE LATENT CLASSES
BASED ON THEIR MOST LIKELY LATENT CLASS MEMBERSHIP

Class Counts and Proportions

    Latent
   Classes

       1              215          0.13313
       2              268          0.16543
       3              225          0.13937
       4              325          0.20108
       5              263          0.16248
       6               26          0.01620
       7               32          0.01982
       8              263          0.16248


CLASSIFICATION QUALITY

     Entropy                         0.783


Classification Probabilities for the Most Likely Latent Class Membership (Column)
by Latent Class (Row)

           1        2        3        4        5        6        7        8

    1   0.773    0.025    0.077    0.000    0.080    0.000    0.009    0.037
    2   0.011    0.853    0.036    0.018    0.038    0.001    0.000    0.042
    3   0.089    0.050    0.729    0.053    0.013    0.000    0.000    0.066
    4   0.000    0.018    0.036    0.885    0.000    0.005    0.000    0.057
    5   0.051    0.047    0.008    0.000    0.891    0.000    0.003    0.000
    6   0.000    0.036    0.000    0.043    0.000    0.759    0.000    0.161
    7   0.099    0.000    0.000    0.000    0.029    0.000    0.868    0.004
    8   0.038    0.064    0.050    0.088    0.000    0.004    0.000    0.756


Logits for the Classification Probabilities for the Most Likely Latent Class Membership (Column)
by Latent Class (Row)

              1        2        3        4        5        6        7        8

    1      3.048   -0.390    0.735   -4.727    0.775  -10.511   -1.433    0.000
    2     -1.298    3.023   -0.140   -0.815   -0.078   -3.896  -10.634    0.000
    3      0.297   -0.288    2.400   -0.218   -1.658  -11.100  -11.100    0.000
    4     -7.494   -1.163   -0.467    2.748  -10.945   -2.367  -10.945    0.000
    5      6.017    5.936    4.140   -3.632    8.876   -4.824    3.144    0.000
    6    -11.988   -1.484  -11.836   -1.314  -11.988    1.552  -11.988    0.000
    7      3.126   -3.029   -4.791   -3.311    1.893   -8.376    5.297    0.000
    8     -3.002   -2.473   -2.707   -2.151   -8.343   -5.145  -13.535    0.000


MODEL RESULTS

                                                    Two-Tailed
                    Estimate       S.E.  Est./S.E.    P-Value

Latent Class 1

 DOG      BY
    Q77_1              1.000      0.000    999.000    999.000
    Q77_2              2.205      0.162     13.647      0.000
    Q77_3              1.131      0.135      8.378      0.000

 ANTI     BY
    Q76_1              1.000      0.000    999.000    999.000
    Q76_2              0.953      0.170      5.603      0.000

 POP      BY
    Q67_1              1.000      0.000    999.000    999.000
    Q67_2              1.034      0.050     20.880      0.000
    Q67_3              1.191      0.050     23.669      0.000
    Q67_4              0.997      0.052     19.348      0.000
    Q67_5              0.988      0.063     15.606      0.000

 ANTI     WITH
    DOG                0.000      0.000    999.000    999.000

 POP      WITH
    DOG                0.000      0.000    999.000    999.000
    ANTI               0.000      0.000    999.000    999.000

 Means
    DOG               -0.171      0.055     -3.119      0.002
    ANTI               0.591      0.190      3.114      0.002
    POP                0.715      0.124      5.770      0.000

 Intercepts
    Q76_1              0.000      0.000    999.000    999.000
    Q76_2              0.000      0.000    999.000    999.000
    Q77_1              0.000      0.000    999.000    999.000
    Q77_2              0.000      0.000    999.000    999.000
    Q77_3              0.000      0.000    999.000    999.000
    Q67_1              0.000      0.000    999.000    999.000
    Q67_2              0.000      0.000    999.000    999.000
    Q67_3              0.000      0.000    999.000    999.000
    Q67_4              0.000      0.000    999.000    999.000
    Q67_5              0.000      0.000    999.000    999.000

 Variances
    DOG                0.000      0.000    999.000    999.000
    ANTI               0.000      0.000    999.000    999.000
    POP                0.000      0.000    999.000    999.000

 Residual Variances
    Q76_1              0.518      0.084      6.159      0.000
    Q76_2              0.550      0.082      6.711      0.000
    Q77_1              0.862      0.028     30.626      0.000
    Q77_2              0.368      0.032     11.472      0.000
    Q77_3              0.883      0.041     21.343      0.000
    Q67_1              0.556      0.034     16.460      0.000
    Q67_2              0.536      0.030     17.598      0.000
    Q67_3              0.403      0.029     13.941      0.000
    Q67_4              0.554      0.028     19.831      0.000
    Q67_5              0.600      0.033     18.189      0.000

Latent Class 2

 DOG      BY
    Q77_1              1.000      0.000    999.000    999.000
    Q77_2              2.205      0.162     13.647      0.000
    Q77_3              1.131      0.135      8.378      0.000

 ANTI     BY
    Q76_1              1.000      0.000    999.000    999.000
    Q76_2              0.953      0.170      5.603      0.000

 POP      BY
    Q67_1              1.000      0.000    999.000    999.000
    Q67_2              1.034      0.050     20.880      0.000
    Q67_3              1.191      0.050     23.669      0.000
    Q67_4              0.997      0.052     19.348      0.000
    Q67_5              0.988      0.063     15.606      0.000

 ANTI     WITH
    DOG                0.000      0.000    999.000    999.000

 POP      WITH
    DOG                0.000      0.000    999.000    999.000
    ANTI               0.000      0.000    999.000    999.000

 Means
    DOG                0.484      0.046     10.601      0.000
    ANTI               0.327      0.143      2.295      0.022
    POP               -0.240      0.082     -2.934      0.003

 Intercepts
    Q76_1              0.000      0.000    999.000    999.000
    Q76_2              0.000      0.000    999.000    999.000
    Q77_1              0.000      0.000    999.000    999.000
    Q77_2              0.000      0.000    999.000    999.000
    Q77_3              0.000      0.000    999.000    999.000
    Q67_1              0.000      0.000    999.000    999.000
    Q67_2              0.000      0.000    999.000    999.000
    Q67_3              0.000      0.000    999.000    999.000
    Q67_4              0.000      0.000    999.000    999.000
    Q67_5              0.000      0.000    999.000    999.000

 Variances
    DOG                0.000      0.000    999.000    999.000
    ANTI               0.000      0.000    999.000    999.000
    POP                0.000      0.000    999.000    999.000

 Residual Variances
    Q76_1              0.518      0.084      6.159      0.000
    Q76_2              0.550      0.082      6.711      0.000
    Q77_1              0.862      0.028     30.626      0.000
    Q77_2              0.368      0.032     11.472      0.000
    Q77_3              0.883      0.041     21.343      0.000
    Q67_1              0.556      0.034     16.460      0.000
    Q67_2              0.536      0.030     17.598      0.000
    Q67_3              0.403      0.029     13.941      0.000
    Q67_4              0.554      0.028     19.831      0.000
    Q67_5              0.600      0.033     18.189      0.000

Latent Class 3

 DOG      BY
    Q77_1              1.000      0.000    999.000    999.000
    Q77_2              2.205      0.162     13.647      0.000
    Q77_3              1.131      0.135      8.378      0.000

 ANTI     BY
    Q76_1              1.000      0.000    999.000    999.000
    Q76_2              0.953      0.170      5.603      0.000

 POP      BY
    Q67_1              1.000      0.000    999.000    999.000
    Q67_2              1.034      0.050     20.880      0.000
    Q67_3              1.191      0.050     23.669      0.000
    Q67_4              0.997      0.052     19.348      0.000
    Q67_5              0.988      0.063     15.606      0.000

 ANTI     WITH
    DOG                0.000      0.000    999.000    999.000

 POP      WITH
    DOG                0.000      0.000    999.000    999.000
    ANTI               0.000      0.000    999.000    999.000

 Means
    DOG               -0.171      0.060     -2.845      0.004
    ANTI              -0.604      0.181     -3.329      0.001
    POP                0.273      0.070      3.907      0.000

 Intercepts
    Q76_1              0.000      0.000    999.000    999.000
    Q76_2              0.000      0.000    999.000    999.000
    Q77_1              0.000      0.000    999.000    999.000
    Q77_2              0.000      0.000    999.000    999.000
    Q77_3              0.000      0.000    999.000    999.000
    Q67_1              0.000      0.000    999.000    999.000
    Q67_2              0.000      0.000    999.000    999.000
    Q67_3              0.000      0.000    999.000    999.000
    Q67_4              0.000      0.000    999.000    999.000
    Q67_5              0.000      0.000    999.000    999.000

 Variances
    DOG                0.000      0.000    999.000    999.000
    ANTI               0.000      0.000    999.000    999.000
    POP                0.000      0.000    999.000    999.000

 Residual Variances
    Q76_1              0.518      0.084      6.159      0.000
    Q76_2              0.550      0.082      6.711      0.000
    Q77_1              0.862      0.028     30.626      0.000
    Q77_2              0.368      0.032     11.472      0.000
    Q77_3              0.883      0.041     21.343      0.000
    Q67_1              0.556      0.034     16.460      0.000
    Q67_2              0.536      0.030     17.598      0.000
    Q67_3              0.403      0.029     13.941      0.000
    Q67_4              0.554      0.028     19.831      0.000
    Q67_5              0.600      0.033     18.189      0.000

Latent Class 4

 DOG      BY
    Q77_1              1.000      0.000    999.000    999.000
    Q77_2              2.205      0.162     13.647      0.000
    Q77_3              1.131      0.135      8.378      0.000

 ANTI     BY
    Q76_1              1.000      0.000    999.000    999.000
    Q76_2              0.953      0.170      5.603      0.000

 POP      BY
    Q67_1              1.000      0.000    999.000    999.000
    Q67_2              1.034      0.050     20.880      0.000
    Q67_3              1.191      0.050     23.669      0.000
    Q67_4              0.997      0.052     19.348      0.000
    Q67_5              0.988      0.063     15.606      0.000

 ANTI     WITH
    DOG                0.000      0.000    999.000    999.000

 POP      WITH
    DOG                0.000      0.000    999.000    999.000
    ANTI               0.000      0.000    999.000    999.000

 Means
    DOG               -0.260      0.030     -8.575      0.000
    ANTI              -1.065      0.053    -20.122      0.000
    POP               -0.675      0.047    -14.433      0.000

 Intercepts
    Q76_1              0.000      0.000    999.000    999.000
    Q76_2              0.000      0.000    999.000    999.000
    Q77_1              0.000      0.000    999.000    999.000
    Q77_2              0.000      0.000    999.000    999.000
    Q77_3              0.000      0.000    999.000    999.000
    Q67_1              0.000      0.000    999.000    999.000
    Q67_2              0.000      0.000    999.000    999.000
    Q67_3              0.000      0.000    999.000    999.000
    Q67_4              0.000      0.000    999.000    999.000
    Q67_5              0.000      0.000    999.000    999.000

 Variances
    DOG                0.000      0.000    999.000    999.000
    ANTI               0.000      0.000    999.000    999.000
    POP                0.000      0.000    999.000    999.000

 Residual Variances
    Q76_1              0.518      0.084      6.159      0.000
    Q76_2              0.550      0.082      6.711      0.000
    Q77_1              0.862      0.028     30.626      0.000
    Q77_2              0.368      0.032     11.472      0.000
    Q77_3              0.883      0.041     21.343      0.000
    Q67_1              0.556      0.034     16.460      0.000
    Q67_2              0.536      0.030     17.598      0.000
    Q67_3              0.403      0.029     13.941      0.000
    Q67_4              0.554      0.028     19.831      0.000
    Q67_5              0.600      0.033     18.189      0.000

Latent Class 5

 DOG      BY
    Q77_1              1.000      0.000    999.000    999.000
    Q77_2              2.205      0.162     13.647      0.000
    Q77_3              1.131      0.135      8.378      0.000

 ANTI     BY
    Q76_1              1.000      0.000    999.000    999.000
    Q76_2              0.953      0.170      5.603      0.000

 POP      BY
    Q67_1              1.000      0.000    999.000    999.000
    Q67_2              1.034      0.050     20.880      0.000
    Q67_3              1.191      0.050     23.669      0.000
    Q67_4              0.997      0.052     19.348      0.000
    Q67_5              0.988      0.063     15.606      0.000

 ANTI     WITH
    DOG                0.000      0.000    999.000    999.000

 POP      WITH
    DOG                0.000      0.000    999.000    999.000
    ANTI               0.000      0.000    999.000    999.000

 Means
    DOG                0.605      0.055     10.911      0.000
    ANTI               0.624      0.071      8.758      0.000
    POP                0.887      0.064     13.889      0.000

 Intercepts
    Q76_1              0.000      0.000    999.000    999.000
    Q76_2              0.000      0.000    999.000    999.000
    Q77_1              0.000      0.000    999.000    999.000
    Q77_2              0.000      0.000    999.000    999.000
    Q77_3              0.000      0.000    999.000    999.000
    Q67_1              0.000      0.000    999.000    999.000
    Q67_2              0.000      0.000    999.000    999.000
    Q67_3              0.000      0.000    999.000    999.000
    Q67_4              0.000      0.000    999.000    999.000
    Q67_5              0.000      0.000    999.000    999.000

 Variances
    DOG                0.000      0.000    999.000    999.000
    ANTI               0.000      0.000    999.000    999.000
    POP                0.000      0.000    999.000    999.000

 Residual Variances
    Q76_1              0.518      0.084      6.159      0.000
    Q76_2              0.550      0.082      6.711      0.000
    Q77_1              0.862      0.028     30.626      0.000
    Q77_2              0.368      0.032     11.472      0.000
    Q77_3              0.883      0.041     21.343      0.000
    Q67_1              0.556      0.034     16.460      0.000
    Q67_2              0.536      0.030     17.598      0.000
    Q67_3              0.403      0.029     13.941      0.000
    Q67_4              0.554      0.028     19.831      0.000
    Q67_5              0.600      0.033     18.189      0.000

Latent Class 6

 DOG      BY
    Q77_1              1.000      0.000    999.000    999.000
    Q77_2              2.205      0.162     13.647      0.000
    Q77_3              1.131      0.135      8.378      0.000

 ANTI     BY
    Q76_1              1.000      0.000    999.000    999.000
    Q76_2              0.953      0.170      5.603      0.000

 POP      BY
    Q67_1              1.000      0.000    999.000    999.000
    Q67_2              1.034      0.050     20.880      0.000
    Q67_3              1.191      0.050     23.669      0.000
    Q67_4              0.997      0.052     19.348      0.000
    Q67_5              0.988      0.063     15.606      0.000

 ANTI     WITH
    DOG                0.000      0.000    999.000    999.000

 POP      WITH
    DOG                0.000      0.000    999.000    999.000
    ANTI               0.000      0.000    999.000    999.000

 Means
    DOG               -0.218      0.163     -1.338      0.181
    ANTI               0.697      0.255      2.735      0.006
    POP               -1.440      0.110    -13.048      0.000

 Intercepts
    Q76_1              0.000      0.000    999.000    999.000
    Q76_2              0.000      0.000    999.000    999.000
    Q77_1              0.000      0.000    999.000    999.000
    Q77_2              0.000      0.000    999.000    999.000
    Q77_3              0.000      0.000    999.000    999.000
    Q67_1              0.000      0.000    999.000    999.000
    Q67_2              0.000      0.000    999.000    999.000
    Q67_3              0.000      0.000    999.000    999.000
    Q67_4              0.000      0.000    999.000    999.000
    Q67_5              0.000      0.000    999.000    999.000

 Variances
    DOG                0.000      0.000    999.000    999.000
    ANTI               0.000      0.000    999.000    999.000
    POP                0.000      0.000    999.000    999.000

 Residual Variances
    Q76_1              0.518      0.084      6.159      0.000
    Q76_2              0.550      0.082      6.711      0.000
    Q77_1              0.862      0.028     30.626      0.000
    Q77_2              0.368      0.032     11.472      0.000
    Q77_3              0.883      0.041     21.343      0.000
    Q67_1              0.556      0.034     16.460      0.000
    Q67_2              0.536      0.030     17.598      0.000
    Q67_3              0.403      0.029     13.941      0.000
    Q67_4              0.554      0.028     19.831      0.000
    Q67_5              0.600      0.033     18.189      0.000

Latent Class 7

 DOG      BY
    Q77_1              1.000      0.000    999.000    999.000
    Q77_2              2.205      0.162     13.647      0.000
    Q77_3              1.131      0.135      8.378      0.000

 ANTI     BY
    Q76_1              1.000      0.000    999.000    999.000
    Q76_2              0.953      0.170      5.603      0.000

 POP      BY
    Q67_1              1.000      0.000    999.000    999.000
    Q67_2              1.034      0.050     20.880      0.000
    Q67_3              1.191      0.050     23.669      0.000
    Q67_4              0.997      0.052     19.348      0.000
    Q67_5              0.988      0.063     15.606      0.000

 ANTI     WITH
    DOG                0.000      0.000    999.000    999.000

 POP      WITH
    DOG                0.000      0.000    999.000    999.000
    ANTI               0.000      0.000    999.000    999.000

 Means
    DOG               -0.331      0.109     -3.031      0.002
    ANTI               1.194      0.170      7.026      0.000
    POP                1.797      0.118     15.205      0.000

 Intercepts
    Q76_1              0.000      0.000    999.000    999.000
    Q76_2              0.000      0.000    999.000    999.000
    Q77_1              0.000      0.000    999.000    999.000
    Q77_2              0.000      0.000    999.000    999.000
    Q77_3              0.000      0.000    999.000    999.000
    Q67_1              0.000      0.000    999.000    999.000
    Q67_2              0.000      0.000    999.000    999.000
    Q67_3              0.000      0.000    999.000    999.000
    Q67_4              0.000      0.000    999.000    999.000
    Q67_5              0.000      0.000    999.000    999.000

 Variances
    DOG                0.000      0.000    999.000    999.000
    ANTI               0.000      0.000    999.000    999.000
    POP                0.000      0.000    999.000    999.000

 Residual Variances
    Q76_1              0.518      0.084      6.159      0.000
    Q76_2              0.550      0.082      6.711      0.000
    Q77_1              0.862      0.028     30.626      0.000
    Q77_2              0.368      0.032     11.472      0.000
    Q77_3              0.883      0.041     21.343      0.000
    Q67_1              0.556      0.034     16.460      0.000
    Q67_2              0.536      0.030     17.598      0.000
    Q67_3              0.403      0.029     13.941      0.000
    Q67_4              0.554      0.028     19.831      0.000
    Q67_5              0.600      0.033     18.189      0.000

Latent Class 8

 DOG      BY
    Q77_1              1.000      0.000    999.000    999.000
    Q77_2              2.205      0.162     13.647      0.000
    Q77_3              1.131      0.135      8.378      0.000

 ANTI     BY
    Q76_1              1.000      0.000    999.000    999.000
    Q76_2              0.953      0.170      5.603      0.000

 POP      BY
    Q67_1              1.000      0.000    999.000    999.000
    Q67_2              1.034      0.050     20.880      0.000
    Q67_3              1.191      0.050     23.669      0.000
    Q67_4              0.997      0.052     19.348      0.000
    Q67_5              0.988      0.063     15.606      0.000

 ANTI     WITH
    DOG                0.000      0.000    999.000    999.000

 POP      WITH
    DOG                0.000      0.000    999.000    999.000
    ANTI               0.000      0.000    999.000    999.000

 Means
    DOG               -0.267      0.034     -7.923      0.000
    ANTI               0.429      0.155      2.756      0.006
    POP               -0.400      0.073     -5.512      0.000

 Intercepts
    Q76_1              0.000      0.000    999.000    999.000
    Q76_2              0.000      0.000    999.000    999.000
    Q77_1              0.000      0.000    999.000    999.000
    Q77_2              0.000      0.000    999.000    999.000
    Q77_3              0.000      0.000    999.000    999.000
    Q67_1              0.000      0.000    999.000    999.000
    Q67_2              0.000      0.000    999.000    999.000
    Q67_3              0.000      0.000    999.000    999.000
    Q67_4              0.000      0.000    999.000    999.000
    Q67_5              0.000      0.000    999.000    999.000

 Variances
    DOG                0.000      0.000    999.000    999.000
    ANTI               0.000      0.000    999.000    999.000
    POP                0.000      0.000    999.000    999.000

 Residual Variances
    Q76_1              0.518      0.084      6.159      0.000
    Q76_2              0.550      0.082      6.711      0.000
    Q77_1              0.862      0.028     30.626      0.000
    Q77_2              0.368      0.032     11.472      0.000
    Q77_3              0.883      0.041     21.343      0.000
    Q67_1              0.556      0.034     16.460      0.000
    Q67_2              0.536      0.030     17.598      0.000
    Q67_3              0.403      0.029     13.941      0.000
    Q67_4              0.554      0.028     19.831      0.000
    Q67_5              0.600      0.033     18.189      0.000

Categorical Latent Variables

 Means
    C1#1              -0.246      0.257     -0.959      0.338
    C1#2              -0.081      0.186     -0.437      0.662
    C1#3              -0.138      0.454     -0.304      0.761
    C1#4               0.160      0.284      0.565      0.572
    C1#5              -0.044      0.216     -0.202      0.840
    C1#6              -2.192      0.277     -7.911      0.000
    C1#7              -2.082      0.288     -7.222      0.000


QUALITY OF NUMERICAL RESULTS

     Condition Number for the Information Matrix              0.140E-02
       (ratio of smallest to largest eigenvalue)


TECHNICAL 11 OUTPUT

     Random Starts Specifications for the k-1 Class Analysis Model
        Number of initial stage random starts                 500
        Number of final stage optimizations                   125



     VUONG-LO-MENDELL-RUBIN LIKELIHOOD RATIO TEST FOR 7 (H0) VERSUS 8 CLASSES

          H0 Loglikelihood Value                       -20552.176
          2 Times the Loglikelihood Difference            142.293
          Difference in the Number of Parameters                4
          Mean                                            -60.093
          Standard Deviation                              342.308
          P-Value                                          0.2772

     LO-MENDELL-RUBIN ADJUSTED LRT TEST

          Value                                           137.636
          P-Value                                          0.2818


SAMPLE STATISTICS FOR ESTIMATED FACTOR SCORES


     SAMPLE STATISTICS


           Means
              DOG           ANTI          POP           C_DOG         C_ANTI
              ________      ________      ________      ________      ________
                0.002         0.005         0.008         0.009         0.003


           Means
              C_POP
              ________
                0.008


           Covariances
              DOG           ANTI          POP           C_DOG         C_ANTI
              ________      ________      ________      ________      ________
 DOG            0.103
 ANTI           0.103         0.377
 POP            0.090         0.224         0.368
 C_DOG          0.111         0.108         0.093         0.129
 C_ANTI         0.107         0.406         0.234         0.117         0.486
 C_POP          0.090         0.231         0.382         0.094         0.248


           Covariances
              C_POP
              ________
 C_POP          0.420


           Correlations
              DOG           ANTI          POP           C_DOG         C_ANTI
              ________      ________      ________      ________      ________
 DOG            1.000
 ANTI           0.521         1.000
 POP            0.461         0.601         1.000
 C_DOG          0.957         0.490         0.425         1.000
 C_ANTI         0.477         0.950         0.554         0.466         1.000
 C_POP          0.433         0.581         0.971         0.403         0.549


           Correlations
              C_POP
              ________
 C_POP          1.000


SAVEDATA INFORMATION


  Save file
    data_export_8.dat

  Order and format of variables

    Q76_1          F10.3
    Q76_2          F10.3
    Q77_1          F10.3
    Q77_2          F10.3
    Q77_3          F10.3
    Q67_1          F10.3
    Q67_2          F10.3
    Q67_3          F10.3
    Q67_4          F10.3
    Q67_5          F10.3
    DOG            F10.3
    ANTI           F10.3
    POP            F10.3
    C_DOG          F10.3
    C_ANTI         F10.3
    C_POP          F10.3
    CPROB1         F10.3
    CPROB2         F10.3
    CPROB3         F10.3
    CPROB4         F10.3
    CPROB5         F10.3
    CPROB6         F10.3
    CPROB7         F10.3
    CPROB8         F10.3
    C1             F10.3
    W_AGE_BE       F10.3
    RID            I7

  Save file format
    26F10.3 I7

  Save file record length    10000


     Beginning Time:  14:28:34
        Ending Time:  14:51:41
       Elapsed Time:  00:23:07



MUTHEN & MUTHEN
3463 Stoner Ave.
Los Angeles, CA  90066

Tel: (310) 391-9971
Fax: (310) 391-8971
Web: www.StatModel.com
Support: Support@StatModel.com

Copyright (c) 1998-2019 Muthen & Muthen
