Mplus VERSION 8.4 (Mac)
MUTHEN & MUTHEN
06/25/2023   2:51 PM

INPUT INSTRUCTIONS

  TITLE:
  DOG_3_ANTI_POP_var_lat=0_covariance=0_residuals=fixed_classes=9;
  DATA:
  FILE = "DOG_3_ANTI_POP_var_lat=0_covariance=0_residuals=fixed_classes=9.dat";

  VARIABLE:
  NAMES = rid w_age_bel q76_1 q76_2 q77_1 q77_2 q77_3 q67_1 q67_2 q67_3 q67_4 q67_5;
   MISSING=.;
   USEVARIABLES = rid w_age_bel
  q76_1 q76_2 q77_1 q77_2 q77_3
  q67_1 q67_2 q67_3 q67_4 q67_5
  ;
  WEIGHT=w_age_bel;
  IDVARIABLE IS rid;
                            CLASSES=c1(
  9
  );
  ANALYSIS:
  TYPE = MIXTURE;
  STARTS = 500 125 0;
  !lrtstarts = 0 0 600 125;
  LRTBOOTSTRAP = 10;
  STITERATIONS=15;
               !K-1STARTS = 1000 300;
               !STSEED = 134830;
               !H1STARTS = 1000 300;
               ESTIMATOR = MLR;
               PROCESSORS = 8;
  MODEL:

  %OVERALL%
  !!! dogmatism !!!
  DOG BY Q77_1 q77_2 Q77_3;
  !!! antagonism !!!
  ANTI BY q76_1 q76_2;
  !!! populism !!!
  POP BY Q67_1 Q67_2 Q67_3 Q67_4 Q67_5;



  !!!!!!!!
  %c1#1%
  !!!!!!!!

  !!!! Means LV !!!!
  [POP](MPOP1);
  [ANTI](MANTI1);
  [DOG](MDOG1);
  !!!! Variances LV !!!!
  POP@0;
  ANTI@0;
  DOG@0;
  !!!! Covariances LV !!!!
  POP WITH ANTI@0;
  POP WITH DOG@0;
  ANTI WITH DOG@0;
  !!!! Residuals LV !!!!
  Q77_1(VQ77_1);
  Q77_2(VQ77_2);
  Q77_3(VQ77_3);
  Q76_1(VQ76_1);
  Q76_2(VQ76_2);
  Q67_1(VQ67_1);
  Q67_2(VQ67_2);
  Q67_3(VQ67_3);
  Q67_4(VQ67_4);
  Q67_5(VQ67_5);
  !!!! Intercepts manifest !!!!
  [Q77_1@0](intQ77101);
  [Q77_2@0](intQ77201);
  [Q77_3@0](intQ77301);
  [Q76_1@0](intQ76101);
  [Q76_2@0](intQ76201);
  [Q67_1@0](intQ67101);
  [Q67_2@0](intQ67201);
  [Q67_3@0](intQ67301);
  [Q67_4@0](intQ67401);
  [Q67_5@0](intQ67501);

  !!!!!!!!
  %c1#2%
  !!!!!!!!

  !!!! Means LV !!!!
  [POP](MPOP2);
  [ANTI](MANTI2);
  [DOG](MDOG2);
  !!!! Variances LV !!!!
  POP@0;
  ANTI@0;
  DOG@0;
  !!!! Covariances LV !!!!
  POP WITH ANTI@0;
  POP WITH DOG@0;
  ANTI WITH DOG@0;
  !!!! Residuals LV !!!!
  Q77_1(VQ77_1);
  Q77_2(VQ77_2);
  Q77_3(VQ77_3);
  Q76_1(VQ76_1);
  Q76_2(VQ76_2);
  Q67_1(VQ67_1);
  Q67_2(VQ67_2);
  Q67_3(VQ67_3);
  Q67_4(VQ67_4);
  Q67_5(VQ67_5);
  !!!! Intercepts manifest !!!!
  [Q77_1@0](intQ77102);
  [Q77_2@0](intQ77202);
  [Q77_3@0](intQ77302);
  [Q76_1@0](intQ76102);
  [Q76_2@0](intQ76202);
  [Q67_1@0](intQ67102);
  [Q67_2@0](intQ67202);
  [Q67_3@0](intQ67302);
  [Q67_4@0](intQ67402);
  [Q67_5@0](intQ67502);

  !!!!!!!!
  %c1#3%
  !!!!!!!!

  !!!! Means LV !!!!
  [POP](MPOP3);
  [ANTI](MANTI3);
  [DOG](MDOG3);
  !!!! Variances LV !!!!
  POP@0;
  ANTI@0;
  DOG@0;
  !!!! Covariances LV !!!!
  POP WITH ANTI@0;
  POP WITH DOG@0;
  ANTI WITH DOG@0;
  !!!! Residuals LV !!!!
  Q77_1(VQ77_1);
  Q77_2(VQ77_2);
  Q77_3(VQ77_3);
  Q76_1(VQ76_1);
  Q76_2(VQ76_2);
  Q67_1(VQ67_1);
  Q67_2(VQ67_2);
  Q67_3(VQ67_3);
  Q67_4(VQ67_4);
  Q67_5(VQ67_5);
  !!!! Intercepts manifest !!!!
  [Q77_1@0](intQ77103);
  [Q77_2@0](intQ77203);
  [Q77_3@0](intQ77303);
  [Q76_1@0](intQ76103);
  [Q76_2@0](intQ76203);
  [Q67_1@0](intQ67103);
  [Q67_2@0](intQ67203);
  [Q67_3@0](intQ67303);
  [Q67_4@0](intQ67403);
  [Q67_5@0](intQ67503);

  !!!!!!!!
  %c1#4%
  !!!!!!!!

  !!!! Means LV !!!!
  [POP](MPOP4);
  [ANTI](MANTI4);
  [DOG](MDOG4);
  !!!! Variances LV !!!!
  POP@0;
  ANTI@0;
  DOG@0;
  !!!! Covariances LV !!!!
  POP WITH ANTI@0;
  POP WITH DOG@0;
  ANTI WITH DOG@0;
  !!!! Residuals LV !!!!
  Q77_1(VQ77_1);
  Q77_2(VQ77_2);
  Q77_3(VQ77_3);
  Q76_1(VQ76_1);
  Q76_2(VQ76_2);
  Q67_1(VQ67_1);
  Q67_2(VQ67_2);
  Q67_3(VQ67_3);
  Q67_4(VQ67_4);
  Q67_5(VQ67_5);
  !!!! Intercepts manifest !!!!
  [Q77_1@0](intQ77104);
  [Q77_2@0](intQ77204);
  [Q77_3@0](intQ77304);
  [Q76_1@0](intQ76104);
  [Q76_2@0](intQ76204);
  [Q67_1@0](intQ67104);
  [Q67_2@0](intQ67204);
  [Q67_3@0](intQ67304);
  [Q67_4@0](intQ67404);
  [Q67_5@0](intQ67504);

  !!!!!!!!
  %c1#5%
  !!!!!!!!

  !!!! Means LV !!!!
  [POP](MPOP5);
  [ANTI](MANTI5);
  [DOG](MDOG5);
  !!!! Variances LV !!!!
  POP@0;
  ANTI@0;
  DOG@0;
  !!!! Covariances LV !!!!
  POP WITH ANTI@0;
  POP WITH DOG@0;
  ANTI WITH DOG@0;
  !!!! Residuals LV !!!!
  Q77_1(VQ77_1);
  Q77_2(VQ77_2);
  Q77_3(VQ77_3);
  Q76_1(VQ76_1);
  Q76_2(VQ76_2);
  Q67_1(VQ67_1);
  Q67_2(VQ67_2);
  Q67_3(VQ67_3);
  Q67_4(VQ67_4);
  Q67_5(VQ67_5);
  !!!! Intercepts manifest !!!!
  [Q77_1@0](intQ77105);
  [Q77_2@0](intQ77205);
  [Q77_3@0](intQ77305);
  [Q76_1@0](intQ76105);
  [Q76_2@0](intQ76205);
  [Q67_1@0](intQ67105);
  [Q67_2@0](intQ67205);
  [Q67_3@0](intQ67305);
  [Q67_4@0](intQ67405);
  [Q67_5@0](intQ67505);

  !!!!!!!!
  %c1#6%
  !!!!!!!!

  !!!! Means LV !!!!
  [POP](MPOP6);
  [ANTI](MANTI6);
  [DOG](MDOG6);
  !!!! Variances LV !!!!
  POP@0;
  ANTI@0;
  DOG@0;
  !!!! Covariances LV !!!!
  POP WITH ANTI@0;
  POP WITH DOG@0;
  ANTI WITH DOG@0;
  !!!! Residuals LV !!!!
  Q77_1(VQ77_1);
  Q77_2(VQ77_2);
  Q77_3(VQ77_3);
  Q76_1(VQ76_1);
  Q76_2(VQ76_2);
  Q67_1(VQ67_1);
  Q67_2(VQ67_2);
  Q67_3(VQ67_3);
  Q67_4(VQ67_4);
  Q67_5(VQ67_5);
  !!!! Intercepts manifest !!!!
  [Q77_1@0](intQ77106);
  [Q77_2@0](intQ77206);
  [Q77_3@0](intQ77306);
  [Q76_1@0](intQ76106);
  [Q76_2@0](intQ76206);
  [Q67_1@0](intQ67106);
  [Q67_2@0](intQ67206);
  [Q67_3@0](intQ67306);
  [Q67_4@0](intQ67406);
  [Q67_5@0](intQ67506);

  !!!!!!!!
  %c1#7%
  !!!!!!!!

  !!!! Means LV !!!!
  [POP](MPOP7);
  [ANTI](MANTI7);
  [DOG](MDOG7);
  !!!! Variances LV !!!!
  POP@0;
  ANTI@0;
  DOG@0;
  !!!! Covariances LV !!!!
  POP WITH ANTI@0;
  POP WITH DOG@0;
  ANTI WITH DOG@0;
  !!!! Residuals LV !!!!
  Q77_1(VQ77_1);
  Q77_2(VQ77_2);
  Q77_3(VQ77_3);
  Q76_1(VQ76_1);
  Q76_2(VQ76_2);
  Q67_1(VQ67_1);
  Q67_2(VQ67_2);
  Q67_3(VQ67_3);
  Q67_4(VQ67_4);
  Q67_5(VQ67_5);
  !!!! Intercepts manifest !!!!
  [Q77_1@0](intQ77107);
  [Q77_2@0](intQ77207);
  [Q77_3@0](intQ77307);
  [Q76_1@0](intQ76107);
  [Q76_2@0](intQ76207);
  [Q67_1@0](intQ67107);
  [Q67_2@0](intQ67207);
  [Q67_3@0](intQ67307);
  [Q67_4@0](intQ67407);
  [Q67_5@0](intQ67507);

  !!!!!!!!
  %c1#8%
  !!!!!!!!

  !!!! Means LV !!!!
  [POP](MPOP8);
  [ANTI](MANTI8);
  [DOG](MDOG8);
  !!!! Variances LV !!!!
  POP@0;
  ANTI@0;
  DOG@0;
  !!!! Covariances LV !!!!
  POP WITH ANTI@0;
  POP WITH DOG@0;
  ANTI WITH DOG@0;
  !!!! Residuals LV !!!!
  Q77_1(VQ77_1);
  Q77_2(VQ77_2);
  Q77_3(VQ77_3);
  Q76_1(VQ76_1);
  Q76_2(VQ76_2);
  Q67_1(VQ67_1);
  Q67_2(VQ67_2);
  Q67_3(VQ67_3);
  Q67_4(VQ67_4);
  Q67_5(VQ67_5);
  !!!! Intercepts manifest !!!!
  [Q77_1@0](intQ77108);
  [Q77_2@0](intQ77208);
  [Q77_3@0](intQ77308);
  [Q76_1@0](intQ76108);
  [Q76_2@0](intQ76208);
  [Q67_1@0](intQ67108);
  [Q67_2@0](intQ67208);
  [Q67_3@0](intQ67308);
  [Q67_4@0](intQ67408);
  [Q67_5@0](intQ67508);

  !!!!!!!!
  %c1#9%
  !!!!!!!!

  !!!! Means LV !!!!
  [POP](MPOP9);
  [ANTI](MANTI9);
  [DOG](MDOG9);
  !!!! Variances LV !!!!
  POP@0;
  ANTI@0;
  DOG@0;
  !!!! Covariances LV !!!!
  POP WITH ANTI@0;
  POP WITH DOG@0;
  ANTI WITH DOG@0;
  !!!! Residuals LV !!!!
  Q77_1(VQ77_1);
  Q77_2(VQ77_2);
  Q77_3(VQ77_3);
  Q76_1(VQ76_1);
  Q76_2(VQ76_2);
  Q67_1(VQ67_1);
  Q67_2(VQ67_2);
  Q67_3(VQ67_3);
  Q67_4(VQ67_4);
  Q67_5(VQ67_5);
  !!!! Intercepts manifest !!!!
  [Q77_1@0](intQ77109);
  [Q77_2@0](intQ77209);
  [Q77_3@0](intQ77309);
  [Q76_1@0](intQ76109);
  [Q76_2@0](intQ76209);
  [Q67_1@0](intQ67109);
  [Q67_2@0](intQ67209);
  [Q67_3@0](intQ67309);
  [Q67_4@0](intQ67409);
  [Q67_5@0](intQ67509);
  OUTPUT:
  TECH11;
  SAVEDATA:
  SAVE=fscores CPROB;
   FILE IS data_export_9.dat;



INPUT READING TERMINATED NORMALLY




DOG_3_ANTI_POP_var_lat=0_covariance=0_residuals=fixed_classes=9;

SUMMARY OF ANALYSIS

Number of groups                                                 1
Number of observations                                        1618

Number of dependent variables                                   10
Number of independent variables                                  0
Number of continuous latent variables                            3
Number of categorical latent variables                           1

Observed dependent variables

  Continuous
   Q76_1       Q76_2       Q77_1       Q77_2       Q77_3       Q67_1
   Q67_2       Q67_3       Q67_4       Q67_5

Continuous latent variables
   DOG         ANTI        POP

Categorical latent variables
   C1

Variables with special functions

  Weight variable       W_AGE_BE
  ID variable           RID

Estimator                                                      MLR
Information matrix                                        OBSERVED
Optimization Specifications for the Quasi-Newton Algorithm for
Continuous Outcomes
  Maximum number of iterations                                 100
  Convergence criterion                                  0.100D-05
Optimization Specifications for the EM Algorithm
  Maximum number of iterations                                 500
  Convergence criteria
    Loglikelihood change                                 0.100D-06
    Relative loglikelihood change                        0.100D-06
    Derivative                                           0.100D-05
Optimization Specifications for the M step of the EM Algorithm for
Categorical Latent variables
  Number of M step iterations                                    1
  M step convergence criterion                           0.100D-05
  Basis for M step termination                           ITERATION
Optimization Specifications for the M step of the EM Algorithm for
Censored, Binary or Ordered Categorical (Ordinal), Unordered
Categorical (Nominal) and Count Outcomes
  Number of M step iterations                                    1
  M step convergence criterion                           0.100D-05
  Basis for M step termination                           ITERATION
  Maximum value for logit thresholds                            15
  Minimum value for logit thresholds                           -15
  Minimum expected cell size for chi-square              0.100D-01
Maximum number of iterations for H1                           2000
Convergence criterion for H1                             0.100D-03
Optimization algorithm                                         EMA
Random Starts Specifications
  Number of initial stage random starts                        500
  Number of final stage optimizations                          125
  Number of initial stage iterations                            15
  Initial stage convergence criterion                    0.100D+01
  Random starts scale                                    0.500D+01
  Random seed for generating random starts                       0

Input data file(s)
  DOG_3_ANTI_POP_var_lat=0_covariance=0_residuals=fixed_classes=9.dat
Input data format  FREE


SUMMARY OF DATA

     Number of missing data patterns            36
     Number of y missing data patterns          36
     Number of u missing data patterns           0


COVARIANCE COVERAGE OF DATA

Minimum covariance coverage value   0.100


     PROPORTION OF DATA PRESENT FOR Y


           Covariance Coverage
              Q76_1         Q76_2         Q77_1         Q77_2         Q77_3
              ________      ________      ________      ________      ________
 Q76_1          0.984
 Q76_2          0.978         0.985
 Q77_1          0.974         0.977         0.986
 Q77_2          0.975         0.977         0.979         0.990
 Q77_3          0.980         0.982         0.985         0.989         0.996
 Q67_1          0.979         0.980         0.980         0.984         0.990
 Q67_2          0.980         0.981         0.981         0.985         0.991
 Q67_3          0.978         0.980         0.980         0.985         0.990
 Q67_4          0.976         0.977         0.978         0.981         0.987
 Q67_5          0.979         0.981         0.980         0.984         0.990


           Covariance Coverage
              Q67_1         Q67_2         Q67_3         Q67_4         Q67_5
              ________      ________      ________      ________      ________
 Q67_1          0.993
 Q67_2          0.990         0.994
 Q67_3          0.989         0.990         0.993
 Q67_4          0.985         0.986         0.985         0.989
 Q67_5          0.988         0.989         0.989         0.985         0.993



UNIVARIATE SAMPLE STATISTICS


     UNIVARIATE HIGHER-ORDER MOMENT DESCRIPTIVE STATISTICS

         Variable/         Mean/     Skewness/   Minimum/ % with                Percentiles
        Sample Size      Variance    Kurtosis    Maximum  Min/Max      20%/60%    40%/80%    Median

     Q76_1                 0.038      -0.183      -2.175    3.27%      -1.181     -0.188     -0.188
            1592.000       0.991      -0.787       1.799    7.47%       0.806      0.806
     Q76_2                 0.040      -0.337      -2.283    3.14%      -1.314     -0.344      0.625
            1594.000       0.978      -0.634       1.595   11.54%       0.625      0.625
     Q77_1                 0.035      -0.124      -2.117    3.57%      -1.084     -0.052     -0.052
            1596.000       0.993      -0.876       2.013    3.88%      -0.052      0.981
     Q77_2                 0.036       0.457      -1.542   11.30%      -0.533     -0.533     -0.533
            1602.000       1.008      -0.563       2.493    2.37%       0.475      1.484
     Q77_3                 0.022       0.770      -1.346   20.29%      -1.346     -0.138     -0.138
            1612.000       1.052       0.559       3.488    0.68%      -0.138      1.071
     Q67_1                 0.049       0.073      -1.922    4.48%      -0.954      0.014      0.014
            1607.000       0.991      -0.947       1.949    5.97%       0.014      0.982
     Q67_2                 0.051       0.002      -2.053    3.73%      -1.043     -0.034     -0.034
            1609.000       1.001      -0.854       1.985    5.53%      -0.034      0.976
     Q67_3                 0.055       0.383      -1.676    8.40%      -0.669     -0.669     -0.669
            1607.000       1.020      -0.534       2.350    3.92%       0.337      1.343
     Q67_4                 0.061       0.074      -1.888    5.69%      -0.897     -0.897      0.094
            1600.000       0.985      -0.835       2.077    4.44%       0.094      1.085
     Q67_5                 0.042       0.366      -1.601   11.58%      -0.563     -0.563     -0.563
            1606.000       1.022      -0.423       2.550    2.43%       0.474      0.474

RANDOM STARTS RESULTS RANKED FROM THE BEST TO THE WORST LOGLIKELIHOOD VALUES

Final stage loglikelihood values at local maxima, seeds, and initial stage start numbers:

          -20424.176  232226           235
          -20424.176  576726           280
          -20441.021  188640           451
          -20448.656  608496           4
          -20452.444  195763           358
          -20462.507  329127           185
          -20481.030  691234           250
          -20536.313  535063           329
          -20536.313  562716           300
          -20536.313  561664           392
          -20587.438  772131           407
          -20605.736  752769           253
          -20605.736  605358           321
          -20605.736  438144           271
          -20605.736  963053           43
          -20605.736  851945           18
          -20605.736  872743           374
          -20605.736  292884           103
          -20605.736  848969           173
          -20605.736  875667           367
          -20694.997  695155           150
          -20703.948  945065           255
          -20739.487  81117            305
          -20739.487  798839           312
          -20739.487  798821           423
          -20739.487  349562           359
          -20739.487  462953           7
          -20739.487  12477            155
          -20739.487  405079           68
          -20739.487  971853           402
          -20739.487  520177           262
          -20739.487  364676           27
          -20739.487  913639           162
          -20739.487  238906           430
          -20739.487  823392           479
          -20739.487  27071            15
          -20739.487  123985           248
          -20739.487  529496           343
          -20739.487  193847           354
          -20739.487  789985           67
          -20739.487  534483           290
          -20739.487  471040           403
          -20739.487  319144           176
          -20739.487  686482           215
          -20739.487  751153           110
          -20750.092  68850            462
          -20750.092  354395           486
          -20750.092  227563           63
          -20750.092  741888           138
          -20750.092  414828           322
          -20750.092  714455           476
          -20750.092  404426           344
          -20750.092  408713           450
          -20764.756  358488           264
          -20764.756  268217           83
          -20764.756  888905           444
          -20764.756  793035           187
          -20863.735  316165           299
          -20872.390  626891           32
          -20872.390  848331           137
          -20872.390  673496           218
          -20872.390  717754           180
          -20872.390  499150           216
          -20872.390  791285           416
          -20872.390  202790           198
          -20872.390  879211           453
          -20872.390  319575           499
          -20872.390  392407           221
          -20872.390  518828           432
          -20872.390  120506           45
          -20872.390  726035           191
          -20872.390  93468            3
          -20872.390  216565           474
          -20872.390  175199           247
          -20872.390  790452           303
          -20872.390  259507           53
          -20872.390  563002           360
          -20872.390  535804           111
          -20880.342  960438           116
          -20880.342  662718           460
          -20880.342  311214           64
          -20931.635  631413           439
          -20945.536  788796           145
          -20945.536  79945            395
          -20945.536  783110           72
          -20945.536  760878           249
          -20945.536  369602           146
          -20945.536  937588           293
          -20945.536  23012            352
          -20945.536  246261           38
          -20945.536  749635           420
          -20945.536  937225           394
          -20945.536  985387           381
          -20945.536  30098            209
          -20945.536  654136           167
          -20945.536  509733           130
          -20945.536  514326           325
          -20945.536  988761           475
          -20959.973  496710           386
          -20959.973  15715            274
          -20959.973  965994           396
          -20959.973  784664           75
          -20959.973  178475           231
          -20994.384  928287           197

21 perturbed starting value run(s) did not converge.



THE BEST LOGLIKELIHOOD VALUE HAS BEEN REPLICATED.  RERUN WITH AT LEAST TWICE THE
RANDOM STARTS TO CHECK THAT THE BEST LOGLIKELIHOOD IS STILL OBTAINED AND REPLICATED.


THE MODEL ESTIMATION TERMINATED NORMALLY



MODEL FIT INFORMATION

Number of Free Parameters                       52

Loglikelihood

          H0 Value                      -20424.176
          H0 Scaling Correction Factor      1.7331
            for MLR

Information Criteria

          Akaike (AIC)                   40952.353
          Bayesian (BIC)                 41232.578
          Sample-Size Adjusted BIC       41067.383
            (n* = (n + 2) / 24)



FINAL CLASS COUNTS AND PROPORTIONS FOR THE LATENT CLASSES
BASED ON THE ESTIMATED MODEL

    Latent
   Classes

       1        209.95753          0.12976
       2        132.04953          0.08161
       3        297.06771          0.18360
       4        298.48301          0.18448
       5        173.28278          0.10710
       6        244.87594          0.15134
       7         31.55381          0.01950
       8         29.65329          0.01833
       9        201.07640          0.12427


FINAL CLASS COUNTS AND PROPORTIONS FOR THE LATENT CLASSES
BASED ON ESTIMATED POSTERIOR PROBABILITIES

    Latent
   Classes

       1        209.95753          0.12976
       2        132.04953          0.08161
       3        297.06771          0.18360
       4        298.48301          0.18448
       5        173.28278          0.10710
       6        244.87594          0.15134
       7         31.55381          0.01950
       8         29.65329          0.01833
       9        201.07640          0.12427


FINAL CLASS COUNTS AND PROPORTIONS FOR THE LATENT CLASSES
BASED ON THEIR MOST LIKELY LATENT CLASS MEMBERSHIP

Class Counts and Proportions

    Latent
   Classes

       1              207          0.12782
       2              129          0.07998
       3              312          0.19275
       4              299          0.18500
       5              175          0.10822
       6              259          0.16001
       7               32          0.01947
       8               25          0.01542
       9              180          0.11133


CLASSIFICATION QUALITY

     Entropy                         0.778


Classification Probabilities for the Most Likely Latent Class Membership (Column)
by Latent Class (Row)

           1        2        3        4        5        6        7        8        9

    1   0.797    0.000    0.056    0.000    0.035    0.051    0.010    0.000    0.052
    2   0.000    0.787    0.054    0.027    0.000    0.127    0.000    0.002    0.003
    3   0.016    0.029    0.811    0.067    0.000    0.033    0.000    0.004    0.039
    4   0.000    0.016    0.077    0.872    0.000    0.001    0.000    0.003    0.030
    5   0.054    0.000    0.000    0.000    0.858    0.083    0.005    0.000    0.000
    6   0.035    0.043    0.027    0.000    0.075    0.798    0.000    0.000    0.022
    7   0.069    0.000    0.005    0.000    0.020    0.000    0.906    0.000    0.000
    8   0.000    0.026    0.146    0.063    0.000    0.000    0.000    0.764    0.000
    9   0.072    0.003    0.090    0.067    0.001    0.056    0.000    0.000    0.710



Logits for the Classification Probabilities for the Most Likely Latent Class Membership (Column)
by Latent Class (Row)

              1        2        3        4        5        6        7        8        9

    1      2.738   -8.155    0.082   -8.212   -0.393   -0.014   -1.650  -10.851    0.000
    2     -4.451    5.520    2.832    2.164   -4.484    3.696   -8.056   -0.410    0.000
    3     -0.853   -0.277    3.043    0.548   -7.782   -0.145  -10.564   -2.333    0.000
    4     -7.766   -0.616    0.932    3.362  -10.317   -3.040  -10.317   -2.325    0.000
    5      5.031   -3.882   -3.048   -5.865    7.797    5.464    2.611   -5.865    0.000
    6      0.449    0.660    0.175   -3.984    1.211    3.576   -8.531  -10.013    0.000
    7      8.860   -2.275    6.207   -2.275    7.637    2.777   11.442   -2.275    0.000
    8      0.000   10.172   11.894   11.046    0.000    5.802    0.000   13.547    0.000
    9     -2.286   -5.505   -2.066   -2.358   -6.629   -2.535  -13.474  -13.474    0.000



MODEL RESULTS

                                                    Two-Tailed
                    Estimate       S.E.  Est./S.E.    P-Value

Latent Class 1

 DOG      BY
    Q77_1              1.000      0.000    999.000    999.000
    Q77_2              2.207      0.155     14.202      0.000
    Q77_3              1.118      0.123      9.072      0.000

 ANTI     BY
    Q76_1              1.000      0.000    999.000    999.000
    Q76_2              1.000      0.148      6.747      0.000

 POP      BY
    Q67_1              1.000      0.000    999.000    999.000
    Q67_2              1.056      0.048     22.165      0.000
    Q67_3              1.172      0.051     23.141      0.000
    Q67_4              0.983      0.047     20.985      0.000
    Q67_5              0.964      0.059     16.257      0.000

 ANTI     WITH
    DOG                0.000      0.000    999.000    999.000

 POP      WITH
    DOG                0.000      0.000    999.000    999.000
    ANTI               0.000      0.000    999.000    999.000

 Means
    DOG               -0.186      0.042     -4.447      0.000
    ANTI               0.542      0.132      4.113      0.000
    POP                0.773      0.080      9.610      0.000

 Intercepts
    Q76_1              0.000      0.000    999.000    999.000
    Q76_2              0.000      0.000    999.000    999.000
    Q77_1              0.000      0.000    999.000    999.000
    Q77_2              0.000      0.000    999.000    999.000
    Q77_3              0.000      0.000    999.000    999.000
    Q67_1              0.000      0.000    999.000    999.000
    Q67_2              0.000      0.000    999.000    999.000
    Q67_3              0.000      0.000    999.000    999.000
    Q67_4              0.000      0.000    999.000    999.000
    Q67_5              0.000      0.000    999.000    999.000

 Variances
    DOG                0.000      0.000    999.000    999.000
    ANTI               0.000      0.000    999.000    999.000
    POP                0.000      0.000    999.000    999.000

 Residual Variances
    Q76_1              0.548      0.064      8.554      0.000
    Q76_2              0.536      0.073      7.306      0.000
    Q77_1              0.856      0.028     30.684      0.000
    Q77_2              0.340      0.021     16.026      0.000
    Q77_3              0.880      0.041     21.714      0.000
    Q67_1              0.533      0.033     16.049      0.000
    Q67_2              0.491      0.032     15.157      0.000
    Q67_3              0.392      0.031     12.762      0.000
    Q67_4              0.544      0.027     20.253      0.000
    Q67_5              0.598      0.034     17.684      0.000

Latent Class 2

 DOG      BY
    Q77_1              1.000      0.000    999.000    999.000
    Q77_2              2.207      0.155     14.202      0.000
    Q77_3              1.118      0.123      9.072      0.000

 ANTI     BY
    Q76_1              1.000      0.000    999.000    999.000
    Q76_2              1.000      0.148      6.747      0.000

 POP      BY
    Q67_1              1.000      0.000    999.000    999.000
    Q67_2              1.056      0.048     22.165      0.000
    Q67_3              1.172      0.051     23.141      0.000
    Q67_4              0.983      0.047     20.985      0.000
    Q67_5              0.964      0.059     16.257      0.000

 ANTI     WITH
    DOG                0.000      0.000    999.000    999.000

 POP      WITH
    DOG                0.000      0.000    999.000    999.000
    ANTI               0.000      0.000    999.000    999.000

 Means
    DOG                0.503      0.053      9.446      0.000
    ANTI               0.166      0.175      0.948      0.343
    POP               -0.569      0.076     -7.447      0.000

 Intercepts
    Q76_1              0.000      0.000    999.000    999.000
    Q76_2              0.000      0.000    999.000    999.000
    Q77_1              0.000      0.000    999.000    999.000
    Q77_2              0.000      0.000    999.000    999.000
    Q77_3              0.000      0.000    999.000    999.000
    Q67_1              0.000      0.000    999.000    999.000
    Q67_2              0.000      0.000    999.000    999.000
    Q67_3              0.000      0.000    999.000    999.000
    Q67_4              0.000      0.000    999.000    999.000
    Q67_5              0.000      0.000    999.000    999.000

 Variances
    DOG                0.000      0.000    999.000    999.000
    ANTI               0.000      0.000    999.000    999.000
    POP                0.000      0.000    999.000    999.000

 Residual Variances
    Q76_1              0.548      0.064      8.554      0.000
    Q76_2              0.536      0.073      7.306      0.000
    Q77_1              0.856      0.028     30.684      0.000
    Q77_2              0.340      0.021     16.026      0.000
    Q77_3              0.880      0.041     21.714      0.000
    Q67_1              0.533      0.033     16.049      0.000
    Q67_2              0.491      0.032     15.157      0.000
    Q67_3              0.392      0.031     12.762      0.000
    Q67_4              0.544      0.027     20.253      0.000
    Q67_5              0.598      0.034     17.684      0.000

Latent Class 3

 DOG      BY
    Q77_1              1.000      0.000    999.000    999.000
    Q77_2              2.207      0.155     14.202      0.000
    Q77_3              1.118      0.123      9.072      0.000

 ANTI     BY
    Q76_1              1.000      0.000    999.000    999.000
    Q76_2              1.000      0.148      6.747      0.000

 POP      BY
    Q67_1              1.000      0.000    999.000    999.000
    Q67_2              1.056      0.048     22.165      0.000
    Q67_3              1.172      0.051     23.141      0.000
    Q67_4              0.983      0.047     20.985      0.000
    Q67_5              0.964      0.059     16.257      0.000

 ANTI     WITH
    DOG                0.000      0.000    999.000    999.000

 POP      WITH
    DOG                0.000      0.000    999.000    999.000
    ANTI               0.000      0.000    999.000    999.000

 Means
    DOG               -0.260      0.032     -8.170      0.000
    ANTI               0.395      0.116      3.410      0.001
    POP               -0.376      0.066     -5.693      0.000

 Intercepts
    Q76_1              0.000      0.000    999.000    999.000
    Q76_2              0.000      0.000    999.000    999.000
    Q77_1              0.000      0.000    999.000    999.000
    Q77_2              0.000      0.000    999.000    999.000
    Q77_3              0.000      0.000    999.000    999.000
    Q67_1              0.000      0.000    999.000    999.000
    Q67_2              0.000      0.000    999.000    999.000
    Q67_3              0.000      0.000    999.000    999.000
    Q67_4              0.000      0.000    999.000    999.000
    Q67_5              0.000      0.000    999.000    999.000

 Variances
    DOG                0.000      0.000    999.000    999.000
    ANTI               0.000      0.000    999.000    999.000
    POP                0.000      0.000    999.000    999.000

 Residual Variances
    Q76_1              0.548      0.064      8.554      0.000
    Q76_2              0.536      0.073      7.306      0.000
    Q77_1              0.856      0.028     30.684      0.000
    Q77_2              0.340      0.021     16.026      0.000
    Q77_3              0.880      0.041     21.714      0.000
    Q67_1              0.533      0.033     16.049      0.000
    Q67_2              0.491      0.032     15.157      0.000
    Q67_3              0.392      0.031     12.762      0.000
    Q67_4              0.544      0.027     20.253      0.000
    Q67_5              0.598      0.034     17.684      0.000

Latent Class 4

 DOG      BY
    Q77_1              1.000      0.000    999.000    999.000
    Q77_2              2.207      0.155     14.202      0.000
    Q77_3              1.118      0.123      9.072      0.000

 ANTI     BY
    Q76_1              1.000      0.000    999.000    999.000
    Q76_2              1.000      0.148      6.747      0.000

 POP      BY
    Q67_1              1.000      0.000    999.000    999.000
    Q67_2              1.056      0.048     22.165      0.000
    Q67_3              1.172      0.051     23.141      0.000
    Q67_4              0.983      0.047     20.985      0.000
    Q67_5              0.964      0.059     16.257      0.000

 ANTI     WITH
    DOG                0.000      0.000    999.000    999.000

 POP      WITH
    DOG                0.000      0.000    999.000    999.000
    ANTI               0.000      0.000    999.000    999.000

 Means
    DOG               -0.278      0.029     -9.430      0.000
    ANTI              -1.059      0.055    -19.141      0.000
    POP               -0.690      0.049    -14.152      0.000

 Intercepts
    Q76_1              0.000      0.000    999.000    999.000
    Q76_2              0.000      0.000    999.000    999.000
    Q77_1              0.000      0.000    999.000    999.000
    Q77_2              0.000      0.000    999.000    999.000
    Q77_3              0.000      0.000    999.000    999.000
    Q67_1              0.000      0.000    999.000    999.000
    Q67_2              0.000      0.000    999.000    999.000
    Q67_3              0.000      0.000    999.000    999.000
    Q67_4              0.000      0.000    999.000    999.000
    Q67_5              0.000      0.000    999.000    999.000

 Variances
    DOG                0.000      0.000    999.000    999.000
    ANTI               0.000      0.000    999.000    999.000
    POP                0.000      0.000    999.000    999.000

 Residual Variances
    Q76_1              0.548      0.064      8.554      0.000
    Q76_2              0.536      0.073      7.306      0.000
    Q77_1              0.856      0.028     30.684      0.000
    Q77_2              0.340      0.021     16.026      0.000
    Q77_3              0.880      0.041     21.714      0.000
    Q67_1              0.533      0.033     16.049      0.000
    Q67_2              0.491      0.032     15.157      0.000
    Q67_3              0.392      0.031     12.762      0.000
    Q67_4              0.544      0.027     20.253      0.000
    Q67_5              0.598      0.034     17.684      0.000

Latent Class 5

 DOG      BY
    Q77_1              1.000      0.000    999.000    999.000
    Q77_2              2.207      0.155     14.202      0.000
    Q77_3              1.118      0.123      9.072      0.000

 ANTI     BY
    Q76_1              1.000      0.000    999.000    999.000
    Q76_2              1.000      0.148      6.747      0.000

 POP      BY
    Q67_1              1.000      0.000    999.000    999.000
    Q67_2              1.056      0.048     22.165      0.000
    Q67_3              1.172      0.051     23.141      0.000
    Q67_4              0.983      0.047     20.985      0.000
    Q67_5              0.964      0.059     16.257      0.000

 ANTI     WITH
    DOG                0.000      0.000    999.000    999.000

 POP      WITH
    DOG                0.000      0.000    999.000    999.000
    ANTI               0.000      0.000    999.000    999.000

 Means
    DOG                0.650      0.066      9.901      0.000
    ANTI               0.689      0.090      7.684      0.000
    POP                1.054      0.074     14.249      0.000

 Intercepts
    Q76_1              0.000      0.000    999.000    999.000
    Q76_2              0.000      0.000    999.000    999.000
    Q77_1              0.000      0.000    999.000    999.000
    Q77_2              0.000      0.000    999.000    999.000
    Q77_3              0.000      0.000    999.000    999.000
    Q67_1              0.000      0.000    999.000    999.000
    Q67_2              0.000      0.000    999.000    999.000
    Q67_3              0.000      0.000    999.000    999.000
    Q67_4              0.000      0.000    999.000    999.000
    Q67_5              0.000      0.000    999.000    999.000

 Variances
    DOG                0.000      0.000    999.000    999.000
    ANTI               0.000      0.000    999.000    999.000
    POP                0.000      0.000    999.000    999.000

 Residual Variances
    Q76_1              0.548      0.064      8.554      0.000
    Q76_2              0.536      0.073      7.306      0.000
    Q77_1              0.856      0.028     30.684      0.000
    Q77_2              0.340      0.021     16.026      0.000
    Q77_3              0.880      0.041     21.714      0.000
    Q67_1              0.533      0.033     16.049      0.000
    Q67_2              0.491      0.032     15.157      0.000
    Q67_3              0.392      0.031     12.762      0.000
    Q67_4              0.544      0.027     20.253      0.000
    Q67_5              0.598      0.034     17.684      0.000

Latent Class 6

 DOG      BY
    Q77_1              1.000      0.000    999.000    999.000
    Q77_2              2.207      0.155     14.202      0.000
    Q77_3              1.118      0.123      9.072      0.000

 ANTI     BY
    Q76_1              1.000      0.000    999.000    999.000
    Q76_2              1.000      0.148      6.747      0.000

 POP      BY
    Q67_1              1.000      0.000    999.000    999.000
    Q67_2              1.056      0.048     22.165      0.000
    Q67_3              1.172      0.051     23.141      0.000
    Q67_4              0.983      0.047     20.985      0.000
    Q67_5              0.964      0.059     16.257      0.000

 ANTI     WITH
    DOG                0.000      0.000    999.000    999.000

 POP      WITH
    DOG                0.000      0.000    999.000    999.000
    ANTI               0.000      0.000    999.000    999.000

 Means
    DOG                0.454      0.053      8.596      0.000
    ANTI               0.369      0.113      3.265      0.001
    POP                0.259      0.098      2.629      0.009

 Intercepts
    Q76_1              0.000      0.000    999.000    999.000
    Q76_2              0.000      0.000    999.000    999.000
    Q77_1              0.000      0.000    999.000    999.000
    Q77_2              0.000      0.000    999.000    999.000
    Q77_3              0.000      0.000    999.000    999.000
    Q67_1              0.000      0.000    999.000    999.000
    Q67_2              0.000      0.000    999.000    999.000
    Q67_3              0.000      0.000    999.000    999.000
    Q67_4              0.000      0.000    999.000    999.000
    Q67_5              0.000      0.000    999.000    999.000

 Variances
    DOG                0.000      0.000    999.000    999.000
    ANTI               0.000      0.000    999.000    999.000
    POP                0.000      0.000    999.000    999.000

 Residual Variances
    Q76_1              0.548      0.064      8.554      0.000
    Q76_2              0.536      0.073      7.306      0.000
    Q77_1              0.856      0.028     30.684      0.000
    Q77_2              0.340      0.021     16.026      0.000
    Q77_3              0.880      0.041     21.714      0.000
    Q67_1              0.533      0.033     16.049      0.000
    Q67_2              0.491      0.032     15.157      0.000
    Q67_3              0.392      0.031     12.762      0.000
    Q67_4              0.544      0.027     20.253      0.000
    Q67_5              0.598      0.034     17.684      0.000

Latent Class 7

 DOG      BY
    Q77_1              1.000      0.000    999.000    999.000
    Q77_2              2.207      0.155     14.202      0.000
    Q77_3              1.118      0.123      9.072      0.000

 ANTI     BY
    Q76_1              1.000      0.000    999.000    999.000
    Q76_2              1.000      0.148      6.747      0.000

 POP      BY
    Q67_1              1.000      0.000    999.000    999.000
    Q67_2              1.056      0.048     22.165      0.000
    Q67_3              1.172      0.051     23.141      0.000
    Q67_4              0.983      0.047     20.985      0.000
    Q67_5              0.964      0.059     16.257      0.000

 ANTI     WITH
    DOG                0.000      0.000    999.000    999.000

 POP      WITH
    DOG                0.000      0.000    999.000    999.000
    ANTI               0.000      0.000    999.000    999.000

 Means
    DOG               -0.348      0.090     -3.876      0.000
    ANTI               1.194      0.150      7.970      0.000
    POP                1.832      0.088     20.762      0.000

 Intercepts
    Q76_1              0.000      0.000    999.000    999.000
    Q76_2              0.000      0.000    999.000    999.000
    Q77_1              0.000      0.000    999.000    999.000
    Q77_2              0.000      0.000    999.000    999.000
    Q77_3              0.000      0.000    999.000    999.000
    Q67_1              0.000      0.000    999.000    999.000
    Q67_2              0.000      0.000    999.000    999.000
    Q67_3              0.000      0.000    999.000    999.000
    Q67_4              0.000      0.000    999.000    999.000
    Q67_5              0.000      0.000    999.000    999.000

 Variances
    DOG                0.000      0.000    999.000    999.000
    ANTI               0.000      0.000    999.000    999.000
    POP                0.000      0.000    999.000    999.000

 Residual Variances
    Q76_1              0.548      0.064      8.554      0.000
    Q76_2              0.536      0.073      7.306      0.000
    Q77_1              0.856      0.028     30.684      0.000
    Q77_2              0.340      0.021     16.026      0.000
    Q77_3              0.880      0.041     21.714      0.000
    Q67_1              0.533      0.033     16.049      0.000
    Q67_2              0.491      0.032     15.157      0.000
    Q67_3              0.392      0.031     12.762      0.000
    Q67_4              0.544      0.027     20.253      0.000
    Q67_5              0.598      0.034     17.684      0.000

Latent Class 8

 DOG      BY
    Q77_1              1.000      0.000    999.000    999.000
    Q77_2              2.207      0.155     14.202      0.000
    Q77_3              1.118      0.123      9.072      0.000

 ANTI     BY
    Q76_1              1.000      0.000    999.000    999.000
    Q76_2              1.000      0.148      6.747      0.000

 POP      BY
    Q67_1              1.000      0.000    999.000    999.000
    Q67_2              1.056      0.048     22.165      0.000
    Q67_3              1.172      0.051     23.141      0.000
    Q67_4              0.983      0.047     20.985      0.000
    Q67_5              0.964      0.059     16.257      0.000

 ANTI     WITH
    DOG                0.000      0.000    999.000    999.000

 POP      WITH
    DOG                0.000      0.000    999.000    999.000
    ANTI               0.000      0.000    999.000    999.000

 Means
    DOG               -0.270      0.118     -2.290      0.022
    ANTI               0.645      0.224      2.875      0.004
    POP               -1.473      0.115    -12.827      0.000

 Intercepts
    Q76_1              0.000      0.000    999.000    999.000
    Q76_2              0.000      0.000    999.000    999.000
    Q77_1              0.000      0.000    999.000    999.000
    Q77_2              0.000      0.000    999.000    999.000
    Q77_3              0.000      0.000    999.000    999.000
    Q67_1              0.000      0.000    999.000    999.000
    Q67_2              0.000      0.000    999.000    999.000
    Q67_3              0.000      0.000    999.000    999.000
    Q67_4              0.000      0.000    999.000    999.000
    Q67_5              0.000      0.000    999.000    999.000

 Variances
    DOG                0.000      0.000    999.000    999.000
    ANTI               0.000      0.000    999.000    999.000
    POP                0.000      0.000    999.000    999.000

 Residual Variances
    Q76_1              0.548      0.064      8.554      0.000
    Q76_2              0.536      0.073      7.306      0.000
    Q77_1              0.856      0.028     30.684      0.000
    Q77_2              0.340      0.021     16.026      0.000
    Q77_3              0.880      0.041     21.714      0.000
    Q67_1              0.533      0.033     16.049      0.000
    Q67_2              0.491      0.032     15.157      0.000
    Q67_3              0.392      0.031     12.762      0.000
    Q67_4              0.544      0.027     20.253      0.000
    Q67_5              0.598      0.034     17.684      0.000

Latent Class 9

 DOG      BY
    Q77_1              1.000      0.000    999.000    999.000
    Q77_2              2.207      0.155     14.202      0.000
    Q77_3              1.118      0.123      9.072      0.000

 ANTI     BY
    Q76_1              1.000      0.000    999.000    999.000
    Q76_2              1.000      0.148      6.747      0.000

 POP      BY
    Q67_1              1.000      0.000    999.000    999.000
    Q67_2              1.056      0.048     22.165      0.000
    Q67_3              1.172      0.051     23.141      0.000
    Q67_4              0.983      0.047     20.985      0.000
    Q67_5              0.964      0.059     16.257      0.000

 ANTI     WITH
    DOG                0.000      0.000    999.000    999.000

 POP      WITH
    DOG                0.000      0.000    999.000    999.000
    ANTI               0.000      0.000    999.000    999.000

 Means
    DOG               -0.217      0.044     -4.909      0.000
    ANTI              -0.697      0.138     -5.045      0.000
    POP                0.257      0.081      3.166      0.002

 Intercepts
    Q76_1              0.000      0.000    999.000    999.000
    Q76_2              0.000      0.000    999.000    999.000
    Q77_1              0.000      0.000    999.000    999.000
    Q77_2              0.000      0.000    999.000    999.000
    Q77_3              0.000      0.000    999.000    999.000
    Q67_1              0.000      0.000    999.000    999.000
    Q67_2              0.000      0.000    999.000    999.000
    Q67_3              0.000      0.000    999.000    999.000
    Q67_4              0.000      0.000    999.000    999.000
    Q67_5              0.000      0.000    999.000    999.000

 Variances
    DOG                0.000      0.000    999.000    999.000
    ANTI               0.000      0.000    999.000    999.000
    POP                0.000      0.000    999.000    999.000

 Residual Variances
    Q76_1              0.548      0.064      8.554      0.000
    Q76_2              0.536      0.073      7.306      0.000
    Q77_1              0.856      0.028     30.684      0.000
    Q77_2              0.340      0.021     16.026      0.000
    Q77_3              0.880      0.041     21.714      0.000
    Q67_1              0.533      0.033     16.049      0.000
    Q67_2              0.491      0.032     15.157      0.000
    Q67_3              0.392      0.031     12.762      0.000
    Q67_4              0.544      0.027     20.253      0.000
    Q67_5              0.598      0.034     17.684      0.000

Categorical Latent Variables

 Means
    C1#1               0.043      0.360      0.120      0.904
    C1#2              -0.421      0.305     -1.379      0.168
    C1#3               0.390      0.369      1.058      0.290
    C1#4               0.395      0.238      1.660      0.097
    C1#5              -0.149      0.322     -0.461      0.645
    C1#6               0.197      0.299      0.660      0.509
    C1#7              -1.852      0.376     -4.927      0.000
    C1#8              -1.914      0.403     -4.755      0.000


QUALITY OF NUMERICAL RESULTS

     Condition Number for the Information Matrix              0.900E-03
       (ratio of smallest to largest eigenvalue)


TECHNICAL 11 OUTPUT

     Random Starts Specifications for the k-1 Class Analysis Model
        Number of initial stage random starts                 500
        Number of final stage optimizations                   125



     VUONG-LO-MENDELL-RUBIN LIKELIHOOD RATIO TEST FOR 8 (H0) VERSUS 9 CLASSES

          H0 Loglikelihood Value                       -20481.030
          2 Times the Loglikelihood Difference            113.708
          Difference in the Number of Parameters                4
          Mean                                            -17.309
          Standard Deviation                              133.394
          P-Value                                          0.1630

     LO-MENDELL-RUBIN ADJUSTED LRT TEST

          Value                                           109.986
          P-Value                                          0.1700


SAMPLE STATISTICS FOR ESTIMATED FACTOR SCORES


     SAMPLE STATISTICS


           Means
              DOG           ANTI          POP           C_DOG         C_ANTI
              ________      ________      ________      ________      ________
                0.002         0.005         0.008         0.006         0.015


           Means
              C_POP
              ________
                0.007


           Covariances
              DOG           ANTI          POP           C_DOG         C_ANTI
              ________      ________      ________      ________      ________
 DOG            0.111
 ANTI           0.102         0.355
 POP            0.089         0.224         0.388
 C_DOG          0.118         0.105         0.089         0.135
 C_ANTI         0.105         0.381         0.232         0.111         0.449
 C_POP          0.093         0.231         0.402         0.095         0.245


           Covariances
              C_POP
              ________
 C_POP          0.439


           Correlations
              DOG           ANTI          POP           C_DOG         C_ANTI
              ________      ________      ________      ________      ________
 DOG            1.000
 ANTI           0.516         1.000
 POP            0.428         0.603         1.000
 C_DOG          0.964         0.482         0.389         1.000
 C_ANTI         0.472         0.955         0.554         0.452         1.000
 C_POP          0.421         0.585         0.974         0.392         0.552


           Correlations
              C_POP
              ________
 C_POP          1.000


SAVEDATA INFORMATION


  Save file
    data_export_9.dat

  Order and format of variables

    Q76_1          F10.3
    Q76_2          F10.3
    Q77_1          F10.3
    Q77_2          F10.3
    Q77_3          F10.3
    Q67_1          F10.3
    Q67_2          F10.3
    Q67_3          F10.3
    Q67_4          F10.3
    Q67_5          F10.3
    DOG            F10.3
    ANTI           F10.3
    POP            F10.3
    C_DOG          F10.3
    C_ANTI         F10.3
    C_POP          F10.3
    CPROB1         F10.3
    CPROB2         F10.3
    CPROB3         F10.3
    CPROB4         F10.3
    CPROB5         F10.3
    CPROB6         F10.3
    CPROB7         F10.3
    CPROB8         F10.3
    CPROB9         F10.3
    C1             F10.3
    W_AGE_BE       F10.3
    RID            I7

  Save file format
    27F10.3 I7

  Save file record length    10000


     Beginning Time:  14:51:42
        Ending Time:  15:15:03
       Elapsed Time:  00:23:21



MUTHEN & MUTHEN
3463 Stoner Ave.
Los Angeles, CA  90066

Tel: (310) 391-9971
Fax: (310) 391-8971
Web: www.StatModel.com
Support: Support@StatModel.com

Copyright (c) 1998-2019 Muthen & Muthen
